                                      1 ;--------------------------------------------------------
                                      2 ; File Created by SDCC : free open source ANSI-C Compiler
                                      3 ; Version 3.4.0 #8981 (Apr  5 2014) (MINGW32)
                                      4 ; This file was generated Fri Jun 13 08:35:41 2014
                                      5 ;--------------------------------------------------------
                                      6 	.module rf_get_all_registers
                                      7 	.optsdcc -mmcs51 --model-large
                                      8 	
                                      9 ;--------------------------------------------------------
                                     10 ; Public variables in this module
                                     11 ;--------------------------------------------------------
                                     12 	.globl _rf_read_register
                                     13 	.globl _FSR_SB_ENDBG
                                     14 	.globl _FSR_SB_STP
                                     15 	.globl _FSR_SB_WEN
                                     16 	.globl _FSR_SB_RDYN
                                     17 	.globl _FSR_SB_INFEN
                                     18 	.globl _FSR_SB_RDISMB
                                     19 	.globl _RFCON_SB_RFCKEN
                                     20 	.globl _RFCON_SB_RFCSN
                                     21 	.globl _RFCON_SB_RFCE
                                     22 	.globl _ADCON_SB_BD
                                     23 	.globl _PSW_SB_P
                                     24 	.globl _PSW_SB_F1
                                     25 	.globl _PSW_SB_OV
                                     26 	.globl _PSW_SB_RS0
                                     27 	.globl _PSW_SB_RS1
                                     28 	.globl _PSW_SB_F0
                                     29 	.globl _PSW_SB_AC
                                     30 	.globl _PSW_SB_CY
                                     31 	.globl _T2CON_SB_T2PS
                                     32 	.globl _T2CON_SB_I3FR
                                     33 	.globl _T2CON_SB_I2FR
                                     34 	.globl _T2CON_SB_T2R1
                                     35 	.globl _T2CON_SB_T2R0
                                     36 	.globl _T2CON_SB_T2CM
                                     37 	.globl _T2CON_SB_T2I1
                                     38 	.globl _T2CON_SB_T2I0
                                     39 	.globl _IRCON_SB_EXF2
                                     40 	.globl _IRCON_SB_TF2
                                     41 	.globl _IRCON_SB_TICK
                                     42 	.globl _IRCON_SB_MISCIRQ
                                     43 	.globl _IRCON_SB_WUOPIRQ
                                     44 	.globl _IRCON_SB_SPI_2WIRE
                                     45 	.globl _IRCON_SB_RFIRQ
                                     46 	.globl _IRCON_SB_RFRDY
                                     47 	.globl _IEN1_SB_T2EXTRLD
                                     48 	.globl _IEN1_SB_TICK
                                     49 	.globl _IEN1_SB_MISCIRQ
                                     50 	.globl _IEN1_SB_WUOPIRQ
                                     51 	.globl _IEN1_SB_SPI_2WIRE
                                     52 	.globl _IEN1_SB_RFIRQ
                                     53 	.globl _IEN1_SB_RFRDY
                                     54 	.globl _P3_SB_D7
                                     55 	.globl _P3_SB_D6
                                     56 	.globl _P3_SB_D5
                                     57 	.globl _P3_SB_D4
                                     58 	.globl _P3_SB_D3
                                     59 	.globl _P3_SB_D2
                                     60 	.globl _P3_SB_D1
                                     61 	.globl _P3_SB_D0
                                     62 	.globl _IEN0_SB_GLOBAL
                                     63 	.globl _IEN0_SB_T2
                                     64 	.globl _IEN0_SB_UART
                                     65 	.globl _IEN0_SB_T1
                                     66 	.globl _IEN0_SB_POFIRQ
                                     67 	.globl _IEN0_SB_T0
                                     68 	.globl _IEN0_SB_IFP
                                     69 	.globl _P2_SB_D7
                                     70 	.globl _P2_SB_D6
                                     71 	.globl _P2_SB_D5
                                     72 	.globl _P2_SB_D4
                                     73 	.globl _P2_SB_D3
                                     74 	.globl _P2_SB_D2
                                     75 	.globl _P2_SB_D1
                                     76 	.globl _P2_SB_D0
                                     77 	.globl _S0CON_SB_SM0
                                     78 	.globl _S0CON_SB_SM1
                                     79 	.globl _S0CON_SB_SM20
                                     80 	.globl _S0CON_SB_REN0
                                     81 	.globl _S0CON_SB_TB80
                                     82 	.globl _S0CON_SB_RB80
                                     83 	.globl _S0CON_SB_TI0
                                     84 	.globl _S0CON_SB_RI0
                                     85 	.globl _P1_SB_D7
                                     86 	.globl _P1_SB_D6
                                     87 	.globl _P1_SB_D5
                                     88 	.globl _P1_SB_D4
                                     89 	.globl _P1_SB_D3
                                     90 	.globl _P1_SB_D2
                                     91 	.globl _P1_SB_D1
                                     92 	.globl _P1_SB_D0
                                     93 	.globl _TCON_SB_TF1
                                     94 	.globl _TCON_SB_TR1
                                     95 	.globl _TCON_SB_TF0
                                     96 	.globl _TCON_SB_TR0
                                     97 	.globl _TCON_SB_IE1
                                     98 	.globl _TCON_SB_IT1
                                     99 	.globl _TCON_SB_IE0
                                    100 	.globl _TCON_SB_IT0
                                    101 	.globl _P0_SB_D7
                                    102 	.globl _P0_SB_D6
                                    103 	.globl _P0_SB_D5
                                    104 	.globl _P0_SB_D4
                                    105 	.globl _P0_SB_D3
                                    106 	.globl _P0_SB_D2
                                    107 	.globl _P0_SB_D1
                                    108 	.globl _P0_SB_D0
                                    109 	.globl _ADCDAT
                                    110 	.globl _S0REL
                                    111 	.globl _T2
                                    112 	.globl _T1
                                    113 	.globl _T0
                                    114 	.globl _CRC
                                    115 	.globl _CC3
                                    116 	.globl _CC2
                                    117 	.globl _CC1
                                    118 	.globl _SPIMDAT
                                    119 	.globl _SPIMSTAT
                                    120 	.globl _SPIMCON1
                                    121 	.globl _SPIMCON0
                                    122 	.globl _FCR
                                    123 	.globl _FPCR
                                    124 	.globl _FSR
                                    125 	.globl _B
                                    126 	.globl _ARCON
                                    127 	.globl _MD5
                                    128 	.globl _MD4
                                    129 	.globl _MD3
                                    130 	.globl _MD2
                                    131 	.globl _MD1
                                    132 	.globl _MD0
                                    133 	.globl _RFCON
                                    134 	.globl _SPIRDAT
                                    135 	.globl _SPIRSTAT
                                    136 	.globl _SPIRCON1
                                    137 	.globl _SPIRCON0
                                    138 	.globl _W2CON0
                                    139 	.globl _W2CON1
                                    140 	.globl _ACC
                                    141 	.globl _CCPDATO
                                    142 	.globl _CCPDATIB
                                    143 	.globl _CCPDATIA
                                    144 	.globl _POFCON
                                    145 	.globl _COMPCON
                                    146 	.globl _W2DAT
                                    147 	.globl _W2SADR
                                    148 	.globl _ADCON
                                    149 	.globl _RNGDAT
                                    150 	.globl _RNGCTL
                                    151 	.globl _ADCDATL
                                    152 	.globl _ADCDATH
                                    153 	.globl _ADCCON1
                                    154 	.globl _ADCCON2
                                    155 	.globl _ADCCON3
                                    156 	.globl _PSW
                                    157 	.globl _WUOPC0
                                    158 	.globl _WUOPC1
                                    159 	.globl _TH2
                                    160 	.globl _TL2
                                    161 	.globl _CRCH
                                    162 	.globl _CRCL
                                    163 	.globl __XPAGE
                                    164 	.globl _MPAGE
                                    165 	.globl _T2CON
                                    166 	.globl _CCH3
                                    167 	.globl _CCL3
                                    168 	.globl _CCH2
                                    169 	.globl _CCL2
                                    170 	.globl _CCH1
                                    171 	.globl _CCL1
                                    172 	.globl _CCEN
                                    173 	.globl _IRCON
                                    174 	.globl _SPISDAT
                                    175 	.globl _SPISSTAT
                                    176 	.globl _SPISCON1
                                    177 	.globl _SPISCON0
                                    178 	.globl _S0RELH
                                    179 	.globl _IP1
                                    180 	.globl _IEN1
                                    181 	.globl _SPISRDSZ
                                    182 	.globl _RTC2CPT00
                                    183 	.globl _RTC2CMP1
                                    184 	.globl _RTC2CMP0
                                    185 	.globl _RTC2CON
                                    186 	.globl _PWMCON
                                    187 	.globl _RSTREAS
                                    188 	.globl _P3
                                    189 	.globl _WDSV
                                    190 	.globl _OPMCON
                                    191 	.globl _CLKLFCTRL
                                    192 	.globl _RTC2CPT10
                                    193 	.globl _RTC2CPT01
                                    194 	.globl _S0RELL
                                    195 	.globl _IP0
                                    196 	.globl _IEN0
                                    197 	.globl _MEMCON
                                    198 	.globl _INTEXP
                                    199 	.globl _WUCON
                                    200 	.globl _PWRDWN
                                    201 	.globl _CLKCTRL
                                    202 	.globl _PWMDC1
                                    203 	.globl _PWMDC0
                                    204 	.globl _P2
                                    205 	.globl _P1CON
                                    206 	.globl _P0CON
                                    207 	.globl _S0BUF
                                    208 	.globl _S0CON
                                    209 	.globl _P2CON
                                    210 	.globl _P3DIR
                                    211 	.globl _P2DIR
                                    212 	.globl _P1DIR
                                    213 	.globl _P0DIR
                                    214 	.globl _DPS
                                    215 	.globl _P1
                                    216 	.globl _P3CON
                                    217 	.globl _TH1
                                    218 	.globl _TH0
                                    219 	.globl _TL1
                                    220 	.globl _TL0
                                    221 	.globl _TMOD
                                    222 	.globl _TCON
                                    223 	.globl _PCON
                                    224 	.globl _DPH1
                                    225 	.globl _DPL1
                                    226 	.globl _DPH
                                    227 	.globl _DPL
                                    228 	.globl _SP
                                    229 	.globl _P0
                                    230 	.globl _rf_get_all_registers
                                    231 ;--------------------------------------------------------
                                    232 ; special function registers
                                    233 ;--------------------------------------------------------
                                    234 	.area RSEG    (ABS,DATA)
      000000                        235 	.org 0x0000
                           000080   236 _P0	=	0x0080
                           000081   237 _SP	=	0x0081
                           000082   238 _DPL	=	0x0082
                           000083   239 _DPH	=	0x0083
                           000084   240 _DPL1	=	0x0084
                           000085   241 _DPH1	=	0x0085
                           000087   242 _PCON	=	0x0087
                           000088   243 _TCON	=	0x0088
                           000089   244 _TMOD	=	0x0089
                           00008A   245 _TL0	=	0x008a
                           00008B   246 _TL1	=	0x008b
                           00008C   247 _TH0	=	0x008c
                           00008D   248 _TH1	=	0x008d
                           00008F   249 _P3CON	=	0x008f
                           000090   250 _P1	=	0x0090
                           000092   251 _DPS	=	0x0092
                           000093   252 _P0DIR	=	0x0093
                           000094   253 _P1DIR	=	0x0094
                           000095   254 _P2DIR	=	0x0095
                           000096   255 _P3DIR	=	0x0096
                           000097   256 _P2CON	=	0x0097
                           000098   257 _S0CON	=	0x0098
                           000099   258 _S0BUF	=	0x0099
                           00009E   259 _P0CON	=	0x009e
                           00009F   260 _P1CON	=	0x009f
                           0000A0   261 _P2	=	0x00a0
                           0000A1   262 _PWMDC0	=	0x00a1
                           0000A2   263 _PWMDC1	=	0x00a2
                           0000A3   264 _CLKCTRL	=	0x00a3
                           0000A4   265 _PWRDWN	=	0x00a4
                           0000A5   266 _WUCON	=	0x00a5
                           0000A6   267 _INTEXP	=	0x00a6
                           0000A7   268 _MEMCON	=	0x00a7
                           0000A8   269 _IEN0	=	0x00a8
                           0000A9   270 _IP0	=	0x00a9
                           0000AA   271 _S0RELL	=	0x00aa
                           0000AB   272 _RTC2CPT01	=	0x00ab
                           0000AC   273 _RTC2CPT10	=	0x00ac
                           0000AD   274 _CLKLFCTRL	=	0x00ad
                           0000AE   275 _OPMCON	=	0x00ae
                           0000AF   276 _WDSV	=	0x00af
                           0000B0   277 _P3	=	0x00b0
                           0000B1   278 _RSTREAS	=	0x00b1
                           0000B2   279 _PWMCON	=	0x00b2
                           0000B3   280 _RTC2CON	=	0x00b3
                           0000B4   281 _RTC2CMP0	=	0x00b4
                           0000B5   282 _RTC2CMP1	=	0x00b5
                           0000B6   283 _RTC2CPT00	=	0x00b6
                           0000B7   284 _SPISRDSZ	=	0x00b7
                           0000B8   285 _IEN1	=	0x00b8
                           0000B9   286 _IP1	=	0x00b9
                           0000BA   287 _S0RELH	=	0x00ba
                           0000BC   288 _SPISCON0	=	0x00bc
                           0000BD   289 _SPISCON1	=	0x00bd
                           0000BE   290 _SPISSTAT	=	0x00be
                           0000BF   291 _SPISDAT	=	0x00bf
                           0000C0   292 _IRCON	=	0x00c0
                           0000C1   293 _CCEN	=	0x00c1
                           0000C2   294 _CCL1	=	0x00c2
                           0000C3   295 _CCH1	=	0x00c3
                           0000C4   296 _CCL2	=	0x00c4
                           0000C5   297 _CCH2	=	0x00c5
                           0000C6   298 _CCL3	=	0x00c6
                           0000C7   299 _CCH3	=	0x00c7
                           0000C8   300 _T2CON	=	0x00c8
                           0000C9   301 _MPAGE	=	0x00c9
                           0000C9   302 __XPAGE	=	0x00c9
                           0000CA   303 _CRCL	=	0x00ca
                           0000CB   304 _CRCH	=	0x00cb
                           0000CC   305 _TL2	=	0x00cc
                           0000CD   306 _TH2	=	0x00cd
                           0000CE   307 _WUOPC1	=	0x00ce
                           0000CF   308 _WUOPC0	=	0x00cf
                           0000D0   309 _PSW	=	0x00d0
                           0000D1   310 _ADCCON3	=	0x00d1
                           0000D2   311 _ADCCON2	=	0x00d2
                           0000D3   312 _ADCCON1	=	0x00d3
                           0000D4   313 _ADCDATH	=	0x00d4
                           0000D5   314 _ADCDATL	=	0x00d5
                           0000D6   315 _RNGCTL	=	0x00d6
                           0000D7   316 _RNGDAT	=	0x00d7
                           0000D8   317 _ADCON	=	0x00d8
                           0000D9   318 _W2SADR	=	0x00d9
                           0000DA   319 _W2DAT	=	0x00da
                           0000DB   320 _COMPCON	=	0x00db
                           0000DC   321 _POFCON	=	0x00dc
                           0000DD   322 _CCPDATIA	=	0x00dd
                           0000DE   323 _CCPDATIB	=	0x00de
                           0000DF   324 _CCPDATO	=	0x00df
                           0000E0   325 _ACC	=	0x00e0
                           0000E1   326 _W2CON1	=	0x00e1
                           0000E2   327 _W2CON0	=	0x00e2
                           0000E4   328 _SPIRCON0	=	0x00e4
                           0000E5   329 _SPIRCON1	=	0x00e5
                           0000E6   330 _SPIRSTAT	=	0x00e6
                           0000E7   331 _SPIRDAT	=	0x00e7
                           0000E8   332 _RFCON	=	0x00e8
                           0000E9   333 _MD0	=	0x00e9
                           0000EA   334 _MD1	=	0x00ea
                           0000EB   335 _MD2	=	0x00eb
                           0000EC   336 _MD3	=	0x00ec
                           0000ED   337 _MD4	=	0x00ed
                           0000EE   338 _MD5	=	0x00ee
                           0000EF   339 _ARCON	=	0x00ef
                           0000F0   340 _B	=	0x00f0
                           0000F8   341 _FSR	=	0x00f8
                           0000F9   342 _FPCR	=	0x00f9
                           0000FA   343 _FCR	=	0x00fa
                           0000FC   344 _SPIMCON0	=	0x00fc
                           0000FD   345 _SPIMCON1	=	0x00fd
                           0000FE   346 _SPIMSTAT	=	0x00fe
                           0000FF   347 _SPIMDAT	=	0x00ff
                           00C3C2   348 _CC1	=	0xc3c2
                           00C5C4   349 _CC2	=	0xc5c4
                           00C7C6   350 _CC3	=	0xc7c6
                           00CBCA   351 _CRC	=	0xcbca
                           008C8A   352 _T0	=	0x8c8a
                           008D8B   353 _T1	=	0x8d8b
                           00CDCC   354 _T2	=	0xcdcc
                           00BAAA   355 _S0REL	=	0xbaaa
                           00D4D5   356 _ADCDAT	=	0xd4d5
                                    357 ;--------------------------------------------------------
                                    358 ; special function bits
                                    359 ;--------------------------------------------------------
                                    360 	.area RSEG    (ABS,DATA)
      000000                        361 	.org 0x0000
                           000080   362 _P0_SB_D0	=	0x0080
                           000081   363 _P0_SB_D1	=	0x0081
                           000082   364 _P0_SB_D2	=	0x0082
                           000083   365 _P0_SB_D3	=	0x0083
                           000084   366 _P0_SB_D4	=	0x0084
                           000085   367 _P0_SB_D5	=	0x0085
                           000086   368 _P0_SB_D6	=	0x0086
                           000087   369 _P0_SB_D7	=	0x0087
                           000088   370 _TCON_SB_IT0	=	0x0088
                           000089   371 _TCON_SB_IE0	=	0x0089
                           00008A   372 _TCON_SB_IT1	=	0x008a
                           00008B   373 _TCON_SB_IE1	=	0x008b
                           00008C   374 _TCON_SB_TR0	=	0x008c
                           00008D   375 _TCON_SB_TF0	=	0x008d
                           00008E   376 _TCON_SB_TR1	=	0x008e
                           00008F   377 _TCON_SB_TF1	=	0x008f
                           000090   378 _P1_SB_D0	=	0x0090
                           000091   379 _P1_SB_D1	=	0x0091
                           000092   380 _P1_SB_D2	=	0x0092
                           000093   381 _P1_SB_D3	=	0x0093
                           000094   382 _P1_SB_D4	=	0x0094
                           000095   383 _P1_SB_D5	=	0x0095
                           000096   384 _P1_SB_D6	=	0x0096
                           000097   385 _P1_SB_D7	=	0x0097
                           000098   386 _S0CON_SB_RI0	=	0x0098
                           000099   387 _S0CON_SB_TI0	=	0x0099
                           00009A   388 _S0CON_SB_RB80	=	0x009a
                           00009B   389 _S0CON_SB_TB80	=	0x009b
                           00009C   390 _S0CON_SB_REN0	=	0x009c
                           00009D   391 _S0CON_SB_SM20	=	0x009d
                           00009E   392 _S0CON_SB_SM1	=	0x009e
                           00009F   393 _S0CON_SB_SM0	=	0x009f
                           0000A0   394 _P2_SB_D0	=	0x00a0
                           0000A1   395 _P2_SB_D1	=	0x00a1
                           0000A2   396 _P2_SB_D2	=	0x00a2
                           0000A3   397 _P2_SB_D3	=	0x00a3
                           0000A4   398 _P2_SB_D4	=	0x00a4
                           0000A5   399 _P2_SB_D5	=	0x00a5
                           0000A6   400 _P2_SB_D6	=	0x00a6
                           0000A7   401 _P2_SB_D7	=	0x00a7
                           0000A8   402 _IEN0_SB_IFP	=	0x00a8
                           0000A9   403 _IEN0_SB_T0	=	0x00a9
                           0000AA   404 _IEN0_SB_POFIRQ	=	0x00aa
                           0000AB   405 _IEN0_SB_T1	=	0x00ab
                           0000AC   406 _IEN0_SB_UART	=	0x00ac
                           0000AD   407 _IEN0_SB_T2	=	0x00ad
                           0000AF   408 _IEN0_SB_GLOBAL	=	0x00af
                           0000B0   409 _P3_SB_D0	=	0x00b0
                           0000B1   410 _P3_SB_D1	=	0x00b1
                           0000B2   411 _P3_SB_D2	=	0x00b2
                           0000B3   412 _P3_SB_D3	=	0x00b3
                           0000B4   413 _P3_SB_D4	=	0x00b4
                           0000B5   414 _P3_SB_D5	=	0x00b5
                           0000B6   415 _P3_SB_D6	=	0x00b6
                           0000B7   416 _P3_SB_D7	=	0x00b7
                           0000B8   417 _IEN1_SB_RFRDY	=	0x00b8
                           0000B9   418 _IEN1_SB_RFIRQ	=	0x00b9
                           0000BA   419 _IEN1_SB_SPI_2WIRE	=	0x00ba
                           0000BB   420 _IEN1_SB_WUOPIRQ	=	0x00bb
                           0000BC   421 _IEN1_SB_MISCIRQ	=	0x00bc
                           0000BD   422 _IEN1_SB_TICK	=	0x00bd
                           0000BF   423 _IEN1_SB_T2EXTRLD	=	0x00bf
                           0000C0   424 _IRCON_SB_RFRDY	=	0x00c0
                           0000C1   425 _IRCON_SB_RFIRQ	=	0x00c1
                           0000C2   426 _IRCON_SB_SPI_2WIRE	=	0x00c2
                           0000C3   427 _IRCON_SB_WUOPIRQ	=	0x00c3
                           0000C4   428 _IRCON_SB_MISCIRQ	=	0x00c4
                           0000C5   429 _IRCON_SB_TICK	=	0x00c5
                           0000C6   430 _IRCON_SB_TF2	=	0x00c6
                           0000C7   431 _IRCON_SB_EXF2	=	0x00c7
                           0000C8   432 _T2CON_SB_T2I0	=	0x00c8
                           0000C9   433 _T2CON_SB_T2I1	=	0x00c9
                           0000CA   434 _T2CON_SB_T2CM	=	0x00ca
                           0000CB   435 _T2CON_SB_T2R0	=	0x00cb
                           0000CC   436 _T2CON_SB_T2R1	=	0x00cc
                           0000CD   437 _T2CON_SB_I2FR	=	0x00cd
                           0000CE   438 _T2CON_SB_I3FR	=	0x00ce
                           0000CF   439 _T2CON_SB_T2PS	=	0x00cf
                           0000D7   440 _PSW_SB_CY	=	0x00d7
                           0000D6   441 _PSW_SB_AC	=	0x00d6
                           0000D5   442 _PSW_SB_F0	=	0x00d5
                           0000D4   443 _PSW_SB_RS1	=	0x00d4
                           0000D3   444 _PSW_SB_RS0	=	0x00d3
                           0000D2   445 _PSW_SB_OV	=	0x00d2
                           0000D1   446 _PSW_SB_F1	=	0x00d1
                           0000D0   447 _PSW_SB_P	=	0x00d0
                           0000DF   448 _ADCON_SB_BD	=	0x00df
                           0000E8   449 _RFCON_SB_RFCE	=	0x00e8
                           0000E9   450 _RFCON_SB_RFCSN	=	0x00e9
                           0000EA   451 _RFCON_SB_RFCKEN	=	0x00ea
                           0000FA   452 _FSR_SB_RDISMB	=	0x00fa
                           0000FB   453 _FSR_SB_INFEN	=	0x00fb
                           0000FC   454 _FSR_SB_RDYN	=	0x00fc
                           0000FD   455 _FSR_SB_WEN	=	0x00fd
                           0000FE   456 _FSR_SB_STP	=	0x00fe
                           0000FF   457 _FSR_SB_ENDBG	=	0x00ff
                                    458 ;--------------------------------------------------------
                                    459 ; overlayable register banks
                                    460 ;--------------------------------------------------------
                                    461 	.area REG_BANK_0	(REL,OVR,DATA)
      000000                        462 	.ds 8
                                    463 ;--------------------------------------------------------
                                    464 ; internal ram data
                                    465 ;--------------------------------------------------------
                                    466 	.area DSEG    (DATA)
      000000                        467 _rf_get_all_registers_sloc0_1_0:
      000000                        468 	.ds 1
      000001                        469 _rf_get_all_registers_sloc1_1_0:
      000001                        470 	.ds 3
                                    471 ;--------------------------------------------------------
                                    472 ; overlayable items in internal ram 
                                    473 ;--------------------------------------------------------
                                    474 ;--------------------------------------------------------
                                    475 ; indirectly addressable internal ram data
                                    476 ;--------------------------------------------------------
                                    477 	.area ISEG    (DATA)
                                    478 ;--------------------------------------------------------
                                    479 ; absolute internal ram data
                                    480 ;--------------------------------------------------------
                                    481 	.area IABS    (ABS,DATA)
                                    482 	.area IABS    (ABS,DATA)
                                    483 ;--------------------------------------------------------
                                    484 ; bit data
                                    485 ;--------------------------------------------------------
                                    486 	.area BSEG    (BIT)
                                    487 ;--------------------------------------------------------
                                    488 ; paged external ram data
                                    489 ;--------------------------------------------------------
                                    490 	.area PSEG    (PAG,XDATA)
                                    491 ;--------------------------------------------------------
                                    492 ; external ram data
                                    493 ;--------------------------------------------------------
                                    494 	.area XSEG    (XDATA)
      000000                        495 _rf_get_all_registers_dataptr_1_31:
      000000                        496 	.ds 3
      000003                        497 _rf_get_all_registers_k_1_32:
      000003                        498 	.ds 1
      000004                        499 _rf_get_all_registers_buffer_1_32:
      000004                        500 	.ds 5
                                    501 ;--------------------------------------------------------
                                    502 ; absolute external ram data
                                    503 ;--------------------------------------------------------
                                    504 	.area XABS    (ABS,XDATA)
                                    505 ;--------------------------------------------------------
                                    506 ; external initialized ram data
                                    507 ;--------------------------------------------------------
                                    508 	.area XISEG   (XDATA)
                                    509 	.area HOME    (CODE)
                                    510 	.area GSINIT0 (CODE)
                                    511 	.area GSINIT1 (CODE)
                                    512 	.area GSINIT2 (CODE)
                                    513 	.area GSINIT3 (CODE)
                                    514 	.area GSINIT4 (CODE)
                                    515 	.area GSINIT5 (CODE)
                                    516 	.area GSINIT  (CODE)
                                    517 	.area GSFINAL (CODE)
                                    518 	.area CSEG    (CODE)
                                    519 ;--------------------------------------------------------
                                    520 ; global & static initialisations
                                    521 ;--------------------------------------------------------
                                    522 	.area HOME    (CODE)
                                    523 	.area GSINIT  (CODE)
                                    524 	.area GSFINAL (CODE)
                                    525 	.area GSINIT  (CODE)
                                    526 ;--------------------------------------------------------
                                    527 ; Home
                                    528 ;--------------------------------------------------------
                                    529 	.area HOME    (CODE)
                                    530 	.area HOME    (CODE)
                                    531 ;--------------------------------------------------------
                                    532 ; code
                                    533 ;--------------------------------------------------------
                                    534 	.area CSEG    (CODE)
                                    535 ;------------------------------------------------------------
                                    536 ;Allocation info for local variables in function 'rf_get_all_registers'
                                    537 ;------------------------------------------------------------
                                    538 ;sloc0                     Allocated with name '_rf_get_all_registers_sloc0_1_0'
                                    539 ;sloc1                     Allocated with name '_rf_get_all_registers_sloc1_1_0'
                                    540 ;dataptr                   Allocated with name '_rf_get_all_registers_dataptr_1_31'
                                    541 ;i                         Allocated with name '_rf_get_all_registers_i_1_32'
                                    542 ;j                         Allocated with name '_rf_get_all_registers_j_1_32'
                                    543 ;k                         Allocated with name '_rf_get_all_registers_k_1_32'
                                    544 ;buffer                    Allocated with name '_rf_get_all_registers_buffer_1_32'
                                    545 ;------------------------------------------------------------
                                    546 ;	src/rf_get_all_registers.c:47: void rf_get_all_registers(uint8_t * dataptr)
                                    547 ;	-----------------------------------------
                                    548 ;	 function rf_get_all_registers
                                    549 ;	-----------------------------------------
      000000                        550 _rf_get_all_registers:
                           000007   551 	ar7 = 0x07
                           000006   552 	ar6 = 0x06
                           000005   553 	ar5 = 0x05
                           000004   554 	ar4 = 0x04
                           000003   555 	ar3 = 0x03
                           000002   556 	ar2 = 0x02
                           000001   557 	ar1 = 0x01
                           000000   558 	ar0 = 0x00
      000000 AF F0            [24]  559 	mov	r7,b
      000002 AE 83            [24]  560 	mov	r6,dph
      000004 E5 82            [12]  561 	mov	a,dpl
      000006 90r00r00         [24]  562 	mov	dptr,#_rf_get_all_registers_dataptr_1_31
      000009 F0               [24]  563 	movx	@dptr,a
      00000A EE               [12]  564 	mov	a,r6
      00000B A3               [24]  565 	inc	dptr
      00000C F0               [24]  566 	movx	@dptr,a
      00000D EF               [12]  567 	mov	a,r7
      00000E A3               [24]  568 	inc	dptr
      00000F F0               [24]  569 	movx	@dptr,a
                                    570 ;	src/rf_get_all_registers.c:49: uint8_t i, j, k = 0;
      000010 90r00r03         [24]  571 	mov	dptr,#_rf_get_all_registers_k_1_32
      000013 E4               [12]  572 	clr	a
      000014 F0               [24]  573 	movx	@dptr,a
                                    574 ;	src/rf_get_all_registers.c:53: for(i = 0; i <= 0x17; i++)
      000015 90r00r00         [24]  575 	mov	dptr,#_rf_get_all_registers_dataptr_1_31
      000018 E0               [24]  576 	movx	a,@dptr
      000019 F5*01            [12]  577 	mov	_rf_get_all_registers_sloc1_1_0,a
      00001B A3               [24]  578 	inc	dptr
      00001C E0               [24]  579 	movx	a,@dptr
      00001D F5*02            [12]  580 	mov	(_rf_get_all_registers_sloc1_1_0 + 1),a
      00001F A3               [24]  581 	inc	dptr
      000020 E0               [24]  582 	movx	a,@dptr
      000021 F5*03            [12]  583 	mov	(_rf_get_all_registers_sloc1_1_0 + 2),a
      000023 7C 00            [12]  584 	mov	r4,#0x00
      000025                        585 00109$:
                                    586 ;	src/rf_get_all_registers.c:55: rf_read_register(i, buffer, 5); //Get the register value
      000025 90r00r00         [24]  587 	mov	dptr,#_rf_read_register_PARM_2
      000028 74r04            [12]  588 	mov	a,#_rf_get_all_registers_buffer_1_32
      00002A F0               [24]  589 	movx	@dptr,a
      00002B 74s00            [12]  590 	mov	a,#(_rf_get_all_registers_buffer_1_32 >> 8)
      00002D A3               [24]  591 	inc	dptr
      00002E F0               [24]  592 	movx	@dptr,a
      00002F E4               [12]  593 	clr	a
      000030 A3               [24]  594 	inc	dptr
      000031 F0               [24]  595 	movx	@dptr,a
      000032 90r00r00         [24]  596 	mov	dptr,#_rf_read_register_PARM_3
      000035 74 05            [12]  597 	mov	a,#0x05
      000037 F0               [24]  598 	movx	@dptr,a
      000038 E4               [12]  599 	clr	a
      000039 A3               [24]  600 	inc	dptr
      00003A F0               [24]  601 	movx	@dptr,a
      00003B 8C 82            [24]  602 	mov	dpl,r4
      00003D C0 04            [24]  603 	push	ar4
      00003F 12r00r00         [24]  604 	lcall	_rf_read_register
      000042 D0 04            [24]  605 	pop	ar4
                                    606 ;	src/rf_get_all_registers.c:58: for(j = 0; j < 5; j++)
      000044 8C 03            [24]  607 	mov	ar3,r4
      000046 E4               [12]  608 	clr	a
      000047 BC 0A 01         [24]  609 	cjne	r4,#0x0A,00127$
      00004A 04               [12]  610 	inc	a
      00004B                        611 00127$:
      00004B F5*00            [12]  612 	mov	_rf_get_all_registers_sloc0_1_0,a
      00004D 79 00            [12]  613 	mov	r1,#0x00
      00004F 90r00r03         [24]  614 	mov	dptr,#_rf_get_all_registers_k_1_32
      000052 E0               [24]  615 	movx	a,@dptr
      000053 F8               [12]  616 	mov	r0,a
      000054                        617 00107$:
                                    618 ;	src/rf_get_all_registers.c:61: dataptr[k] = buffer[j];
      000054 C0 03            [24]  619 	push	ar3
      000056 E8               [12]  620 	mov	a,r0
      000057 25*01            [12]  621 	add	a,_rf_get_all_registers_sloc1_1_0
      000059 FA               [12]  622 	mov	r2,a
      00005A E4               [12]  623 	clr	a
      00005B 35*02            [12]  624 	addc	a,(_rf_get_all_registers_sloc1_1_0 + 1)
      00005D FB               [12]  625 	mov	r3,a
      00005E AF*03            [24]  626 	mov	r7,(_rf_get_all_registers_sloc1_1_0 + 2)
      000060 E9               [12]  627 	mov	a,r1
      000061 24r04            [12]  628 	add	a,#_rf_get_all_registers_buffer_1_32
      000063 F5 82            [12]  629 	mov	dpl,a
      000065 E4               [12]  630 	clr	a
      000066 34s00            [12]  631 	addc	a,#(_rf_get_all_registers_buffer_1_32 >> 8)
      000068 F5 83            [12]  632 	mov	dph,a
      00006A E0               [24]  633 	movx	a,@dptr
      00006B FE               [12]  634 	mov	r6,a
      00006C 8A 82            [24]  635 	mov	dpl,r2
      00006E 8B 83            [24]  636 	mov	dph,r3
      000070 8F F0            [24]  637 	mov	b,r7
      000072 12r00r00         [24]  638 	lcall	__gptrput
                                    639 ;	src/rf_get_all_registers.c:62: k++;
      000075 08               [12]  640 	inc	r0
                                    641 ;	src/rf_get_all_registers.c:65: if((i != RF_RX_ADDR_P0) && (i != RF_RX_ADDR_P1) && (i != RF_TX_ADDR))
      000076 D0 03            [24]  642 	pop	ar3
      000078 E5*00            [12]  643 	mov	a,_rf_get_all_registers_sloc0_1_0
      00007A 70 08            [24]  644 	jnz	00108$
      00007C BB 0B 02         [24]  645 	cjne	r3,#0x0B,00130$
      00007F 80 03            [24]  646 	sjmp	00108$
      000081                        647 00130$:
      000081 BB 10 06         [24]  648 	cjne	r3,#0x10,00117$
                                    649 ;	src/rf_get_all_registers.c:67: break;
      000084                        650 00108$:
                                    651 ;	src/rf_get_all_registers.c:58: for(j = 0; j < 5; j++)
      000084 09               [12]  652 	inc	r1
      000085 B9 05 00         [24]  653 	cjne	r1,#0x05,00133$
      000088                        654 00133$:
      000088 40 CA            [24]  655 	jc	00107$
      00008A                        656 00117$:
      00008A 90r00r03         [24]  657 	mov	dptr,#_rf_get_all_registers_k_1_32
      00008D E8               [12]  658 	mov	a,r0
      00008E F0               [24]  659 	movx	@dptr,a
                                    660 ;	src/rf_get_all_registers.c:53: for(i = 0; i <= 0x17; i++)
      00008F 0C               [12]  661 	inc	r4
      000090 EC               [12]  662 	mov	a,r4
      000091 24 E8            [12]  663 	add	a,#0xff - 0x17
      000093 40 03            [24]  664 	jc	00135$
      000095 02r00r25         [24]  665 	ljmp	00109$
      000098                        666 00135$:
      000098 22               [24]  667 	ret
                                    668 	.area CSEG    (CODE)
                                    669 	.area CONST   (CODE)
                                    670 	.area XINIT   (CODE)
                                    671 	.area CABS    (ABS,CODE)
