                                      1 ;--------------------------------------------------------
                                      2 ; File Created by SDCC : free open source ANSI-C Compiler
                                      3 ; Version 3.4.0 #8981 (Apr  5 2014) (MINGW32)
                                      4 ; This file was generated Fri Jun 13 08:35:05 2014
                                      5 ;--------------------------------------------------------
                                      6 	.module memory_flash_read_bytes
                                      7 	.optsdcc -mmcs51 --model-large
                                      8 	
                                      9 ;--------------------------------------------------------
                                     10 ; Public variables in this module
                                     11 ;--------------------------------------------------------
                                     12 	.globl _memory_flash_does_address_exist_in_flash
                                     13 	.globl _memory_flash_read_byte
                                     14 	.globl _FSR_SB_ENDBG
                                     15 	.globl _FSR_SB_STP
                                     16 	.globl _FSR_SB_WEN
                                     17 	.globl _FSR_SB_RDYN
                                     18 	.globl _FSR_SB_INFEN
                                     19 	.globl _FSR_SB_RDISMB
                                     20 	.globl _RFCON_SB_RFCKEN
                                     21 	.globl _RFCON_SB_RFCSN
                                     22 	.globl _RFCON_SB_RFCE
                                     23 	.globl _ADCON_SB_BD
                                     24 	.globl _PSW_SB_P
                                     25 	.globl _PSW_SB_F1
                                     26 	.globl _PSW_SB_OV
                                     27 	.globl _PSW_SB_RS0
                                     28 	.globl _PSW_SB_RS1
                                     29 	.globl _PSW_SB_F0
                                     30 	.globl _PSW_SB_AC
                                     31 	.globl _PSW_SB_CY
                                     32 	.globl _T2CON_SB_T2PS
                                     33 	.globl _T2CON_SB_I3FR
                                     34 	.globl _T2CON_SB_I2FR
                                     35 	.globl _T2CON_SB_T2R1
                                     36 	.globl _T2CON_SB_T2R0
                                     37 	.globl _T2CON_SB_T2CM
                                     38 	.globl _T2CON_SB_T2I1
                                     39 	.globl _T2CON_SB_T2I0
                                     40 	.globl _IRCON_SB_EXF2
                                     41 	.globl _IRCON_SB_TF2
                                     42 	.globl _IRCON_SB_TICK
                                     43 	.globl _IRCON_SB_MISCIRQ
                                     44 	.globl _IRCON_SB_WUOPIRQ
                                     45 	.globl _IRCON_SB_SPI_2WIRE
                                     46 	.globl _IRCON_SB_RFIRQ
                                     47 	.globl _IRCON_SB_RFRDY
                                     48 	.globl _IEN1_SB_T2EXTRLD
                                     49 	.globl _IEN1_SB_TICK
                                     50 	.globl _IEN1_SB_MISCIRQ
                                     51 	.globl _IEN1_SB_WUOPIRQ
                                     52 	.globl _IEN1_SB_SPI_2WIRE
                                     53 	.globl _IEN1_SB_RFIRQ
                                     54 	.globl _IEN1_SB_RFRDY
                                     55 	.globl _P3_SB_D7
                                     56 	.globl _P3_SB_D6
                                     57 	.globl _P3_SB_D5
                                     58 	.globl _P3_SB_D4
                                     59 	.globl _P3_SB_D3
                                     60 	.globl _P3_SB_D2
                                     61 	.globl _P3_SB_D1
                                     62 	.globl _P3_SB_D0
                                     63 	.globl _IEN0_SB_GLOBAL
                                     64 	.globl _IEN0_SB_T2
                                     65 	.globl _IEN0_SB_UART
                                     66 	.globl _IEN0_SB_T1
                                     67 	.globl _IEN0_SB_POFIRQ
                                     68 	.globl _IEN0_SB_T0
                                     69 	.globl _IEN0_SB_IFP
                                     70 	.globl _P2_SB_D7
                                     71 	.globl _P2_SB_D6
                                     72 	.globl _P2_SB_D5
                                     73 	.globl _P2_SB_D4
                                     74 	.globl _P2_SB_D3
                                     75 	.globl _P2_SB_D2
                                     76 	.globl _P2_SB_D1
                                     77 	.globl _P2_SB_D0
                                     78 	.globl _S0CON_SB_SM0
                                     79 	.globl _S0CON_SB_SM1
                                     80 	.globl _S0CON_SB_SM20
                                     81 	.globl _S0CON_SB_REN0
                                     82 	.globl _S0CON_SB_TB80
                                     83 	.globl _S0CON_SB_RB80
                                     84 	.globl _S0CON_SB_TI0
                                     85 	.globl _S0CON_SB_RI0
                                     86 	.globl _P1_SB_D7
                                     87 	.globl _P1_SB_D6
                                     88 	.globl _P1_SB_D5
                                     89 	.globl _P1_SB_D4
                                     90 	.globl _P1_SB_D3
                                     91 	.globl _P1_SB_D2
                                     92 	.globl _P1_SB_D1
                                     93 	.globl _P1_SB_D0
                                     94 	.globl _TCON_SB_TF1
                                     95 	.globl _TCON_SB_TR1
                                     96 	.globl _TCON_SB_TF0
                                     97 	.globl _TCON_SB_TR0
                                     98 	.globl _TCON_SB_IE1
                                     99 	.globl _TCON_SB_IT1
                                    100 	.globl _TCON_SB_IE0
                                    101 	.globl _TCON_SB_IT0
                                    102 	.globl _P0_SB_D7
                                    103 	.globl _P0_SB_D6
                                    104 	.globl _P0_SB_D5
                                    105 	.globl _P0_SB_D4
                                    106 	.globl _P0_SB_D3
                                    107 	.globl _P0_SB_D2
                                    108 	.globl _P0_SB_D1
                                    109 	.globl _P0_SB_D0
                                    110 	.globl _ADCDAT
                                    111 	.globl _S0REL
                                    112 	.globl _T2
                                    113 	.globl _T1
                                    114 	.globl _T0
                                    115 	.globl _CRC
                                    116 	.globl _CC3
                                    117 	.globl _CC2
                                    118 	.globl _CC1
                                    119 	.globl _SPIMDAT
                                    120 	.globl _SPIMSTAT
                                    121 	.globl _SPIMCON1
                                    122 	.globl _SPIMCON0
                                    123 	.globl _FCR
                                    124 	.globl _FPCR
                                    125 	.globl _FSR
                                    126 	.globl _B
                                    127 	.globl _ARCON
                                    128 	.globl _MD5
                                    129 	.globl _MD4
                                    130 	.globl _MD3
                                    131 	.globl _MD2
                                    132 	.globl _MD1
                                    133 	.globl _MD0
                                    134 	.globl _RFCON
                                    135 	.globl _SPIRDAT
                                    136 	.globl _SPIRSTAT
                                    137 	.globl _SPIRCON1
                                    138 	.globl _SPIRCON0
                                    139 	.globl _W2CON0
                                    140 	.globl _W2CON1
                                    141 	.globl _ACC
                                    142 	.globl _CCPDATO
                                    143 	.globl _CCPDATIB
                                    144 	.globl _CCPDATIA
                                    145 	.globl _POFCON
                                    146 	.globl _COMPCON
                                    147 	.globl _W2DAT
                                    148 	.globl _W2SADR
                                    149 	.globl _ADCON
                                    150 	.globl _RNGDAT
                                    151 	.globl _RNGCTL
                                    152 	.globl _ADCDATL
                                    153 	.globl _ADCDATH
                                    154 	.globl _ADCCON1
                                    155 	.globl _ADCCON2
                                    156 	.globl _ADCCON3
                                    157 	.globl _PSW
                                    158 	.globl _WUOPC0
                                    159 	.globl _WUOPC1
                                    160 	.globl _TH2
                                    161 	.globl _TL2
                                    162 	.globl _CRCH
                                    163 	.globl _CRCL
                                    164 	.globl __XPAGE
                                    165 	.globl _MPAGE
                                    166 	.globl _T2CON
                                    167 	.globl _CCH3
                                    168 	.globl _CCL3
                                    169 	.globl _CCH2
                                    170 	.globl _CCL2
                                    171 	.globl _CCH1
                                    172 	.globl _CCL1
                                    173 	.globl _CCEN
                                    174 	.globl _IRCON
                                    175 	.globl _SPISDAT
                                    176 	.globl _SPISSTAT
                                    177 	.globl _SPISCON1
                                    178 	.globl _SPISCON0
                                    179 	.globl _S0RELH
                                    180 	.globl _IP1
                                    181 	.globl _IEN1
                                    182 	.globl _SPISRDSZ
                                    183 	.globl _RTC2CPT00
                                    184 	.globl _RTC2CMP1
                                    185 	.globl _RTC2CMP0
                                    186 	.globl _RTC2CON
                                    187 	.globl _PWMCON
                                    188 	.globl _RSTREAS
                                    189 	.globl _P3
                                    190 	.globl _WDSV
                                    191 	.globl _OPMCON
                                    192 	.globl _CLKLFCTRL
                                    193 	.globl _RTC2CPT10
                                    194 	.globl _RTC2CPT01
                                    195 	.globl _S0RELL
                                    196 	.globl _IP0
                                    197 	.globl _IEN0
                                    198 	.globl _MEMCON
                                    199 	.globl _INTEXP
                                    200 	.globl _WUCON
                                    201 	.globl _PWRDWN
                                    202 	.globl _CLKCTRL
                                    203 	.globl _PWMDC1
                                    204 	.globl _PWMDC0
                                    205 	.globl _P2
                                    206 	.globl _P1CON
                                    207 	.globl _P0CON
                                    208 	.globl _S0BUF
                                    209 	.globl _S0CON
                                    210 	.globl _P2CON
                                    211 	.globl _P3DIR
                                    212 	.globl _P2DIR
                                    213 	.globl _P1DIR
                                    214 	.globl _P0DIR
                                    215 	.globl _DPS
                                    216 	.globl _P1
                                    217 	.globl _P3CON
                                    218 	.globl _TH1
                                    219 	.globl _TH0
                                    220 	.globl _TL1
                                    221 	.globl _TL0
                                    222 	.globl _TMOD
                                    223 	.globl _TCON
                                    224 	.globl _PCON
                                    225 	.globl _DPH1
                                    226 	.globl _DPL1
                                    227 	.globl _DPH
                                    228 	.globl _DPL
                                    229 	.globl _SP
                                    230 	.globl _P0
                                    231 	.globl _memory_flash_read_bytes_PARM_3
                                    232 	.globl _memory_flash_read_bytes_PARM_2
                                    233 	.globl _memory_flash_read_bytes
                                    234 ;--------------------------------------------------------
                                    235 ; special function registers
                                    236 ;--------------------------------------------------------
                                    237 	.area RSEG    (ABS,DATA)
      000000                        238 	.org 0x0000
                           000080   239 _P0	=	0x0080
                           000081   240 _SP	=	0x0081
                           000082   241 _DPL	=	0x0082
                           000083   242 _DPH	=	0x0083
                           000084   243 _DPL1	=	0x0084
                           000085   244 _DPH1	=	0x0085
                           000087   245 _PCON	=	0x0087
                           000088   246 _TCON	=	0x0088
                           000089   247 _TMOD	=	0x0089
                           00008A   248 _TL0	=	0x008a
                           00008B   249 _TL1	=	0x008b
                           00008C   250 _TH0	=	0x008c
                           00008D   251 _TH1	=	0x008d
                           00008F   252 _P3CON	=	0x008f
                           000090   253 _P1	=	0x0090
                           000092   254 _DPS	=	0x0092
                           000093   255 _P0DIR	=	0x0093
                           000094   256 _P1DIR	=	0x0094
                           000095   257 _P2DIR	=	0x0095
                           000096   258 _P3DIR	=	0x0096
                           000097   259 _P2CON	=	0x0097
                           000098   260 _S0CON	=	0x0098
                           000099   261 _S0BUF	=	0x0099
                           00009E   262 _P0CON	=	0x009e
                           00009F   263 _P1CON	=	0x009f
                           0000A0   264 _P2	=	0x00a0
                           0000A1   265 _PWMDC0	=	0x00a1
                           0000A2   266 _PWMDC1	=	0x00a2
                           0000A3   267 _CLKCTRL	=	0x00a3
                           0000A4   268 _PWRDWN	=	0x00a4
                           0000A5   269 _WUCON	=	0x00a5
                           0000A6   270 _INTEXP	=	0x00a6
                           0000A7   271 _MEMCON	=	0x00a7
                           0000A8   272 _IEN0	=	0x00a8
                           0000A9   273 _IP0	=	0x00a9
                           0000AA   274 _S0RELL	=	0x00aa
                           0000AB   275 _RTC2CPT01	=	0x00ab
                           0000AC   276 _RTC2CPT10	=	0x00ac
                           0000AD   277 _CLKLFCTRL	=	0x00ad
                           0000AE   278 _OPMCON	=	0x00ae
                           0000AF   279 _WDSV	=	0x00af
                           0000B0   280 _P3	=	0x00b0
                           0000B1   281 _RSTREAS	=	0x00b1
                           0000B2   282 _PWMCON	=	0x00b2
                           0000B3   283 _RTC2CON	=	0x00b3
                           0000B4   284 _RTC2CMP0	=	0x00b4
                           0000B5   285 _RTC2CMP1	=	0x00b5
                           0000B6   286 _RTC2CPT00	=	0x00b6
                           0000B7   287 _SPISRDSZ	=	0x00b7
                           0000B8   288 _IEN1	=	0x00b8
                           0000B9   289 _IP1	=	0x00b9
                           0000BA   290 _S0RELH	=	0x00ba
                           0000BC   291 _SPISCON0	=	0x00bc
                           0000BD   292 _SPISCON1	=	0x00bd
                           0000BE   293 _SPISSTAT	=	0x00be
                           0000BF   294 _SPISDAT	=	0x00bf
                           0000C0   295 _IRCON	=	0x00c0
                           0000C1   296 _CCEN	=	0x00c1
                           0000C2   297 _CCL1	=	0x00c2
                           0000C3   298 _CCH1	=	0x00c3
                           0000C4   299 _CCL2	=	0x00c4
                           0000C5   300 _CCH2	=	0x00c5
                           0000C6   301 _CCL3	=	0x00c6
                           0000C7   302 _CCH3	=	0x00c7
                           0000C8   303 _T2CON	=	0x00c8
                           0000C9   304 _MPAGE	=	0x00c9
                           0000C9   305 __XPAGE	=	0x00c9
                           0000CA   306 _CRCL	=	0x00ca
                           0000CB   307 _CRCH	=	0x00cb
                           0000CC   308 _TL2	=	0x00cc
                           0000CD   309 _TH2	=	0x00cd
                           0000CE   310 _WUOPC1	=	0x00ce
                           0000CF   311 _WUOPC0	=	0x00cf
                           0000D0   312 _PSW	=	0x00d0
                           0000D1   313 _ADCCON3	=	0x00d1
                           0000D2   314 _ADCCON2	=	0x00d2
                           0000D3   315 _ADCCON1	=	0x00d3
                           0000D4   316 _ADCDATH	=	0x00d4
                           0000D5   317 _ADCDATL	=	0x00d5
                           0000D6   318 _RNGCTL	=	0x00d6
                           0000D7   319 _RNGDAT	=	0x00d7
                           0000D8   320 _ADCON	=	0x00d8
                           0000D9   321 _W2SADR	=	0x00d9
                           0000DA   322 _W2DAT	=	0x00da
                           0000DB   323 _COMPCON	=	0x00db
                           0000DC   324 _POFCON	=	0x00dc
                           0000DD   325 _CCPDATIA	=	0x00dd
                           0000DE   326 _CCPDATIB	=	0x00de
                           0000DF   327 _CCPDATO	=	0x00df
                           0000E0   328 _ACC	=	0x00e0
                           0000E1   329 _W2CON1	=	0x00e1
                           0000E2   330 _W2CON0	=	0x00e2
                           0000E4   331 _SPIRCON0	=	0x00e4
                           0000E5   332 _SPIRCON1	=	0x00e5
                           0000E6   333 _SPIRSTAT	=	0x00e6
                           0000E7   334 _SPIRDAT	=	0x00e7
                           0000E8   335 _RFCON	=	0x00e8
                           0000E9   336 _MD0	=	0x00e9
                           0000EA   337 _MD1	=	0x00ea
                           0000EB   338 _MD2	=	0x00eb
                           0000EC   339 _MD3	=	0x00ec
                           0000ED   340 _MD4	=	0x00ed
                           0000EE   341 _MD5	=	0x00ee
                           0000EF   342 _ARCON	=	0x00ef
                           0000F0   343 _B	=	0x00f0
                           0000F8   344 _FSR	=	0x00f8
                           0000F9   345 _FPCR	=	0x00f9
                           0000FA   346 _FCR	=	0x00fa
                           0000FC   347 _SPIMCON0	=	0x00fc
                           0000FD   348 _SPIMCON1	=	0x00fd
                           0000FE   349 _SPIMSTAT	=	0x00fe
                           0000FF   350 _SPIMDAT	=	0x00ff
                           00C3C2   351 _CC1	=	0xc3c2
                           00C5C4   352 _CC2	=	0xc5c4
                           00C7C6   353 _CC3	=	0xc7c6
                           00CBCA   354 _CRC	=	0xcbca
                           008C8A   355 _T0	=	0x8c8a
                           008D8B   356 _T1	=	0x8d8b
                           00CDCC   357 _T2	=	0xcdcc
                           00BAAA   358 _S0REL	=	0xbaaa
                           00D4D5   359 _ADCDAT	=	0xd4d5
                                    360 ;--------------------------------------------------------
                                    361 ; special function bits
                                    362 ;--------------------------------------------------------
                                    363 	.area RSEG    (ABS,DATA)
      000000                        364 	.org 0x0000
                           000080   365 _P0_SB_D0	=	0x0080
                           000081   366 _P0_SB_D1	=	0x0081
                           000082   367 _P0_SB_D2	=	0x0082
                           000083   368 _P0_SB_D3	=	0x0083
                           000084   369 _P0_SB_D4	=	0x0084
                           000085   370 _P0_SB_D5	=	0x0085
                           000086   371 _P0_SB_D6	=	0x0086
                           000087   372 _P0_SB_D7	=	0x0087
                           000088   373 _TCON_SB_IT0	=	0x0088
                           000089   374 _TCON_SB_IE0	=	0x0089
                           00008A   375 _TCON_SB_IT1	=	0x008a
                           00008B   376 _TCON_SB_IE1	=	0x008b
                           00008C   377 _TCON_SB_TR0	=	0x008c
                           00008D   378 _TCON_SB_TF0	=	0x008d
                           00008E   379 _TCON_SB_TR1	=	0x008e
                           00008F   380 _TCON_SB_TF1	=	0x008f
                           000090   381 _P1_SB_D0	=	0x0090
                           000091   382 _P1_SB_D1	=	0x0091
                           000092   383 _P1_SB_D2	=	0x0092
                           000093   384 _P1_SB_D3	=	0x0093
                           000094   385 _P1_SB_D4	=	0x0094
                           000095   386 _P1_SB_D5	=	0x0095
                           000096   387 _P1_SB_D6	=	0x0096
                           000097   388 _P1_SB_D7	=	0x0097
                           000098   389 _S0CON_SB_RI0	=	0x0098
                           000099   390 _S0CON_SB_TI0	=	0x0099
                           00009A   391 _S0CON_SB_RB80	=	0x009a
                           00009B   392 _S0CON_SB_TB80	=	0x009b
                           00009C   393 _S0CON_SB_REN0	=	0x009c
                           00009D   394 _S0CON_SB_SM20	=	0x009d
                           00009E   395 _S0CON_SB_SM1	=	0x009e
                           00009F   396 _S0CON_SB_SM0	=	0x009f
                           0000A0   397 _P2_SB_D0	=	0x00a0
                           0000A1   398 _P2_SB_D1	=	0x00a1
                           0000A2   399 _P2_SB_D2	=	0x00a2
                           0000A3   400 _P2_SB_D3	=	0x00a3
                           0000A4   401 _P2_SB_D4	=	0x00a4
                           0000A5   402 _P2_SB_D5	=	0x00a5
                           0000A6   403 _P2_SB_D6	=	0x00a6
                           0000A7   404 _P2_SB_D7	=	0x00a7
                           0000A8   405 _IEN0_SB_IFP	=	0x00a8
                           0000A9   406 _IEN0_SB_T0	=	0x00a9
                           0000AA   407 _IEN0_SB_POFIRQ	=	0x00aa
                           0000AB   408 _IEN0_SB_T1	=	0x00ab
                           0000AC   409 _IEN0_SB_UART	=	0x00ac
                           0000AD   410 _IEN0_SB_T2	=	0x00ad
                           0000AF   411 _IEN0_SB_GLOBAL	=	0x00af
                           0000B0   412 _P3_SB_D0	=	0x00b0
                           0000B1   413 _P3_SB_D1	=	0x00b1
                           0000B2   414 _P3_SB_D2	=	0x00b2
                           0000B3   415 _P3_SB_D3	=	0x00b3
                           0000B4   416 _P3_SB_D4	=	0x00b4
                           0000B5   417 _P3_SB_D5	=	0x00b5
                           0000B6   418 _P3_SB_D6	=	0x00b6
                           0000B7   419 _P3_SB_D7	=	0x00b7
                           0000B8   420 _IEN1_SB_RFRDY	=	0x00b8
                           0000B9   421 _IEN1_SB_RFIRQ	=	0x00b9
                           0000BA   422 _IEN1_SB_SPI_2WIRE	=	0x00ba
                           0000BB   423 _IEN1_SB_WUOPIRQ	=	0x00bb
                           0000BC   424 _IEN1_SB_MISCIRQ	=	0x00bc
                           0000BD   425 _IEN1_SB_TICK	=	0x00bd
                           0000BF   426 _IEN1_SB_T2EXTRLD	=	0x00bf
                           0000C0   427 _IRCON_SB_RFRDY	=	0x00c0
                           0000C1   428 _IRCON_SB_RFIRQ	=	0x00c1
                           0000C2   429 _IRCON_SB_SPI_2WIRE	=	0x00c2
                           0000C3   430 _IRCON_SB_WUOPIRQ	=	0x00c3
                           0000C4   431 _IRCON_SB_MISCIRQ	=	0x00c4
                           0000C5   432 _IRCON_SB_TICK	=	0x00c5
                           0000C6   433 _IRCON_SB_TF2	=	0x00c6
                           0000C7   434 _IRCON_SB_EXF2	=	0x00c7
                           0000C8   435 _T2CON_SB_T2I0	=	0x00c8
                           0000C9   436 _T2CON_SB_T2I1	=	0x00c9
                           0000CA   437 _T2CON_SB_T2CM	=	0x00ca
                           0000CB   438 _T2CON_SB_T2R0	=	0x00cb
                           0000CC   439 _T2CON_SB_T2R1	=	0x00cc
                           0000CD   440 _T2CON_SB_I2FR	=	0x00cd
                           0000CE   441 _T2CON_SB_I3FR	=	0x00ce
                           0000CF   442 _T2CON_SB_T2PS	=	0x00cf
                           0000D7   443 _PSW_SB_CY	=	0x00d7
                           0000D6   444 _PSW_SB_AC	=	0x00d6
                           0000D5   445 _PSW_SB_F0	=	0x00d5
                           0000D4   446 _PSW_SB_RS1	=	0x00d4
                           0000D3   447 _PSW_SB_RS0	=	0x00d3
                           0000D2   448 _PSW_SB_OV	=	0x00d2
                           0000D1   449 _PSW_SB_F1	=	0x00d1
                           0000D0   450 _PSW_SB_P	=	0x00d0
                           0000DF   451 _ADCON_SB_BD	=	0x00df
                           0000E8   452 _RFCON_SB_RFCE	=	0x00e8
                           0000E9   453 _RFCON_SB_RFCSN	=	0x00e9
                           0000EA   454 _RFCON_SB_RFCKEN	=	0x00ea
                           0000FA   455 _FSR_SB_RDISMB	=	0x00fa
                           0000FB   456 _FSR_SB_INFEN	=	0x00fb
                           0000FC   457 _FSR_SB_RDYN	=	0x00fc
                           0000FD   458 _FSR_SB_WEN	=	0x00fd
                           0000FE   459 _FSR_SB_STP	=	0x00fe
                           0000FF   460 _FSR_SB_ENDBG	=	0x00ff
                                    461 ;--------------------------------------------------------
                                    462 ; overlayable register banks
                                    463 ;--------------------------------------------------------
                                    464 	.area REG_BANK_0	(REL,OVR,DATA)
      000000                        465 	.ds 8
                                    466 ;--------------------------------------------------------
                                    467 ; internal ram data
                                    468 ;--------------------------------------------------------
                                    469 	.area DSEG    (DATA)
      000000                        470 _memory_flash_read_bytes_sloc0_1_0:
      000000                        471 	.ds 2
                                    472 ;--------------------------------------------------------
                                    473 ; overlayable items in internal ram 
                                    474 ;--------------------------------------------------------
                                    475 ;--------------------------------------------------------
                                    476 ; indirectly addressable internal ram data
                                    477 ;--------------------------------------------------------
                                    478 	.area ISEG    (DATA)
                                    479 ;--------------------------------------------------------
                                    480 ; absolute internal ram data
                                    481 ;--------------------------------------------------------
                                    482 	.area IABS    (ABS,DATA)
                                    483 	.area IABS    (ABS,DATA)
                                    484 ;--------------------------------------------------------
                                    485 ; bit data
                                    486 ;--------------------------------------------------------
                                    487 	.area BSEG    (BIT)
                                    488 ;--------------------------------------------------------
                                    489 ; paged external ram data
                                    490 ;--------------------------------------------------------
                                    491 	.area PSEG    (PAG,XDATA)
                                    492 ;--------------------------------------------------------
                                    493 ; external ram data
                                    494 ;--------------------------------------------------------
                                    495 	.area XSEG    (XDATA)
      000000                        496 _memory_flash_read_bytes_PARM_2:
      000000                        497 	.ds 2
      000002                        498 _memory_flash_read_bytes_PARM_3:
      000002                        499 	.ds 3
      000005                        500 _memory_flash_read_bytes_start_address_1_14:
      000005                        501 	.ds 2
                                    502 ;--------------------------------------------------------
                                    503 ; absolute external ram data
                                    504 ;--------------------------------------------------------
                                    505 	.area XABS    (ABS,XDATA)
                                    506 ;--------------------------------------------------------
                                    507 ; external initialized ram data
                                    508 ;--------------------------------------------------------
                                    509 	.area XISEG   (XDATA)
                                    510 	.area HOME    (CODE)
                                    511 	.area GSINIT0 (CODE)
                                    512 	.area GSINIT1 (CODE)
                                    513 	.area GSINIT2 (CODE)
                                    514 	.area GSINIT3 (CODE)
                                    515 	.area GSINIT4 (CODE)
                                    516 	.area GSINIT5 (CODE)
                                    517 	.area GSINIT  (CODE)
                                    518 	.area GSFINAL (CODE)
                                    519 	.area CSEG    (CODE)
                                    520 ;--------------------------------------------------------
                                    521 ; global & static initialisations
                                    522 ;--------------------------------------------------------
                                    523 	.area HOME    (CODE)
                                    524 	.area GSINIT  (CODE)
                                    525 	.area GSFINAL (CODE)
                                    526 	.area GSINIT  (CODE)
                                    527 ;--------------------------------------------------------
                                    528 ; Home
                                    529 ;--------------------------------------------------------
                                    530 	.area HOME    (CODE)
                                    531 	.area HOME    (CODE)
                                    532 ;--------------------------------------------------------
                                    533 ; code
                                    534 ;--------------------------------------------------------
                                    535 	.area CSEG    (CODE)
                                    536 ;------------------------------------------------------------
                                    537 ;Allocation info for local variables in function 'memory_flash_read_bytes'
                                    538 ;------------------------------------------------------------
                                    539 ;sloc0                     Allocated with name '_memory_flash_read_bytes_sloc0_1_0'
                                    540 ;num_bytes_to_read         Allocated with name '_memory_flash_read_bytes_PARM_2'
                                    541 ;data_array                Allocated with name '_memory_flash_read_bytes_PARM_3'
                                    542 ;start_address             Allocated with name '_memory_flash_read_bytes_start_address_1_14'
                                    543 ;x                         Allocated with name '_memory_flash_read_bytes_x_1_15'
                                    544 ;------------------------------------------------------------
                                    545 ;	src/memory_flash_read_bytes.c:47: memory_flash_return_t memory_flash_read_bytes(uint16_t start_address, uint16_t num_bytes_to_read, uint8_t * data_array)
                                    546 ;	-----------------------------------------
                                    547 ;	 function memory_flash_read_bytes
                                    548 ;	-----------------------------------------
      000000                        549 _memory_flash_read_bytes:
                           000007   550 	ar7 = 0x07
                           000006   551 	ar6 = 0x06
                           000005   552 	ar5 = 0x05
                           000004   553 	ar4 = 0x04
                           000003   554 	ar3 = 0x03
                           000002   555 	ar2 = 0x02
                           000001   556 	ar1 = 0x01
                           000000   557 	ar0 = 0x00
      000000 AF 83            [24]  558 	mov	r7,dph
      000002 E5 82            [12]  559 	mov	a,dpl
      000004 90r00r05         [24]  560 	mov	dptr,#_memory_flash_read_bytes_start_address_1_14
      000007 F0               [24]  561 	movx	@dptr,a
      000008 EF               [12]  562 	mov	a,r7
      000009 A3               [24]  563 	inc	dptr
      00000A F0               [24]  564 	movx	@dptr,a
                                    565 ;	src/memory_flash_read_bytes.c:52: if(num_bytes_to_read == 0)
      00000B 90r00r00         [24]  566 	mov	dptr,#_memory_flash_read_bytes_PARM_2
      00000E E0               [24]  567 	movx	a,@dptr
      00000F FE               [12]  568 	mov	r6,a
      000010 A3               [24]  569 	inc	dptr
      000011 E0               [24]  570 	movx	a,@dptr
      000012 FF               [12]  571 	mov	r7,a
      000013 4E               [12]  572 	orl	a,r6
      000014 70 04            [24]  573 	jnz	00120$
                                    574 ;	src/memory_flash_read_bytes.c:54: return MEMORY_FLASH_BAD_PARAMS;
      000016 75 82 01         [24]  575 	mov	dpl,#0x01
      000019 22               [24]  576 	ret
                                    577 ;	src/memory_flash_read_bytes.c:58: for(x = 0; x < num_bytes_to_read; x++)
      00001A                        578 00120$:
      00001A 90r00r05         [24]  579 	mov	dptr,#_memory_flash_read_bytes_start_address_1_14
      00001D E0               [24]  580 	movx	a,@dptr
      00001E FC               [12]  581 	mov	r4,a
      00001F A3               [24]  582 	inc	dptr
      000020 E0               [24]  583 	movx	a,@dptr
      000021 FD               [12]  584 	mov	r5,a
      000022 7A 00            [12]  585 	mov	r2,#0x00
      000024 7B 00            [12]  586 	mov	r3,#0x00
      000026                        587 00110$:
      000026 C3               [12]  588 	clr	c
      000027 EA               [12]  589 	mov	a,r2
      000028 9E               [12]  590 	subb	a,r6
      000029 EB               [12]  591 	mov	a,r3
      00002A 9F               [12]  592 	subb	a,r7
      00002B 50 34            [24]  593 	jnc	00123$
                                    594 ;	src/memory_flash_read_bytes.c:60: if(!memory_flash_does_address_exist_in_flash(start_address + x))
      00002D EA               [12]  595 	mov	a,r2
      00002E 2C               [12]  596 	add	a,r4
      00002F F8               [12]  597 	mov	r0,a
      000030 EB               [12]  598 	mov	a,r3
      000031 3D               [12]  599 	addc	a,r5
      000032 F9               [12]  600 	mov	r1,a
      000033 88 82            [24]  601 	mov	dpl,r0
      000035 89 83            [24]  602 	mov	dph,r1
      000037 C0 07            [24]  603 	push	ar7
      000039 C0 06            [24]  604 	push	ar6
      00003B C0 05            [24]  605 	push	ar5
      00003D C0 04            [24]  606 	push	ar4
      00003F C0 03            [24]  607 	push	ar3
      000041 C0 02            [24]  608 	push	ar2
      000043 12r00r00         [24]  609 	lcall	_memory_flash_does_address_exist_in_flash
      000046 E5 82            [12]  610 	mov	a,dpl
      000048 D0 02            [24]  611 	pop	ar2
      00004A D0 03            [24]  612 	pop	ar3
      00004C D0 04            [24]  613 	pop	ar4
      00004E D0 05            [24]  614 	pop	ar5
      000050 D0 06            [24]  615 	pop	ar6
      000052 D0 07            [24]  616 	pop	ar7
      000054 70 04            [24]  617 	jnz	00111$
                                    618 ;	src/memory_flash_read_bytes.c:62: return MEMORY_FLASH_BAD_PARAMS;
      000056 75 82 01         [24]  619 	mov	dpl,#0x01
      000059 22               [24]  620 	ret
      00005A                        621 00111$:
                                    622 ;	src/memory_flash_read_bytes.c:58: for(x = 0; x < num_bytes_to_read; x++)
      00005A 0A               [12]  623 	inc	r2
                                    624 ;	src/memory_flash_read_bytes.c:67: for(x = 0; x < num_bytes_to_read; x++)
      00005B BA 00 C8         [24]  625 	cjne	r2,#0x00,00110$
      00005E 0B               [12]  626 	inc	r3
      00005F 80 C5            [24]  627 	sjmp	00110$
      000061                        628 00123$:
      000061 90r00r05         [24]  629 	mov	dptr,#_memory_flash_read_bytes_start_address_1_14
      000064 E0               [24]  630 	movx	a,@dptr
      000065 FC               [12]  631 	mov	r4,a
      000066 A3               [24]  632 	inc	dptr
      000067 E0               [24]  633 	movx	a,@dptr
      000068 FD               [12]  634 	mov	r5,a
      000069 90r00r02         [24]  635 	mov	dptr,#_memory_flash_read_bytes_PARM_3
      00006C E0               [24]  636 	movx	a,@dptr
      00006D F9               [12]  637 	mov	r1,a
      00006E A3               [24]  638 	inc	dptr
      00006F E0               [24]  639 	movx	a,@dptr
      000070 FA               [12]  640 	mov	r2,a
      000071 A3               [24]  641 	inc	dptr
      000072 E0               [24]  642 	movx	a,@dptr
      000073 FB               [12]  643 	mov	r3,a
      000074 E4               [12]  644 	clr	a
      000075 F5*00            [12]  645 	mov	_memory_flash_read_bytes_sloc0_1_0,a
      000077 F5*01            [12]  646 	mov	(_memory_flash_read_bytes_sloc0_1_0 + 1),a
      000079                        647 00113$:
      000079 C3               [12]  648 	clr	c
      00007A E5*00            [12]  649 	mov	a,_memory_flash_read_bytes_sloc0_1_0
      00007C 9E               [12]  650 	subb	a,r6
      00007D E5*01            [12]  651 	mov	a,(_memory_flash_read_bytes_sloc0_1_0 + 1)
      00007F 9F               [12]  652 	subb	a,r7
      000080 50 54            [24]  653 	jnc	00108$
                                    654 ;	src/memory_flash_read_bytes.c:69: if(memory_flash_read_byte(start_address + x, &data_array[x]) != MEMORY_FLASH_OK)
      000082 C0 06            [24]  655 	push	ar6
      000084 C0 07            [24]  656 	push	ar7
      000086 E5*00            [12]  657 	mov	a,_memory_flash_read_bytes_sloc0_1_0
      000088 2C               [12]  658 	add	a,r4
      000089 F8               [12]  659 	mov	r0,a
      00008A E5*01            [12]  660 	mov	a,(_memory_flash_read_bytes_sloc0_1_0 + 1)
      00008C 3D               [12]  661 	addc	a,r5
      00008D FF               [12]  662 	mov	r7,a
      00008E 90r00r00         [24]  663 	mov	dptr,#_memory_flash_read_byte_PARM_2
      000091 E5*00            [12]  664 	mov	a,_memory_flash_read_bytes_sloc0_1_0
      000093 29               [12]  665 	add	a,r1
      000094 F0               [24]  666 	movx	@dptr,a
      000095 E5*01            [12]  667 	mov	a,(_memory_flash_read_bytes_sloc0_1_0 + 1)
      000097 3A               [12]  668 	addc	a,r2
      000098 A3               [24]  669 	inc	dptr
      000099 F0               [24]  670 	movx	@dptr,a
      00009A EB               [12]  671 	mov	a,r3
      00009B A3               [24]  672 	inc	dptr
      00009C F0               [24]  673 	movx	@dptr,a
      00009D 88 82            [24]  674 	mov	dpl,r0
      00009F 8F 83            [24]  675 	mov	dph,r7
      0000A1 C0 07            [24]  676 	push	ar7
      0000A3 C0 06            [24]  677 	push	ar6
      0000A5 C0 05            [24]  678 	push	ar5
      0000A7 C0 04            [24]  679 	push	ar4
      0000A9 C0 03            [24]  680 	push	ar3
      0000AB C0 02            [24]  681 	push	ar2
      0000AD C0 01            [24]  682 	push	ar1
      0000AF 12r00r00         [24]  683 	lcall	_memory_flash_read_byte
      0000B2 E5 82            [12]  684 	mov	a,dpl
      0000B4 D0 01            [24]  685 	pop	ar1
      0000B6 D0 02            [24]  686 	pop	ar2
      0000B8 D0 03            [24]  687 	pop	ar3
      0000BA D0 04            [24]  688 	pop	ar4
      0000BC D0 05            [24]  689 	pop	ar5
      0000BE D0 06            [24]  690 	pop	ar6
      0000C0 D0 07            [24]  691 	pop	ar7
      0000C2 D0 07            [24]  692 	pop	ar7
      0000C4 D0 06            [24]  693 	pop	ar6
      0000C6 60 04            [24]  694 	jz	00114$
                                    695 ;	src/memory_flash_read_bytes.c:71: return MEMORY_FLASH_BAD_PARAMS;
      0000C8 75 82 01         [24]  696 	mov	dpl,#0x01
      0000CB 22               [24]  697 	ret
      0000CC                        698 00114$:
                                    699 ;	src/memory_flash_read_bytes.c:67: for(x = 0; x < num_bytes_to_read; x++)
      0000CC 05*00            [12]  700 	inc	_memory_flash_read_bytes_sloc0_1_0
      0000CE E4               [12]  701 	clr	a
      0000CF B5*00 A7         [24]  702 	cjne	a,_memory_flash_read_bytes_sloc0_1_0,00113$
      0000D2 05*01            [12]  703 	inc	(_memory_flash_read_bytes_sloc0_1_0 + 1)
      0000D4 80 A3            [24]  704 	sjmp	00113$
      0000D6                        705 00108$:
                                    706 ;	src/memory_flash_read_bytes.c:75: return MEMORY_FLASH_OK;
      0000D6 75 82 00         [24]  707 	mov	dpl,#0x00
      0000D9 22               [24]  708 	ret
                                    709 	.area CSEG    (CODE)
                                    710 	.area CONST   (CODE)
                                    711 	.area XINIT   (CODE)
                                    712 	.area CABS    (ABS,CODE)
