                                      1 ;--------------------------------------------------------
                                      2 ; File Created by SDCC : free open source ANSI-C Compiler
                                      3 ; Version 3.4.0 #8981 (Apr  5 2014) (MINGW32)
                                      4 ; This file was generated Sun Jul 20 08:45:36 2014
                                      5 ;--------------------------------------------------------
                                      6 	.module owi_search_rom
                                      7 	.optsdcc -mmcs51 --model-large
                                      8 	
                                      9 ;--------------------------------------------------------
                                     10 ; Public variables in this module
                                     11 ;--------------------------------------------------------
                                     12 	.globl _owi_write_bit_1
                                     13 	.globl _owi_write_bit_0
                                     14 	.globl _owi_send_byte
                                     15 	.globl _owi_read_bit
                                     16 	.globl _FSR_SB_ENDBG
                                     17 	.globl _FSR_SB_STP
                                     18 	.globl _FSR_SB_WEN
                                     19 	.globl _FSR_SB_RDYN
                                     20 	.globl _FSR_SB_INFEN
                                     21 	.globl _FSR_SB_RDISMB
                                     22 	.globl _RFCON_SB_RFCKEN
                                     23 	.globl _RFCON_SB_RFCSN
                                     24 	.globl _RFCON_SB_RFCE
                                     25 	.globl _ADCON_SB_BD
                                     26 	.globl _PSW_SB_P
                                     27 	.globl _PSW_SB_F1
                                     28 	.globl _PSW_SB_OV
                                     29 	.globl _PSW_SB_RS0
                                     30 	.globl _PSW_SB_RS1
                                     31 	.globl _PSW_SB_F0
                                     32 	.globl _PSW_SB_AC
                                     33 	.globl _PSW_SB_CY
                                     34 	.globl _T2CON_SB_T2PS
                                     35 	.globl _T2CON_SB_I3FR
                                     36 	.globl _T2CON_SB_I2FR
                                     37 	.globl _T2CON_SB_T2R1
                                     38 	.globl _T2CON_SB_T2R0
                                     39 	.globl _T2CON_SB_T2CM
                                     40 	.globl _T2CON_SB_T2I1
                                     41 	.globl _T2CON_SB_T2I0
                                     42 	.globl _IRCON_SB_EXF2
                                     43 	.globl _IRCON_SB_TF2
                                     44 	.globl _IRCON_SB_TICK
                                     45 	.globl _IRCON_SB_MISCIRQ
                                     46 	.globl _IRCON_SB_WUOPIRQ
                                     47 	.globl _IRCON_SB_SPI_2WIRE
                                     48 	.globl _IRCON_SB_RFIRQ
                                     49 	.globl _IRCON_SB_RFRDY
                                     50 	.globl _IEN1_SB_T2EXTRLD
                                     51 	.globl _IEN1_SB_TICK
                                     52 	.globl _IEN1_SB_MISCIRQ
                                     53 	.globl _IEN1_SB_WUOPIRQ
                                     54 	.globl _IEN1_SB_SPI_2WIRE
                                     55 	.globl _IEN1_SB_RFIRQ
                                     56 	.globl _IEN1_SB_RFRDY
                                     57 	.globl _P3_SB_D7
                                     58 	.globl _P3_SB_D6
                                     59 	.globl _P3_SB_D5
                                     60 	.globl _P3_SB_D4
                                     61 	.globl _P3_SB_D3
                                     62 	.globl _P3_SB_D2
                                     63 	.globl _P3_SB_D1
                                     64 	.globl _P3_SB_D0
                                     65 	.globl _IEN0_SB_GLOBAL
                                     66 	.globl _IEN0_SB_T2
                                     67 	.globl _IEN0_SB_UART
                                     68 	.globl _IEN0_SB_T1
                                     69 	.globl _IEN0_SB_POFIRQ
                                     70 	.globl _IEN0_SB_T0
                                     71 	.globl _IEN0_SB_IFP
                                     72 	.globl _P2_SB_D7
                                     73 	.globl _P2_SB_D6
                                     74 	.globl _P2_SB_D5
                                     75 	.globl _P2_SB_D4
                                     76 	.globl _P2_SB_D3
                                     77 	.globl _P2_SB_D2
                                     78 	.globl _P2_SB_D1
                                     79 	.globl _P2_SB_D0
                                     80 	.globl _S0CON_SB_SM0
                                     81 	.globl _S0CON_SB_SM1
                                     82 	.globl _S0CON_SB_SM20
                                     83 	.globl _S0CON_SB_REN0
                                     84 	.globl _S0CON_SB_TB80
                                     85 	.globl _S0CON_SB_RB80
                                     86 	.globl _S0CON_SB_TI0
                                     87 	.globl _S0CON_SB_RI0
                                     88 	.globl _P1_SB_D7
                                     89 	.globl _P1_SB_D6
                                     90 	.globl _P1_SB_D5
                                     91 	.globl _P1_SB_D4
                                     92 	.globl _P1_SB_D3
                                     93 	.globl _P1_SB_D2
                                     94 	.globl _P1_SB_D1
                                     95 	.globl _P1_SB_D0
                                     96 	.globl _TCON_SB_TF1
                                     97 	.globl _TCON_SB_TR1
                                     98 	.globl _TCON_SB_TF0
                                     99 	.globl _TCON_SB_TR0
                                    100 	.globl _TCON_SB_IE1
                                    101 	.globl _TCON_SB_IT1
                                    102 	.globl _TCON_SB_IE0
                                    103 	.globl _TCON_SB_IT0
                                    104 	.globl _P0_SB_D7
                                    105 	.globl _P0_SB_D6
                                    106 	.globl _P0_SB_D5
                                    107 	.globl _P0_SB_D4
                                    108 	.globl _P0_SB_D3
                                    109 	.globl _P0_SB_D2
                                    110 	.globl _P0_SB_D1
                                    111 	.globl _P0_SB_D0
                                    112 	.globl _ADCDAT
                                    113 	.globl _S0REL
                                    114 	.globl _T2
                                    115 	.globl _T1
                                    116 	.globl _T0
                                    117 	.globl _CRC
                                    118 	.globl _CC3
                                    119 	.globl _CC2
                                    120 	.globl _CC1
                                    121 	.globl _SPIMDAT
                                    122 	.globl _SPIMSTAT
                                    123 	.globl _SPIMCON1
                                    124 	.globl _SPIMCON0
                                    125 	.globl _FCR
                                    126 	.globl _FPCR
                                    127 	.globl _FSR
                                    128 	.globl _B
                                    129 	.globl _ARCON
                                    130 	.globl _MD5
                                    131 	.globl _MD4
                                    132 	.globl _MD3
                                    133 	.globl _MD2
                                    134 	.globl _MD1
                                    135 	.globl _MD0
                                    136 	.globl _RFCON
                                    137 	.globl _SPIRDAT
                                    138 	.globl _SPIRSTAT
                                    139 	.globl _SPIRCON1
                                    140 	.globl _SPIRCON0
                                    141 	.globl _W2CON0
                                    142 	.globl _W2CON1
                                    143 	.globl _ACC
                                    144 	.globl _CCPDATO
                                    145 	.globl _CCPDATIB
                                    146 	.globl _CCPDATIA
                                    147 	.globl _POFCON
                                    148 	.globl _COMPCON
                                    149 	.globl _W2DAT
                                    150 	.globl _W2SADR
                                    151 	.globl _ADCON
                                    152 	.globl _RNGDAT
                                    153 	.globl _RNGCTL
                                    154 	.globl _ADCDATL
                                    155 	.globl _ADCDATH
                                    156 	.globl _ADCCON1
                                    157 	.globl _ADCCON2
                                    158 	.globl _ADCCON3
                                    159 	.globl _PSW
                                    160 	.globl _WUOPC0
                                    161 	.globl _WUOPC1
                                    162 	.globl _TH2
                                    163 	.globl _TL2
                                    164 	.globl _CRCH
                                    165 	.globl _CRCL
                                    166 	.globl __XPAGE
                                    167 	.globl _MPAGE
                                    168 	.globl _T2CON
                                    169 	.globl _CCH3
                                    170 	.globl _CCL3
                                    171 	.globl _CCH2
                                    172 	.globl _CCL2
                                    173 	.globl _CCH1
                                    174 	.globl _CCL1
                                    175 	.globl _CCEN
                                    176 	.globl _IRCON
                                    177 	.globl _SPISDAT
                                    178 	.globl _SPISSTAT
                                    179 	.globl _SPISCON1
                                    180 	.globl _SPISCON0
                                    181 	.globl _S0RELH
                                    182 	.globl _IP1
                                    183 	.globl _IEN1
                                    184 	.globl _SPISRDSZ
                                    185 	.globl _RTC2CPT00
                                    186 	.globl _RTC2CMP1
                                    187 	.globl _RTC2CMP0
                                    188 	.globl _RTC2CON
                                    189 	.globl _PWMCON
                                    190 	.globl _RSTREAS
                                    191 	.globl _P3
                                    192 	.globl _WDSV
                                    193 	.globl _OPMCON
                                    194 	.globl _CLKLFCTRL
                                    195 	.globl _RTC2CPT10
                                    196 	.globl _RTC2CPT01
                                    197 	.globl _S0RELL
                                    198 	.globl _IP0
                                    199 	.globl _IEN0
                                    200 	.globl _MEMCON
                                    201 	.globl _INTEXP
                                    202 	.globl _WUCON
                                    203 	.globl _PWRDWN
                                    204 	.globl _CLKCTRL
                                    205 	.globl _PWMDC1
                                    206 	.globl _PWMDC0
                                    207 	.globl _P2
                                    208 	.globl _P1CON
                                    209 	.globl _P0CON
                                    210 	.globl _S0BUF
                                    211 	.globl _S0CON
                                    212 	.globl _P2CON
                                    213 	.globl _P3DIR
                                    214 	.globl _P2DIR
                                    215 	.globl _P1DIR
                                    216 	.globl _P0DIR
                                    217 	.globl _DPS
                                    218 	.globl _P1
                                    219 	.globl _P3CON
                                    220 	.globl _TH1
                                    221 	.globl _TH0
                                    222 	.globl _TL1
                                    223 	.globl _TL0
                                    224 	.globl _TMOD
                                    225 	.globl _TCON
                                    226 	.globl _PCON
                                    227 	.globl _DPH1
                                    228 	.globl _DPL1
                                    229 	.globl _DPH
                                    230 	.globl _DPL
                                    231 	.globl _SP
                                    232 	.globl _P0
                                    233 	.globl _owi_search_rom_PARM_3
                                    234 	.globl _owi_search_rom_PARM_2
                                    235 	.globl _owi_search_rom
                                    236 ;--------------------------------------------------------
                                    237 ; special function registers
                                    238 ;--------------------------------------------------------
                                    239 	.area RSEG    (ABS,DATA)
      000000                        240 	.org 0x0000
                           000080   241 _P0	=	0x0080
                           000081   242 _SP	=	0x0081
                           000082   243 _DPL	=	0x0082
                           000083   244 _DPH	=	0x0083
                           000084   245 _DPL1	=	0x0084
                           000085   246 _DPH1	=	0x0085
                           000087   247 _PCON	=	0x0087
                           000088   248 _TCON	=	0x0088
                           000089   249 _TMOD	=	0x0089
                           00008A   250 _TL0	=	0x008a
                           00008B   251 _TL1	=	0x008b
                           00008C   252 _TH0	=	0x008c
                           00008D   253 _TH1	=	0x008d
                           00008F   254 _P3CON	=	0x008f
                           000090   255 _P1	=	0x0090
                           000092   256 _DPS	=	0x0092
                           000093   257 _P0DIR	=	0x0093
                           000094   258 _P1DIR	=	0x0094
                           000095   259 _P2DIR	=	0x0095
                           000096   260 _P3DIR	=	0x0096
                           000097   261 _P2CON	=	0x0097
                           000098   262 _S0CON	=	0x0098
                           000099   263 _S0BUF	=	0x0099
                           00009E   264 _P0CON	=	0x009e
                           00009F   265 _P1CON	=	0x009f
                           0000A0   266 _P2	=	0x00a0
                           0000A1   267 _PWMDC0	=	0x00a1
                           0000A2   268 _PWMDC1	=	0x00a2
                           0000A3   269 _CLKCTRL	=	0x00a3
                           0000A4   270 _PWRDWN	=	0x00a4
                           0000A5   271 _WUCON	=	0x00a5
                           0000A6   272 _INTEXP	=	0x00a6
                           0000A7   273 _MEMCON	=	0x00a7
                           0000A8   274 _IEN0	=	0x00a8
                           0000A9   275 _IP0	=	0x00a9
                           0000AA   276 _S0RELL	=	0x00aa
                           0000AB   277 _RTC2CPT01	=	0x00ab
                           0000AC   278 _RTC2CPT10	=	0x00ac
                           0000AD   279 _CLKLFCTRL	=	0x00ad
                           0000AE   280 _OPMCON	=	0x00ae
                           0000AF   281 _WDSV	=	0x00af
                           0000B0   282 _P3	=	0x00b0
                           0000B1   283 _RSTREAS	=	0x00b1
                           0000B2   284 _PWMCON	=	0x00b2
                           0000B3   285 _RTC2CON	=	0x00b3
                           0000B4   286 _RTC2CMP0	=	0x00b4
                           0000B5   287 _RTC2CMP1	=	0x00b5
                           0000B6   288 _RTC2CPT00	=	0x00b6
                           0000B7   289 _SPISRDSZ	=	0x00b7
                           0000B8   290 _IEN1	=	0x00b8
                           0000B9   291 _IP1	=	0x00b9
                           0000BA   292 _S0RELH	=	0x00ba
                           0000BC   293 _SPISCON0	=	0x00bc
                           0000BD   294 _SPISCON1	=	0x00bd
                           0000BE   295 _SPISSTAT	=	0x00be
                           0000BF   296 _SPISDAT	=	0x00bf
                           0000C0   297 _IRCON	=	0x00c0
                           0000C1   298 _CCEN	=	0x00c1
                           0000C2   299 _CCL1	=	0x00c2
                           0000C3   300 _CCH1	=	0x00c3
                           0000C4   301 _CCL2	=	0x00c4
                           0000C5   302 _CCH2	=	0x00c5
                           0000C6   303 _CCL3	=	0x00c6
                           0000C7   304 _CCH3	=	0x00c7
                           0000C8   305 _T2CON	=	0x00c8
                           0000C9   306 _MPAGE	=	0x00c9
                           0000C9   307 __XPAGE	=	0x00c9
                           0000CA   308 _CRCL	=	0x00ca
                           0000CB   309 _CRCH	=	0x00cb
                           0000CC   310 _TL2	=	0x00cc
                           0000CD   311 _TH2	=	0x00cd
                           0000CE   312 _WUOPC1	=	0x00ce
                           0000CF   313 _WUOPC0	=	0x00cf
                           0000D0   314 _PSW	=	0x00d0
                           0000D1   315 _ADCCON3	=	0x00d1
                           0000D2   316 _ADCCON2	=	0x00d2
                           0000D3   317 _ADCCON1	=	0x00d3
                           0000D4   318 _ADCDATH	=	0x00d4
                           0000D5   319 _ADCDATL	=	0x00d5
                           0000D6   320 _RNGCTL	=	0x00d6
                           0000D7   321 _RNGDAT	=	0x00d7
                           0000D8   322 _ADCON	=	0x00d8
                           0000D9   323 _W2SADR	=	0x00d9
                           0000DA   324 _W2DAT	=	0x00da
                           0000DB   325 _COMPCON	=	0x00db
                           0000DC   326 _POFCON	=	0x00dc
                           0000DD   327 _CCPDATIA	=	0x00dd
                           0000DE   328 _CCPDATIB	=	0x00de
                           0000DF   329 _CCPDATO	=	0x00df
                           0000E0   330 _ACC	=	0x00e0
                           0000E1   331 _W2CON1	=	0x00e1
                           0000E2   332 _W2CON0	=	0x00e2
                           0000E4   333 _SPIRCON0	=	0x00e4
                           0000E5   334 _SPIRCON1	=	0x00e5
                           0000E6   335 _SPIRSTAT	=	0x00e6
                           0000E7   336 _SPIRDAT	=	0x00e7
                           0000E8   337 _RFCON	=	0x00e8
                           0000E9   338 _MD0	=	0x00e9
                           0000EA   339 _MD1	=	0x00ea
                           0000EB   340 _MD2	=	0x00eb
                           0000EC   341 _MD3	=	0x00ec
                           0000ED   342 _MD4	=	0x00ed
                           0000EE   343 _MD5	=	0x00ee
                           0000EF   344 _ARCON	=	0x00ef
                           0000F0   345 _B	=	0x00f0
                           0000F8   346 _FSR	=	0x00f8
                           0000F9   347 _FPCR	=	0x00f9
                           0000FA   348 _FCR	=	0x00fa
                           0000FC   349 _SPIMCON0	=	0x00fc
                           0000FD   350 _SPIMCON1	=	0x00fd
                           0000FE   351 _SPIMSTAT	=	0x00fe
                           0000FF   352 _SPIMDAT	=	0x00ff
                           00C3C2   353 _CC1	=	0xc3c2
                           00C5C4   354 _CC2	=	0xc5c4
                           00C7C6   355 _CC3	=	0xc7c6
                           00CBCA   356 _CRC	=	0xcbca
                           008C8A   357 _T0	=	0x8c8a
                           008D8B   358 _T1	=	0x8d8b
                           00CDCC   359 _T2	=	0xcdcc
                           00BAAA   360 _S0REL	=	0xbaaa
                           00D4D5   361 _ADCDAT	=	0xd4d5
                                    362 ;--------------------------------------------------------
                                    363 ; special function bits
                                    364 ;--------------------------------------------------------
                                    365 	.area RSEG    (ABS,DATA)
      000000                        366 	.org 0x0000
                           000080   367 _P0_SB_D0	=	0x0080
                           000081   368 _P0_SB_D1	=	0x0081
                           000082   369 _P0_SB_D2	=	0x0082
                           000083   370 _P0_SB_D3	=	0x0083
                           000084   371 _P0_SB_D4	=	0x0084
                           000085   372 _P0_SB_D5	=	0x0085
                           000086   373 _P0_SB_D6	=	0x0086
                           000087   374 _P0_SB_D7	=	0x0087
                           000088   375 _TCON_SB_IT0	=	0x0088
                           000089   376 _TCON_SB_IE0	=	0x0089
                           00008A   377 _TCON_SB_IT1	=	0x008a
                           00008B   378 _TCON_SB_IE1	=	0x008b
                           00008C   379 _TCON_SB_TR0	=	0x008c
                           00008D   380 _TCON_SB_TF0	=	0x008d
                           00008E   381 _TCON_SB_TR1	=	0x008e
                           00008F   382 _TCON_SB_TF1	=	0x008f
                           000090   383 _P1_SB_D0	=	0x0090
                           000091   384 _P1_SB_D1	=	0x0091
                           000092   385 _P1_SB_D2	=	0x0092
                           000093   386 _P1_SB_D3	=	0x0093
                           000094   387 _P1_SB_D4	=	0x0094
                           000095   388 _P1_SB_D5	=	0x0095
                           000096   389 _P1_SB_D6	=	0x0096
                           000097   390 _P1_SB_D7	=	0x0097
                           000098   391 _S0CON_SB_RI0	=	0x0098
                           000099   392 _S0CON_SB_TI0	=	0x0099
                           00009A   393 _S0CON_SB_RB80	=	0x009a
                           00009B   394 _S0CON_SB_TB80	=	0x009b
                           00009C   395 _S0CON_SB_REN0	=	0x009c
                           00009D   396 _S0CON_SB_SM20	=	0x009d
                           00009E   397 _S0CON_SB_SM1	=	0x009e
                           00009F   398 _S0CON_SB_SM0	=	0x009f
                           0000A0   399 _P2_SB_D0	=	0x00a0
                           0000A1   400 _P2_SB_D1	=	0x00a1
                           0000A2   401 _P2_SB_D2	=	0x00a2
                           0000A3   402 _P2_SB_D3	=	0x00a3
                           0000A4   403 _P2_SB_D4	=	0x00a4
                           0000A5   404 _P2_SB_D5	=	0x00a5
                           0000A6   405 _P2_SB_D6	=	0x00a6
                           0000A7   406 _P2_SB_D7	=	0x00a7
                           0000A8   407 _IEN0_SB_IFP	=	0x00a8
                           0000A9   408 _IEN0_SB_T0	=	0x00a9
                           0000AA   409 _IEN0_SB_POFIRQ	=	0x00aa
                           0000AB   410 _IEN0_SB_T1	=	0x00ab
                           0000AC   411 _IEN0_SB_UART	=	0x00ac
                           0000AD   412 _IEN0_SB_T2	=	0x00ad
                           0000AF   413 _IEN0_SB_GLOBAL	=	0x00af
                           0000B0   414 _P3_SB_D0	=	0x00b0
                           0000B1   415 _P3_SB_D1	=	0x00b1
                           0000B2   416 _P3_SB_D2	=	0x00b2
                           0000B3   417 _P3_SB_D3	=	0x00b3
                           0000B4   418 _P3_SB_D4	=	0x00b4
                           0000B5   419 _P3_SB_D5	=	0x00b5
                           0000B6   420 _P3_SB_D6	=	0x00b6
                           0000B7   421 _P3_SB_D7	=	0x00b7
                           0000B8   422 _IEN1_SB_RFRDY	=	0x00b8
                           0000B9   423 _IEN1_SB_RFIRQ	=	0x00b9
                           0000BA   424 _IEN1_SB_SPI_2WIRE	=	0x00ba
                           0000BB   425 _IEN1_SB_WUOPIRQ	=	0x00bb
                           0000BC   426 _IEN1_SB_MISCIRQ	=	0x00bc
                           0000BD   427 _IEN1_SB_TICK	=	0x00bd
                           0000BF   428 _IEN1_SB_T2EXTRLD	=	0x00bf
                           0000C0   429 _IRCON_SB_RFRDY	=	0x00c0
                           0000C1   430 _IRCON_SB_RFIRQ	=	0x00c1
                           0000C2   431 _IRCON_SB_SPI_2WIRE	=	0x00c2
                           0000C3   432 _IRCON_SB_WUOPIRQ	=	0x00c3
                           0000C4   433 _IRCON_SB_MISCIRQ	=	0x00c4
                           0000C5   434 _IRCON_SB_TICK	=	0x00c5
                           0000C6   435 _IRCON_SB_TF2	=	0x00c6
                           0000C7   436 _IRCON_SB_EXF2	=	0x00c7
                           0000C8   437 _T2CON_SB_T2I0	=	0x00c8
                           0000C9   438 _T2CON_SB_T2I1	=	0x00c9
                           0000CA   439 _T2CON_SB_T2CM	=	0x00ca
                           0000CB   440 _T2CON_SB_T2R0	=	0x00cb
                           0000CC   441 _T2CON_SB_T2R1	=	0x00cc
                           0000CD   442 _T2CON_SB_I2FR	=	0x00cd
                           0000CE   443 _T2CON_SB_I3FR	=	0x00ce
                           0000CF   444 _T2CON_SB_T2PS	=	0x00cf
                           0000D7   445 _PSW_SB_CY	=	0x00d7
                           0000D6   446 _PSW_SB_AC	=	0x00d6
                           0000D5   447 _PSW_SB_F0	=	0x00d5
                           0000D4   448 _PSW_SB_RS1	=	0x00d4
                           0000D3   449 _PSW_SB_RS0	=	0x00d3
                           0000D2   450 _PSW_SB_OV	=	0x00d2
                           0000D1   451 _PSW_SB_F1	=	0x00d1
                           0000D0   452 _PSW_SB_P	=	0x00d0
                           0000DF   453 _ADCON_SB_BD	=	0x00df
                           0000E8   454 _RFCON_SB_RFCE	=	0x00e8
                           0000E9   455 _RFCON_SB_RFCSN	=	0x00e9
                           0000EA   456 _RFCON_SB_RFCKEN	=	0x00ea
                           0000FA   457 _FSR_SB_RDISMB	=	0x00fa
                           0000FB   458 _FSR_SB_INFEN	=	0x00fb
                           0000FC   459 _FSR_SB_RDYN	=	0x00fc
                           0000FD   460 _FSR_SB_WEN	=	0x00fd
                           0000FE   461 _FSR_SB_STP	=	0x00fe
                           0000FF   462 _FSR_SB_ENDBG	=	0x00ff
                                    463 ;--------------------------------------------------------
                                    464 ; overlayable register banks
                                    465 ;--------------------------------------------------------
                                    466 	.area REG_BANK_0	(REL,OVR,DATA)
      000000                        467 	.ds 8
                                    468 ;--------------------------------------------------------
                                    469 ; internal ram data
                                    470 ;--------------------------------------------------------
                                    471 	.area DSEG    (DATA)
                                    472 ;--------------------------------------------------------
                                    473 ; overlayable items in internal ram 
                                    474 ;--------------------------------------------------------
                                    475 ;--------------------------------------------------------
                                    476 ; indirectly addressable internal ram data
                                    477 ;--------------------------------------------------------
                                    478 	.area ISEG    (DATA)
                                    479 ;--------------------------------------------------------
                                    480 ; absolute internal ram data
                                    481 ;--------------------------------------------------------
                                    482 	.area IABS    (ABS,DATA)
                                    483 	.area IABS    (ABS,DATA)
                                    484 ;--------------------------------------------------------
                                    485 ; bit data
                                    486 ;--------------------------------------------------------
                                    487 	.area BSEG    (BIT)
                                    488 ;--------------------------------------------------------
                                    489 ; paged external ram data
                                    490 ;--------------------------------------------------------
                                    491 	.area PSEG    (PAG,XDATA)
                                    492 ;--------------------------------------------------------
                                    493 ; external ram data
                                    494 ;--------------------------------------------------------
                                    495 	.area XSEG    (XDATA)
      000000                        496 _owi_search_rom_PARM_2:
      000000                        497 	.ds 3
      000003                        498 _owi_search_rom_PARM_3:
      000003                        499 	.ds 1
      000004                        500 _owi_search_rom_owi_pin_id_1_47:
      000004                        501 	.ds 1
      000005                        502 _owi_search_rom_next_bit_1_48:
      000005                        503 	.ds 1
      000006                        504 _owi_search_rom_mask_1_48:
      000006                        505 	.ds 1
                                    506 ;--------------------------------------------------------
                                    507 ; absolute external ram data
                                    508 ;--------------------------------------------------------
                                    509 	.area XABS    (ABS,XDATA)
                                    510 ;--------------------------------------------------------
                                    511 ; external initialized ram data
                                    512 ;--------------------------------------------------------
                                    513 	.area XISEG   (XDATA)
                                    514 	.area HOME    (CODE)
                                    515 	.area GSINIT0 (CODE)
                                    516 	.area GSINIT1 (CODE)
                                    517 	.area GSINIT2 (CODE)
                                    518 	.area GSINIT3 (CODE)
                                    519 	.area GSINIT4 (CODE)
                                    520 	.area GSINIT5 (CODE)
                                    521 	.area GSINIT  (CODE)
                                    522 	.area GSFINAL (CODE)
                                    523 	.area CSEG    (CODE)
                                    524 ;--------------------------------------------------------
                                    525 ; global & static initialisations
                                    526 ;--------------------------------------------------------
                                    527 	.area HOME    (CODE)
                                    528 	.area GSINIT  (CODE)
                                    529 	.area GSFINAL (CODE)
                                    530 	.area GSINIT  (CODE)
                                    531 ;--------------------------------------------------------
                                    532 ; Home
                                    533 ;--------------------------------------------------------
                                    534 	.area HOME    (CODE)
                                    535 	.area HOME    (CODE)
                                    536 ;--------------------------------------------------------
                                    537 ; code
                                    538 ;--------------------------------------------------------
                                    539 	.area CSEG    (CODE)
                                    540 ;------------------------------------------------------------
                                    541 ;Allocation info for local variables in function 'owi_search_rom'
                                    542 ;------------------------------------------------------------
                                    543 ;ptr_rom                   Allocated with name '_owi_search_rom_PARM_2'
                                    544 ;last_bit                  Allocated with name '_owi_search_rom_PARM_3'
                                    545 ;owi_pin_id                Allocated with name '_owi_search_rom_owi_pin_id_1_47'
                                    546 ;bit                       Allocated with name '_owi_search_rom_bit_1_48'
                                    547 ;bit_a                     Allocated with name '_owi_search_rom_bit_a_1_48'
                                    548 ;bit_b                     Allocated with name '_owi_search_rom_bit_b_1_48'
                                    549 ;next_bit                  Allocated with name '_owi_search_rom_next_bit_1_48'
                                    550 ;mask                      Allocated with name '_owi_search_rom_mask_1_48'
                                    551 ;------------------------------------------------------------
                                    552 ;	src/owi_search_rom.c:62: uint8_t owi_search_rom(gpio_pin_id_t owi_pin_id, uint8_t * ptr_rom, uint8_t last_bit)
                                    553 ;	-----------------------------------------
                                    554 ;	 function owi_search_rom
                                    555 ;	-----------------------------------------
      000000                        556 _owi_search_rom:
                           000007   557 	ar7 = 0x07
                           000006   558 	ar6 = 0x06
                           000005   559 	ar5 = 0x05
                           000004   560 	ar4 = 0x04
                           000003   561 	ar3 = 0x03
                           000002   562 	ar2 = 0x02
                           000001   563 	ar1 = 0x01
                           000000   564 	ar0 = 0x00
      000000 E5 82            [12]  565 	mov	a,dpl
      000002 90r00r04         [24]  566 	mov	dptr,#_owi_search_rom_owi_pin_id_1_47
      000005 F0               [24]  567 	movx	@dptr,a
                                    568 ;	src/owi_search_rom.c:65: uint8_t next_bit = 0x00;
      000006 90r00r05         [24]  569 	mov	dptr,#_owi_search_rom_next_bit_1_48
      000009 E4               [12]  570 	clr	a
      00000A F0               [24]  571 	movx	@dptr,a
                                    572 ;	src/owi_search_rom.c:66: uint8_t mask = 0x01;
      00000B 90r00r06         [24]  573 	mov	dptr,#_owi_search_rom_mask_1_48
      00000E 04               [12]  574 	inc	a
      00000F F0               [24]  575 	movx	@dptr,a
                                    576 ;	src/owi_search_rom.c:69: owi_send_byte(owi_pin_id, OWI_SEARCH_ROM);
      000010 90r00r04         [24]  577 	mov	dptr,#_owi_search_rom_owi_pin_id_1_47
      000013 E0               [24]  578 	movx	a,@dptr
      000014 FF               [12]  579 	mov	r7,a
      000015 90r00r00         [24]  580 	mov	dptr,#_owi_send_byte_PARM_2
      000018 74 F0            [12]  581 	mov	a,#0xF0
      00001A F0               [24]  582 	movx	@dptr,a
      00001B 8F 82            [24]  583 	mov	dpl,r7
      00001D C0 07            [24]  584 	push	ar7
      00001F 12r00r00         [24]  585 	lcall	_owi_send_byte
      000022 D0 07            [24]  586 	pop	ar7
                                    587 ;	src/owi_search_rom.c:72: for (bit = 1; bit <= 64; bit++)
      000024 90r00r03         [24]  588 	mov	dptr,#_owi_search_rom_PARM_3
      000027 E0               [24]  589 	movx	a,@dptr
      000028 FE               [12]  590 	mov	r6,a
      000029 90r00r00         [24]  591 	mov	dptr,#_owi_search_rom_PARM_2
      00002C E0               [24]  592 	movx	a,@dptr
      00002D FB               [12]  593 	mov	r3,a
      00002E A3               [24]  594 	inc	dptr
      00002F E0               [24]  595 	movx	a,@dptr
      000030 FC               [12]  596 	mov	r4,a
      000031 A3               [24]  597 	inc	dptr
      000032 E0               [24]  598 	movx	a,@dptr
      000033 FD               [12]  599 	mov	r5,a
      000034 7A 01            [12]  600 	mov	r2,#0x01
      000036                        601 00125$:
                                    602 ;	src/owi_search_rom.c:75: bit_a = owi_read_bit(owi_pin_id);
      000036 8F 82            [24]  603 	mov	dpl,r7
      000038 C0 07            [24]  604 	push	ar7
      00003A C0 06            [24]  605 	push	ar6
      00003C C0 05            [24]  606 	push	ar5
      00003E C0 04            [24]  607 	push	ar4
      000040 C0 03            [24]  608 	push	ar3
      000042 C0 02            [24]  609 	push	ar2
      000044 12r00r00         [24]  610 	lcall	_owi_read_bit
      000047 A9 82            [24]  611 	mov	r1,dpl
      000049 D0 02            [24]  612 	pop	ar2
      00004B D0 03            [24]  613 	pop	ar3
      00004D D0 04            [24]  614 	pop	ar4
      00004F D0 05            [24]  615 	pop	ar5
      000051 D0 06            [24]  616 	pop	ar6
      000053 D0 07            [24]  617 	pop	ar7
                                    618 ;	src/owi_search_rom.c:76: bit_b = owi_read_bit(owi_pin_id);
      000055 8F 82            [24]  619 	mov	dpl,r7
      000057 C0 07            [24]  620 	push	ar7
      000059 C0 06            [24]  621 	push	ar6
      00005B C0 05            [24]  622 	push	ar5
      00005D C0 04            [24]  623 	push	ar4
      00005F C0 03            [24]  624 	push	ar3
      000061 C0 02            [24]  625 	push	ar2
      000063 C0 01            [24]  626 	push	ar1
      000065 12r00r00         [24]  627 	lcall	_owi_read_bit
      000068 A8 82            [24]  628 	mov	r0,dpl
      00006A D0 01            [24]  629 	pop	ar1
      00006C D0 02            [24]  630 	pop	ar2
      00006E D0 03            [24]  631 	pop	ar3
      000070 D0 04            [24]  632 	pop	ar4
      000072 D0 05            [24]  633 	pop	ar5
      000074 D0 06            [24]  634 	pop	ar6
      000076 D0 07            [24]  635 	pop	ar7
                                    636 ;	src/owi_search_rom.c:78: if (bit_a && bit_b)
      000078 E9               [12]  637 	mov	a,r1
      000079 60 07            [24]  638 	jz	00116$
      00007B E8               [12]  639 	mov	a,r0
      00007C 60 04            [24]  640 	jz	00116$
                                    641 ;	src/owi_search_rom.c:81: return OWI_SEARCH_ROM_FAILED;
      00007E 75 82 FF         [24]  642 	mov	dpl,#0xFF
      000081 22               [24]  643 	ret
      000082                        644 00116$:
                                    645 ;	src/owi_search_rom.c:83: else if (bit_a ^ bit_b)
      000082 E8               [12]  646 	mov	a,r0
      000083 69               [12]  647 	xrl	a,r1
      000084 60 3F            [24]  648 	jz	00113$
                                    649 ;	src/owi_search_rom.c:87: if (bit_a)
      000086 E9               [12]  650 	mov	a,r1
      000087 60 1E            [24]  651 	jz	00102$
                                    652 ;	src/owi_search_rom.c:89: (*ptr_rom) |= mask;
      000089 8B 82            [24]  653 	mov	dpl,r3
      00008B 8C 83            [24]  654 	mov	dph,r4
      00008D 8D F0            [24]  655 	mov	b,r5
      00008F 12r00r00         [24]  656 	lcall	__gptrget
      000092 F9               [12]  657 	mov	r1,a
      000093 90r00r06         [24]  658 	mov	dptr,#_owi_search_rom_mask_1_48
      000096 E0               [24]  659 	movx	a,@dptr
      000097 F8               [12]  660 	mov	r0,a
      000098 42 01            [12]  661 	orl	ar1,a
      00009A 8B 82            [24]  662 	mov	dpl,r3
      00009C 8C 83            [24]  663 	mov	dph,r4
      00009E 8D F0            [24]  664 	mov	b,r5
      0000A0 E9               [12]  665 	mov	a,r1
      0000A1 12r00r00         [24]  666 	lcall	__gptrput
      0000A4 02r01r25         [24]  667 	ljmp	00117$
      0000A7                        668 00102$:
                                    669 ;	src/owi_search_rom.c:93: (*ptr_rom) &= ~mask;
      0000A7 8B 82            [24]  670 	mov	dpl,r3
      0000A9 8C 83            [24]  671 	mov	dph,r4
      0000AB 8D F0            [24]  672 	mov	b,r5
      0000AD 12r00r00         [24]  673 	lcall	__gptrget
      0000B0 F9               [12]  674 	mov	r1,a
      0000B1 90r00r06         [24]  675 	mov	dptr,#_owi_search_rom_mask_1_48
      0000B4 E0               [24]  676 	movx	a,@dptr
      0000B5 F4               [12]  677 	cpl	a
      0000B6 F8               [12]  678 	mov	r0,a
      0000B7 52 01            [12]  679 	anl	ar1,a
      0000B9 8B 82            [24]  680 	mov	dpl,r3
      0000BB 8C 83            [24]  681 	mov	dph,r4
      0000BD 8D F0            [24]  682 	mov	b,r5
      0000BF E9               [12]  683 	mov	a,r1
      0000C0 12r00r00         [24]  684 	lcall	__gptrput
      0000C3 80 60            [24]  685 	sjmp	00117$
      0000C5                        686 00113$:
                                    687 ;	src/owi_search_rom.c:100: if (bit == last_bit)
      0000C5 EA               [12]  688 	mov	a,r2
      0000C6 B5 06 1D         [24]  689 	cjne	a,ar6,00110$
                                    690 ;	src/owi_search_rom.c:102: (*ptr_rom) |= mask;
      0000C9 8B 82            [24]  691 	mov	dpl,r3
      0000CB 8C 83            [24]  692 	mov	dph,r4
      0000CD 8D F0            [24]  693 	mov	b,r5
      0000CF 12r00r00         [24]  694 	lcall	__gptrget
      0000D2 F9               [12]  695 	mov	r1,a
      0000D3 90r00r06         [24]  696 	mov	dptr,#_owi_search_rom_mask_1_48
      0000D6 E0               [24]  697 	movx	a,@dptr
      0000D7 F8               [12]  698 	mov	r0,a
      0000D8 42 01            [12]  699 	orl	ar1,a
      0000DA 8B 82            [24]  700 	mov	dpl,r3
      0000DC 8C 83            [24]  701 	mov	dph,r4
      0000DE 8D F0            [24]  702 	mov	b,r5
      0000E0 E9               [12]  703 	mov	a,r1
      0000E1 12r00r00         [24]  704 	lcall	__gptrput
      0000E4 80 3F            [24]  705 	sjmp	00117$
      0000E6                        706 00110$:
                                    707 ;	src/owi_search_rom.c:106: else if (bit > last_bit)
      0000E6 C3               [12]  708 	clr	c
      0000E7 EE               [12]  709 	mov	a,r6
      0000E8 9A               [12]  710 	subb	a,r2
      0000E9 50 23            [24]  711 	jnc	00107$
                                    712 ;	src/owi_search_rom.c:108: (*ptr_rom) &= ~mask;
      0000EB 8B 82            [24]  713 	mov	dpl,r3
      0000ED 8C 83            [24]  714 	mov	dph,r4
      0000EF 8D F0            [24]  715 	mov	b,r5
      0000F1 12r00r00         [24]  716 	lcall	__gptrget
      0000F4 F9               [12]  717 	mov	r1,a
      0000F5 90r00r06         [24]  718 	mov	dptr,#_owi_search_rom_mask_1_48
      0000F8 E0               [24]  719 	movx	a,@dptr
      0000F9 F4               [12]  720 	cpl	a
      0000FA F8               [12]  721 	mov	r0,a
      0000FB 52 01            [12]  722 	anl	ar1,a
      0000FD 8B 82            [24]  723 	mov	dpl,r3
      0000FF 8C 83            [24]  724 	mov	dph,r4
      000101 8D F0            [24]  725 	mov	b,r5
      000103 E9               [12]  726 	mov	a,r1
      000104 12r00r00         [24]  727 	lcall	__gptrput
                                    728 ;	src/owi_search_rom.c:109: next_bit = bit;
      000107 90r00r05         [24]  729 	mov	dptr,#_owi_search_rom_next_bit_1_48
      00010A EA               [12]  730 	mov	a,r2
      00010B F0               [24]  731 	movx	@dptr,a
      00010C 80 17            [24]  732 	sjmp	00117$
      00010E                        733 00107$:
                                    734 ;	src/owi_search_rom.c:113: else if (!(*ptr_rom & mask))
      00010E 8B 82            [24]  735 	mov	dpl,r3
      000110 8C 83            [24]  736 	mov	dph,r4
      000112 8D F0            [24]  737 	mov	b,r5
      000114 12r00r00         [24]  738 	lcall	__gptrget
      000117 F9               [12]  739 	mov	r1,a
      000118 90r00r06         [24]  740 	mov	dptr,#_owi_search_rom_mask_1_48
      00011B E0               [24]  741 	movx	a,@dptr
      00011C F8               [12]  742 	mov	r0,a
      00011D 59               [12]  743 	anl	a,r1
      00011E 70 05            [24]  744 	jnz	00117$
                                    745 ;	src/owi_search_rom.c:115: next_bit = bit;
      000120 90r00r05         [24]  746 	mov	dptr,#_owi_search_rom_next_bit_1_48
      000123 EA               [12]  747 	mov	a,r2
      000124 F0               [24]  748 	movx	@dptr,a
      000125                        749 00117$:
                                    750 ;	src/owi_search_rom.c:120: if ((*ptr_rom) & mask)
      000125 8B 82            [24]  751 	mov	dpl,r3
      000127 8C 83            [24]  752 	mov	dph,r4
      000129 8D F0            [24]  753 	mov	b,r5
      00012B 12r00r00         [24]  754 	lcall	__gptrget
      00012E F9               [12]  755 	mov	r1,a
      00012F 90r00r06         [24]  756 	mov	dptr,#_owi_search_rom_mask_1_48
      000132 E0               [24]  757 	movx	a,@dptr
      000133 F8               [12]  758 	mov	r0,a
      000134 59               [12]  759 	anl	a,r1
      000135 60 1F            [24]  760 	jz	00120$
                                    761 ;	src/owi_search_rom.c:122: owi_write_bit_1(owi_pin_id);
      000137 8F 82            [24]  762 	mov	dpl,r7
      000139 C0 07            [24]  763 	push	ar7
      00013B C0 06            [24]  764 	push	ar6
      00013D C0 05            [24]  765 	push	ar5
      00013F C0 04            [24]  766 	push	ar4
      000141 C0 03            [24]  767 	push	ar3
      000143 C0 02            [24]  768 	push	ar2
      000145 12r00r00         [24]  769 	lcall	_owi_write_bit_1
      000148 D0 02            [24]  770 	pop	ar2
      00014A D0 03            [24]  771 	pop	ar3
      00014C D0 04            [24]  772 	pop	ar4
      00014E D0 05            [24]  773 	pop	ar5
      000150 D0 06            [24]  774 	pop	ar6
      000152 D0 07            [24]  775 	pop	ar7
      000154 80 1D            [24]  776 	sjmp	00121$
      000156                        777 00120$:
                                    778 ;	src/owi_search_rom.c:126: owi_write_bit_0(owi_pin_id);
      000156 8F 82            [24]  779 	mov	dpl,r7
      000158 C0 07            [24]  780 	push	ar7
      00015A C0 06            [24]  781 	push	ar6
      00015C C0 05            [24]  782 	push	ar5
      00015E C0 04            [24]  783 	push	ar4
      000160 C0 03            [24]  784 	push	ar3
      000162 C0 02            [24]  785 	push	ar2
      000164 12r00r00         [24]  786 	lcall	_owi_write_bit_0
      000167 D0 02            [24]  787 	pop	ar2
      000169 D0 03            [24]  788 	pop	ar3
      00016B D0 04            [24]  789 	pop	ar4
      00016D D0 05            [24]  790 	pop	ar5
      00016F D0 06            [24]  791 	pop	ar6
      000171 D0 07            [24]  792 	pop	ar7
      000173                        793 00121$:
                                    794 ;	src/owi_search_rom.c:130: mask <<= 1;
      000173 90r00r06         [24]  795 	mov	dptr,#_owi_search_rom_mask_1_48
      000176 E0               [24]  796 	movx	a,@dptr
      000177 25 E0            [12]  797 	add	a,acc
      000179 F0               [24]  798 	movx	@dptr,a
                                    799 ;	src/owi_search_rom.c:131: if (!mask)
      00017A E0               [24]  800 	movx	a,@dptr
      00017B F9               [12]  801 	mov	r1,a
      00017C 70 0B            [24]  802 	jnz	00126$
                                    803 ;	src/owi_search_rom.c:133: mask = 0x01;
      00017E 90r00r06         [24]  804 	mov	dptr,#_owi_search_rom_mask_1_48
      000181 74 01            [12]  805 	mov	a,#0x01
      000183 F0               [24]  806 	movx	@dptr,a
                                    807 ;	src/owi_search_rom.c:134: ptr_rom++;
      000184 0B               [12]  808 	inc	r3
      000185 BB 00 01         [24]  809 	cjne	r3,#0x00,00172$
      000188 0C               [12]  810 	inc	r4
      000189                        811 00172$:
      000189                        812 00126$:
                                    813 ;	src/owi_search_rom.c:72: for (bit = 1; bit <= 64; bit++)
      000189 0A               [12]  814 	inc	r2
      00018A EA               [12]  815 	mov	a,r2
      00018B 24 BF            [12]  816 	add	a,#0xff - 0x40
      00018D 40 03            [24]  817 	jc	00173$
      00018F 02r00r36         [24]  818 	ljmp	00125$
      000192                        819 00173$:
                                    820 ;	src/owi_search_rom.c:137: return next_bit;
      000192 90r00r05         [24]  821 	mov	dptr,#_owi_search_rom_next_bit_1_48
      000195 E0               [24]  822 	movx	a,@dptr
      000196 F5 82            [12]  823 	mov	dpl,a
      000198 22               [24]  824 	ret
                                    825 	.area CSEG    (CODE)
                                    826 	.area CONST   (CODE)
                                    827 	.area XINIT   (CODE)
                                    828 	.area CABS    (ABS,CODE)
