                                      1 ;--------------------------------------------------------
                                      2 ; File Created by SDCC : free open source ANSI-C Compiler
                                      3 ; Version 3.4.0 #8981 (Apr  5 2014) (MINGW32)
                                      4 ; This file was generated Fri Jun 13 08:34:37 2014
                                      5 ;--------------------------------------------------------
                                      6 	.module uart_configure_auto_baud_calc
                                      7 	.optsdcc -mmcs51 --model-large
                                      8 	
                                      9 ;--------------------------------------------------------
                                     10 ; Public variables in this module
                                     11 ;--------------------------------------------------------
                                     12 	.globl _uart_calc_actual_baud_rate_from_th1
                                     13 	.globl _uart_calc_th1_value
                                     14 	.globl _uart_calc_actual_baud_rate_from_s0rel
                                     15 	.globl _uart_calc_s0rel_value
                                     16 	.globl _uart_configure_manual_baud_calc
                                     17 	.globl _FSR_SB_ENDBG
                                     18 	.globl _FSR_SB_STP
                                     19 	.globl _FSR_SB_WEN
                                     20 	.globl _FSR_SB_RDYN
                                     21 	.globl _FSR_SB_INFEN
                                     22 	.globl _FSR_SB_RDISMB
                                     23 	.globl _RFCON_SB_RFCKEN
                                     24 	.globl _RFCON_SB_RFCSN
                                     25 	.globl _RFCON_SB_RFCE
                                     26 	.globl _ADCON_SB_BD
                                     27 	.globl _PSW_SB_P
                                     28 	.globl _PSW_SB_F1
                                     29 	.globl _PSW_SB_OV
                                     30 	.globl _PSW_SB_RS0
                                     31 	.globl _PSW_SB_RS1
                                     32 	.globl _PSW_SB_F0
                                     33 	.globl _PSW_SB_AC
                                     34 	.globl _PSW_SB_CY
                                     35 	.globl _T2CON_SB_T2PS
                                     36 	.globl _T2CON_SB_I3FR
                                     37 	.globl _T2CON_SB_I2FR
                                     38 	.globl _T2CON_SB_T2R1
                                     39 	.globl _T2CON_SB_T2R0
                                     40 	.globl _T2CON_SB_T2CM
                                     41 	.globl _T2CON_SB_T2I1
                                     42 	.globl _T2CON_SB_T2I0
                                     43 	.globl _IRCON_SB_EXF2
                                     44 	.globl _IRCON_SB_TF2
                                     45 	.globl _IRCON_SB_TICK
                                     46 	.globl _IRCON_SB_MISCIRQ
                                     47 	.globl _IRCON_SB_WUOPIRQ
                                     48 	.globl _IRCON_SB_SPI_2WIRE
                                     49 	.globl _IRCON_SB_RFIRQ
                                     50 	.globl _IRCON_SB_RFRDY
                                     51 	.globl _IEN1_SB_T2EXTRLD
                                     52 	.globl _IEN1_SB_TICK
                                     53 	.globl _IEN1_SB_MISCIRQ
                                     54 	.globl _IEN1_SB_WUOPIRQ
                                     55 	.globl _IEN1_SB_SPI_2WIRE
                                     56 	.globl _IEN1_SB_RFIRQ
                                     57 	.globl _IEN1_SB_RFRDY
                                     58 	.globl _P3_SB_D7
                                     59 	.globl _P3_SB_D6
                                     60 	.globl _P3_SB_D5
                                     61 	.globl _P3_SB_D4
                                     62 	.globl _P3_SB_D3
                                     63 	.globl _P3_SB_D2
                                     64 	.globl _P3_SB_D1
                                     65 	.globl _P3_SB_D0
                                     66 	.globl _IEN0_SB_GLOBAL
                                     67 	.globl _IEN0_SB_T2
                                     68 	.globl _IEN0_SB_UART
                                     69 	.globl _IEN0_SB_T1
                                     70 	.globl _IEN0_SB_POFIRQ
                                     71 	.globl _IEN0_SB_T0
                                     72 	.globl _IEN0_SB_IFP
                                     73 	.globl _P2_SB_D7
                                     74 	.globl _P2_SB_D6
                                     75 	.globl _P2_SB_D5
                                     76 	.globl _P2_SB_D4
                                     77 	.globl _P2_SB_D3
                                     78 	.globl _P2_SB_D2
                                     79 	.globl _P2_SB_D1
                                     80 	.globl _P2_SB_D0
                                     81 	.globl _S0CON_SB_SM0
                                     82 	.globl _S0CON_SB_SM1
                                     83 	.globl _S0CON_SB_SM20
                                     84 	.globl _S0CON_SB_REN0
                                     85 	.globl _S0CON_SB_TB80
                                     86 	.globl _S0CON_SB_RB80
                                     87 	.globl _S0CON_SB_TI0
                                     88 	.globl _S0CON_SB_RI0
                                     89 	.globl _P1_SB_D7
                                     90 	.globl _P1_SB_D6
                                     91 	.globl _P1_SB_D5
                                     92 	.globl _P1_SB_D4
                                     93 	.globl _P1_SB_D3
                                     94 	.globl _P1_SB_D2
                                     95 	.globl _P1_SB_D1
                                     96 	.globl _P1_SB_D0
                                     97 	.globl _TCON_SB_TF1
                                     98 	.globl _TCON_SB_TR1
                                     99 	.globl _TCON_SB_TF0
                                    100 	.globl _TCON_SB_TR0
                                    101 	.globl _TCON_SB_IE1
                                    102 	.globl _TCON_SB_IT1
                                    103 	.globl _TCON_SB_IE0
                                    104 	.globl _TCON_SB_IT0
                                    105 	.globl _P0_SB_D7
                                    106 	.globl _P0_SB_D6
                                    107 	.globl _P0_SB_D5
                                    108 	.globl _P0_SB_D4
                                    109 	.globl _P0_SB_D3
                                    110 	.globl _P0_SB_D2
                                    111 	.globl _P0_SB_D1
                                    112 	.globl _P0_SB_D0
                                    113 	.globl _ADCDAT
                                    114 	.globl _S0REL
                                    115 	.globl _T2
                                    116 	.globl _T1
                                    117 	.globl _T0
                                    118 	.globl _CRC
                                    119 	.globl _CC3
                                    120 	.globl _CC2
                                    121 	.globl _CC1
                                    122 	.globl _SPIMDAT
                                    123 	.globl _SPIMSTAT
                                    124 	.globl _SPIMCON1
                                    125 	.globl _SPIMCON0
                                    126 	.globl _FCR
                                    127 	.globl _FPCR
                                    128 	.globl _FSR
                                    129 	.globl _B
                                    130 	.globl _ARCON
                                    131 	.globl _MD5
                                    132 	.globl _MD4
                                    133 	.globl _MD3
                                    134 	.globl _MD2
                                    135 	.globl _MD1
                                    136 	.globl _MD0
                                    137 	.globl _RFCON
                                    138 	.globl _SPIRDAT
                                    139 	.globl _SPIRSTAT
                                    140 	.globl _SPIRCON1
                                    141 	.globl _SPIRCON0
                                    142 	.globl _W2CON0
                                    143 	.globl _W2CON1
                                    144 	.globl _ACC
                                    145 	.globl _CCPDATO
                                    146 	.globl _CCPDATIB
                                    147 	.globl _CCPDATIA
                                    148 	.globl _POFCON
                                    149 	.globl _COMPCON
                                    150 	.globl _W2DAT
                                    151 	.globl _W2SADR
                                    152 	.globl _ADCON
                                    153 	.globl _RNGDAT
                                    154 	.globl _RNGCTL
                                    155 	.globl _ADCDATL
                                    156 	.globl _ADCDATH
                                    157 	.globl _ADCCON1
                                    158 	.globl _ADCCON2
                                    159 	.globl _ADCCON3
                                    160 	.globl _PSW
                                    161 	.globl _WUOPC0
                                    162 	.globl _WUOPC1
                                    163 	.globl _TH2
                                    164 	.globl _TL2
                                    165 	.globl _CRCH
                                    166 	.globl _CRCL
                                    167 	.globl __XPAGE
                                    168 	.globl _MPAGE
                                    169 	.globl _T2CON
                                    170 	.globl _CCH3
                                    171 	.globl _CCL3
                                    172 	.globl _CCH2
                                    173 	.globl _CCL2
                                    174 	.globl _CCH1
                                    175 	.globl _CCL1
                                    176 	.globl _CCEN
                                    177 	.globl _IRCON
                                    178 	.globl _SPISDAT
                                    179 	.globl _SPISSTAT
                                    180 	.globl _SPISCON1
                                    181 	.globl _SPISCON0
                                    182 	.globl _S0RELH
                                    183 	.globl _IP1
                                    184 	.globl _IEN1
                                    185 	.globl _SPISRDSZ
                                    186 	.globl _RTC2CPT00
                                    187 	.globl _RTC2CMP1
                                    188 	.globl _RTC2CMP0
                                    189 	.globl _RTC2CON
                                    190 	.globl _PWMCON
                                    191 	.globl _RSTREAS
                                    192 	.globl _P3
                                    193 	.globl _WDSV
                                    194 	.globl _OPMCON
                                    195 	.globl _CLKLFCTRL
                                    196 	.globl _RTC2CPT10
                                    197 	.globl _RTC2CPT01
                                    198 	.globl _S0RELL
                                    199 	.globl _IP0
                                    200 	.globl _IEN0
                                    201 	.globl _MEMCON
                                    202 	.globl _INTEXP
                                    203 	.globl _WUCON
                                    204 	.globl _PWRDWN
                                    205 	.globl _CLKCTRL
                                    206 	.globl _PWMDC1
                                    207 	.globl _PWMDC0
                                    208 	.globl _P2
                                    209 	.globl _P1CON
                                    210 	.globl _P0CON
                                    211 	.globl _S0BUF
                                    212 	.globl _S0CON
                                    213 	.globl _P2CON
                                    214 	.globl _P3DIR
                                    215 	.globl _P2DIR
                                    216 	.globl _P1DIR
                                    217 	.globl _P0DIR
                                    218 	.globl _DPS
                                    219 	.globl _P1
                                    220 	.globl _P3CON
                                    221 	.globl _TH1
                                    222 	.globl _TH0
                                    223 	.globl _TL1
                                    224 	.globl _TL0
                                    225 	.globl _TMOD
                                    226 	.globl _TCON
                                    227 	.globl _PCON
                                    228 	.globl _DPH1
                                    229 	.globl _DPL1
                                    230 	.globl _DPH
                                    231 	.globl _DPL
                                    232 	.globl _SP
                                    233 	.globl _P0
                                    234 	.globl _uart_configure_auto_baud_calc_PARM_2
                                    235 	.globl _uart_configure_auto_baud_calc
                                    236 ;--------------------------------------------------------
                                    237 ; special function registers
                                    238 ;--------------------------------------------------------
                                    239 	.area RSEG    (ABS,DATA)
      000000                        240 	.org 0x0000
                           000080   241 _P0	=	0x0080
                           000081   242 _SP	=	0x0081
                           000082   243 _DPL	=	0x0082
                           000083   244 _DPH	=	0x0083
                           000084   245 _DPL1	=	0x0084
                           000085   246 _DPH1	=	0x0085
                           000087   247 _PCON	=	0x0087
                           000088   248 _TCON	=	0x0088
                           000089   249 _TMOD	=	0x0089
                           00008A   250 _TL0	=	0x008a
                           00008B   251 _TL1	=	0x008b
                           00008C   252 _TH0	=	0x008c
                           00008D   253 _TH1	=	0x008d
                           00008F   254 _P3CON	=	0x008f
                           000090   255 _P1	=	0x0090
                           000092   256 _DPS	=	0x0092
                           000093   257 _P0DIR	=	0x0093
                           000094   258 _P1DIR	=	0x0094
                           000095   259 _P2DIR	=	0x0095
                           000096   260 _P3DIR	=	0x0096
                           000097   261 _P2CON	=	0x0097
                           000098   262 _S0CON	=	0x0098
                           000099   263 _S0BUF	=	0x0099
                           00009E   264 _P0CON	=	0x009e
                           00009F   265 _P1CON	=	0x009f
                           0000A0   266 _P2	=	0x00a0
                           0000A1   267 _PWMDC0	=	0x00a1
                           0000A2   268 _PWMDC1	=	0x00a2
                           0000A3   269 _CLKCTRL	=	0x00a3
                           0000A4   270 _PWRDWN	=	0x00a4
                           0000A5   271 _WUCON	=	0x00a5
                           0000A6   272 _INTEXP	=	0x00a6
                           0000A7   273 _MEMCON	=	0x00a7
                           0000A8   274 _IEN0	=	0x00a8
                           0000A9   275 _IP0	=	0x00a9
                           0000AA   276 _S0RELL	=	0x00aa
                           0000AB   277 _RTC2CPT01	=	0x00ab
                           0000AC   278 _RTC2CPT10	=	0x00ac
                           0000AD   279 _CLKLFCTRL	=	0x00ad
                           0000AE   280 _OPMCON	=	0x00ae
                           0000AF   281 _WDSV	=	0x00af
                           0000B0   282 _P3	=	0x00b0
                           0000B1   283 _RSTREAS	=	0x00b1
                           0000B2   284 _PWMCON	=	0x00b2
                           0000B3   285 _RTC2CON	=	0x00b3
                           0000B4   286 _RTC2CMP0	=	0x00b4
                           0000B5   287 _RTC2CMP1	=	0x00b5
                           0000B6   288 _RTC2CPT00	=	0x00b6
                           0000B7   289 _SPISRDSZ	=	0x00b7
                           0000B8   290 _IEN1	=	0x00b8
                           0000B9   291 _IP1	=	0x00b9
                           0000BA   292 _S0RELH	=	0x00ba
                           0000BC   293 _SPISCON0	=	0x00bc
                           0000BD   294 _SPISCON1	=	0x00bd
                           0000BE   295 _SPISSTAT	=	0x00be
                           0000BF   296 _SPISDAT	=	0x00bf
                           0000C0   297 _IRCON	=	0x00c0
                           0000C1   298 _CCEN	=	0x00c1
                           0000C2   299 _CCL1	=	0x00c2
                           0000C3   300 _CCH1	=	0x00c3
                           0000C4   301 _CCL2	=	0x00c4
                           0000C5   302 _CCH2	=	0x00c5
                           0000C6   303 _CCL3	=	0x00c6
                           0000C7   304 _CCH3	=	0x00c7
                           0000C8   305 _T2CON	=	0x00c8
                           0000C9   306 _MPAGE	=	0x00c9
                           0000C9   307 __XPAGE	=	0x00c9
                           0000CA   308 _CRCL	=	0x00ca
                           0000CB   309 _CRCH	=	0x00cb
                           0000CC   310 _TL2	=	0x00cc
                           0000CD   311 _TH2	=	0x00cd
                           0000CE   312 _WUOPC1	=	0x00ce
                           0000CF   313 _WUOPC0	=	0x00cf
                           0000D0   314 _PSW	=	0x00d0
                           0000D1   315 _ADCCON3	=	0x00d1
                           0000D2   316 _ADCCON2	=	0x00d2
                           0000D3   317 _ADCCON1	=	0x00d3
                           0000D4   318 _ADCDATH	=	0x00d4
                           0000D5   319 _ADCDATL	=	0x00d5
                           0000D6   320 _RNGCTL	=	0x00d6
                           0000D7   321 _RNGDAT	=	0x00d7
                           0000D8   322 _ADCON	=	0x00d8
                           0000D9   323 _W2SADR	=	0x00d9
                           0000DA   324 _W2DAT	=	0x00da
                           0000DB   325 _COMPCON	=	0x00db
                           0000DC   326 _POFCON	=	0x00dc
                           0000DD   327 _CCPDATIA	=	0x00dd
                           0000DE   328 _CCPDATIB	=	0x00de
                           0000DF   329 _CCPDATO	=	0x00df
                           0000E0   330 _ACC	=	0x00e0
                           0000E1   331 _W2CON1	=	0x00e1
                           0000E2   332 _W2CON0	=	0x00e2
                           0000E4   333 _SPIRCON0	=	0x00e4
                           0000E5   334 _SPIRCON1	=	0x00e5
                           0000E6   335 _SPIRSTAT	=	0x00e6
                           0000E7   336 _SPIRDAT	=	0x00e7
                           0000E8   337 _RFCON	=	0x00e8
                           0000E9   338 _MD0	=	0x00e9
                           0000EA   339 _MD1	=	0x00ea
                           0000EB   340 _MD2	=	0x00eb
                           0000EC   341 _MD3	=	0x00ec
                           0000ED   342 _MD4	=	0x00ed
                           0000EE   343 _MD5	=	0x00ee
                           0000EF   344 _ARCON	=	0x00ef
                           0000F0   345 _B	=	0x00f0
                           0000F8   346 _FSR	=	0x00f8
                           0000F9   347 _FPCR	=	0x00f9
                           0000FA   348 _FCR	=	0x00fa
                           0000FC   349 _SPIMCON0	=	0x00fc
                           0000FD   350 _SPIMCON1	=	0x00fd
                           0000FE   351 _SPIMSTAT	=	0x00fe
                           0000FF   352 _SPIMDAT	=	0x00ff
                           00C3C2   353 _CC1	=	0xc3c2
                           00C5C4   354 _CC2	=	0xc5c4
                           00C7C6   355 _CC3	=	0xc7c6
                           00CBCA   356 _CRC	=	0xcbca
                           008C8A   357 _T0	=	0x8c8a
                           008D8B   358 _T1	=	0x8d8b
                           00CDCC   359 _T2	=	0xcdcc
                           00BAAA   360 _S0REL	=	0xbaaa
                           00D4D5   361 _ADCDAT	=	0xd4d5
                                    362 ;--------------------------------------------------------
                                    363 ; special function bits
                                    364 ;--------------------------------------------------------
                                    365 	.area RSEG    (ABS,DATA)
      000000                        366 	.org 0x0000
                           000080   367 _P0_SB_D0	=	0x0080
                           000081   368 _P0_SB_D1	=	0x0081
                           000082   369 _P0_SB_D2	=	0x0082
                           000083   370 _P0_SB_D3	=	0x0083
                           000084   371 _P0_SB_D4	=	0x0084
                           000085   372 _P0_SB_D5	=	0x0085
                           000086   373 _P0_SB_D6	=	0x0086
                           000087   374 _P0_SB_D7	=	0x0087
                           000088   375 _TCON_SB_IT0	=	0x0088
                           000089   376 _TCON_SB_IE0	=	0x0089
                           00008A   377 _TCON_SB_IT1	=	0x008a
                           00008B   378 _TCON_SB_IE1	=	0x008b
                           00008C   379 _TCON_SB_TR0	=	0x008c
                           00008D   380 _TCON_SB_TF0	=	0x008d
                           00008E   381 _TCON_SB_TR1	=	0x008e
                           00008F   382 _TCON_SB_TF1	=	0x008f
                           000090   383 _P1_SB_D0	=	0x0090
                           000091   384 _P1_SB_D1	=	0x0091
                           000092   385 _P1_SB_D2	=	0x0092
                           000093   386 _P1_SB_D3	=	0x0093
                           000094   387 _P1_SB_D4	=	0x0094
                           000095   388 _P1_SB_D5	=	0x0095
                           000096   389 _P1_SB_D6	=	0x0096
                           000097   390 _P1_SB_D7	=	0x0097
                           000098   391 _S0CON_SB_RI0	=	0x0098
                           000099   392 _S0CON_SB_TI0	=	0x0099
                           00009A   393 _S0CON_SB_RB80	=	0x009a
                           00009B   394 _S0CON_SB_TB80	=	0x009b
                           00009C   395 _S0CON_SB_REN0	=	0x009c
                           00009D   396 _S0CON_SB_SM20	=	0x009d
                           00009E   397 _S0CON_SB_SM1	=	0x009e
                           00009F   398 _S0CON_SB_SM0	=	0x009f
                           0000A0   399 _P2_SB_D0	=	0x00a0
                           0000A1   400 _P2_SB_D1	=	0x00a1
                           0000A2   401 _P2_SB_D2	=	0x00a2
                           0000A3   402 _P2_SB_D3	=	0x00a3
                           0000A4   403 _P2_SB_D4	=	0x00a4
                           0000A5   404 _P2_SB_D5	=	0x00a5
                           0000A6   405 _P2_SB_D6	=	0x00a6
                           0000A7   406 _P2_SB_D7	=	0x00a7
                           0000A8   407 _IEN0_SB_IFP	=	0x00a8
                           0000A9   408 _IEN0_SB_T0	=	0x00a9
                           0000AA   409 _IEN0_SB_POFIRQ	=	0x00aa
                           0000AB   410 _IEN0_SB_T1	=	0x00ab
                           0000AC   411 _IEN0_SB_UART	=	0x00ac
                           0000AD   412 _IEN0_SB_T2	=	0x00ad
                           0000AF   413 _IEN0_SB_GLOBAL	=	0x00af
                           0000B0   414 _P3_SB_D0	=	0x00b0
                           0000B1   415 _P3_SB_D1	=	0x00b1
                           0000B2   416 _P3_SB_D2	=	0x00b2
                           0000B3   417 _P3_SB_D3	=	0x00b3
                           0000B4   418 _P3_SB_D4	=	0x00b4
                           0000B5   419 _P3_SB_D5	=	0x00b5
                           0000B6   420 _P3_SB_D6	=	0x00b6
                           0000B7   421 _P3_SB_D7	=	0x00b7
                           0000B8   422 _IEN1_SB_RFRDY	=	0x00b8
                           0000B9   423 _IEN1_SB_RFIRQ	=	0x00b9
                           0000BA   424 _IEN1_SB_SPI_2WIRE	=	0x00ba
                           0000BB   425 _IEN1_SB_WUOPIRQ	=	0x00bb
                           0000BC   426 _IEN1_SB_MISCIRQ	=	0x00bc
                           0000BD   427 _IEN1_SB_TICK	=	0x00bd
                           0000BF   428 _IEN1_SB_T2EXTRLD	=	0x00bf
                           0000C0   429 _IRCON_SB_RFRDY	=	0x00c0
                           0000C1   430 _IRCON_SB_RFIRQ	=	0x00c1
                           0000C2   431 _IRCON_SB_SPI_2WIRE	=	0x00c2
                           0000C3   432 _IRCON_SB_WUOPIRQ	=	0x00c3
                           0000C4   433 _IRCON_SB_MISCIRQ	=	0x00c4
                           0000C5   434 _IRCON_SB_TICK	=	0x00c5
                           0000C6   435 _IRCON_SB_TF2	=	0x00c6
                           0000C7   436 _IRCON_SB_EXF2	=	0x00c7
                           0000C8   437 _T2CON_SB_T2I0	=	0x00c8
                           0000C9   438 _T2CON_SB_T2I1	=	0x00c9
                           0000CA   439 _T2CON_SB_T2CM	=	0x00ca
                           0000CB   440 _T2CON_SB_T2R0	=	0x00cb
                           0000CC   441 _T2CON_SB_T2R1	=	0x00cc
                           0000CD   442 _T2CON_SB_I2FR	=	0x00cd
                           0000CE   443 _T2CON_SB_I3FR	=	0x00ce
                           0000CF   444 _T2CON_SB_T2PS	=	0x00cf
                           0000D7   445 _PSW_SB_CY	=	0x00d7
                           0000D6   446 _PSW_SB_AC	=	0x00d6
                           0000D5   447 _PSW_SB_F0	=	0x00d5
                           0000D4   448 _PSW_SB_RS1	=	0x00d4
                           0000D3   449 _PSW_SB_RS0	=	0x00d3
                           0000D2   450 _PSW_SB_OV	=	0x00d2
                           0000D1   451 _PSW_SB_F1	=	0x00d1
                           0000D0   452 _PSW_SB_P	=	0x00d0
                           0000DF   453 _ADCON_SB_BD	=	0x00df
                           0000E8   454 _RFCON_SB_RFCE	=	0x00e8
                           0000E9   455 _RFCON_SB_RFCSN	=	0x00e9
                           0000EA   456 _RFCON_SB_RFCKEN	=	0x00ea
                           0000FA   457 _FSR_SB_RDISMB	=	0x00fa
                           0000FB   458 _FSR_SB_INFEN	=	0x00fb
                           0000FC   459 _FSR_SB_RDYN	=	0x00fc
                           0000FD   460 _FSR_SB_WEN	=	0x00fd
                           0000FE   461 _FSR_SB_STP	=	0x00fe
                           0000FF   462 _FSR_SB_ENDBG	=	0x00ff
                                    463 ;--------------------------------------------------------
                                    464 ; overlayable register banks
                                    465 ;--------------------------------------------------------
                                    466 	.area REG_BANK_0	(REL,OVR,DATA)
      000000                        467 	.ds 8
                                    468 ;--------------------------------------------------------
                                    469 ; internal ram data
                                    470 ;--------------------------------------------------------
                                    471 	.area DSEG    (DATA)
      000000                        472 _uart_configure_auto_baud_calc_sloc0_1_0:
      000000                        473 	.ds 2
      000002                        474 _uart_configure_auto_baud_calc_sloc1_1_0:
      000002                        475 	.ds 4
      000006                        476 _uart_configure_auto_baud_calc_sloc2_1_0:
      000006                        477 	.ds 4
      00000A                        478 _uart_configure_auto_baud_calc_sloc3_1_0:
      00000A                        479 	.ds 4
                                    480 ;--------------------------------------------------------
                                    481 ; overlayable items in internal ram 
                                    482 ;--------------------------------------------------------
                                    483 ;--------------------------------------------------------
                                    484 ; indirectly addressable internal ram data
                                    485 ;--------------------------------------------------------
                                    486 	.area ISEG    (DATA)
                                    487 ;--------------------------------------------------------
                                    488 ; absolute internal ram data
                                    489 ;--------------------------------------------------------
                                    490 	.area IABS    (ABS,DATA)
                                    491 	.area IABS    (ABS,DATA)
                                    492 ;--------------------------------------------------------
                                    493 ; bit data
                                    494 ;--------------------------------------------------------
                                    495 	.area BSEG    (BIT)
                                    496 ;--------------------------------------------------------
                                    497 ; paged external ram data
                                    498 ;--------------------------------------------------------
                                    499 	.area PSEG    (PAG,XDATA)
                                    500 ;--------------------------------------------------------
                                    501 ; external ram data
                                    502 ;--------------------------------------------------------
                                    503 	.area XSEG    (XDATA)
      000000                        504 _uart_configure_auto_baud_calc_PARM_2:
      000000                        505 	.ds 4
      000004                        506 _uart_configure_auto_baud_calc_uart_config_options_1_9:
      000004                        507 	.ds 1
                                    508 ;--------------------------------------------------------
                                    509 ; absolute external ram data
                                    510 ;--------------------------------------------------------
                                    511 	.area XABS    (ABS,XDATA)
                                    512 ;--------------------------------------------------------
                                    513 ; external initialized ram data
                                    514 ;--------------------------------------------------------
                                    515 	.area XISEG   (XDATA)
                                    516 	.area HOME    (CODE)
                                    517 	.area GSINIT0 (CODE)
                                    518 	.area GSINIT1 (CODE)
                                    519 	.area GSINIT2 (CODE)
                                    520 	.area GSINIT3 (CODE)
                                    521 	.area GSINIT4 (CODE)
                                    522 	.area GSINIT5 (CODE)
                                    523 	.area GSINIT  (CODE)
                                    524 	.area GSFINAL (CODE)
                                    525 	.area CSEG    (CODE)
                                    526 ;--------------------------------------------------------
                                    527 ; global & static initialisations
                                    528 ;--------------------------------------------------------
                                    529 	.area HOME    (CODE)
                                    530 	.area GSINIT  (CODE)
                                    531 	.area GSFINAL (CODE)
                                    532 	.area GSINIT  (CODE)
                                    533 ;--------------------------------------------------------
                                    534 ; Home
                                    535 ;--------------------------------------------------------
                                    536 	.area HOME    (CODE)
                                    537 	.area HOME    (CODE)
                                    538 ;--------------------------------------------------------
                                    539 ; code
                                    540 ;--------------------------------------------------------
                                    541 	.area CSEG    (CODE)
                                    542 ;------------------------------------------------------------
                                    543 ;Allocation info for local variables in function 'uart_configure_auto_baud_calc'
                                    544 ;------------------------------------------------------------
                                    545 ;sloc0                     Allocated with name '_uart_configure_auto_baud_calc_sloc0_1_0'
                                    546 ;sloc1                     Allocated with name '_uart_configure_auto_baud_calc_sloc1_1_0'
                                    547 ;sloc2                     Allocated with name '_uart_configure_auto_baud_calc_sloc2_1_0'
                                    548 ;sloc3                     Allocated with name '_uart_configure_auto_baud_calc_sloc3_1_0'
                                    549 ;baud_rate                 Allocated with name '_uart_configure_auto_baud_calc_PARM_2'
                                    550 ;uart_config_options       Allocated with name '_uart_configure_auto_baud_calc_uart_config_options_1_9'
                                    551 ;calc_br_with_smod_cleared Allocated with name '_uart_configure_auto_baud_calc_calc_br_with_smod_cleared_2_11'
                                    552 ;calc_br_with_smod_set     Allocated with name '_uart_configure_auto_baud_calc_calc_br_with_smod_set_2_11'
                                    553 ;error_calc_br_with_smod_cleared Allocated with name '_uart_configure_auto_baud_calc_error_calc_br_with_smod_cleared_2_11'
                                    554 ;error_calc_br_with_smod_set Allocated with name '_uart_configure_auto_baud_calc_error_calc_br_with_smod_set_2_11'
                                    555 ;s0rel_with_smod_cleared   Allocated with name '_uart_configure_auto_baud_calc_s0rel_with_smod_cleared_3_12'
                                    556 ;s0rel_with_smod_set       Allocated with name '_uart_configure_auto_baud_calc_s0rel_with_smod_set_3_12'
                                    557 ;th1_with_smod_cleared     Allocated with name '_uart_configure_auto_baud_calc_th1_with_smod_cleared_3_15'
                                    558 ;th1_with_smod_set         Allocated with name '_uart_configure_auto_baud_calc_th1_with_smod_set_3_15'
                                    559 ;------------------------------------------------------------
                                    560 ;	src/uart_configure_auto_baud_calc.c:48: void uart_configure_auto_baud_calc(uint8_t uart_config_options, uint32_t baud_rate)
                                    561 ;	-----------------------------------------
                                    562 ;	 function uart_configure_auto_baud_calc
                                    563 ;	-----------------------------------------
      000000                        564 _uart_configure_auto_baud_calc:
                           000007   565 	ar7 = 0x07
                           000006   566 	ar6 = 0x06
                           000005   567 	ar5 = 0x05
                           000004   568 	ar4 = 0x04
                           000003   569 	ar3 = 0x03
                           000002   570 	ar2 = 0x02
                           000001   571 	ar1 = 0x01
                           000000   572 	ar0 = 0x00
      000000 E5 82            [12]  573 	mov	a,dpl
      000002 90r00r04         [24]  574 	mov	dptr,#_uart_configure_auto_baud_calc_uart_config_options_1_9
      000005 F0               [24]  575 	movx	@dptr,a
                                    576 ;	src/uart_configure_auto_baud_calc.c:51: if(((uart_config_options & UART_CONFIG_OPTION_MODE_MASK) == UART_CONFIG_OPTION_MODE_1_UART_8_BIT) ||
      000006 E0               [24]  577 	movx	a,@dptr
      000007 FF               [12]  578 	mov	r7,a
      000008 74 C0            [12]  579 	mov	a,#0xC0
      00000A 5F               [12]  580 	anl	a,r7
      00000B FE               [12]  581 	mov	r6,a
      00000C BE 40 02         [24]  582 	cjne	r6,#0x40,00147$
      00000F 80 0A            [24]  583 	sjmp	00110$
      000011                        584 00147$:
                                    585 ;	src/uart_configure_auto_baud_calc.c:52: ((uart_config_options & UART_CONFIG_OPTION_MODE_MASK) == UART_CONFIG_OPTION_MODE_3_UART_9_BIT))
      000011 74 C0            [12]  586 	mov	a,#0xC0
      000013 5F               [12]  587 	anl	a,r7
      000014 FE               [12]  588 	mov	r6,a
      000015 BE C0 02         [24]  589 	cjne	r6,#0xC0,00148$
      000018 80 01            [24]  590 	sjmp	00149$
      00001A                        591 00148$:
      00001A 22               [24]  592 	ret
      00001B                        593 00149$:
      00001B                        594 00110$:
                                    595 ;	src/uart_configure_auto_baud_calc.c:58: if((uart_config_options & UART_CONFIG_OPTION_CLOCK_MASK) == UART_CONFIG_OPTION_CLOCK_FOR_MODES_1_3_USE_BR_GEN)
      00001B 74 02            [12]  596 	mov	a,#0x02
      00001D 5F               [12]  597 	anl	a,r7
      00001E FE               [12]  598 	mov	r6,a
      00001F BE 02 02         [24]  599 	cjne	r6,#0x02,00150$
      000022 80 03            [24]  600 	sjmp	00151$
      000024                        601 00150$:
      000024 02r01r75         [24]  602 	ljmp	00108$
      000027                        603 00151$:
                                    604 ;	src/uart_configure_auto_baud_calc.c:63: s0rel_with_smod_cleared = uart_calc_s0rel_value(baud_rate, 0);
      000027 90r00r00         [24]  605 	mov	dptr,#_uart_configure_auto_baud_calc_PARM_2
      00002A E0               [24]  606 	movx	a,@dptr
      00002B FB               [12]  607 	mov	r3,a
      00002C A3               [24]  608 	inc	dptr
      00002D E0               [24]  609 	movx	a,@dptr
      00002E FC               [12]  610 	mov	r4,a
      00002F A3               [24]  611 	inc	dptr
      000030 E0               [24]  612 	movx	a,@dptr
      000031 FD               [12]  613 	mov	r5,a
      000032 A3               [24]  614 	inc	dptr
      000033 E0               [24]  615 	movx	a,@dptr
      000034 FE               [12]  616 	mov	r6,a
      000035 90r00r00         [24]  617 	mov	dptr,#_uart_calc_s0rel_value_PARM_2
      000038 E4               [12]  618 	clr	a
      000039 F0               [24]  619 	movx	@dptr,a
      00003A 8B 82            [24]  620 	mov	dpl,r3
      00003C 8C 83            [24]  621 	mov	dph,r4
      00003E 8D F0            [24]  622 	mov	b,r5
      000040 EE               [12]  623 	mov	a,r6
      000041 C0 07            [24]  624 	push	ar7
      000043 C0 06            [24]  625 	push	ar6
      000045 C0 05            [24]  626 	push	ar5
      000047 C0 04            [24]  627 	push	ar4
      000049 C0 03            [24]  628 	push	ar3
      00004B 12r00r00         [24]  629 	lcall	_uart_calc_s0rel_value
      00004E A9 82            [24]  630 	mov	r1,dpl
      000050 AA 83            [24]  631 	mov	r2,dph
      000052 D0 03            [24]  632 	pop	ar3
      000054 D0 04            [24]  633 	pop	ar4
      000056 D0 05            [24]  634 	pop	ar5
      000058 D0 06            [24]  635 	pop	ar6
                                    636 ;	src/uart_configure_auto_baud_calc.c:64: s0rel_with_smod_set = uart_calc_s0rel_value(baud_rate, 1);
      00005A 90r00r00         [24]  637 	mov	dptr,#_uart_calc_s0rel_value_PARM_2
      00005D 74 01            [12]  638 	mov	a,#0x01
      00005F F0               [24]  639 	movx	@dptr,a
      000060 8B 82            [24]  640 	mov	dpl,r3
      000062 8C 83            [24]  641 	mov	dph,r4
      000064 8D F0            [24]  642 	mov	b,r5
      000066 EE               [12]  643 	mov	a,r6
      000067 C0 06            [24]  644 	push	ar6
      000069 C0 05            [24]  645 	push	ar5
      00006B C0 04            [24]  646 	push	ar4
      00006D C0 03            [24]  647 	push	ar3
      00006F C0 02            [24]  648 	push	ar2
      000071 C0 01            [24]  649 	push	ar1
      000073 12r00r00         [24]  650 	lcall	_uart_calc_s0rel_value
      000076 85 82*00         [24]  651 	mov	_uart_configure_auto_baud_calc_sloc0_1_0,dpl
      000079 85 83*01         [24]  652 	mov	(_uart_configure_auto_baud_calc_sloc0_1_0 + 1),dph
      00007C D0 01            [24]  653 	pop	ar1
      00007E D0 02            [24]  654 	pop	ar2
                                    655 ;	src/uart_configure_auto_baud_calc.c:67: calc_br_with_smod_cleared = uart_calc_actual_baud_rate_from_s0rel(s0rel_with_smod_cleared, false);
      000080 90r00r00         [24]  656 	mov	dptr,#_uart_calc_actual_baud_rate_from_s0rel_PARM_2
      000083 E4               [12]  657 	clr	a
      000084 F0               [24]  658 	movx	@dptr,a
      000085 89 82            [24]  659 	mov	dpl,r1
      000087 8A 83            [24]  660 	mov	dph,r2
      000089 C0 02            [24]  661 	push	ar2
      00008B C0 01            [24]  662 	push	ar1
      00008D 12r00r00         [24]  663 	lcall	_uart_calc_actual_baud_rate_from_s0rel
      000090 85 82*02         [24]  664 	mov	_uart_configure_auto_baud_calc_sloc1_1_0,dpl
      000093 85 83*03         [24]  665 	mov	(_uart_configure_auto_baud_calc_sloc1_1_0 + 1),dph
      000096 85 F0*04         [24]  666 	mov	(_uart_configure_auto_baud_calc_sloc1_1_0 + 2),b
      000099 F5*05            [12]  667 	mov	(_uart_configure_auto_baud_calc_sloc1_1_0 + 3),a
                                    668 ;	src/uart_configure_auto_baud_calc.c:68: calc_br_with_smod_set = uart_calc_actual_baud_rate_from_s0rel(s0rel_with_smod_set, true);
      00009B 90r00r00         [24]  669 	mov	dptr,#_uart_calc_actual_baud_rate_from_s0rel_PARM_2
      00009E 74 01            [12]  670 	mov	a,#0x01
      0000A0 F0               [24]  671 	movx	@dptr,a
      0000A1 85*00 82         [24]  672 	mov	dpl,_uart_configure_auto_baud_calc_sloc0_1_0
      0000A4 85*01 83         [24]  673 	mov	dph,(_uart_configure_auto_baud_calc_sloc0_1_0 + 1)
      0000A7 12r00r00         [24]  674 	lcall	_uart_calc_actual_baud_rate_from_s0rel
      0000AA 85 82*06         [24]  675 	mov	_uart_configure_auto_baud_calc_sloc2_1_0,dpl
      0000AD 85 83*07         [24]  676 	mov	(_uart_configure_auto_baud_calc_sloc2_1_0 + 1),dph
      0000B0 85 F0*08         [24]  677 	mov	(_uart_configure_auto_baud_calc_sloc2_1_0 + 2),b
      0000B3 F5*09            [12]  678 	mov	(_uart_configure_auto_baud_calc_sloc2_1_0 + 3),a
      0000B5 D0 01            [24]  679 	pop	ar1
      0000B7 D0 02            [24]  680 	pop	ar2
      0000B9 D0 03            [24]  681 	pop	ar3
      0000BB D0 04            [24]  682 	pop	ar4
      0000BD D0 05            [24]  683 	pop	ar5
      0000BF D0 06            [24]  684 	pop	ar6
      0000C1 D0 07            [24]  685 	pop	ar7
                                    686 ;	src/uart_configure_auto_baud_calc.c:71: error_calc_br_with_smod_cleared = (calc_br_with_smod_cleared > baud_rate) ? (calc_br_with_smod_cleared - baud_rate) : (baud_rate - calc_br_with_smod_cleared);
      0000C3 C3               [12]  687 	clr	c
      0000C4 EB               [12]  688 	mov	a,r3
      0000C5 95*02            [12]  689 	subb	a,_uart_configure_auto_baud_calc_sloc1_1_0
      0000C7 EC               [12]  690 	mov	a,r4
      0000C8 95*03            [12]  691 	subb	a,(_uart_configure_auto_baud_calc_sloc1_1_0 + 1)
      0000CA ED               [12]  692 	mov	a,r5
      0000CB 95*04            [12]  693 	subb	a,(_uart_configure_auto_baud_calc_sloc1_1_0 + 2)
      0000CD EE               [12]  694 	mov	a,r6
      0000CE 95*05            [12]  695 	subb	a,(_uart_configure_auto_baud_calc_sloc1_1_0 + 3)
      0000D0 50 17            [24]  696 	jnc	00115$
      0000D2 E5*02            [12]  697 	mov	a,_uart_configure_auto_baud_calc_sloc1_1_0
      0000D4 C3               [12]  698 	clr	c
      0000D5 9B               [12]  699 	subb	a,r3
      0000D6 F5*0A            [12]  700 	mov	_uart_configure_auto_baud_calc_sloc3_1_0,a
      0000D8 E5*03            [12]  701 	mov	a,(_uart_configure_auto_baud_calc_sloc1_1_0 + 1)
      0000DA 9C               [12]  702 	subb	a,r4
      0000DB F5*0B            [12]  703 	mov	(_uart_configure_auto_baud_calc_sloc3_1_0 + 1),a
      0000DD E5*04            [12]  704 	mov	a,(_uart_configure_auto_baud_calc_sloc1_1_0 + 2)
      0000DF 9D               [12]  705 	subb	a,r5
      0000E0 F5*0C            [12]  706 	mov	(_uart_configure_auto_baud_calc_sloc3_1_0 + 2),a
      0000E2 E5*05            [12]  707 	mov	a,(_uart_configure_auto_baud_calc_sloc1_1_0 + 3)
      0000E4 9E               [12]  708 	subb	a,r6
      0000E5 F5*0D            [12]  709 	mov	(_uart_configure_auto_baud_calc_sloc3_1_0 + 3),a
      0000E7 80 15            [24]  710 	sjmp	00116$
      0000E9                        711 00115$:
      0000E9 EB               [12]  712 	mov	a,r3
      0000EA C3               [12]  713 	clr	c
      0000EB 95*02            [12]  714 	subb	a,_uart_configure_auto_baud_calc_sloc1_1_0
      0000ED F5*0A            [12]  715 	mov	_uart_configure_auto_baud_calc_sloc3_1_0,a
      0000EF EC               [12]  716 	mov	a,r4
      0000F0 95*03            [12]  717 	subb	a,(_uart_configure_auto_baud_calc_sloc1_1_0 + 1)
      0000F2 F5*0B            [12]  718 	mov	(_uart_configure_auto_baud_calc_sloc3_1_0 + 1),a
      0000F4 ED               [12]  719 	mov	a,r5
      0000F5 95*04            [12]  720 	subb	a,(_uart_configure_auto_baud_calc_sloc1_1_0 + 2)
      0000F7 F5*0C            [12]  721 	mov	(_uart_configure_auto_baud_calc_sloc3_1_0 + 2),a
      0000F9 EE               [12]  722 	mov	a,r6
      0000FA 95*05            [12]  723 	subb	a,(_uart_configure_auto_baud_calc_sloc1_1_0 + 3)
      0000FC F5*0D            [12]  724 	mov	(_uart_configure_auto_baud_calc_sloc3_1_0 + 3),a
      0000FE                        725 00116$:
                                    726 ;	src/uart_configure_auto_baud_calc.c:72: error_calc_br_with_smod_set = (calc_br_with_smod_set > baud_rate) ? (calc_br_with_smod_set - baud_rate) : (baud_rate - calc_br_with_smod_set);
      0000FE C3               [12]  727 	clr	c
      0000FF EB               [12]  728 	mov	a,r3
      000100 95*06            [12]  729 	subb	a,_uart_configure_auto_baud_calc_sloc2_1_0
      000102 EC               [12]  730 	mov	a,r4
      000103 95*07            [12]  731 	subb	a,(_uart_configure_auto_baud_calc_sloc2_1_0 + 1)
      000105 ED               [12]  732 	mov	a,r5
      000106 95*08            [12]  733 	subb	a,(_uart_configure_auto_baud_calc_sloc2_1_0 + 2)
      000108 EE               [12]  734 	mov	a,r6
      000109 95*09            [12]  735 	subb	a,(_uart_configure_auto_baud_calc_sloc2_1_0 + 3)
      00010B 50 17            [24]  736 	jnc	00117$
      00010D E5*06            [12]  737 	mov	a,_uart_configure_auto_baud_calc_sloc2_1_0
      00010F C3               [12]  738 	clr	c
      000110 9B               [12]  739 	subb	a,r3
      000111 F5*02            [12]  740 	mov	_uart_configure_auto_baud_calc_sloc1_1_0,a
      000113 E5*07            [12]  741 	mov	a,(_uart_configure_auto_baud_calc_sloc2_1_0 + 1)
      000115 9C               [12]  742 	subb	a,r4
      000116 F5*03            [12]  743 	mov	(_uart_configure_auto_baud_calc_sloc1_1_0 + 1),a
      000118 E5*08            [12]  744 	mov	a,(_uart_configure_auto_baud_calc_sloc2_1_0 + 2)
      00011A 9D               [12]  745 	subb	a,r5
      00011B F5*04            [12]  746 	mov	(_uart_configure_auto_baud_calc_sloc1_1_0 + 2),a
      00011D E5*09            [12]  747 	mov	a,(_uart_configure_auto_baud_calc_sloc2_1_0 + 3)
      00011F 9E               [12]  748 	subb	a,r6
      000120 F5*05            [12]  749 	mov	(_uart_configure_auto_baud_calc_sloc1_1_0 + 3),a
      000122 80 15            [24]  750 	sjmp	00118$
      000124                        751 00117$:
      000124 EB               [12]  752 	mov	a,r3
      000125 C3               [12]  753 	clr	c
      000126 95*06            [12]  754 	subb	a,_uart_configure_auto_baud_calc_sloc2_1_0
      000128 F5*02            [12]  755 	mov	_uart_configure_auto_baud_calc_sloc1_1_0,a
      00012A EC               [12]  756 	mov	a,r4
      00012B 95*07            [12]  757 	subb	a,(_uart_configure_auto_baud_calc_sloc2_1_0 + 1)
      00012D F5*03            [12]  758 	mov	(_uart_configure_auto_baud_calc_sloc1_1_0 + 1),a
      00012F ED               [12]  759 	mov	a,r5
      000130 95*08            [12]  760 	subb	a,(_uart_configure_auto_baud_calc_sloc2_1_0 + 2)
      000132 F5*04            [12]  761 	mov	(_uart_configure_auto_baud_calc_sloc1_1_0 + 2),a
      000134 EE               [12]  762 	mov	a,r6
      000135 95*09            [12]  763 	subb	a,(_uart_configure_auto_baud_calc_sloc2_1_0 + 3)
      000137 F5*05            [12]  764 	mov	(_uart_configure_auto_baud_calc_sloc1_1_0 + 3),a
      000139                        765 00118$:
                                    766 ;	src/uart_configure_auto_baud_calc.c:75: if(error_calc_br_with_smod_cleared < error_calc_br_with_smod_set)
      000139 C3               [12]  767 	clr	c
      00013A E5*0A            [12]  768 	mov	a,_uart_configure_auto_baud_calc_sloc3_1_0
      00013C 95*02            [12]  769 	subb	a,_uart_configure_auto_baud_calc_sloc1_1_0
      00013E E5*0B            [12]  770 	mov	a,(_uart_configure_auto_baud_calc_sloc3_1_0 + 1)
      000140 95*03            [12]  771 	subb	a,(_uart_configure_auto_baud_calc_sloc1_1_0 + 1)
      000142 E5*0C            [12]  772 	mov	a,(_uart_configure_auto_baud_calc_sloc3_1_0 + 2)
      000144 95*04            [12]  773 	subb	a,(_uart_configure_auto_baud_calc_sloc1_1_0 + 2)
      000146 E5*0D            [12]  774 	mov	a,(_uart_configure_auto_baud_calc_sloc3_1_0 + 3)
      000148 95*05            [12]  775 	subb	a,(_uart_configure_auto_baud_calc_sloc1_1_0 + 3)
      00014A 50 12            [24]  776 	jnc	00102$
                                    777 ;	src/uart_configure_auto_baud_calc.c:77: uart_configure_manual_baud_calc(((uart_config_options & ~UART_CONFIG_OPTION_BIT_SMOD_MASK) | UART_CONFIG_OPTION_BIT_SMOD_CLEAR),
      00014C 8F 06            [24]  778 	mov	ar6,r7
      00014E 53 06 FB         [24]  779 	anl	ar6,#0xFB
                                    780 ;	src/uart_configure_auto_baud_calc.c:78: s0rel_with_smod_cleared);
      000151 90r00r00         [24]  781 	mov	dptr,#_uart_configure_manual_baud_calc_PARM_2
      000154 E9               [12]  782 	mov	a,r1
      000155 F0               [24]  783 	movx	@dptr,a
      000156 EA               [12]  784 	mov	a,r2
      000157 A3               [24]  785 	inc	dptr
      000158 F0               [24]  786 	movx	@dptr,a
      000159 8E 82            [24]  787 	mov	dpl,r6
      00015B 02r00r00         [24]  788 	ljmp	_uart_configure_manual_baud_calc
      00015E                        789 00102$:
                                    790 ;	src/uart_configure_auto_baud_calc.c:82: uart_configure_manual_baud_calc(((uart_config_options & ~UART_CONFIG_OPTION_BIT_SMOD_MASK) | UART_CONFIG_OPTION_BIT_SMOD_SET),
      00015E 8F 06            [24]  791 	mov	ar6,r7
      000160 74 FB            [12]  792 	mov	a,#0xFB
      000162 5E               [12]  793 	anl	a,r6
      000163 44 04            [12]  794 	orl	a,#0x04
      000165 FE               [12]  795 	mov	r6,a
                                    796 ;	src/uart_configure_auto_baud_calc.c:83: s0rel_with_smod_set);
      000166 90r00r00         [24]  797 	mov	dptr,#_uart_configure_manual_baud_calc_PARM_2
      000169 E5*00            [12]  798 	mov	a,_uart_configure_auto_baud_calc_sloc0_1_0
      00016B F0               [24]  799 	movx	@dptr,a
      00016C E5*01            [12]  800 	mov	a,(_uart_configure_auto_baud_calc_sloc0_1_0 + 1)
      00016E A3               [24]  801 	inc	dptr
      00016F F0               [24]  802 	movx	@dptr,a
      000170 8E 82            [24]  803 	mov	dpl,r6
      000172 02r00r00         [24]  804 	ljmp	_uart_configure_manual_baud_calc
      000175                        805 00108$:
                                    806 ;	src/uart_configure_auto_baud_calc.c:91: th1_with_smod_cleared = uart_calc_th1_value(baud_rate, 0);
      000175 90r00r00         [24]  807 	mov	dptr,#_uart_configure_auto_baud_calc_PARM_2
      000178 E0               [24]  808 	movx	a,@dptr
      000179 FB               [12]  809 	mov	r3,a
      00017A A3               [24]  810 	inc	dptr
      00017B E0               [24]  811 	movx	a,@dptr
      00017C FC               [12]  812 	mov	r4,a
      00017D A3               [24]  813 	inc	dptr
      00017E E0               [24]  814 	movx	a,@dptr
      00017F FD               [12]  815 	mov	r5,a
      000180 A3               [24]  816 	inc	dptr
      000181 E0               [24]  817 	movx	a,@dptr
      000182 FE               [12]  818 	mov	r6,a
      000183 90r00r00         [24]  819 	mov	dptr,#_uart_calc_th1_value_PARM_2
      000186 E4               [12]  820 	clr	a
      000187 F0               [24]  821 	movx	@dptr,a
      000188 8B 82            [24]  822 	mov	dpl,r3
      00018A 8C 83            [24]  823 	mov	dph,r4
      00018C 8D F0            [24]  824 	mov	b,r5
      00018E EE               [12]  825 	mov	a,r6
      00018F C0 07            [24]  826 	push	ar7
      000191 C0 06            [24]  827 	push	ar6
      000193 C0 05            [24]  828 	push	ar5
      000195 C0 04            [24]  829 	push	ar4
      000197 C0 03            [24]  830 	push	ar3
      000199 12r00r00         [24]  831 	lcall	_uart_calc_th1_value
      00019C AA 82            [24]  832 	mov	r2,dpl
      00019E D0 03            [24]  833 	pop	ar3
      0001A0 D0 04            [24]  834 	pop	ar4
      0001A2 D0 05            [24]  835 	pop	ar5
      0001A4 D0 06            [24]  836 	pop	ar6
                                    837 ;	src/uart_configure_auto_baud_calc.c:92: th1_with_smod_set = uart_calc_th1_value(baud_rate, 1);
      0001A6 90r00r00         [24]  838 	mov	dptr,#_uart_calc_th1_value_PARM_2
      0001A9 74 01            [12]  839 	mov	a,#0x01
      0001AB F0               [24]  840 	movx	@dptr,a
      0001AC 8B 82            [24]  841 	mov	dpl,r3
      0001AE 8C 83            [24]  842 	mov	dph,r4
      0001B0 8D F0            [24]  843 	mov	b,r5
      0001B2 EE               [12]  844 	mov	a,r6
      0001B3 C0 06            [24]  845 	push	ar6
      0001B5 C0 05            [24]  846 	push	ar5
      0001B7 C0 04            [24]  847 	push	ar4
      0001B9 C0 03            [24]  848 	push	ar3
      0001BB C0 02            [24]  849 	push	ar2
      0001BD 12r00r00         [24]  850 	lcall	_uart_calc_th1_value
      0001C0 A9 82            [24]  851 	mov	r1,dpl
      0001C2 D0 02            [24]  852 	pop	ar2
                                    853 ;	src/uart_configure_auto_baud_calc.c:95: calc_br_with_smod_cleared = uart_calc_actual_baud_rate_from_th1(th1_with_smod_cleared, false);
      0001C4 90r00r00         [24]  854 	mov	dptr,#_uart_calc_actual_baud_rate_from_th1_PARM_2
      0001C7 E4               [12]  855 	clr	a
      0001C8 F0               [24]  856 	movx	@dptr,a
      0001C9 8A 82            [24]  857 	mov	dpl,r2
      0001CB C0 02            [24]  858 	push	ar2
      0001CD C0 01            [24]  859 	push	ar1
      0001CF 12r00r00         [24]  860 	lcall	_uart_calc_actual_baud_rate_from_th1
      0001D2 85 82*0A         [24]  861 	mov	_uart_configure_auto_baud_calc_sloc3_1_0,dpl
      0001D5 85 83*0B         [24]  862 	mov	(_uart_configure_auto_baud_calc_sloc3_1_0 + 1),dph
      0001D8 85 F0*0C         [24]  863 	mov	(_uart_configure_auto_baud_calc_sloc3_1_0 + 2),b
      0001DB F5*0D            [12]  864 	mov	(_uart_configure_auto_baud_calc_sloc3_1_0 + 3),a
      0001DD D0 01            [24]  865 	pop	ar1
                                    866 ;	src/uart_configure_auto_baud_calc.c:96: calc_br_with_smod_set = uart_calc_actual_baud_rate_from_th1(th1_with_smod_set, true);
      0001DF 90r00r00         [24]  867 	mov	dptr,#_uart_calc_actual_baud_rate_from_th1_PARM_2
      0001E2 74 01            [12]  868 	mov	a,#0x01
      0001E4 F0               [24]  869 	movx	@dptr,a
      0001E5 89 82            [24]  870 	mov	dpl,r1
      0001E7 C0 01            [24]  871 	push	ar1
      0001E9 12r00r00         [24]  872 	lcall	_uart_calc_actual_baud_rate_from_th1
      0001EC 85 82*06         [24]  873 	mov	_uart_configure_auto_baud_calc_sloc2_1_0,dpl
      0001EF 85 83*07         [24]  874 	mov	(_uart_configure_auto_baud_calc_sloc2_1_0 + 1),dph
      0001F2 85 F0*08         [24]  875 	mov	(_uart_configure_auto_baud_calc_sloc2_1_0 + 2),b
      0001F5 F5*09            [12]  876 	mov	(_uart_configure_auto_baud_calc_sloc2_1_0 + 3),a
      0001F7 D0 01            [24]  877 	pop	ar1
      0001F9 D0 02            [24]  878 	pop	ar2
      0001FB D0 03            [24]  879 	pop	ar3
      0001FD D0 04            [24]  880 	pop	ar4
      0001FF D0 05            [24]  881 	pop	ar5
      000201 D0 06            [24]  882 	pop	ar6
      000203 D0 07            [24]  883 	pop	ar7
                                    884 ;	src/uart_configure_auto_baud_calc.c:99: error_calc_br_with_smod_cleared = (calc_br_with_smod_cleared > baud_rate) ? (calc_br_with_smod_cleared - baud_rate) : (baud_rate - calc_br_with_smod_cleared);
      000205 C3               [12]  885 	clr	c
      000206 EB               [12]  886 	mov	a,r3
      000207 95*0A            [12]  887 	subb	a,_uart_configure_auto_baud_calc_sloc3_1_0
      000209 EC               [12]  888 	mov	a,r4
      00020A 95*0B            [12]  889 	subb	a,(_uart_configure_auto_baud_calc_sloc3_1_0 + 1)
      00020C ED               [12]  890 	mov	a,r5
      00020D 95*0C            [12]  891 	subb	a,(_uart_configure_auto_baud_calc_sloc3_1_0 + 2)
      00020F EE               [12]  892 	mov	a,r6
      000210 95*0D            [12]  893 	subb	a,(_uart_configure_auto_baud_calc_sloc3_1_0 + 3)
      000212 50 17            [24]  894 	jnc	00119$
      000214 E5*0A            [12]  895 	mov	a,_uart_configure_auto_baud_calc_sloc3_1_0
      000216 C3               [12]  896 	clr	c
      000217 9B               [12]  897 	subb	a,r3
      000218 F5*02            [12]  898 	mov	_uart_configure_auto_baud_calc_sloc1_1_0,a
      00021A E5*0B            [12]  899 	mov	a,(_uart_configure_auto_baud_calc_sloc3_1_0 + 1)
      00021C 9C               [12]  900 	subb	a,r4
      00021D F5*03            [12]  901 	mov	(_uart_configure_auto_baud_calc_sloc1_1_0 + 1),a
      00021F E5*0C            [12]  902 	mov	a,(_uart_configure_auto_baud_calc_sloc3_1_0 + 2)
      000221 9D               [12]  903 	subb	a,r5
      000222 F5*04            [12]  904 	mov	(_uart_configure_auto_baud_calc_sloc1_1_0 + 2),a
      000224 E5*0D            [12]  905 	mov	a,(_uart_configure_auto_baud_calc_sloc3_1_0 + 3)
      000226 9E               [12]  906 	subb	a,r6
      000227 F5*05            [12]  907 	mov	(_uart_configure_auto_baud_calc_sloc1_1_0 + 3),a
      000229 80 15            [24]  908 	sjmp	00120$
      00022B                        909 00119$:
      00022B EB               [12]  910 	mov	a,r3
      00022C C3               [12]  911 	clr	c
      00022D 95*0A            [12]  912 	subb	a,_uart_configure_auto_baud_calc_sloc3_1_0
      00022F F5*02            [12]  913 	mov	_uart_configure_auto_baud_calc_sloc1_1_0,a
      000231 EC               [12]  914 	mov	a,r4
      000232 95*0B            [12]  915 	subb	a,(_uart_configure_auto_baud_calc_sloc3_1_0 + 1)
      000234 F5*03            [12]  916 	mov	(_uart_configure_auto_baud_calc_sloc1_1_0 + 1),a
      000236 ED               [12]  917 	mov	a,r5
      000237 95*0C            [12]  918 	subb	a,(_uart_configure_auto_baud_calc_sloc3_1_0 + 2)
      000239 F5*04            [12]  919 	mov	(_uart_configure_auto_baud_calc_sloc1_1_0 + 2),a
      00023B EE               [12]  920 	mov	a,r6
      00023C 95*0D            [12]  921 	subb	a,(_uart_configure_auto_baud_calc_sloc3_1_0 + 3)
      00023E F5*05            [12]  922 	mov	(_uart_configure_auto_baud_calc_sloc1_1_0 + 3),a
      000240                        923 00120$:
                                    924 ;	src/uart_configure_auto_baud_calc.c:100: error_calc_br_with_smod_set = (calc_br_with_smod_set > baud_rate) ? (calc_br_with_smod_set - baud_rate) : (baud_rate - calc_br_with_smod_set);
      000240 C3               [12]  925 	clr	c
      000241 EB               [12]  926 	mov	a,r3
      000242 95*06            [12]  927 	subb	a,_uart_configure_auto_baud_calc_sloc2_1_0
      000244 EC               [12]  928 	mov	a,r4
      000245 95*07            [12]  929 	subb	a,(_uart_configure_auto_baud_calc_sloc2_1_0 + 1)
      000247 ED               [12]  930 	mov	a,r5
      000248 95*08            [12]  931 	subb	a,(_uart_configure_auto_baud_calc_sloc2_1_0 + 2)
      00024A EE               [12]  932 	mov	a,r6
      00024B 95*09            [12]  933 	subb	a,(_uart_configure_auto_baud_calc_sloc2_1_0 + 3)
      00024D 50 17            [24]  934 	jnc	00121$
      00024F E5*06            [12]  935 	mov	a,_uart_configure_auto_baud_calc_sloc2_1_0
      000251 C3               [12]  936 	clr	c
      000252 9B               [12]  937 	subb	a,r3
      000253 F5*0A            [12]  938 	mov	_uart_configure_auto_baud_calc_sloc3_1_0,a
      000255 E5*07            [12]  939 	mov	a,(_uart_configure_auto_baud_calc_sloc2_1_0 + 1)
      000257 9C               [12]  940 	subb	a,r4
      000258 F5*0B            [12]  941 	mov	(_uart_configure_auto_baud_calc_sloc3_1_0 + 1),a
      00025A E5*08            [12]  942 	mov	a,(_uart_configure_auto_baud_calc_sloc2_1_0 + 2)
      00025C 9D               [12]  943 	subb	a,r5
      00025D F5*0C            [12]  944 	mov	(_uart_configure_auto_baud_calc_sloc3_1_0 + 2),a
      00025F E5*09            [12]  945 	mov	a,(_uart_configure_auto_baud_calc_sloc2_1_0 + 3)
      000261 9E               [12]  946 	subb	a,r6
      000262 F5*0D            [12]  947 	mov	(_uart_configure_auto_baud_calc_sloc3_1_0 + 3),a
      000264 80 15            [24]  948 	sjmp	00122$
      000266                        949 00121$:
      000266 EB               [12]  950 	mov	a,r3
      000267 C3               [12]  951 	clr	c
      000268 95*06            [12]  952 	subb	a,_uart_configure_auto_baud_calc_sloc2_1_0
      00026A F5*0A            [12]  953 	mov	_uart_configure_auto_baud_calc_sloc3_1_0,a
      00026C EC               [12]  954 	mov	a,r4
      00026D 95*07            [12]  955 	subb	a,(_uart_configure_auto_baud_calc_sloc2_1_0 + 1)
      00026F F5*0B            [12]  956 	mov	(_uart_configure_auto_baud_calc_sloc3_1_0 + 1),a
      000271 ED               [12]  957 	mov	a,r5
      000272 95*08            [12]  958 	subb	a,(_uart_configure_auto_baud_calc_sloc2_1_0 + 2)
      000274 F5*0C            [12]  959 	mov	(_uart_configure_auto_baud_calc_sloc3_1_0 + 2),a
      000276 EE               [12]  960 	mov	a,r6
      000277 95*09            [12]  961 	subb	a,(_uart_configure_auto_baud_calc_sloc2_1_0 + 3)
      000279 F5*0D            [12]  962 	mov	(_uart_configure_auto_baud_calc_sloc3_1_0 + 3),a
      00027B                        963 00122$:
                                    964 ;	src/uart_configure_auto_baud_calc.c:103: if(error_calc_br_with_smod_cleared < error_calc_br_with_smod_set)
      00027B C3               [12]  965 	clr	c
      00027C E5*02            [12]  966 	mov	a,_uart_configure_auto_baud_calc_sloc1_1_0
      00027E 95*0A            [12]  967 	subb	a,_uart_configure_auto_baud_calc_sloc3_1_0
      000280 E5*03            [12]  968 	mov	a,(_uart_configure_auto_baud_calc_sloc1_1_0 + 1)
      000282 95*0B            [12]  969 	subb	a,(_uart_configure_auto_baud_calc_sloc3_1_0 + 1)
      000284 E5*04            [12]  970 	mov	a,(_uart_configure_auto_baud_calc_sloc1_1_0 + 2)
      000286 95*0C            [12]  971 	subb	a,(_uart_configure_auto_baud_calc_sloc3_1_0 + 2)
      000288 E5*05            [12]  972 	mov	a,(_uart_configure_auto_baud_calc_sloc1_1_0 + 3)
      00028A 95*0D            [12]  973 	subb	a,(_uart_configure_auto_baud_calc_sloc3_1_0 + 3)
      00028C 50 12            [24]  974 	jnc	00105$
                                    975 ;	src/uart_configure_auto_baud_calc.c:105: uart_configure_manual_baud_calc(((uart_config_options & ~UART_CONFIG_OPTION_BIT_SMOD_MASK) | UART_CONFIG_OPTION_BIT_SMOD_CLEAR),
      00028E 8F 06            [24]  976 	mov	ar6,r7
      000290 53 06 FB         [24]  977 	anl	ar6,#0xFB
                                    978 ;	src/uart_configure_auto_baud_calc.c:106: (uint16_t)th1_with_smod_cleared);
      000293 90r00r00         [24]  979 	mov	dptr,#_uart_configure_manual_baud_calc_PARM_2
      000296 EA               [12]  980 	mov	a,r2
      000297 F0               [24]  981 	movx	@dptr,a
      000298 E4               [12]  982 	clr	a
      000299 A3               [24]  983 	inc	dptr
      00029A F0               [24]  984 	movx	@dptr,a
      00029B 8E 82            [24]  985 	mov	dpl,r6
      00029D 02r00r00         [24]  986 	ljmp	_uart_configure_manual_baud_calc
      0002A0                        987 00105$:
                                    988 ;	src/uart_configure_auto_baud_calc.c:110: uart_configure_manual_baud_calc(((uart_config_options & ~UART_CONFIG_OPTION_BIT_SMOD_MASK) | UART_CONFIG_OPTION_BIT_SMOD_SET),
      0002A0 74 FB            [12]  989 	mov	a,#0xFB
      0002A2 5F               [12]  990 	anl	a,r7
      0002A3 44 04            [12]  991 	orl	a,#0x04
      0002A5 FF               [12]  992 	mov	r7,a
                                    993 ;	src/uart_configure_auto_baud_calc.c:111: (uint16_t)th1_with_smod_set);
      0002A6 90r00r00         [24]  994 	mov	dptr,#_uart_configure_manual_baud_calc_PARM_2
      0002A9 E9               [12]  995 	mov	a,r1
      0002AA F0               [24]  996 	movx	@dptr,a
      0002AB E4               [12]  997 	clr	a
      0002AC A3               [24]  998 	inc	dptr
      0002AD F0               [24]  999 	movx	@dptr,a
      0002AE 8F 82            [24] 1000 	mov	dpl,r7
      0002B0 02r00r00         [24] 1001 	ljmp	_uart_configure_manual_baud_calc
                                   1002 	.area CSEG    (CODE)
                                   1003 	.area CONST   (CODE)
                                   1004 	.area XINIT   (CODE)
                                   1005 	.area CABS    (ABS,CODE)
