                                      1 ;--------------------------------------------------------
                                      2 ; File Created by SDCC : free open source ANSI-C Compiler
                                      3 ; Version 3.4.0 #8981 (Apr  5 2014) (MINGW32)
                                      4 ; This file was generated Fri Jun 13 08:32:24 2014
                                      5 ;--------------------------------------------------------
                                      6 	.module rf_configure
                                      7 	.optsdcc -mmcs51 --model-large
                                      8 	
                                      9 ;--------------------------------------------------------
                                     10 ; Public variables in this module
                                     11 ;--------------------------------------------------------
                                     12 	.globl _rf_spi_configure_enable
                                     13 	.globl _rf_set_rx_addr
                                     14 	.globl _rf_set_tx_addr
                                     15 	.globl _rf_write_register
                                     16 	.globl _rf_power_down_param
                                     17 	.globl _rf_power_up_param
                                     18 	.globl _FSR_SB_ENDBG
                                     19 	.globl _FSR_SB_STP
                                     20 	.globl _FSR_SB_WEN
                                     21 	.globl _FSR_SB_RDYN
                                     22 	.globl _FSR_SB_INFEN
                                     23 	.globl _FSR_SB_RDISMB
                                     24 	.globl _RFCON_SB_RFCKEN
                                     25 	.globl _RFCON_SB_RFCSN
                                     26 	.globl _RFCON_SB_RFCE
                                     27 	.globl _ADCON_SB_BD
                                     28 	.globl _PSW_SB_P
                                     29 	.globl _PSW_SB_F1
                                     30 	.globl _PSW_SB_OV
                                     31 	.globl _PSW_SB_RS0
                                     32 	.globl _PSW_SB_RS1
                                     33 	.globl _PSW_SB_F0
                                     34 	.globl _PSW_SB_AC
                                     35 	.globl _PSW_SB_CY
                                     36 	.globl _T2CON_SB_T2PS
                                     37 	.globl _T2CON_SB_I3FR
                                     38 	.globl _T2CON_SB_I2FR
                                     39 	.globl _T2CON_SB_T2R1
                                     40 	.globl _T2CON_SB_T2R0
                                     41 	.globl _T2CON_SB_T2CM
                                     42 	.globl _T2CON_SB_T2I1
                                     43 	.globl _T2CON_SB_T2I0
                                     44 	.globl _IRCON_SB_EXF2
                                     45 	.globl _IRCON_SB_TF2
                                     46 	.globl _IRCON_SB_TICK
                                     47 	.globl _IRCON_SB_MISCIRQ
                                     48 	.globl _IRCON_SB_WUOPIRQ
                                     49 	.globl _IRCON_SB_SPI_2WIRE
                                     50 	.globl _IRCON_SB_RFIRQ
                                     51 	.globl _IRCON_SB_RFRDY
                                     52 	.globl _IEN1_SB_T2EXTRLD
                                     53 	.globl _IEN1_SB_TICK
                                     54 	.globl _IEN1_SB_MISCIRQ
                                     55 	.globl _IEN1_SB_WUOPIRQ
                                     56 	.globl _IEN1_SB_SPI_2WIRE
                                     57 	.globl _IEN1_SB_RFIRQ
                                     58 	.globl _IEN1_SB_RFRDY
                                     59 	.globl _P3_SB_D7
                                     60 	.globl _P3_SB_D6
                                     61 	.globl _P3_SB_D5
                                     62 	.globl _P3_SB_D4
                                     63 	.globl _P3_SB_D3
                                     64 	.globl _P3_SB_D2
                                     65 	.globl _P3_SB_D1
                                     66 	.globl _P3_SB_D0
                                     67 	.globl _IEN0_SB_GLOBAL
                                     68 	.globl _IEN0_SB_T2
                                     69 	.globl _IEN0_SB_UART
                                     70 	.globl _IEN0_SB_T1
                                     71 	.globl _IEN0_SB_POFIRQ
                                     72 	.globl _IEN0_SB_T0
                                     73 	.globl _IEN0_SB_IFP
                                     74 	.globl _P2_SB_D7
                                     75 	.globl _P2_SB_D6
                                     76 	.globl _P2_SB_D5
                                     77 	.globl _P2_SB_D4
                                     78 	.globl _P2_SB_D3
                                     79 	.globl _P2_SB_D2
                                     80 	.globl _P2_SB_D1
                                     81 	.globl _P2_SB_D0
                                     82 	.globl _S0CON_SB_SM0
                                     83 	.globl _S0CON_SB_SM1
                                     84 	.globl _S0CON_SB_SM20
                                     85 	.globl _S0CON_SB_REN0
                                     86 	.globl _S0CON_SB_TB80
                                     87 	.globl _S0CON_SB_RB80
                                     88 	.globl _S0CON_SB_TI0
                                     89 	.globl _S0CON_SB_RI0
                                     90 	.globl _P1_SB_D7
                                     91 	.globl _P1_SB_D6
                                     92 	.globl _P1_SB_D5
                                     93 	.globl _P1_SB_D4
                                     94 	.globl _P1_SB_D3
                                     95 	.globl _P1_SB_D2
                                     96 	.globl _P1_SB_D1
                                     97 	.globl _P1_SB_D0
                                     98 	.globl _TCON_SB_TF1
                                     99 	.globl _TCON_SB_TR1
                                    100 	.globl _TCON_SB_TF0
                                    101 	.globl _TCON_SB_TR0
                                    102 	.globl _TCON_SB_IE1
                                    103 	.globl _TCON_SB_IT1
                                    104 	.globl _TCON_SB_IE0
                                    105 	.globl _TCON_SB_IT0
                                    106 	.globl _P0_SB_D7
                                    107 	.globl _P0_SB_D6
                                    108 	.globl _P0_SB_D5
                                    109 	.globl _P0_SB_D4
                                    110 	.globl _P0_SB_D3
                                    111 	.globl _P0_SB_D2
                                    112 	.globl _P0_SB_D1
                                    113 	.globl _P0_SB_D0
                                    114 	.globl _ADCDAT
                                    115 	.globl _S0REL
                                    116 	.globl _T2
                                    117 	.globl _T1
                                    118 	.globl _T0
                                    119 	.globl _CRC
                                    120 	.globl _CC3
                                    121 	.globl _CC2
                                    122 	.globl _CC1
                                    123 	.globl _SPIMDAT
                                    124 	.globl _SPIMSTAT
                                    125 	.globl _SPIMCON1
                                    126 	.globl _SPIMCON0
                                    127 	.globl _FCR
                                    128 	.globl _FPCR
                                    129 	.globl _FSR
                                    130 	.globl _B
                                    131 	.globl _ARCON
                                    132 	.globl _MD5
                                    133 	.globl _MD4
                                    134 	.globl _MD3
                                    135 	.globl _MD2
                                    136 	.globl _MD1
                                    137 	.globl _MD0
                                    138 	.globl _RFCON
                                    139 	.globl _SPIRDAT
                                    140 	.globl _SPIRSTAT
                                    141 	.globl _SPIRCON1
                                    142 	.globl _SPIRCON0
                                    143 	.globl _W2CON0
                                    144 	.globl _W2CON1
                                    145 	.globl _ACC
                                    146 	.globl _CCPDATO
                                    147 	.globl _CCPDATIB
                                    148 	.globl _CCPDATIA
                                    149 	.globl _POFCON
                                    150 	.globl _COMPCON
                                    151 	.globl _W2DAT
                                    152 	.globl _W2SADR
                                    153 	.globl _ADCON
                                    154 	.globl _RNGDAT
                                    155 	.globl _RNGCTL
                                    156 	.globl _ADCDATL
                                    157 	.globl _ADCDATH
                                    158 	.globl _ADCCON1
                                    159 	.globl _ADCCON2
                                    160 	.globl _ADCCON3
                                    161 	.globl _PSW
                                    162 	.globl _WUOPC0
                                    163 	.globl _WUOPC1
                                    164 	.globl _TH2
                                    165 	.globl _TL2
                                    166 	.globl _CRCH
                                    167 	.globl _CRCL
                                    168 	.globl __XPAGE
                                    169 	.globl _MPAGE
                                    170 	.globl _T2CON
                                    171 	.globl _CCH3
                                    172 	.globl _CCL3
                                    173 	.globl _CCH2
                                    174 	.globl _CCL2
                                    175 	.globl _CCH1
                                    176 	.globl _CCL1
                                    177 	.globl _CCEN
                                    178 	.globl _IRCON
                                    179 	.globl _SPISDAT
                                    180 	.globl _SPISSTAT
                                    181 	.globl _SPISCON1
                                    182 	.globl _SPISCON0
                                    183 	.globl _S0RELH
                                    184 	.globl _IP1
                                    185 	.globl _IEN1
                                    186 	.globl _SPISRDSZ
                                    187 	.globl _RTC2CPT00
                                    188 	.globl _RTC2CMP1
                                    189 	.globl _RTC2CMP0
                                    190 	.globl _RTC2CON
                                    191 	.globl _PWMCON
                                    192 	.globl _RSTREAS
                                    193 	.globl _P3
                                    194 	.globl _WDSV
                                    195 	.globl _OPMCON
                                    196 	.globl _CLKLFCTRL
                                    197 	.globl _RTC2CPT10
                                    198 	.globl _RTC2CPT01
                                    199 	.globl _S0RELL
                                    200 	.globl _IP0
                                    201 	.globl _IEN0
                                    202 	.globl _MEMCON
                                    203 	.globl _INTEXP
                                    204 	.globl _WUCON
                                    205 	.globl _PWRDWN
                                    206 	.globl _CLKCTRL
                                    207 	.globl _PWMDC1
                                    208 	.globl _PWMDC0
                                    209 	.globl _P2
                                    210 	.globl _P1CON
                                    211 	.globl _P0CON
                                    212 	.globl _S0BUF
                                    213 	.globl _S0CON
                                    214 	.globl _P2CON
                                    215 	.globl _P3DIR
                                    216 	.globl _P2DIR
                                    217 	.globl _P1DIR
                                    218 	.globl _P0DIR
                                    219 	.globl _DPS
                                    220 	.globl _P1
                                    221 	.globl _P3CON
                                    222 	.globl _TH1
                                    223 	.globl _TH0
                                    224 	.globl _TL1
                                    225 	.globl _TL0
                                    226 	.globl _TMOD
                                    227 	.globl _TCON
                                    228 	.globl _PCON
                                    229 	.globl _DPH1
                                    230 	.globl _DPL1
                                    231 	.globl _DPH
                                    232 	.globl _DPL
                                    233 	.globl _SP
                                    234 	.globl _P0
                                    235 	.globl _rf_configure_PARM_23
                                    236 	.globl _rf_configure_PARM_22
                                    237 	.globl _rf_configure_PARM_21
                                    238 	.globl _rf_configure_PARM_20
                                    239 	.globl _rf_configure_PARM_19
                                    240 	.globl _rf_configure_PARM_18
                                    241 	.globl _rf_configure_PARM_17
                                    242 	.globl _rf_configure_PARM_16
                                    243 	.globl _rf_configure_PARM_15
                                    244 	.globl _rf_configure_PARM_14
                                    245 	.globl _rf_configure_PARM_13
                                    246 	.globl _rf_configure_PARM_12
                                    247 	.globl _rf_configure_PARM_11
                                    248 	.globl _rf_configure_PARM_10
                                    249 	.globl _rf_configure_PARM_9
                                    250 	.globl _rf_configure_PARM_8
                                    251 	.globl _rf_configure_PARM_7
                                    252 	.globl _rf_configure_PARM_6
                                    253 	.globl _rf_configure_PARM_5
                                    254 	.globl _rf_configure_PARM_4
                                    255 	.globl _rf_configure_PARM_3
                                    256 	.globl _rf_configure_PARM_2
                                    257 	.globl _rf_configure
                                    258 ;--------------------------------------------------------
                                    259 ; special function registers
                                    260 ;--------------------------------------------------------
                                    261 	.area RSEG    (ABS,DATA)
      000000                        262 	.org 0x0000
                           000080   263 _P0	=	0x0080
                           000081   264 _SP	=	0x0081
                           000082   265 _DPL	=	0x0082
                           000083   266 _DPH	=	0x0083
                           000084   267 _DPL1	=	0x0084
                           000085   268 _DPH1	=	0x0085
                           000087   269 _PCON	=	0x0087
                           000088   270 _TCON	=	0x0088
                           000089   271 _TMOD	=	0x0089
                           00008A   272 _TL0	=	0x008a
                           00008B   273 _TL1	=	0x008b
                           00008C   274 _TH0	=	0x008c
                           00008D   275 _TH1	=	0x008d
                           00008F   276 _P3CON	=	0x008f
                           000090   277 _P1	=	0x0090
                           000092   278 _DPS	=	0x0092
                           000093   279 _P0DIR	=	0x0093
                           000094   280 _P1DIR	=	0x0094
                           000095   281 _P2DIR	=	0x0095
                           000096   282 _P3DIR	=	0x0096
                           000097   283 _P2CON	=	0x0097
                           000098   284 _S0CON	=	0x0098
                           000099   285 _S0BUF	=	0x0099
                           00009E   286 _P0CON	=	0x009e
                           00009F   287 _P1CON	=	0x009f
                           0000A0   288 _P2	=	0x00a0
                           0000A1   289 _PWMDC0	=	0x00a1
                           0000A2   290 _PWMDC1	=	0x00a2
                           0000A3   291 _CLKCTRL	=	0x00a3
                           0000A4   292 _PWRDWN	=	0x00a4
                           0000A5   293 _WUCON	=	0x00a5
                           0000A6   294 _INTEXP	=	0x00a6
                           0000A7   295 _MEMCON	=	0x00a7
                           0000A8   296 _IEN0	=	0x00a8
                           0000A9   297 _IP0	=	0x00a9
                           0000AA   298 _S0RELL	=	0x00aa
                           0000AB   299 _RTC2CPT01	=	0x00ab
                           0000AC   300 _RTC2CPT10	=	0x00ac
                           0000AD   301 _CLKLFCTRL	=	0x00ad
                           0000AE   302 _OPMCON	=	0x00ae
                           0000AF   303 _WDSV	=	0x00af
                           0000B0   304 _P3	=	0x00b0
                           0000B1   305 _RSTREAS	=	0x00b1
                           0000B2   306 _PWMCON	=	0x00b2
                           0000B3   307 _RTC2CON	=	0x00b3
                           0000B4   308 _RTC2CMP0	=	0x00b4
                           0000B5   309 _RTC2CMP1	=	0x00b5
                           0000B6   310 _RTC2CPT00	=	0x00b6
                           0000B7   311 _SPISRDSZ	=	0x00b7
                           0000B8   312 _IEN1	=	0x00b8
                           0000B9   313 _IP1	=	0x00b9
                           0000BA   314 _S0RELH	=	0x00ba
                           0000BC   315 _SPISCON0	=	0x00bc
                           0000BD   316 _SPISCON1	=	0x00bd
                           0000BE   317 _SPISSTAT	=	0x00be
                           0000BF   318 _SPISDAT	=	0x00bf
                           0000C0   319 _IRCON	=	0x00c0
                           0000C1   320 _CCEN	=	0x00c1
                           0000C2   321 _CCL1	=	0x00c2
                           0000C3   322 _CCH1	=	0x00c3
                           0000C4   323 _CCL2	=	0x00c4
                           0000C5   324 _CCH2	=	0x00c5
                           0000C6   325 _CCL3	=	0x00c6
                           0000C7   326 _CCH3	=	0x00c7
                           0000C8   327 _T2CON	=	0x00c8
                           0000C9   328 _MPAGE	=	0x00c9
                           0000C9   329 __XPAGE	=	0x00c9
                           0000CA   330 _CRCL	=	0x00ca
                           0000CB   331 _CRCH	=	0x00cb
                           0000CC   332 _TL2	=	0x00cc
                           0000CD   333 _TH2	=	0x00cd
                           0000CE   334 _WUOPC1	=	0x00ce
                           0000CF   335 _WUOPC0	=	0x00cf
                           0000D0   336 _PSW	=	0x00d0
                           0000D1   337 _ADCCON3	=	0x00d1
                           0000D2   338 _ADCCON2	=	0x00d2
                           0000D3   339 _ADCCON1	=	0x00d3
                           0000D4   340 _ADCDATH	=	0x00d4
                           0000D5   341 _ADCDATL	=	0x00d5
                           0000D6   342 _RNGCTL	=	0x00d6
                           0000D7   343 _RNGDAT	=	0x00d7
                           0000D8   344 _ADCON	=	0x00d8
                           0000D9   345 _W2SADR	=	0x00d9
                           0000DA   346 _W2DAT	=	0x00da
                           0000DB   347 _COMPCON	=	0x00db
                           0000DC   348 _POFCON	=	0x00dc
                           0000DD   349 _CCPDATIA	=	0x00dd
                           0000DE   350 _CCPDATIB	=	0x00de
                           0000DF   351 _CCPDATO	=	0x00df
                           0000E0   352 _ACC	=	0x00e0
                           0000E1   353 _W2CON1	=	0x00e1
                           0000E2   354 _W2CON0	=	0x00e2
                           0000E4   355 _SPIRCON0	=	0x00e4
                           0000E5   356 _SPIRCON1	=	0x00e5
                           0000E6   357 _SPIRSTAT	=	0x00e6
                           0000E7   358 _SPIRDAT	=	0x00e7
                           0000E8   359 _RFCON	=	0x00e8
                           0000E9   360 _MD0	=	0x00e9
                           0000EA   361 _MD1	=	0x00ea
                           0000EB   362 _MD2	=	0x00eb
                           0000EC   363 _MD3	=	0x00ec
                           0000ED   364 _MD4	=	0x00ed
                           0000EE   365 _MD5	=	0x00ee
                           0000EF   366 _ARCON	=	0x00ef
                           0000F0   367 _B	=	0x00f0
                           0000F8   368 _FSR	=	0x00f8
                           0000F9   369 _FPCR	=	0x00f9
                           0000FA   370 _FCR	=	0x00fa
                           0000FC   371 _SPIMCON0	=	0x00fc
                           0000FD   372 _SPIMCON1	=	0x00fd
                           0000FE   373 _SPIMSTAT	=	0x00fe
                           0000FF   374 _SPIMDAT	=	0x00ff
                           00C3C2   375 _CC1	=	0xc3c2
                           00C5C4   376 _CC2	=	0xc5c4
                           00C7C6   377 _CC3	=	0xc7c6
                           00CBCA   378 _CRC	=	0xcbca
                           008C8A   379 _T0	=	0x8c8a
                           008D8B   380 _T1	=	0x8d8b
                           00CDCC   381 _T2	=	0xcdcc
                           00BAAA   382 _S0REL	=	0xbaaa
                           00D4D5   383 _ADCDAT	=	0xd4d5
                                    384 ;--------------------------------------------------------
                                    385 ; special function bits
                                    386 ;--------------------------------------------------------
                                    387 	.area RSEG    (ABS,DATA)
      000000                        388 	.org 0x0000
                           000080   389 _P0_SB_D0	=	0x0080
                           000081   390 _P0_SB_D1	=	0x0081
                           000082   391 _P0_SB_D2	=	0x0082
                           000083   392 _P0_SB_D3	=	0x0083
                           000084   393 _P0_SB_D4	=	0x0084
                           000085   394 _P0_SB_D5	=	0x0085
                           000086   395 _P0_SB_D6	=	0x0086
                           000087   396 _P0_SB_D7	=	0x0087
                           000088   397 _TCON_SB_IT0	=	0x0088
                           000089   398 _TCON_SB_IE0	=	0x0089
                           00008A   399 _TCON_SB_IT1	=	0x008a
                           00008B   400 _TCON_SB_IE1	=	0x008b
                           00008C   401 _TCON_SB_TR0	=	0x008c
                           00008D   402 _TCON_SB_TF0	=	0x008d
                           00008E   403 _TCON_SB_TR1	=	0x008e
                           00008F   404 _TCON_SB_TF1	=	0x008f
                           000090   405 _P1_SB_D0	=	0x0090
                           000091   406 _P1_SB_D1	=	0x0091
                           000092   407 _P1_SB_D2	=	0x0092
                           000093   408 _P1_SB_D3	=	0x0093
                           000094   409 _P1_SB_D4	=	0x0094
                           000095   410 _P1_SB_D5	=	0x0095
                           000096   411 _P1_SB_D6	=	0x0096
                           000097   412 _P1_SB_D7	=	0x0097
                           000098   413 _S0CON_SB_RI0	=	0x0098
                           000099   414 _S0CON_SB_TI0	=	0x0099
                           00009A   415 _S0CON_SB_RB80	=	0x009a
                           00009B   416 _S0CON_SB_TB80	=	0x009b
                           00009C   417 _S0CON_SB_REN0	=	0x009c
                           00009D   418 _S0CON_SB_SM20	=	0x009d
                           00009E   419 _S0CON_SB_SM1	=	0x009e
                           00009F   420 _S0CON_SB_SM0	=	0x009f
                           0000A0   421 _P2_SB_D0	=	0x00a0
                           0000A1   422 _P2_SB_D1	=	0x00a1
                           0000A2   423 _P2_SB_D2	=	0x00a2
                           0000A3   424 _P2_SB_D3	=	0x00a3
                           0000A4   425 _P2_SB_D4	=	0x00a4
                           0000A5   426 _P2_SB_D5	=	0x00a5
                           0000A6   427 _P2_SB_D6	=	0x00a6
                           0000A7   428 _P2_SB_D7	=	0x00a7
                           0000A8   429 _IEN0_SB_IFP	=	0x00a8
                           0000A9   430 _IEN0_SB_T0	=	0x00a9
                           0000AA   431 _IEN0_SB_POFIRQ	=	0x00aa
                           0000AB   432 _IEN0_SB_T1	=	0x00ab
                           0000AC   433 _IEN0_SB_UART	=	0x00ac
                           0000AD   434 _IEN0_SB_T2	=	0x00ad
                           0000AF   435 _IEN0_SB_GLOBAL	=	0x00af
                           0000B0   436 _P3_SB_D0	=	0x00b0
                           0000B1   437 _P3_SB_D1	=	0x00b1
                           0000B2   438 _P3_SB_D2	=	0x00b2
                           0000B3   439 _P3_SB_D3	=	0x00b3
                           0000B4   440 _P3_SB_D4	=	0x00b4
                           0000B5   441 _P3_SB_D5	=	0x00b5
                           0000B6   442 _P3_SB_D6	=	0x00b6
                           0000B7   443 _P3_SB_D7	=	0x00b7
                           0000B8   444 _IEN1_SB_RFRDY	=	0x00b8
                           0000B9   445 _IEN1_SB_RFIRQ	=	0x00b9
                           0000BA   446 _IEN1_SB_SPI_2WIRE	=	0x00ba
                           0000BB   447 _IEN1_SB_WUOPIRQ	=	0x00bb
                           0000BC   448 _IEN1_SB_MISCIRQ	=	0x00bc
                           0000BD   449 _IEN1_SB_TICK	=	0x00bd
                           0000BF   450 _IEN1_SB_T2EXTRLD	=	0x00bf
                           0000C0   451 _IRCON_SB_RFRDY	=	0x00c0
                           0000C1   452 _IRCON_SB_RFIRQ	=	0x00c1
                           0000C2   453 _IRCON_SB_SPI_2WIRE	=	0x00c2
                           0000C3   454 _IRCON_SB_WUOPIRQ	=	0x00c3
                           0000C4   455 _IRCON_SB_MISCIRQ	=	0x00c4
                           0000C5   456 _IRCON_SB_TICK	=	0x00c5
                           0000C6   457 _IRCON_SB_TF2	=	0x00c6
                           0000C7   458 _IRCON_SB_EXF2	=	0x00c7
                           0000C8   459 _T2CON_SB_T2I0	=	0x00c8
                           0000C9   460 _T2CON_SB_T2I1	=	0x00c9
                           0000CA   461 _T2CON_SB_T2CM	=	0x00ca
                           0000CB   462 _T2CON_SB_T2R0	=	0x00cb
                           0000CC   463 _T2CON_SB_T2R1	=	0x00cc
                           0000CD   464 _T2CON_SB_I2FR	=	0x00cd
                           0000CE   465 _T2CON_SB_I3FR	=	0x00ce
                           0000CF   466 _T2CON_SB_T2PS	=	0x00cf
                           0000D7   467 _PSW_SB_CY	=	0x00d7
                           0000D6   468 _PSW_SB_AC	=	0x00d6
                           0000D5   469 _PSW_SB_F0	=	0x00d5
                           0000D4   470 _PSW_SB_RS1	=	0x00d4
                           0000D3   471 _PSW_SB_RS0	=	0x00d3
                           0000D2   472 _PSW_SB_OV	=	0x00d2
                           0000D1   473 _PSW_SB_F1	=	0x00d1
                           0000D0   474 _PSW_SB_P	=	0x00d0
                           0000DF   475 _ADCON_SB_BD	=	0x00df
                           0000E8   476 _RFCON_SB_RFCE	=	0x00e8
                           0000E9   477 _RFCON_SB_RFCSN	=	0x00e9
                           0000EA   478 _RFCON_SB_RFCKEN	=	0x00ea
                           0000FA   479 _FSR_SB_RDISMB	=	0x00fa
                           0000FB   480 _FSR_SB_INFEN	=	0x00fb
                           0000FC   481 _FSR_SB_RDYN	=	0x00fc
                           0000FD   482 _FSR_SB_WEN	=	0x00fd
                           0000FE   483 _FSR_SB_STP	=	0x00fe
                           0000FF   484 _FSR_SB_ENDBG	=	0x00ff
                                    485 ;--------------------------------------------------------
                                    486 ; overlayable register banks
                                    487 ;--------------------------------------------------------
                                    488 	.area REG_BANK_0	(REL,OVR,DATA)
      000000                        489 	.ds 8
                                    490 ;--------------------------------------------------------
                                    491 ; internal ram data
                                    492 ;--------------------------------------------------------
                                    493 	.area DSEG    (DATA)
                                    494 ;--------------------------------------------------------
                                    495 ; overlayable items in internal ram 
                                    496 ;--------------------------------------------------------
                                    497 ;--------------------------------------------------------
                                    498 ; indirectly addressable internal ram data
                                    499 ;--------------------------------------------------------
                                    500 	.area ISEG    (DATA)
                                    501 ;--------------------------------------------------------
                                    502 ; absolute internal ram data
                                    503 ;--------------------------------------------------------
                                    504 	.area IABS    (ABS,DATA)
                                    505 	.area IABS    (ABS,DATA)
                                    506 ;--------------------------------------------------------
                                    507 ; bit data
                                    508 ;--------------------------------------------------------
                                    509 	.area BSEG    (BIT)
                                    510 ;--------------------------------------------------------
                                    511 ; paged external ram data
                                    512 ;--------------------------------------------------------
                                    513 	.area PSEG    (PAG,XDATA)
                                    514 ;--------------------------------------------------------
                                    515 ; external ram data
                                    516 ;--------------------------------------------------------
                                    517 	.area XSEG    (XDATA)
      000000                        518 _rf_configure_PARM_2:
      000000                        519 	.ds 1
      000001                        520 _rf_configure_PARM_3:
      000001                        521 	.ds 1
      000002                        522 _rf_configure_PARM_4:
      000002                        523 	.ds 1
      000003                        524 _rf_configure_PARM_5:
      000003                        525 	.ds 1
      000004                        526 _rf_configure_PARM_6:
      000004                        527 	.ds 1
      000005                        528 _rf_configure_PARM_7:
      000005                        529 	.ds 1
      000006                        530 _rf_configure_PARM_8:
      000006                        531 	.ds 1
      000007                        532 _rf_configure_PARM_9:
      000007                        533 	.ds 3
      00000A                        534 _rf_configure_PARM_10:
      00000A                        535 	.ds 3
      00000D                        536 _rf_configure_PARM_11:
      00000D                        537 	.ds 1
      00000E                        538 _rf_configure_PARM_12:
      00000E                        539 	.ds 1
      00000F                        540 _rf_configure_PARM_13:
      00000F                        541 	.ds 1
      000010                        542 _rf_configure_PARM_14:
      000010                        543 	.ds 1
      000011                        544 _rf_configure_PARM_15:
      000011                        545 	.ds 3
      000014                        546 _rf_configure_PARM_16:
      000014                        547 	.ds 1
      000015                        548 _rf_configure_PARM_17:
      000015                        549 	.ds 1
      000016                        550 _rf_configure_PARM_18:
      000016                        551 	.ds 1
      000017                        552 _rf_configure_PARM_19:
      000017                        553 	.ds 1
      000018                        554 _rf_configure_PARM_20:
      000018                        555 	.ds 1
      000019                        556 _rf_configure_PARM_21:
      000019                        557 	.ds 1
      00001A                        558 _rf_configure_PARM_22:
      00001A                        559 	.ds 1
      00001B                        560 _rf_configure_PARM_23:
      00001B                        561 	.ds 1
      00001C                        562 _rf_configure_config_1_31:
      00001C                        563 	.ds 1
      00001D                        564 _rf_configure_buffer_1_32:
      00001D                        565 	.ds 5
                                    566 ;--------------------------------------------------------
                                    567 ; absolute external ram data
                                    568 ;--------------------------------------------------------
                                    569 	.area XABS    (ABS,XDATA)
                                    570 ;--------------------------------------------------------
                                    571 ; external initialized ram data
                                    572 ;--------------------------------------------------------
                                    573 	.area XISEG   (XDATA)
                                    574 	.area HOME    (CODE)
                                    575 	.area GSINIT0 (CODE)
                                    576 	.area GSINIT1 (CODE)
                                    577 	.area GSINIT2 (CODE)
                                    578 	.area GSINIT3 (CODE)
                                    579 	.area GSINIT4 (CODE)
                                    580 	.area GSINIT5 (CODE)
                                    581 	.area GSINIT  (CODE)
                                    582 	.area GSFINAL (CODE)
                                    583 	.area CSEG    (CODE)
                                    584 ;--------------------------------------------------------
                                    585 ; global & static initialisations
                                    586 ;--------------------------------------------------------
                                    587 	.area HOME    (CODE)
                                    588 	.area GSINIT  (CODE)
                                    589 	.area GSFINAL (CODE)
                                    590 	.area GSINIT  (CODE)
                                    591 ;--------------------------------------------------------
                                    592 ; Home
                                    593 ;--------------------------------------------------------
                                    594 	.area HOME    (CODE)
                                    595 	.area HOME    (CODE)
                                    596 ;--------------------------------------------------------
                                    597 ; code
                                    598 ;--------------------------------------------------------
                                    599 	.area CSEG    (CODE)
                                    600 ;------------------------------------------------------------
                                    601 ;Allocation info for local variables in function 'rf_configure'
                                    602 ;------------------------------------------------------------
                                    603 ;opt_rx_active_mode        Allocated with name '_rf_configure_PARM_2'
                                    604 ;en_aa                     Allocated with name '_rf_configure_PARM_3'
                                    605 ;en_rxaddr                 Allocated with name '_rf_configure_PARM_4'
                                    606 ;setup_aw                  Allocated with name '_rf_configure_PARM_5'
                                    607 ;setup_retr                Allocated with name '_rf_configure_PARM_6'
                                    608 ;rf_ch                     Allocated with name '_rf_configure_PARM_7'
                                    609 ;rf_setup                  Allocated with name '_rf_configure_PARM_8'
                                    610 ;rx_addr_p0                Allocated with name '_rf_configure_PARM_9'
                                    611 ;rx_addr_p1                Allocated with name '_rf_configure_PARM_10'
                                    612 ;rx_addr_p2                Allocated with name '_rf_configure_PARM_11'
                                    613 ;rx_addr_p3                Allocated with name '_rf_configure_PARM_12'
                                    614 ;rx_addr_p4                Allocated with name '_rf_configure_PARM_13'
                                    615 ;rx_addr_p5                Allocated with name '_rf_configure_PARM_14'
                                    616 ;tx_addr                   Allocated with name '_rf_configure_PARM_15'
                                    617 ;rx_pw_p0                  Allocated with name '_rf_configure_PARM_16'
                                    618 ;rx_pw_p1                  Allocated with name '_rf_configure_PARM_17'
                                    619 ;rx_pw_p2                  Allocated with name '_rf_configure_PARM_18'
                                    620 ;rx_pw_p3                  Allocated with name '_rf_configure_PARM_19'
                                    621 ;rx_pw_p4                  Allocated with name '_rf_configure_PARM_20'
                                    622 ;rx_pw_p5                  Allocated with name '_rf_configure_PARM_21'
                                    623 ;dynpd                     Allocated with name '_rf_configure_PARM_22'
                                    624 ;feature                   Allocated with name '_rf_configure_PARM_23'
                                    625 ;config                    Allocated with name '_rf_configure_config_1_31'
                                    626 ;buffer                    Allocated with name '_rf_configure_buffer_1_32'
                                    627 ;------------------------------------------------------------
                                    628 ;	src/rf_configure.c:89: void rf_configure(uint8_t config,
                                    629 ;	-----------------------------------------
                                    630 ;	 function rf_configure
                                    631 ;	-----------------------------------------
      000000                        632 _rf_configure:
                           000007   633 	ar7 = 0x07
                           000006   634 	ar6 = 0x06
                           000005   635 	ar5 = 0x05
                           000004   636 	ar4 = 0x04
                           000003   637 	ar3 = 0x03
                           000002   638 	ar2 = 0x02
                           000001   639 	ar1 = 0x01
                           000000   640 	ar0 = 0x00
      000000 E5 82            [12]  641 	mov	a,dpl
      000002 90r00r1C         [24]  642 	mov	dptr,#_rf_configure_config_1_31
      000005 F0               [24]  643 	movx	@dptr,a
                                    644 ;	src/rf_configure.c:116: rf_spi_configure_enable();
      000006 12r00r00         [24]  645 	lcall	_rf_spi_configure_enable
                                    646 ;	src/rf_configure.c:118: buffer[0] = en_aa;
      000009 90r00r01         [24]  647 	mov	dptr,#_rf_configure_PARM_3
      00000C E0               [24]  648 	movx	a,@dptr
      00000D 90r00r1D         [24]  649 	mov	dptr,#_rf_configure_buffer_1_32
      000010 F0               [24]  650 	movx	@dptr,a
                                    651 ;	src/rf_configure.c:119: rf_write_register(RF_EN_AA, buffer, 1);
      000011 90r00r00         [24]  652 	mov	dptr,#_rf_write_register_PARM_2
      000014 74r1D            [12]  653 	mov	a,#_rf_configure_buffer_1_32
      000016 F0               [24]  654 	movx	@dptr,a
      000017 74s00            [12]  655 	mov	a,#(_rf_configure_buffer_1_32 >> 8)
      000019 A3               [24]  656 	inc	dptr
      00001A F0               [24]  657 	movx	@dptr,a
      00001B E4               [12]  658 	clr	a
      00001C A3               [24]  659 	inc	dptr
      00001D F0               [24]  660 	movx	@dptr,a
      00001E 90r00r00         [24]  661 	mov	dptr,#_rf_write_register_PARM_3
      000021 04               [12]  662 	inc	a
      000022 F0               [24]  663 	movx	@dptr,a
      000023 E4               [12]  664 	clr	a
      000024 A3               [24]  665 	inc	dptr
      000025 F0               [24]  666 	movx	@dptr,a
      000026 75 82 01         [24]  667 	mov	dpl,#0x01
      000029 12r00r00         [24]  668 	lcall	_rf_write_register
                                    669 ;	src/rf_configure.c:121: buffer[0] = en_rxaddr;
      00002C 90r00r02         [24]  670 	mov	dptr,#_rf_configure_PARM_4
      00002F E0               [24]  671 	movx	a,@dptr
      000030 90r00r1D         [24]  672 	mov	dptr,#_rf_configure_buffer_1_32
      000033 F0               [24]  673 	movx	@dptr,a
                                    674 ;	src/rf_configure.c:122: rf_write_register(RF_EN_RXADDR, buffer, 1);
      000034 90r00r00         [24]  675 	mov	dptr,#_rf_write_register_PARM_2
      000037 74r1D            [12]  676 	mov	a,#_rf_configure_buffer_1_32
      000039 F0               [24]  677 	movx	@dptr,a
      00003A 74s00            [12]  678 	mov	a,#(_rf_configure_buffer_1_32 >> 8)
      00003C A3               [24]  679 	inc	dptr
      00003D F0               [24]  680 	movx	@dptr,a
      00003E E4               [12]  681 	clr	a
      00003F A3               [24]  682 	inc	dptr
      000040 F0               [24]  683 	movx	@dptr,a
      000041 90r00r00         [24]  684 	mov	dptr,#_rf_write_register_PARM_3
      000044 04               [12]  685 	inc	a
      000045 F0               [24]  686 	movx	@dptr,a
      000046 E4               [12]  687 	clr	a
      000047 A3               [24]  688 	inc	dptr
      000048 F0               [24]  689 	movx	@dptr,a
      000049 75 82 02         [24]  690 	mov	dpl,#0x02
      00004C 12r00r00         [24]  691 	lcall	_rf_write_register
                                    692 ;	src/rf_configure.c:124: buffer[0] = setup_aw;
      00004F 90r00r03         [24]  693 	mov	dptr,#_rf_configure_PARM_5
      000052 E0               [24]  694 	movx	a,@dptr
      000053 90r00r1D         [24]  695 	mov	dptr,#_rf_configure_buffer_1_32
      000056 F0               [24]  696 	movx	@dptr,a
                                    697 ;	src/rf_configure.c:125: rf_write_register(RF_SETUP_AW, buffer, 1);
      000057 90r00r00         [24]  698 	mov	dptr,#_rf_write_register_PARM_2
      00005A 74r1D            [12]  699 	mov	a,#_rf_configure_buffer_1_32
      00005C F0               [24]  700 	movx	@dptr,a
      00005D 74s00            [12]  701 	mov	a,#(_rf_configure_buffer_1_32 >> 8)
      00005F A3               [24]  702 	inc	dptr
      000060 F0               [24]  703 	movx	@dptr,a
      000061 E4               [12]  704 	clr	a
      000062 A3               [24]  705 	inc	dptr
      000063 F0               [24]  706 	movx	@dptr,a
      000064 90r00r00         [24]  707 	mov	dptr,#_rf_write_register_PARM_3
      000067 04               [12]  708 	inc	a
      000068 F0               [24]  709 	movx	@dptr,a
      000069 E4               [12]  710 	clr	a
      00006A A3               [24]  711 	inc	dptr
      00006B F0               [24]  712 	movx	@dptr,a
      00006C 75 82 03         [24]  713 	mov	dpl,#0x03
      00006F 12r00r00         [24]  714 	lcall	_rf_write_register
                                    715 ;	src/rf_configure.c:127: buffer[0] = setup_retr;
      000072 90r00r04         [24]  716 	mov	dptr,#_rf_configure_PARM_6
      000075 E0               [24]  717 	movx	a,@dptr
      000076 90r00r1D         [24]  718 	mov	dptr,#_rf_configure_buffer_1_32
      000079 F0               [24]  719 	movx	@dptr,a
                                    720 ;	src/rf_configure.c:128: rf_write_register(RF_SETUP_RETR, buffer, 1);
      00007A 90r00r00         [24]  721 	mov	dptr,#_rf_write_register_PARM_2
      00007D 74r1D            [12]  722 	mov	a,#_rf_configure_buffer_1_32
      00007F F0               [24]  723 	movx	@dptr,a
      000080 74s00            [12]  724 	mov	a,#(_rf_configure_buffer_1_32 >> 8)
      000082 A3               [24]  725 	inc	dptr
      000083 F0               [24]  726 	movx	@dptr,a
      000084 E4               [12]  727 	clr	a
      000085 A3               [24]  728 	inc	dptr
      000086 F0               [24]  729 	movx	@dptr,a
      000087 90r00r00         [24]  730 	mov	dptr,#_rf_write_register_PARM_3
      00008A 04               [12]  731 	inc	a
      00008B F0               [24]  732 	movx	@dptr,a
      00008C E4               [12]  733 	clr	a
      00008D A3               [24]  734 	inc	dptr
      00008E F0               [24]  735 	movx	@dptr,a
      00008F 75 82 04         [24]  736 	mov	dpl,#0x04
      000092 12r00r00         [24]  737 	lcall	_rf_write_register
                                    738 ;	src/rf_configure.c:130: buffer[0] = rf_ch;
      000095 90r00r05         [24]  739 	mov	dptr,#_rf_configure_PARM_7
      000098 E0               [24]  740 	movx	a,@dptr
      000099 90r00r1D         [24]  741 	mov	dptr,#_rf_configure_buffer_1_32
      00009C F0               [24]  742 	movx	@dptr,a
                                    743 ;	src/rf_configure.c:131: rf_write_register(RF_RF_CH, buffer, 1);
      00009D 90r00r00         [24]  744 	mov	dptr,#_rf_write_register_PARM_2
      0000A0 74r1D            [12]  745 	mov	a,#_rf_configure_buffer_1_32
      0000A2 F0               [24]  746 	movx	@dptr,a
      0000A3 74s00            [12]  747 	mov	a,#(_rf_configure_buffer_1_32 >> 8)
      0000A5 A3               [24]  748 	inc	dptr
      0000A6 F0               [24]  749 	movx	@dptr,a
      0000A7 E4               [12]  750 	clr	a
      0000A8 A3               [24]  751 	inc	dptr
      0000A9 F0               [24]  752 	movx	@dptr,a
      0000AA 90r00r00         [24]  753 	mov	dptr,#_rf_write_register_PARM_3
      0000AD 04               [12]  754 	inc	a
      0000AE F0               [24]  755 	movx	@dptr,a
      0000AF E4               [12]  756 	clr	a
      0000B0 A3               [24]  757 	inc	dptr
      0000B1 F0               [24]  758 	movx	@dptr,a
      0000B2 75 82 05         [24]  759 	mov	dpl,#0x05
      0000B5 12r00r00         [24]  760 	lcall	_rf_write_register
                                    761 ;	src/rf_configure.c:133: buffer[0] = rf_setup;
      0000B8 90r00r06         [24]  762 	mov	dptr,#_rf_configure_PARM_8
      0000BB E0               [24]  763 	movx	a,@dptr
      0000BC 90r00r1D         [24]  764 	mov	dptr,#_rf_configure_buffer_1_32
      0000BF F0               [24]  765 	movx	@dptr,a
                                    766 ;	src/rf_configure.c:134: rf_write_register(RF_RF_SETUP, buffer, 1);
      0000C0 90r00r00         [24]  767 	mov	dptr,#_rf_write_register_PARM_2
      0000C3 74r1D            [12]  768 	mov	a,#_rf_configure_buffer_1_32
      0000C5 F0               [24]  769 	movx	@dptr,a
      0000C6 74s00            [12]  770 	mov	a,#(_rf_configure_buffer_1_32 >> 8)
      0000C8 A3               [24]  771 	inc	dptr
      0000C9 F0               [24]  772 	movx	@dptr,a
      0000CA E4               [12]  773 	clr	a
      0000CB A3               [24]  774 	inc	dptr
      0000CC F0               [24]  775 	movx	@dptr,a
      0000CD 90r00r00         [24]  776 	mov	dptr,#_rf_write_register_PARM_3
      0000D0 04               [12]  777 	inc	a
      0000D1 F0               [24]  778 	movx	@dptr,a
      0000D2 E4               [12]  779 	clr	a
      0000D3 A3               [24]  780 	inc	dptr
      0000D4 F0               [24]  781 	movx	@dptr,a
      0000D5 75 82 06         [24]  782 	mov	dpl,#0x06
      0000D8 12r00r00         [24]  783 	lcall	_rf_write_register
                                    784 ;	src/rf_configure.c:137: if(rx_addr_p0 != NULL)
      0000DB 90r00r07         [24]  785 	mov	dptr,#_rf_configure_PARM_9
      0000DE E0               [24]  786 	movx	a,@dptr
      0000DF FD               [12]  787 	mov	r5,a
      0000E0 A3               [24]  788 	inc	dptr
      0000E1 E0               [24]  789 	movx	a,@dptr
      0000E2 FE               [12]  790 	mov	r6,a
      0000E3 A3               [24]  791 	inc	dptr
      0000E4 E0               [24]  792 	movx	a,@dptr
      0000E5 FF               [12]  793 	mov	r7,a
      0000E6 ED               [12]  794 	mov	a,r5
      0000E7 4E               [12]  795 	orl	a,r6
      0000E8 60 18            [24]  796 	jz	00102$
                                    797 ;	src/rf_configure.c:139: rf_set_rx_addr(rx_addr_p0, 5, 0);
      0000EA 90r00r00         [24]  798 	mov	dptr,#_rf_set_rx_addr_PARM_2
      0000ED 74 05            [12]  799 	mov	a,#0x05
      0000EF F0               [24]  800 	movx	@dptr,a
      0000F0 E4               [12]  801 	clr	a
      0000F1 A3               [24]  802 	inc	dptr
      0000F2 F0               [24]  803 	movx	@dptr,a
      0000F3 90r00r00         [24]  804 	mov	dptr,#_rf_set_rx_addr_PARM_3
      0000F6 F0               [24]  805 	movx	@dptr,a
      0000F7 8D 82            [24]  806 	mov	dpl,r5
      0000F9 8E 83            [24]  807 	mov	dph,r6
      0000FB 8F F0            [24]  808 	mov	b,r7
      0000FD 12r00r00         [24]  809 	lcall	_rf_set_rx_addr
      000100 80 2C            [24]  810 	sjmp	00103$
      000102                        811 00102$:
                                    812 ;	src/rf_configure.c:143: buffer[0] = RF_RX_ADDR_P0_B0_DEFAULT_VAL;
      000102 90r00r1D         [24]  813 	mov	dptr,#_rf_configure_buffer_1_32
      000105 74 E7            [12]  814 	mov	a,#0xE7
      000107 F0               [24]  815 	movx	@dptr,a
                                    816 ;	src/rf_configure.c:144: buffer[1] = RF_RX_ADDR_P0_B1_DEFAULT_VAL;
      000108 90r00r1E         [24]  817 	mov	dptr,#(_rf_configure_buffer_1_32 + 0x0001)
      00010B F0               [24]  818 	movx	@dptr,a
                                    819 ;	src/rf_configure.c:145: buffer[2] = RF_RX_ADDR_P0_B2_DEFAULT_VAL;
      00010C 90r00r1F         [24]  820 	mov	dptr,#(_rf_configure_buffer_1_32 + 0x0002)
      00010F F0               [24]  821 	movx	@dptr,a
                                    822 ;	src/rf_configure.c:146: buffer[3] = RF_RX_ADDR_P0_B3_DEFAULT_VAL;
      000110 90r00r20         [24]  823 	mov	dptr,#(_rf_configure_buffer_1_32 + 0x0003)
      000113 F0               [24]  824 	movx	@dptr,a
                                    825 ;	src/rf_configure.c:147: buffer[4] = RF_RX_ADDR_P0_B4_DEFAULT_VAL;
      000114 90r00r21         [24]  826 	mov	dptr,#(_rf_configure_buffer_1_32 + 0x0004)
      000117 F0               [24]  827 	movx	@dptr,a
                                    828 ;	src/rf_configure.c:149: rf_set_rx_addr(buffer, 5, 0);
      000118 90r00r00         [24]  829 	mov	dptr,#_rf_set_rx_addr_PARM_2
      00011B 74 05            [12]  830 	mov	a,#0x05
      00011D F0               [24]  831 	movx	@dptr,a
      00011E E4               [12]  832 	clr	a
      00011F A3               [24]  833 	inc	dptr
      000120 F0               [24]  834 	movx	@dptr,a
      000121 90r00r00         [24]  835 	mov	dptr,#_rf_set_rx_addr_PARM_3
      000124 F0               [24]  836 	movx	@dptr,a
      000125 90r00r1D         [24]  837 	mov	dptr,#_rf_configure_buffer_1_32
      000128 75 F0 00         [24]  838 	mov	b,#0x00
      00012B 12r00r00         [24]  839 	lcall	_rf_set_rx_addr
      00012E                        840 00103$:
                                    841 ;	src/rf_configure.c:153: if(rx_addr_p1 != NULL)
      00012E 90r00r0A         [24]  842 	mov	dptr,#_rf_configure_PARM_10
      000131 E0               [24]  843 	movx	a,@dptr
      000132 FD               [12]  844 	mov	r5,a
      000133 A3               [24]  845 	inc	dptr
      000134 E0               [24]  846 	movx	a,@dptr
      000135 FE               [12]  847 	mov	r6,a
      000136 A3               [24]  848 	inc	dptr
      000137 E0               [24]  849 	movx	a,@dptr
      000138 FF               [12]  850 	mov	r7,a
      000139 ED               [12]  851 	mov	a,r5
      00013A 4E               [12]  852 	orl	a,r6
      00013B 60 19            [24]  853 	jz	00105$
                                    854 ;	src/rf_configure.c:155: rf_set_rx_addr(rx_addr_p1, 5, 1);
      00013D 90r00r00         [24]  855 	mov	dptr,#_rf_set_rx_addr_PARM_2
      000140 74 05            [12]  856 	mov	a,#0x05
      000142 F0               [24]  857 	movx	@dptr,a
      000143 E4               [12]  858 	clr	a
      000144 A3               [24]  859 	inc	dptr
      000145 F0               [24]  860 	movx	@dptr,a
      000146 90r00r00         [24]  861 	mov	dptr,#_rf_set_rx_addr_PARM_3
      000149 04               [12]  862 	inc	a
      00014A F0               [24]  863 	movx	@dptr,a
      00014B 8D 82            [24]  864 	mov	dpl,r5
      00014D 8E 83            [24]  865 	mov	dph,r6
      00014F 8F F0            [24]  866 	mov	b,r7
      000151 12r00r00         [24]  867 	lcall	_rf_set_rx_addr
      000154 80 2D            [24]  868 	sjmp	00106$
      000156                        869 00105$:
                                    870 ;	src/rf_configure.c:159: buffer[0] = RF_RX_ADDR_P1_B0_DEFAULT_VAL;
      000156 90r00r1D         [24]  871 	mov	dptr,#_rf_configure_buffer_1_32
      000159 74 C2            [12]  872 	mov	a,#0xC2
      00015B F0               [24]  873 	movx	@dptr,a
                                    874 ;	src/rf_configure.c:160: buffer[1] = RF_RX_ADDR_P1_B1_DEFAULT_VAL;
      00015C 90r00r1E         [24]  875 	mov	dptr,#(_rf_configure_buffer_1_32 + 0x0001)
      00015F F0               [24]  876 	movx	@dptr,a
                                    877 ;	src/rf_configure.c:161: buffer[2] = RF_RX_ADDR_P1_B2_DEFAULT_VAL;
      000160 90r00r1F         [24]  878 	mov	dptr,#(_rf_configure_buffer_1_32 + 0x0002)
      000163 F0               [24]  879 	movx	@dptr,a
                                    880 ;	src/rf_configure.c:162: buffer[3] = RF_RX_ADDR_P1_B3_DEFAULT_VAL;
      000164 90r00r20         [24]  881 	mov	dptr,#(_rf_configure_buffer_1_32 + 0x0003)
      000167 F0               [24]  882 	movx	@dptr,a
                                    883 ;	src/rf_configure.c:163: buffer[4] = RF_RX_ADDR_P1_B4_DEFAULT_VAL;
      000168 90r00r21         [24]  884 	mov	dptr,#(_rf_configure_buffer_1_32 + 0x0004)
      00016B F0               [24]  885 	movx	@dptr,a
                                    886 ;	src/rf_configure.c:165: rf_set_rx_addr(buffer, 5, 1);
      00016C 90r00r00         [24]  887 	mov	dptr,#_rf_set_rx_addr_PARM_2
      00016F 74 05            [12]  888 	mov	a,#0x05
      000171 F0               [24]  889 	movx	@dptr,a
      000172 E4               [12]  890 	clr	a
      000173 A3               [24]  891 	inc	dptr
      000174 F0               [24]  892 	movx	@dptr,a
      000175 90r00r00         [24]  893 	mov	dptr,#_rf_set_rx_addr_PARM_3
      000178 04               [12]  894 	inc	a
      000179 F0               [24]  895 	movx	@dptr,a
      00017A 90r00r1D         [24]  896 	mov	dptr,#_rf_configure_buffer_1_32
      00017D 75 F0 00         [24]  897 	mov	b,#0x00
      000180 12r00r00         [24]  898 	lcall	_rf_set_rx_addr
      000183                        899 00106$:
                                    900 ;	src/rf_configure.c:168: buffer[0] = rx_addr_p2;
      000183 90r00r0D         [24]  901 	mov	dptr,#_rf_configure_PARM_11
      000186 E0               [24]  902 	movx	a,@dptr
      000187 90r00r1D         [24]  903 	mov	dptr,#_rf_configure_buffer_1_32
      00018A F0               [24]  904 	movx	@dptr,a
                                    905 ;	src/rf_configure.c:169: rf_set_rx_addr(buffer, 1, 2);
      00018B 90r00r00         [24]  906 	mov	dptr,#_rf_set_rx_addr_PARM_2
      00018E 74 01            [12]  907 	mov	a,#0x01
      000190 F0               [24]  908 	movx	@dptr,a
      000191 E4               [12]  909 	clr	a
      000192 A3               [24]  910 	inc	dptr
      000193 F0               [24]  911 	movx	@dptr,a
      000194 90r00r00         [24]  912 	mov	dptr,#_rf_set_rx_addr_PARM_3
      000197 74 02            [12]  913 	mov	a,#0x02
      000199 F0               [24]  914 	movx	@dptr,a
      00019A 90r00r1D         [24]  915 	mov	dptr,#_rf_configure_buffer_1_32
      00019D 75 F0 00         [24]  916 	mov	b,#0x00
      0001A0 12r00r00         [24]  917 	lcall	_rf_set_rx_addr
                                    918 ;	src/rf_configure.c:171: buffer[0] = rx_addr_p3;
      0001A3 90r00r0E         [24]  919 	mov	dptr,#_rf_configure_PARM_12
      0001A6 E0               [24]  920 	movx	a,@dptr
      0001A7 90r00r1D         [24]  921 	mov	dptr,#_rf_configure_buffer_1_32
      0001AA F0               [24]  922 	movx	@dptr,a
                                    923 ;	src/rf_configure.c:172: rf_set_rx_addr(buffer, 1, 3);
      0001AB 90r00r00         [24]  924 	mov	dptr,#_rf_set_rx_addr_PARM_2
      0001AE 74 01            [12]  925 	mov	a,#0x01
      0001B0 F0               [24]  926 	movx	@dptr,a
      0001B1 E4               [12]  927 	clr	a
      0001B2 A3               [24]  928 	inc	dptr
      0001B3 F0               [24]  929 	movx	@dptr,a
      0001B4 90r00r00         [24]  930 	mov	dptr,#_rf_set_rx_addr_PARM_3
      0001B7 74 03            [12]  931 	mov	a,#0x03
      0001B9 F0               [24]  932 	movx	@dptr,a
      0001BA 90r00r1D         [24]  933 	mov	dptr,#_rf_configure_buffer_1_32
      0001BD 75 F0 00         [24]  934 	mov	b,#0x00
      0001C0 12r00r00         [24]  935 	lcall	_rf_set_rx_addr
                                    936 ;	src/rf_configure.c:174: buffer[0] = rx_addr_p4;
      0001C3 90r00r0F         [24]  937 	mov	dptr,#_rf_configure_PARM_13
      0001C6 E0               [24]  938 	movx	a,@dptr
      0001C7 90r00r1D         [24]  939 	mov	dptr,#_rf_configure_buffer_1_32
      0001CA F0               [24]  940 	movx	@dptr,a
                                    941 ;	src/rf_configure.c:175: rf_set_rx_addr(buffer, 1, 4);
      0001CB 90r00r00         [24]  942 	mov	dptr,#_rf_set_rx_addr_PARM_2
      0001CE 74 01            [12]  943 	mov	a,#0x01
      0001D0 F0               [24]  944 	movx	@dptr,a
      0001D1 E4               [12]  945 	clr	a
      0001D2 A3               [24]  946 	inc	dptr
      0001D3 F0               [24]  947 	movx	@dptr,a
      0001D4 90r00r00         [24]  948 	mov	dptr,#_rf_set_rx_addr_PARM_3
      0001D7 74 04            [12]  949 	mov	a,#0x04
      0001D9 F0               [24]  950 	movx	@dptr,a
      0001DA 90r00r1D         [24]  951 	mov	dptr,#_rf_configure_buffer_1_32
      0001DD 75 F0 00         [24]  952 	mov	b,#0x00
      0001E0 12r00r00         [24]  953 	lcall	_rf_set_rx_addr
                                    954 ;	src/rf_configure.c:177: buffer[0] = rx_addr_p5;
      0001E3 90r00r10         [24]  955 	mov	dptr,#_rf_configure_PARM_14
      0001E6 E0               [24]  956 	movx	a,@dptr
      0001E7 90r00r1D         [24]  957 	mov	dptr,#_rf_configure_buffer_1_32
      0001EA F0               [24]  958 	movx	@dptr,a
                                    959 ;	src/rf_configure.c:178: rf_set_rx_addr(buffer, 1, 5);
      0001EB 90r00r00         [24]  960 	mov	dptr,#_rf_set_rx_addr_PARM_2
      0001EE 74 01            [12]  961 	mov	a,#0x01
      0001F0 F0               [24]  962 	movx	@dptr,a
      0001F1 E4               [12]  963 	clr	a
      0001F2 A3               [24]  964 	inc	dptr
      0001F3 F0               [24]  965 	movx	@dptr,a
      0001F4 90r00r00         [24]  966 	mov	dptr,#_rf_set_rx_addr_PARM_3
      0001F7 74 05            [12]  967 	mov	a,#0x05
      0001F9 F0               [24]  968 	movx	@dptr,a
      0001FA 90r00r1D         [24]  969 	mov	dptr,#_rf_configure_buffer_1_32
      0001FD 75 F0 00         [24]  970 	mov	b,#0x00
      000200 12r00r00         [24]  971 	lcall	_rf_set_rx_addr
                                    972 ;	src/rf_configure.c:181: if(tx_addr != NULL)
      000203 90r00r11         [24]  973 	mov	dptr,#_rf_configure_PARM_15
      000206 E0               [24]  974 	movx	a,@dptr
      000207 FD               [12]  975 	mov	r5,a
      000208 A3               [24]  976 	inc	dptr
      000209 E0               [24]  977 	movx	a,@dptr
      00020A FE               [12]  978 	mov	r6,a
      00020B A3               [24]  979 	inc	dptr
      00020C E0               [24]  980 	movx	a,@dptr
      00020D FF               [12]  981 	mov	r7,a
      00020E ED               [12]  982 	mov	a,r5
      00020F 4E               [12]  983 	orl	a,r6
      000210 60 14            [24]  984 	jz	00108$
                                    985 ;	src/rf_configure.c:183: rf_set_tx_addr(tx_addr, 5);
      000212 90r00r00         [24]  986 	mov	dptr,#_rf_set_tx_addr_PARM_2
      000215 74 05            [12]  987 	mov	a,#0x05
      000217 F0               [24]  988 	movx	@dptr,a
      000218 E4               [12]  989 	clr	a
      000219 A3               [24]  990 	inc	dptr
      00021A F0               [24]  991 	movx	@dptr,a
      00021B 8D 82            [24]  992 	mov	dpl,r5
      00021D 8E 83            [24]  993 	mov	dph,r6
      00021F 8F F0            [24]  994 	mov	b,r7
      000221 12r00r00         [24]  995 	lcall	_rf_set_tx_addr
      000224 80 28            [24]  996 	sjmp	00109$
      000226                        997 00108$:
                                    998 ;	src/rf_configure.c:187: buffer[0] = RF_TX_ADDR_B0_DEFAULT_VAL;
      000226 90r00r1D         [24]  999 	mov	dptr,#_rf_configure_buffer_1_32
      000229 74 E7            [12] 1000 	mov	a,#0xE7
      00022B F0               [24] 1001 	movx	@dptr,a
                                   1002 ;	src/rf_configure.c:188: buffer[1] = RF_TX_ADDR_B1_DEFAULT_VAL;
      00022C 90r00r1E         [24] 1003 	mov	dptr,#(_rf_configure_buffer_1_32 + 0x0001)
      00022F F0               [24] 1004 	movx	@dptr,a
                                   1005 ;	src/rf_configure.c:189: buffer[2] = RF_TX_ADDR_B2_DEFAULT_VAL;
      000230 90r00r1F         [24] 1006 	mov	dptr,#(_rf_configure_buffer_1_32 + 0x0002)
      000233 F0               [24] 1007 	movx	@dptr,a
                                   1008 ;	src/rf_configure.c:190: buffer[3] = RF_TX_ADDR_B3_DEFAULT_VAL;
      000234 90r00r20         [24] 1009 	mov	dptr,#(_rf_configure_buffer_1_32 + 0x0003)
      000237 F0               [24] 1010 	movx	@dptr,a
                                   1011 ;	src/rf_configure.c:191: buffer[4] = RF_TX_ADDR_B4_DEFAULT_VAL;
      000238 90r00r21         [24] 1012 	mov	dptr,#(_rf_configure_buffer_1_32 + 0x0004)
      00023B F0               [24] 1013 	movx	@dptr,a
                                   1014 ;	src/rf_configure.c:193: rf_set_tx_addr(buffer, 5);
      00023C 90r00r00         [24] 1015 	mov	dptr,#_rf_set_tx_addr_PARM_2
      00023F 74 05            [12] 1016 	mov	a,#0x05
      000241 F0               [24] 1017 	movx	@dptr,a
      000242 E4               [12] 1018 	clr	a
      000243 A3               [24] 1019 	inc	dptr
      000244 F0               [24] 1020 	movx	@dptr,a
      000245 90r00r1D         [24] 1021 	mov	dptr,#_rf_configure_buffer_1_32
      000248 75 F0 00         [24] 1022 	mov	b,#0x00
      00024B 12r00r00         [24] 1023 	lcall	_rf_set_tx_addr
      00024E                       1024 00109$:
                                   1025 ;	src/rf_configure.c:196: buffer[0] = rx_pw_p0;
      00024E 90r00r14         [24] 1026 	mov	dptr,#_rf_configure_PARM_16
      000251 E0               [24] 1027 	movx	a,@dptr
      000252 90r00r1D         [24] 1028 	mov	dptr,#_rf_configure_buffer_1_32
      000255 F0               [24] 1029 	movx	@dptr,a
                                   1030 ;	src/rf_configure.c:197: rf_write_register(RF_RX_PW_P0, buffer, 1);
      000256 90r00r00         [24] 1031 	mov	dptr,#_rf_write_register_PARM_2
      000259 74r1D            [12] 1032 	mov	a,#_rf_configure_buffer_1_32
      00025B F0               [24] 1033 	movx	@dptr,a
      00025C 74s00            [12] 1034 	mov	a,#(_rf_configure_buffer_1_32 >> 8)
      00025E A3               [24] 1035 	inc	dptr
      00025F F0               [24] 1036 	movx	@dptr,a
      000260 E4               [12] 1037 	clr	a
      000261 A3               [24] 1038 	inc	dptr
      000262 F0               [24] 1039 	movx	@dptr,a
      000263 90r00r00         [24] 1040 	mov	dptr,#_rf_write_register_PARM_3
      000266 04               [12] 1041 	inc	a
      000267 F0               [24] 1042 	movx	@dptr,a
      000268 E4               [12] 1043 	clr	a
      000269 A3               [24] 1044 	inc	dptr
      00026A F0               [24] 1045 	movx	@dptr,a
      00026B 75 82 11         [24] 1046 	mov	dpl,#0x11
      00026E 12r00r00         [24] 1047 	lcall	_rf_write_register
                                   1048 ;	src/rf_configure.c:199: buffer[0] = rx_pw_p1;
      000271 90r00r15         [24] 1049 	mov	dptr,#_rf_configure_PARM_17
      000274 E0               [24] 1050 	movx	a,@dptr
      000275 90r00r1D         [24] 1051 	mov	dptr,#_rf_configure_buffer_1_32
      000278 F0               [24] 1052 	movx	@dptr,a
                                   1053 ;	src/rf_configure.c:200: rf_write_register(RF_RX_PW_P1, buffer, 1);
      000279 90r00r00         [24] 1054 	mov	dptr,#_rf_write_register_PARM_2
      00027C 74r1D            [12] 1055 	mov	a,#_rf_configure_buffer_1_32
      00027E F0               [24] 1056 	movx	@dptr,a
      00027F 74s00            [12] 1057 	mov	a,#(_rf_configure_buffer_1_32 >> 8)
      000281 A3               [24] 1058 	inc	dptr
      000282 F0               [24] 1059 	movx	@dptr,a
      000283 E4               [12] 1060 	clr	a
      000284 A3               [24] 1061 	inc	dptr
      000285 F0               [24] 1062 	movx	@dptr,a
      000286 90r00r00         [24] 1063 	mov	dptr,#_rf_write_register_PARM_3
      000289 04               [12] 1064 	inc	a
      00028A F0               [24] 1065 	movx	@dptr,a
      00028B E4               [12] 1066 	clr	a
      00028C A3               [24] 1067 	inc	dptr
      00028D F0               [24] 1068 	movx	@dptr,a
      00028E 75 82 12         [24] 1069 	mov	dpl,#0x12
      000291 12r00r00         [24] 1070 	lcall	_rf_write_register
                                   1071 ;	src/rf_configure.c:202: buffer[0] = rx_pw_p2;
      000294 90r00r16         [24] 1072 	mov	dptr,#_rf_configure_PARM_18
      000297 E0               [24] 1073 	movx	a,@dptr
      000298 90r00r1D         [24] 1074 	mov	dptr,#_rf_configure_buffer_1_32
      00029B F0               [24] 1075 	movx	@dptr,a
                                   1076 ;	src/rf_configure.c:203: rf_write_register(RF_RX_PW_P2, buffer, 1);
      00029C 90r00r00         [24] 1077 	mov	dptr,#_rf_write_register_PARM_2
      00029F 74r1D            [12] 1078 	mov	a,#_rf_configure_buffer_1_32
      0002A1 F0               [24] 1079 	movx	@dptr,a
      0002A2 74s00            [12] 1080 	mov	a,#(_rf_configure_buffer_1_32 >> 8)
      0002A4 A3               [24] 1081 	inc	dptr
      0002A5 F0               [24] 1082 	movx	@dptr,a
      0002A6 E4               [12] 1083 	clr	a
      0002A7 A3               [24] 1084 	inc	dptr
      0002A8 F0               [24] 1085 	movx	@dptr,a
      0002A9 90r00r00         [24] 1086 	mov	dptr,#_rf_write_register_PARM_3
      0002AC 04               [12] 1087 	inc	a
      0002AD F0               [24] 1088 	movx	@dptr,a
      0002AE E4               [12] 1089 	clr	a
      0002AF A3               [24] 1090 	inc	dptr
      0002B0 F0               [24] 1091 	movx	@dptr,a
      0002B1 75 82 13         [24] 1092 	mov	dpl,#0x13
      0002B4 12r00r00         [24] 1093 	lcall	_rf_write_register
                                   1094 ;	src/rf_configure.c:205: buffer[0] = rx_pw_p3;
      0002B7 90r00r17         [24] 1095 	mov	dptr,#_rf_configure_PARM_19
      0002BA E0               [24] 1096 	movx	a,@dptr
      0002BB 90r00r1D         [24] 1097 	mov	dptr,#_rf_configure_buffer_1_32
      0002BE F0               [24] 1098 	movx	@dptr,a
                                   1099 ;	src/rf_configure.c:206: rf_write_register(RF_RX_PW_P3, buffer, 1);
      0002BF 90r00r00         [24] 1100 	mov	dptr,#_rf_write_register_PARM_2
      0002C2 74r1D            [12] 1101 	mov	a,#_rf_configure_buffer_1_32
      0002C4 F0               [24] 1102 	movx	@dptr,a
      0002C5 74s00            [12] 1103 	mov	a,#(_rf_configure_buffer_1_32 >> 8)
      0002C7 A3               [24] 1104 	inc	dptr
      0002C8 F0               [24] 1105 	movx	@dptr,a
      0002C9 E4               [12] 1106 	clr	a
      0002CA A3               [24] 1107 	inc	dptr
      0002CB F0               [24] 1108 	movx	@dptr,a
      0002CC 90r00r00         [24] 1109 	mov	dptr,#_rf_write_register_PARM_3
      0002CF 04               [12] 1110 	inc	a
      0002D0 F0               [24] 1111 	movx	@dptr,a
      0002D1 E4               [12] 1112 	clr	a
      0002D2 A3               [24] 1113 	inc	dptr
      0002D3 F0               [24] 1114 	movx	@dptr,a
      0002D4 75 82 14         [24] 1115 	mov	dpl,#0x14
      0002D7 12r00r00         [24] 1116 	lcall	_rf_write_register
                                   1117 ;	src/rf_configure.c:208: buffer[0] = rx_pw_p4;
      0002DA 90r00r18         [24] 1118 	mov	dptr,#_rf_configure_PARM_20
      0002DD E0               [24] 1119 	movx	a,@dptr
      0002DE 90r00r1D         [24] 1120 	mov	dptr,#_rf_configure_buffer_1_32
      0002E1 F0               [24] 1121 	movx	@dptr,a
                                   1122 ;	src/rf_configure.c:209: rf_write_register(RF_RX_PW_P4, buffer, 1);
      0002E2 90r00r00         [24] 1123 	mov	dptr,#_rf_write_register_PARM_2
      0002E5 74r1D            [12] 1124 	mov	a,#_rf_configure_buffer_1_32
      0002E7 F0               [24] 1125 	movx	@dptr,a
      0002E8 74s00            [12] 1126 	mov	a,#(_rf_configure_buffer_1_32 >> 8)
      0002EA A3               [24] 1127 	inc	dptr
      0002EB F0               [24] 1128 	movx	@dptr,a
      0002EC E4               [12] 1129 	clr	a
      0002ED A3               [24] 1130 	inc	dptr
      0002EE F0               [24] 1131 	movx	@dptr,a
      0002EF 90r00r00         [24] 1132 	mov	dptr,#_rf_write_register_PARM_3
      0002F2 04               [12] 1133 	inc	a
      0002F3 F0               [24] 1134 	movx	@dptr,a
      0002F4 E4               [12] 1135 	clr	a
      0002F5 A3               [24] 1136 	inc	dptr
      0002F6 F0               [24] 1137 	movx	@dptr,a
      0002F7 75 82 15         [24] 1138 	mov	dpl,#0x15
      0002FA 12r00r00         [24] 1139 	lcall	_rf_write_register
                                   1140 ;	src/rf_configure.c:211: buffer[0] = rx_pw_p5;
      0002FD 90r00r19         [24] 1141 	mov	dptr,#_rf_configure_PARM_21
      000300 E0               [24] 1142 	movx	a,@dptr
      000301 90r00r1D         [24] 1143 	mov	dptr,#_rf_configure_buffer_1_32
      000304 F0               [24] 1144 	movx	@dptr,a
                                   1145 ;	src/rf_configure.c:212: rf_write_register(RF_RX_PW_P5, buffer, 1);
      000305 90r00r00         [24] 1146 	mov	dptr,#_rf_write_register_PARM_2
      000308 74r1D            [12] 1147 	mov	a,#_rf_configure_buffer_1_32
      00030A F0               [24] 1148 	movx	@dptr,a
      00030B 74s00            [12] 1149 	mov	a,#(_rf_configure_buffer_1_32 >> 8)
      00030D A3               [24] 1150 	inc	dptr
      00030E F0               [24] 1151 	movx	@dptr,a
      00030F E4               [12] 1152 	clr	a
      000310 A3               [24] 1153 	inc	dptr
      000311 F0               [24] 1154 	movx	@dptr,a
      000312 90r00r00         [24] 1155 	mov	dptr,#_rf_write_register_PARM_3
      000315 04               [12] 1156 	inc	a
      000316 F0               [24] 1157 	movx	@dptr,a
      000317 E4               [12] 1158 	clr	a
      000318 A3               [24] 1159 	inc	dptr
      000319 F0               [24] 1160 	movx	@dptr,a
      00031A 75 82 16         [24] 1161 	mov	dpl,#0x16
      00031D 12r00r00         [24] 1162 	lcall	_rf_write_register
                                   1163 ;	src/rf_configure.c:214: buffer[0] = dynpd;
      000320 90r00r1A         [24] 1164 	mov	dptr,#_rf_configure_PARM_22
      000323 E0               [24] 1165 	movx	a,@dptr
      000324 90r00r1D         [24] 1166 	mov	dptr,#_rf_configure_buffer_1_32
      000327 F0               [24] 1167 	movx	@dptr,a
                                   1168 ;	src/rf_configure.c:215: rf_write_register(RF_DYNPD, buffer, 1);
      000328 90r00r00         [24] 1169 	mov	dptr,#_rf_write_register_PARM_2
      00032B 74r1D            [12] 1170 	mov	a,#_rf_configure_buffer_1_32
      00032D F0               [24] 1171 	movx	@dptr,a
      00032E 74s00            [12] 1172 	mov	a,#(_rf_configure_buffer_1_32 >> 8)
      000330 A3               [24] 1173 	inc	dptr
      000331 F0               [24] 1174 	movx	@dptr,a
      000332 E4               [12] 1175 	clr	a
      000333 A3               [24] 1176 	inc	dptr
      000334 F0               [24] 1177 	movx	@dptr,a
      000335 90r00r00         [24] 1178 	mov	dptr,#_rf_write_register_PARM_3
      000338 04               [12] 1179 	inc	a
      000339 F0               [24] 1180 	movx	@dptr,a
      00033A E4               [12] 1181 	clr	a
      00033B A3               [24] 1182 	inc	dptr
      00033C F0               [24] 1183 	movx	@dptr,a
      00033D 75 82 1C         [24] 1184 	mov	dpl,#0x1C
      000340 12r00r00         [24] 1185 	lcall	_rf_write_register
                                   1186 ;	src/rf_configure.c:217: buffer[0] = feature;
      000343 90r00r1B         [24] 1187 	mov	dptr,#_rf_configure_PARM_23
      000346 E0               [24] 1188 	movx	a,@dptr
      000347 90r00r1D         [24] 1189 	mov	dptr,#_rf_configure_buffer_1_32
      00034A F0               [24] 1190 	movx	@dptr,a
                                   1191 ;	src/rf_configure.c:218: rf_write_register(RF_FEATURE, buffer, 1);
      00034B 90r00r00         [24] 1192 	mov	dptr,#_rf_write_register_PARM_2
      00034E 74r1D            [12] 1193 	mov	a,#_rf_configure_buffer_1_32
      000350 F0               [24] 1194 	movx	@dptr,a
      000351 74s00            [12] 1195 	mov	a,#(_rf_configure_buffer_1_32 >> 8)
      000353 A3               [24] 1196 	inc	dptr
      000354 F0               [24] 1197 	movx	@dptr,a
      000355 E4               [12] 1198 	clr	a
      000356 A3               [24] 1199 	inc	dptr
      000357 F0               [24] 1200 	movx	@dptr,a
      000358 90r00r00         [24] 1201 	mov	dptr,#_rf_write_register_PARM_3
      00035B 04               [12] 1202 	inc	a
      00035C F0               [24] 1203 	movx	@dptr,a
      00035D E4               [12] 1204 	clr	a
      00035E A3               [24] 1205 	inc	dptr
      00035F F0               [24] 1206 	movx	@dptr,a
      000360 75 82 1D         [24] 1207 	mov	dpl,#0x1D
      000363 12r00r00         [24] 1208 	lcall	_rf_write_register
                                   1209 ;	src/rf_configure.c:221: if((config & RF_CONFIG_PWR_UP) != 0)
      000366 90r00r1C         [24] 1210 	mov	dptr,#_rf_configure_config_1_31
      000369 E0               [24] 1211 	movx	a,@dptr
      00036A FF               [12] 1212 	mov	r7,a
      00036B 30 E1 0F         [24] 1213 	jnb	acc.1,00111$
                                   1214 ;	src/rf_configure.c:223: rf_power_up_param(opt_rx_active_mode, config);
      00036E 90r00r00         [24] 1215 	mov	dptr,#_rf_configure_PARM_2
      000371 E0               [24] 1216 	movx	a,@dptr
      000372 FE               [12] 1217 	mov	r6,a
      000373 90r00r00         [24] 1218 	mov	dptr,#_rf_power_up_param_PARM_2
      000376 EF               [12] 1219 	mov	a,r7
      000377 F0               [24] 1220 	movx	@dptr,a
      000378 8E 82            [24] 1221 	mov	dpl,r6
      00037A 02r00r00         [24] 1222 	ljmp	_rf_power_up_param
      00037D                       1223 00111$:
                                   1224 ;	src/rf_configure.c:227: rf_power_down_param(config);
      00037D 8F 82            [24] 1225 	mov	dpl,r7
      00037F 02r00r00         [24] 1226 	ljmp	_rf_power_down_param
                                   1227 	.area CSEG    (CODE)
                                   1228 	.area CONST   (CODE)
                                   1229 	.area XINIT   (CODE)
                                   1230 	.area CABS    (ABS,CODE)
