                                      1 ;--------------------------------------------------------
                                      2 ; File Created by SDCC : free open source ANSI-C Compiler
                                      3 ; Version 3.4.0 #8981 (Apr  5 2014) (MINGW32)
                                      4 ; This file was generated Sun Jul 20 08:46:08 2014
                                      5 ;--------------------------------------------------------
                                      6 	.module rf_spi_send_read
                                      7 	.optsdcc -mmcs51 --model-large
                                      8 	
                                      9 ;--------------------------------------------------------
                                     10 ; Public variables in this module
                                     11 ;--------------------------------------------------------
                                     12 	.globl _rf_spi_send_read_byte
                                     13 	.globl _FSR_SB_ENDBG
                                     14 	.globl _FSR_SB_STP
                                     15 	.globl _FSR_SB_WEN
                                     16 	.globl _FSR_SB_RDYN
                                     17 	.globl _FSR_SB_INFEN
                                     18 	.globl _FSR_SB_RDISMB
                                     19 	.globl _RFCON_SB_RFCKEN
                                     20 	.globl _RFCON_SB_RFCSN
                                     21 	.globl _RFCON_SB_RFCE
                                     22 	.globl _ADCON_SB_BD
                                     23 	.globl _PSW_SB_P
                                     24 	.globl _PSW_SB_F1
                                     25 	.globl _PSW_SB_OV
                                     26 	.globl _PSW_SB_RS0
                                     27 	.globl _PSW_SB_RS1
                                     28 	.globl _PSW_SB_F0
                                     29 	.globl _PSW_SB_AC
                                     30 	.globl _PSW_SB_CY
                                     31 	.globl _T2CON_SB_T2PS
                                     32 	.globl _T2CON_SB_I3FR
                                     33 	.globl _T2CON_SB_I2FR
                                     34 	.globl _T2CON_SB_T2R1
                                     35 	.globl _T2CON_SB_T2R0
                                     36 	.globl _T2CON_SB_T2CM
                                     37 	.globl _T2CON_SB_T2I1
                                     38 	.globl _T2CON_SB_T2I0
                                     39 	.globl _IRCON_SB_EXF2
                                     40 	.globl _IRCON_SB_TF2
                                     41 	.globl _IRCON_SB_TICK
                                     42 	.globl _IRCON_SB_MISCIRQ
                                     43 	.globl _IRCON_SB_WUOPIRQ
                                     44 	.globl _IRCON_SB_SPI_2WIRE
                                     45 	.globl _IRCON_SB_RFIRQ
                                     46 	.globl _IRCON_SB_RFRDY
                                     47 	.globl _IEN1_SB_T2EXTRLD
                                     48 	.globl _IEN1_SB_TICK
                                     49 	.globl _IEN1_SB_MISCIRQ
                                     50 	.globl _IEN1_SB_WUOPIRQ
                                     51 	.globl _IEN1_SB_SPI_2WIRE
                                     52 	.globl _IEN1_SB_RFIRQ
                                     53 	.globl _IEN1_SB_RFRDY
                                     54 	.globl _P3_SB_D7
                                     55 	.globl _P3_SB_D6
                                     56 	.globl _P3_SB_D5
                                     57 	.globl _P3_SB_D4
                                     58 	.globl _P3_SB_D3
                                     59 	.globl _P3_SB_D2
                                     60 	.globl _P3_SB_D1
                                     61 	.globl _P3_SB_D0
                                     62 	.globl _IEN0_SB_GLOBAL
                                     63 	.globl _IEN0_SB_T2
                                     64 	.globl _IEN0_SB_UART
                                     65 	.globl _IEN0_SB_T1
                                     66 	.globl _IEN0_SB_POFIRQ
                                     67 	.globl _IEN0_SB_T0
                                     68 	.globl _IEN0_SB_IFP
                                     69 	.globl _P2_SB_D7
                                     70 	.globl _P2_SB_D6
                                     71 	.globl _P2_SB_D5
                                     72 	.globl _P2_SB_D4
                                     73 	.globl _P2_SB_D3
                                     74 	.globl _P2_SB_D2
                                     75 	.globl _P2_SB_D1
                                     76 	.globl _P2_SB_D0
                                     77 	.globl _S0CON_SB_SM0
                                     78 	.globl _S0CON_SB_SM1
                                     79 	.globl _S0CON_SB_SM20
                                     80 	.globl _S0CON_SB_REN0
                                     81 	.globl _S0CON_SB_TB80
                                     82 	.globl _S0CON_SB_RB80
                                     83 	.globl _S0CON_SB_TI0
                                     84 	.globl _S0CON_SB_RI0
                                     85 	.globl _P1_SB_D7
                                     86 	.globl _P1_SB_D6
                                     87 	.globl _P1_SB_D5
                                     88 	.globl _P1_SB_D4
                                     89 	.globl _P1_SB_D3
                                     90 	.globl _P1_SB_D2
                                     91 	.globl _P1_SB_D1
                                     92 	.globl _P1_SB_D0
                                     93 	.globl _TCON_SB_TF1
                                     94 	.globl _TCON_SB_TR1
                                     95 	.globl _TCON_SB_TF0
                                     96 	.globl _TCON_SB_TR0
                                     97 	.globl _TCON_SB_IE1
                                     98 	.globl _TCON_SB_IT1
                                     99 	.globl _TCON_SB_IE0
                                    100 	.globl _TCON_SB_IT0
                                    101 	.globl _P0_SB_D7
                                    102 	.globl _P0_SB_D6
                                    103 	.globl _P0_SB_D5
                                    104 	.globl _P0_SB_D4
                                    105 	.globl _P0_SB_D3
                                    106 	.globl _P0_SB_D2
                                    107 	.globl _P0_SB_D1
                                    108 	.globl _P0_SB_D0
                                    109 	.globl _ADCDAT
                                    110 	.globl _S0REL
                                    111 	.globl _T2
                                    112 	.globl _T1
                                    113 	.globl _T0
                                    114 	.globl _CRC
                                    115 	.globl _CC3
                                    116 	.globl _CC2
                                    117 	.globl _CC1
                                    118 	.globl _SPIMDAT
                                    119 	.globl _SPIMSTAT
                                    120 	.globl _SPIMCON1
                                    121 	.globl _SPIMCON0
                                    122 	.globl _FCR
                                    123 	.globl _FPCR
                                    124 	.globl _FSR
                                    125 	.globl _B
                                    126 	.globl _ARCON
                                    127 	.globl _MD5
                                    128 	.globl _MD4
                                    129 	.globl _MD3
                                    130 	.globl _MD2
                                    131 	.globl _MD1
                                    132 	.globl _MD0
                                    133 	.globl _RFCON
                                    134 	.globl _SPIRDAT
                                    135 	.globl _SPIRSTAT
                                    136 	.globl _SPIRCON1
                                    137 	.globl _SPIRCON0
                                    138 	.globl _W2CON0
                                    139 	.globl _W2CON1
                                    140 	.globl _ACC
                                    141 	.globl _CCPDATO
                                    142 	.globl _CCPDATIB
                                    143 	.globl _CCPDATIA
                                    144 	.globl _POFCON
                                    145 	.globl _COMPCON
                                    146 	.globl _W2DAT
                                    147 	.globl _W2SADR
                                    148 	.globl _ADCON
                                    149 	.globl _RNGDAT
                                    150 	.globl _RNGCTL
                                    151 	.globl _ADCDATL
                                    152 	.globl _ADCDATH
                                    153 	.globl _ADCCON1
                                    154 	.globl _ADCCON2
                                    155 	.globl _ADCCON3
                                    156 	.globl _PSW
                                    157 	.globl _WUOPC0
                                    158 	.globl _WUOPC1
                                    159 	.globl _TH2
                                    160 	.globl _TL2
                                    161 	.globl _CRCH
                                    162 	.globl _CRCL
                                    163 	.globl __XPAGE
                                    164 	.globl _MPAGE
                                    165 	.globl _T2CON
                                    166 	.globl _CCH3
                                    167 	.globl _CCL3
                                    168 	.globl _CCH2
                                    169 	.globl _CCL2
                                    170 	.globl _CCH1
                                    171 	.globl _CCL1
                                    172 	.globl _CCEN
                                    173 	.globl _IRCON
                                    174 	.globl _SPISDAT
                                    175 	.globl _SPISSTAT
                                    176 	.globl _SPISCON1
                                    177 	.globl _SPISCON0
                                    178 	.globl _S0RELH
                                    179 	.globl _IP1
                                    180 	.globl _IEN1
                                    181 	.globl _SPISRDSZ
                                    182 	.globl _RTC2CPT00
                                    183 	.globl _RTC2CMP1
                                    184 	.globl _RTC2CMP0
                                    185 	.globl _RTC2CON
                                    186 	.globl _PWMCON
                                    187 	.globl _RSTREAS
                                    188 	.globl _P3
                                    189 	.globl _WDSV
                                    190 	.globl _OPMCON
                                    191 	.globl _CLKLFCTRL
                                    192 	.globl _RTC2CPT10
                                    193 	.globl _RTC2CPT01
                                    194 	.globl _S0RELL
                                    195 	.globl _IP0
                                    196 	.globl _IEN0
                                    197 	.globl _MEMCON
                                    198 	.globl _INTEXP
                                    199 	.globl _WUCON
                                    200 	.globl _PWRDWN
                                    201 	.globl _CLKCTRL
                                    202 	.globl _PWMDC1
                                    203 	.globl _PWMDC0
                                    204 	.globl _P2
                                    205 	.globl _P1CON
                                    206 	.globl _P0CON
                                    207 	.globl _S0BUF
                                    208 	.globl _S0CON
                                    209 	.globl _P2CON
                                    210 	.globl _P3DIR
                                    211 	.globl _P2DIR
                                    212 	.globl _P1DIR
                                    213 	.globl _P0DIR
                                    214 	.globl _DPS
                                    215 	.globl _P1
                                    216 	.globl _P3CON
                                    217 	.globl _TH1
                                    218 	.globl _TH0
                                    219 	.globl _TL1
                                    220 	.globl _TL0
                                    221 	.globl _TMOD
                                    222 	.globl _TCON
                                    223 	.globl _PCON
                                    224 	.globl _DPH1
                                    225 	.globl _DPL1
                                    226 	.globl _DPH
                                    227 	.globl _DPL
                                    228 	.globl _SP
                                    229 	.globl _P0
                                    230 	.globl _rf_spi_send_read_PARM_3
                                    231 	.globl _rf_spi_send_read_PARM_2
                                    232 	.globl _rf_spi_send_read
                                    233 ;--------------------------------------------------------
                                    234 ; special function registers
                                    235 ;--------------------------------------------------------
                                    236 	.area RSEG    (ABS,DATA)
      000000                        237 	.org 0x0000
                           000080   238 _P0	=	0x0080
                           000081   239 _SP	=	0x0081
                           000082   240 _DPL	=	0x0082
                           000083   241 _DPH	=	0x0083
                           000084   242 _DPL1	=	0x0084
                           000085   243 _DPH1	=	0x0085
                           000087   244 _PCON	=	0x0087
                           000088   245 _TCON	=	0x0088
                           000089   246 _TMOD	=	0x0089
                           00008A   247 _TL0	=	0x008a
                           00008B   248 _TL1	=	0x008b
                           00008C   249 _TH0	=	0x008c
                           00008D   250 _TH1	=	0x008d
                           00008F   251 _P3CON	=	0x008f
                           000090   252 _P1	=	0x0090
                           000092   253 _DPS	=	0x0092
                           000093   254 _P0DIR	=	0x0093
                           000094   255 _P1DIR	=	0x0094
                           000095   256 _P2DIR	=	0x0095
                           000096   257 _P3DIR	=	0x0096
                           000097   258 _P2CON	=	0x0097
                           000098   259 _S0CON	=	0x0098
                           000099   260 _S0BUF	=	0x0099
                           00009E   261 _P0CON	=	0x009e
                           00009F   262 _P1CON	=	0x009f
                           0000A0   263 _P2	=	0x00a0
                           0000A1   264 _PWMDC0	=	0x00a1
                           0000A2   265 _PWMDC1	=	0x00a2
                           0000A3   266 _CLKCTRL	=	0x00a3
                           0000A4   267 _PWRDWN	=	0x00a4
                           0000A5   268 _WUCON	=	0x00a5
                           0000A6   269 _INTEXP	=	0x00a6
                           0000A7   270 _MEMCON	=	0x00a7
                           0000A8   271 _IEN0	=	0x00a8
                           0000A9   272 _IP0	=	0x00a9
                           0000AA   273 _S0RELL	=	0x00aa
                           0000AB   274 _RTC2CPT01	=	0x00ab
                           0000AC   275 _RTC2CPT10	=	0x00ac
                           0000AD   276 _CLKLFCTRL	=	0x00ad
                           0000AE   277 _OPMCON	=	0x00ae
                           0000AF   278 _WDSV	=	0x00af
                           0000B0   279 _P3	=	0x00b0
                           0000B1   280 _RSTREAS	=	0x00b1
                           0000B2   281 _PWMCON	=	0x00b2
                           0000B3   282 _RTC2CON	=	0x00b3
                           0000B4   283 _RTC2CMP0	=	0x00b4
                           0000B5   284 _RTC2CMP1	=	0x00b5
                           0000B6   285 _RTC2CPT00	=	0x00b6
                           0000B7   286 _SPISRDSZ	=	0x00b7
                           0000B8   287 _IEN1	=	0x00b8
                           0000B9   288 _IP1	=	0x00b9
                           0000BA   289 _S0RELH	=	0x00ba
                           0000BC   290 _SPISCON0	=	0x00bc
                           0000BD   291 _SPISCON1	=	0x00bd
                           0000BE   292 _SPISSTAT	=	0x00be
                           0000BF   293 _SPISDAT	=	0x00bf
                           0000C0   294 _IRCON	=	0x00c0
                           0000C1   295 _CCEN	=	0x00c1
                           0000C2   296 _CCL1	=	0x00c2
                           0000C3   297 _CCH1	=	0x00c3
                           0000C4   298 _CCL2	=	0x00c4
                           0000C5   299 _CCH2	=	0x00c5
                           0000C6   300 _CCL3	=	0x00c6
                           0000C7   301 _CCH3	=	0x00c7
                           0000C8   302 _T2CON	=	0x00c8
                           0000C9   303 _MPAGE	=	0x00c9
                           0000C9   304 __XPAGE	=	0x00c9
                           0000CA   305 _CRCL	=	0x00ca
                           0000CB   306 _CRCH	=	0x00cb
                           0000CC   307 _TL2	=	0x00cc
                           0000CD   308 _TH2	=	0x00cd
                           0000CE   309 _WUOPC1	=	0x00ce
                           0000CF   310 _WUOPC0	=	0x00cf
                           0000D0   311 _PSW	=	0x00d0
                           0000D1   312 _ADCCON3	=	0x00d1
                           0000D2   313 _ADCCON2	=	0x00d2
                           0000D3   314 _ADCCON1	=	0x00d3
                           0000D4   315 _ADCDATH	=	0x00d4
                           0000D5   316 _ADCDATL	=	0x00d5
                           0000D6   317 _RNGCTL	=	0x00d6
                           0000D7   318 _RNGDAT	=	0x00d7
                           0000D8   319 _ADCON	=	0x00d8
                           0000D9   320 _W2SADR	=	0x00d9
                           0000DA   321 _W2DAT	=	0x00da
                           0000DB   322 _COMPCON	=	0x00db
                           0000DC   323 _POFCON	=	0x00dc
                           0000DD   324 _CCPDATIA	=	0x00dd
                           0000DE   325 _CCPDATIB	=	0x00de
                           0000DF   326 _CCPDATO	=	0x00df
                           0000E0   327 _ACC	=	0x00e0
                           0000E1   328 _W2CON1	=	0x00e1
                           0000E2   329 _W2CON0	=	0x00e2
                           0000E4   330 _SPIRCON0	=	0x00e4
                           0000E5   331 _SPIRCON1	=	0x00e5
                           0000E6   332 _SPIRSTAT	=	0x00e6
                           0000E7   333 _SPIRDAT	=	0x00e7
                           0000E8   334 _RFCON	=	0x00e8
                           0000E9   335 _MD0	=	0x00e9
                           0000EA   336 _MD1	=	0x00ea
                           0000EB   337 _MD2	=	0x00eb
                           0000EC   338 _MD3	=	0x00ec
                           0000ED   339 _MD4	=	0x00ed
                           0000EE   340 _MD5	=	0x00ee
                           0000EF   341 _ARCON	=	0x00ef
                           0000F0   342 _B	=	0x00f0
                           0000F8   343 _FSR	=	0x00f8
                           0000F9   344 _FPCR	=	0x00f9
                           0000FA   345 _FCR	=	0x00fa
                           0000FC   346 _SPIMCON0	=	0x00fc
                           0000FD   347 _SPIMCON1	=	0x00fd
                           0000FE   348 _SPIMSTAT	=	0x00fe
                           0000FF   349 _SPIMDAT	=	0x00ff
                           00C3C2   350 _CC1	=	0xc3c2
                           00C5C4   351 _CC2	=	0xc5c4
                           00C7C6   352 _CC3	=	0xc7c6
                           00CBCA   353 _CRC	=	0xcbca
                           008C8A   354 _T0	=	0x8c8a
                           008D8B   355 _T1	=	0x8d8b
                           00CDCC   356 _T2	=	0xcdcc
                           00BAAA   357 _S0REL	=	0xbaaa
                           00D4D5   358 _ADCDAT	=	0xd4d5
                                    359 ;--------------------------------------------------------
                                    360 ; special function bits
                                    361 ;--------------------------------------------------------
                                    362 	.area RSEG    (ABS,DATA)
      000000                        363 	.org 0x0000
                           000080   364 _P0_SB_D0	=	0x0080
                           000081   365 _P0_SB_D1	=	0x0081
                           000082   366 _P0_SB_D2	=	0x0082
                           000083   367 _P0_SB_D3	=	0x0083
                           000084   368 _P0_SB_D4	=	0x0084
                           000085   369 _P0_SB_D5	=	0x0085
                           000086   370 _P0_SB_D6	=	0x0086
                           000087   371 _P0_SB_D7	=	0x0087
                           000088   372 _TCON_SB_IT0	=	0x0088
                           000089   373 _TCON_SB_IE0	=	0x0089
                           00008A   374 _TCON_SB_IT1	=	0x008a
                           00008B   375 _TCON_SB_IE1	=	0x008b
                           00008C   376 _TCON_SB_TR0	=	0x008c
                           00008D   377 _TCON_SB_TF0	=	0x008d
                           00008E   378 _TCON_SB_TR1	=	0x008e
                           00008F   379 _TCON_SB_TF1	=	0x008f
                           000090   380 _P1_SB_D0	=	0x0090
                           000091   381 _P1_SB_D1	=	0x0091
                           000092   382 _P1_SB_D2	=	0x0092
                           000093   383 _P1_SB_D3	=	0x0093
                           000094   384 _P1_SB_D4	=	0x0094
                           000095   385 _P1_SB_D5	=	0x0095
                           000096   386 _P1_SB_D6	=	0x0096
                           000097   387 _P1_SB_D7	=	0x0097
                           000098   388 _S0CON_SB_RI0	=	0x0098
                           000099   389 _S0CON_SB_TI0	=	0x0099
                           00009A   390 _S0CON_SB_RB80	=	0x009a
                           00009B   391 _S0CON_SB_TB80	=	0x009b
                           00009C   392 _S0CON_SB_REN0	=	0x009c
                           00009D   393 _S0CON_SB_SM20	=	0x009d
                           00009E   394 _S0CON_SB_SM1	=	0x009e
                           00009F   395 _S0CON_SB_SM0	=	0x009f
                           0000A0   396 _P2_SB_D0	=	0x00a0
                           0000A1   397 _P2_SB_D1	=	0x00a1
                           0000A2   398 _P2_SB_D2	=	0x00a2
                           0000A3   399 _P2_SB_D3	=	0x00a3
                           0000A4   400 _P2_SB_D4	=	0x00a4
                           0000A5   401 _P2_SB_D5	=	0x00a5
                           0000A6   402 _P2_SB_D6	=	0x00a6
                           0000A7   403 _P2_SB_D7	=	0x00a7
                           0000A8   404 _IEN0_SB_IFP	=	0x00a8
                           0000A9   405 _IEN0_SB_T0	=	0x00a9
                           0000AA   406 _IEN0_SB_POFIRQ	=	0x00aa
                           0000AB   407 _IEN0_SB_T1	=	0x00ab
                           0000AC   408 _IEN0_SB_UART	=	0x00ac
                           0000AD   409 _IEN0_SB_T2	=	0x00ad
                           0000AF   410 _IEN0_SB_GLOBAL	=	0x00af
                           0000B0   411 _P3_SB_D0	=	0x00b0
                           0000B1   412 _P3_SB_D1	=	0x00b1
                           0000B2   413 _P3_SB_D2	=	0x00b2
                           0000B3   414 _P3_SB_D3	=	0x00b3
                           0000B4   415 _P3_SB_D4	=	0x00b4
                           0000B5   416 _P3_SB_D5	=	0x00b5
                           0000B6   417 _P3_SB_D6	=	0x00b6
                           0000B7   418 _P3_SB_D7	=	0x00b7
                           0000B8   419 _IEN1_SB_RFRDY	=	0x00b8
                           0000B9   420 _IEN1_SB_RFIRQ	=	0x00b9
                           0000BA   421 _IEN1_SB_SPI_2WIRE	=	0x00ba
                           0000BB   422 _IEN1_SB_WUOPIRQ	=	0x00bb
                           0000BC   423 _IEN1_SB_MISCIRQ	=	0x00bc
                           0000BD   424 _IEN1_SB_TICK	=	0x00bd
                           0000BF   425 _IEN1_SB_T2EXTRLD	=	0x00bf
                           0000C0   426 _IRCON_SB_RFRDY	=	0x00c0
                           0000C1   427 _IRCON_SB_RFIRQ	=	0x00c1
                           0000C2   428 _IRCON_SB_SPI_2WIRE	=	0x00c2
                           0000C3   429 _IRCON_SB_WUOPIRQ	=	0x00c3
                           0000C4   430 _IRCON_SB_MISCIRQ	=	0x00c4
                           0000C5   431 _IRCON_SB_TICK	=	0x00c5
                           0000C6   432 _IRCON_SB_TF2	=	0x00c6
                           0000C7   433 _IRCON_SB_EXF2	=	0x00c7
                           0000C8   434 _T2CON_SB_T2I0	=	0x00c8
                           0000C9   435 _T2CON_SB_T2I1	=	0x00c9
                           0000CA   436 _T2CON_SB_T2CM	=	0x00ca
                           0000CB   437 _T2CON_SB_T2R0	=	0x00cb
                           0000CC   438 _T2CON_SB_T2R1	=	0x00cc
                           0000CD   439 _T2CON_SB_I2FR	=	0x00cd
                           0000CE   440 _T2CON_SB_I3FR	=	0x00ce
                           0000CF   441 _T2CON_SB_T2PS	=	0x00cf
                           0000D7   442 _PSW_SB_CY	=	0x00d7
                           0000D6   443 _PSW_SB_AC	=	0x00d6
                           0000D5   444 _PSW_SB_F0	=	0x00d5
                           0000D4   445 _PSW_SB_RS1	=	0x00d4
                           0000D3   446 _PSW_SB_RS0	=	0x00d3
                           0000D2   447 _PSW_SB_OV	=	0x00d2
                           0000D1   448 _PSW_SB_F1	=	0x00d1
                           0000D0   449 _PSW_SB_P	=	0x00d0
                           0000DF   450 _ADCON_SB_BD	=	0x00df
                           0000E8   451 _RFCON_SB_RFCE	=	0x00e8
                           0000E9   452 _RFCON_SB_RFCSN	=	0x00e9
                           0000EA   453 _RFCON_SB_RFCKEN	=	0x00ea
                           0000FA   454 _FSR_SB_RDISMB	=	0x00fa
                           0000FB   455 _FSR_SB_INFEN	=	0x00fb
                           0000FC   456 _FSR_SB_RDYN	=	0x00fc
                           0000FD   457 _FSR_SB_WEN	=	0x00fd
                           0000FE   458 _FSR_SB_STP	=	0x00fe
                           0000FF   459 _FSR_SB_ENDBG	=	0x00ff
                                    460 ;--------------------------------------------------------
                                    461 ; overlayable register banks
                                    462 ;--------------------------------------------------------
                                    463 	.area REG_BANK_0	(REL,OVR,DATA)
      000000                        464 	.ds 8
                                    465 ;--------------------------------------------------------
                                    466 ; internal ram data
                                    467 ;--------------------------------------------------------
                                    468 	.area DSEG    (DATA)
      000000                        469 _rf_spi_send_read_sloc0_1_0:
      000000                        470 	.ds 3
      000003                        471 _rf_spi_send_read_sloc1_1_0:
      000003                        472 	.ds 1
                                    473 ;--------------------------------------------------------
                                    474 ; overlayable items in internal ram 
                                    475 ;--------------------------------------------------------
                                    476 ;--------------------------------------------------------
                                    477 ; indirectly addressable internal ram data
                                    478 ;--------------------------------------------------------
                                    479 	.area ISEG    (DATA)
                                    480 ;--------------------------------------------------------
                                    481 ; absolute internal ram data
                                    482 ;--------------------------------------------------------
                                    483 	.area IABS    (ABS,DATA)
                                    484 	.area IABS    (ABS,DATA)
                                    485 ;--------------------------------------------------------
                                    486 ; bit data
                                    487 ;--------------------------------------------------------
                                    488 	.area BSEG    (BIT)
                                    489 ;--------------------------------------------------------
                                    490 ; paged external ram data
                                    491 ;--------------------------------------------------------
                                    492 	.area PSEG    (PAG,XDATA)
                                    493 ;--------------------------------------------------------
                                    494 ; external ram data
                                    495 ;--------------------------------------------------------
                                    496 	.area XSEG    (XDATA)
      000000                        497 _rf_spi_send_read_PARM_2:
      000000                        498 	.ds 2
      000002                        499 _rf_spi_send_read_PARM_3:
      000002                        500 	.ds 1
      000003                        501 _rf_spi_send_read_dataptr_1_31:
      000003                        502 	.ds 3
                                    503 ;--------------------------------------------------------
                                    504 ; absolute external ram data
                                    505 ;--------------------------------------------------------
                                    506 	.area XABS    (ABS,XDATA)
                                    507 ;--------------------------------------------------------
                                    508 ; external initialized ram data
                                    509 ;--------------------------------------------------------
                                    510 	.area XISEG   (XDATA)
                                    511 	.area HOME    (CODE)
                                    512 	.area GSINIT0 (CODE)
                                    513 	.area GSINIT1 (CODE)
                                    514 	.area GSINIT2 (CODE)
                                    515 	.area GSINIT3 (CODE)
                                    516 	.area GSINIT4 (CODE)
                                    517 	.area GSINIT5 (CODE)
                                    518 	.area GSINIT  (CODE)
                                    519 	.area GSFINAL (CODE)
                                    520 	.area CSEG    (CODE)
                                    521 ;--------------------------------------------------------
                                    522 ; global & static initialisations
                                    523 ;--------------------------------------------------------
                                    524 	.area HOME    (CODE)
                                    525 	.area GSINIT  (CODE)
                                    526 	.area GSFINAL (CODE)
                                    527 	.area GSINIT  (CODE)
                                    528 ;--------------------------------------------------------
                                    529 ; Home
                                    530 ;--------------------------------------------------------
                                    531 	.area HOME    (CODE)
                                    532 	.area HOME    (CODE)
                                    533 ;--------------------------------------------------------
                                    534 ; code
                                    535 ;--------------------------------------------------------
                                    536 	.area CSEG    (CODE)
                                    537 ;------------------------------------------------------------
                                    538 ;Allocation info for local variables in function 'rf_spi_send_read'
                                    539 ;------------------------------------------------------------
                                    540 ;sloc0                     Allocated with name '_rf_spi_send_read_sloc0_1_0'
                                    541 ;sloc1                     Allocated with name '_rf_spi_send_read_sloc1_1_0'
                                    542 ;len                       Allocated with name '_rf_spi_send_read_PARM_2'
                                    543 ;copydata                  Allocated with name '_rf_spi_send_read_PARM_3'
                                    544 ;dataptr                   Allocated with name '_rf_spi_send_read_dataptr_1_31'
                                    545 ;i                         Allocated with name '_rf_spi_send_read_i_1_32'
                                    546 ;tempbyte                  Allocated with name '_rf_spi_send_read_tempbyte_1_32'
                                    547 ;------------------------------------------------------------
                                    548 ;	src/rf_spi_send_read.c:49: void rf_spi_send_read(uint8_t * dataptr, uint16_t len, bool copydata)
                                    549 ;	-----------------------------------------
                                    550 ;	 function rf_spi_send_read
                                    551 ;	-----------------------------------------
      000000                        552 _rf_spi_send_read:
                           000007   553 	ar7 = 0x07
                           000006   554 	ar6 = 0x06
                           000005   555 	ar5 = 0x05
                           000004   556 	ar4 = 0x04
                           000003   557 	ar3 = 0x03
                           000002   558 	ar2 = 0x02
                           000001   559 	ar1 = 0x01
                           000000   560 	ar0 = 0x00
      000000 AF F0            [24]  561 	mov	r7,b
      000002 AE 83            [24]  562 	mov	r6,dph
      000004 E5 82            [12]  563 	mov	a,dpl
      000006 90r00r03         [24]  564 	mov	dptr,#_rf_spi_send_read_dataptr_1_31
      000009 F0               [24]  565 	movx	@dptr,a
      00000A EE               [12]  566 	mov	a,r6
      00000B A3               [24]  567 	inc	dptr
      00000C F0               [24]  568 	movx	@dptr,a
      00000D EF               [12]  569 	mov	a,r7
      00000E A3               [24]  570 	inc	dptr
      00000F F0               [24]  571 	movx	@dptr,a
                                    572 ;	src/rf_spi_send_read.c:55: for(i = 0; i < len; i++)
      000010 90r00r03         [24]  573 	mov	dptr,#_rf_spi_send_read_dataptr_1_31
      000013 E0               [24]  574 	movx	a,@dptr
      000014 FD               [12]  575 	mov	r5,a
      000015 A3               [24]  576 	inc	dptr
      000016 E0               [24]  577 	movx	a,@dptr
      000017 FE               [12]  578 	mov	r6,a
      000018 A3               [24]  579 	inc	dptr
      000019 E0               [24]  580 	movx	a,@dptr
      00001A FF               [12]  581 	mov	r7,a
      00001B 90r00r02         [24]  582 	mov	dptr,#_rf_spi_send_read_PARM_3
      00001E E0               [24]  583 	movx	a,@dptr
      00001F FC               [12]  584 	mov	r4,a
      000020 90r00r00         [24]  585 	mov	dptr,#_rf_spi_send_read_PARM_2
      000023 E0               [24]  586 	movx	a,@dptr
      000024 FA               [12]  587 	mov	r2,a
      000025 A3               [24]  588 	inc	dptr
      000026 E0               [24]  589 	movx	a,@dptr
      000027 FB               [12]  590 	mov	r3,a
      000028 78 00            [12]  591 	mov	r0,#0x00
      00002A 79 00            [12]  592 	mov	r1,#0x00
      00002C                        593 00105$:
      00002C C3               [12]  594 	clr	c
      00002D E8               [12]  595 	mov	a,r0
      00002E 9A               [12]  596 	subb	a,r2
      00002F E9               [12]  597 	mov	a,r1
      000030 9B               [12]  598 	subb	a,r3
      000031 50 5F            [24]  599 	jnc	00107$
                                    600 ;	src/rf_spi_send_read.c:57: tempbyte = rf_spi_send_read_byte(dataptr[i]); //Send the value, and then save the received value
      000033 C0 02            [24]  601 	push	ar2
      000035 C0 03            [24]  602 	push	ar3
      000037 E8               [12]  603 	mov	a,r0
      000038 2D               [12]  604 	add	a,r5
      000039 F5*00            [12]  605 	mov	_rf_spi_send_read_sloc0_1_0,a
      00003B E9               [12]  606 	mov	a,r1
      00003C 3E               [12]  607 	addc	a,r6
      00003D F5*01            [12]  608 	mov	(_rf_spi_send_read_sloc0_1_0 + 1),a
      00003F 8F*02            [24]  609 	mov	(_rf_spi_send_read_sloc0_1_0 + 2),r7
      000041 85*00 82         [24]  610 	mov	dpl,_rf_spi_send_read_sloc0_1_0
      000044 85*01 83         [24]  611 	mov	dph,(_rf_spi_send_read_sloc0_1_0 + 1)
      000047 85*02 F0         [24]  612 	mov	b,(_rf_spi_send_read_sloc0_1_0 + 2)
      00004A 12r00r00         [24]  613 	lcall	__gptrget
      00004D FB               [12]  614 	mov	r3,a
      00004E F5 82            [12]  615 	mov	dpl,a
      000050 C0 07            [24]  616 	push	ar7
      000052 C0 06            [24]  617 	push	ar6
      000054 C0 05            [24]  618 	push	ar5
      000056 C0 04            [24]  619 	push	ar4
      000058 C0 03            [24]  620 	push	ar3
      00005A C0 02            [24]  621 	push	ar2
      00005C C0 01            [24]  622 	push	ar1
      00005E C0 00            [24]  623 	push	ar0
      000060 12r00r00         [24]  624 	lcall	_rf_spi_send_read_byte
      000063 85 82*03         [24]  625 	mov	_rf_spi_send_read_sloc1_1_0,dpl
      000066 D0 00            [24]  626 	pop	ar0
      000068 D0 01            [24]  627 	pop	ar1
      00006A D0 02            [24]  628 	pop	ar2
      00006C D0 03            [24]  629 	pop	ar3
      00006E D0 04            [24]  630 	pop	ar4
      000070 D0 05            [24]  631 	pop	ar5
      000072 D0 06            [24]  632 	pop	ar6
      000074 D0 07            [24]  633 	pop	ar7
                                    634 ;	src/rf_spi_send_read.c:60: if(copydata != false)
      000076 D0 03            [24]  635 	pop	ar3
      000078 D0 02            [24]  636 	pop	ar2
      00007A EC               [12]  637 	mov	a,r4
      00007B 60 0E            [24]  638 	jz	00106$
                                    639 ;	src/rf_spi_send_read.c:62: dataptr[i] = tempbyte;
      00007D 85*00 82         [24]  640 	mov	dpl,_rf_spi_send_read_sloc0_1_0
      000080 85*01 83         [24]  641 	mov	dph,(_rf_spi_send_read_sloc0_1_0 + 1)
      000083 85*02 F0         [24]  642 	mov	b,(_rf_spi_send_read_sloc0_1_0 + 2)
      000086 E5*03            [12]  643 	mov	a,_rf_spi_send_read_sloc1_1_0
      000088 12r00r00         [24]  644 	lcall	__gptrput
      00008B                        645 00106$:
                                    646 ;	src/rf_spi_send_read.c:55: for(i = 0; i < len; i++)
      00008B 08               [12]  647 	inc	r0
      00008C B8 00 9D         [24]  648 	cjne	r0,#0x00,00105$
      00008F 09               [12]  649 	inc	r1
      000090 80 9A            [24]  650 	sjmp	00105$
      000092                        651 00107$:
      000092 22               [24]  652 	ret
                                    653 	.area CSEG    (CODE)
                                    654 	.area CONST   (CODE)
                                    655 	.area XINIT   (CODE)
                                    656 	.area CABS    (ABS,CODE)
