                                      1 ;--------------------------------------------------------
                                      2 ; File Created by SDCC : free open source ANSI-C Compiler
                                      3 ; Version 3.4.0 #8981 (Apr  5 2014) (MINGW32)
                                      4 ; This file was generated Sun Jul 20 08:43:37 2014
                                      5 ;--------------------------------------------------------
                                      6 	.module memory_flash_copy_page_to_ram
                                      7 	.optsdcc -mmcs51 --model-large
                                      8 	
                                      9 ;--------------------------------------------------------
                                     10 ; Public variables in this module
                                     11 ;--------------------------------------------------------
                                     12 	.globl _memory_flash_get_page_size
                                     13 	.globl _memory_flash_get_page_start_address
                                     14 	.globl _memory_flash_read_bytes
                                     15 	.globl _FSR_SB_ENDBG
                                     16 	.globl _FSR_SB_STP
                                     17 	.globl _FSR_SB_WEN
                                     18 	.globl _FSR_SB_RDYN
                                     19 	.globl _FSR_SB_INFEN
                                     20 	.globl _FSR_SB_RDISMB
                                     21 	.globl _RFCON_SB_RFCKEN
                                     22 	.globl _RFCON_SB_RFCSN
                                     23 	.globl _RFCON_SB_RFCE
                                     24 	.globl _ADCON_SB_BD
                                     25 	.globl _PSW_SB_P
                                     26 	.globl _PSW_SB_F1
                                     27 	.globl _PSW_SB_OV
                                     28 	.globl _PSW_SB_RS0
                                     29 	.globl _PSW_SB_RS1
                                     30 	.globl _PSW_SB_F0
                                     31 	.globl _PSW_SB_AC
                                     32 	.globl _PSW_SB_CY
                                     33 	.globl _T2CON_SB_T2PS
                                     34 	.globl _T2CON_SB_I3FR
                                     35 	.globl _T2CON_SB_I2FR
                                     36 	.globl _T2CON_SB_T2R1
                                     37 	.globl _T2CON_SB_T2R0
                                     38 	.globl _T2CON_SB_T2CM
                                     39 	.globl _T2CON_SB_T2I1
                                     40 	.globl _T2CON_SB_T2I0
                                     41 	.globl _IRCON_SB_EXF2
                                     42 	.globl _IRCON_SB_TF2
                                     43 	.globl _IRCON_SB_TICK
                                     44 	.globl _IRCON_SB_MISCIRQ
                                     45 	.globl _IRCON_SB_WUOPIRQ
                                     46 	.globl _IRCON_SB_SPI_2WIRE
                                     47 	.globl _IRCON_SB_RFIRQ
                                     48 	.globl _IRCON_SB_RFRDY
                                     49 	.globl _IEN1_SB_T2EXTRLD
                                     50 	.globl _IEN1_SB_TICK
                                     51 	.globl _IEN1_SB_MISCIRQ
                                     52 	.globl _IEN1_SB_WUOPIRQ
                                     53 	.globl _IEN1_SB_SPI_2WIRE
                                     54 	.globl _IEN1_SB_RFIRQ
                                     55 	.globl _IEN1_SB_RFRDY
                                     56 	.globl _P3_SB_D7
                                     57 	.globl _P3_SB_D6
                                     58 	.globl _P3_SB_D5
                                     59 	.globl _P3_SB_D4
                                     60 	.globl _P3_SB_D3
                                     61 	.globl _P3_SB_D2
                                     62 	.globl _P3_SB_D1
                                     63 	.globl _P3_SB_D0
                                     64 	.globl _IEN0_SB_GLOBAL
                                     65 	.globl _IEN0_SB_T2
                                     66 	.globl _IEN0_SB_UART
                                     67 	.globl _IEN0_SB_T1
                                     68 	.globl _IEN0_SB_POFIRQ
                                     69 	.globl _IEN0_SB_T0
                                     70 	.globl _IEN0_SB_IFP
                                     71 	.globl _P2_SB_D7
                                     72 	.globl _P2_SB_D6
                                     73 	.globl _P2_SB_D5
                                     74 	.globl _P2_SB_D4
                                     75 	.globl _P2_SB_D3
                                     76 	.globl _P2_SB_D2
                                     77 	.globl _P2_SB_D1
                                     78 	.globl _P2_SB_D0
                                     79 	.globl _S0CON_SB_SM0
                                     80 	.globl _S0CON_SB_SM1
                                     81 	.globl _S0CON_SB_SM20
                                     82 	.globl _S0CON_SB_REN0
                                     83 	.globl _S0CON_SB_TB80
                                     84 	.globl _S0CON_SB_RB80
                                     85 	.globl _S0CON_SB_TI0
                                     86 	.globl _S0CON_SB_RI0
                                     87 	.globl _P1_SB_D7
                                     88 	.globl _P1_SB_D6
                                     89 	.globl _P1_SB_D5
                                     90 	.globl _P1_SB_D4
                                     91 	.globl _P1_SB_D3
                                     92 	.globl _P1_SB_D2
                                     93 	.globl _P1_SB_D1
                                     94 	.globl _P1_SB_D0
                                     95 	.globl _TCON_SB_TF1
                                     96 	.globl _TCON_SB_TR1
                                     97 	.globl _TCON_SB_TF0
                                     98 	.globl _TCON_SB_TR0
                                     99 	.globl _TCON_SB_IE1
                                    100 	.globl _TCON_SB_IT1
                                    101 	.globl _TCON_SB_IE0
                                    102 	.globl _TCON_SB_IT0
                                    103 	.globl _P0_SB_D7
                                    104 	.globl _P0_SB_D6
                                    105 	.globl _P0_SB_D5
                                    106 	.globl _P0_SB_D4
                                    107 	.globl _P0_SB_D3
                                    108 	.globl _P0_SB_D2
                                    109 	.globl _P0_SB_D1
                                    110 	.globl _P0_SB_D0
                                    111 	.globl _ADCDAT
                                    112 	.globl _S0REL
                                    113 	.globl _T2
                                    114 	.globl _T1
                                    115 	.globl _T0
                                    116 	.globl _CRC
                                    117 	.globl _CC3
                                    118 	.globl _CC2
                                    119 	.globl _CC1
                                    120 	.globl _SPIMDAT
                                    121 	.globl _SPIMSTAT
                                    122 	.globl _SPIMCON1
                                    123 	.globl _SPIMCON0
                                    124 	.globl _FCR
                                    125 	.globl _FPCR
                                    126 	.globl _FSR
                                    127 	.globl _B
                                    128 	.globl _ARCON
                                    129 	.globl _MD5
                                    130 	.globl _MD4
                                    131 	.globl _MD3
                                    132 	.globl _MD2
                                    133 	.globl _MD1
                                    134 	.globl _MD0
                                    135 	.globl _RFCON
                                    136 	.globl _SPIRDAT
                                    137 	.globl _SPIRSTAT
                                    138 	.globl _SPIRCON1
                                    139 	.globl _SPIRCON0
                                    140 	.globl _W2CON0
                                    141 	.globl _W2CON1
                                    142 	.globl _ACC
                                    143 	.globl _CCPDATO
                                    144 	.globl _CCPDATIB
                                    145 	.globl _CCPDATIA
                                    146 	.globl _POFCON
                                    147 	.globl _COMPCON
                                    148 	.globl _W2DAT
                                    149 	.globl _W2SADR
                                    150 	.globl _ADCON
                                    151 	.globl _RNGDAT
                                    152 	.globl _RNGCTL
                                    153 	.globl _ADCDATL
                                    154 	.globl _ADCDATH
                                    155 	.globl _ADCCON1
                                    156 	.globl _ADCCON2
                                    157 	.globl _ADCCON3
                                    158 	.globl _PSW
                                    159 	.globl _WUOPC0
                                    160 	.globl _WUOPC1
                                    161 	.globl _TH2
                                    162 	.globl _TL2
                                    163 	.globl _CRCH
                                    164 	.globl _CRCL
                                    165 	.globl __XPAGE
                                    166 	.globl _MPAGE
                                    167 	.globl _T2CON
                                    168 	.globl _CCH3
                                    169 	.globl _CCL3
                                    170 	.globl _CCH2
                                    171 	.globl _CCL2
                                    172 	.globl _CCH1
                                    173 	.globl _CCL1
                                    174 	.globl _CCEN
                                    175 	.globl _IRCON
                                    176 	.globl _SPISDAT
                                    177 	.globl _SPISSTAT
                                    178 	.globl _SPISCON1
                                    179 	.globl _SPISCON0
                                    180 	.globl _S0RELH
                                    181 	.globl _IP1
                                    182 	.globl _IEN1
                                    183 	.globl _SPISRDSZ
                                    184 	.globl _RTC2CPT00
                                    185 	.globl _RTC2CMP1
                                    186 	.globl _RTC2CMP0
                                    187 	.globl _RTC2CON
                                    188 	.globl _PWMCON
                                    189 	.globl _RSTREAS
                                    190 	.globl _P3
                                    191 	.globl _WDSV
                                    192 	.globl _OPMCON
                                    193 	.globl _CLKLFCTRL
                                    194 	.globl _RTC2CPT10
                                    195 	.globl _RTC2CPT01
                                    196 	.globl _S0RELL
                                    197 	.globl _IP0
                                    198 	.globl _IEN0
                                    199 	.globl _MEMCON
                                    200 	.globl _INTEXP
                                    201 	.globl _WUCON
                                    202 	.globl _PWRDWN
                                    203 	.globl _CLKCTRL
                                    204 	.globl _PWMDC1
                                    205 	.globl _PWMDC0
                                    206 	.globl _P2
                                    207 	.globl _P1CON
                                    208 	.globl _P0CON
                                    209 	.globl _S0BUF
                                    210 	.globl _S0CON
                                    211 	.globl _P2CON
                                    212 	.globl _P3DIR
                                    213 	.globl _P2DIR
                                    214 	.globl _P1DIR
                                    215 	.globl _P0DIR
                                    216 	.globl _DPS
                                    217 	.globl _P1
                                    218 	.globl _P3CON
                                    219 	.globl _TH1
                                    220 	.globl _TH0
                                    221 	.globl _TL1
                                    222 	.globl _TL0
                                    223 	.globl _TMOD
                                    224 	.globl _TCON
                                    225 	.globl _PCON
                                    226 	.globl _DPH1
                                    227 	.globl _DPL1
                                    228 	.globl _DPH
                                    229 	.globl _DPL
                                    230 	.globl _SP
                                    231 	.globl _P0
                                    232 	.globl _memory_flash_copy_page_to_ram_PARM_2
                                    233 	.globl _memory_flash_copy_page_to_ram
                                    234 ;--------------------------------------------------------
                                    235 ; special function registers
                                    236 ;--------------------------------------------------------
                                    237 	.area RSEG    (ABS,DATA)
      000000                        238 	.org 0x0000
                           000080   239 _P0	=	0x0080
                           000081   240 _SP	=	0x0081
                           000082   241 _DPL	=	0x0082
                           000083   242 _DPH	=	0x0083
                           000084   243 _DPL1	=	0x0084
                           000085   244 _DPH1	=	0x0085
                           000087   245 _PCON	=	0x0087
                           000088   246 _TCON	=	0x0088
                           000089   247 _TMOD	=	0x0089
                           00008A   248 _TL0	=	0x008a
                           00008B   249 _TL1	=	0x008b
                           00008C   250 _TH0	=	0x008c
                           00008D   251 _TH1	=	0x008d
                           00008F   252 _P3CON	=	0x008f
                           000090   253 _P1	=	0x0090
                           000092   254 _DPS	=	0x0092
                           000093   255 _P0DIR	=	0x0093
                           000094   256 _P1DIR	=	0x0094
                           000095   257 _P2DIR	=	0x0095
                           000096   258 _P3DIR	=	0x0096
                           000097   259 _P2CON	=	0x0097
                           000098   260 _S0CON	=	0x0098
                           000099   261 _S0BUF	=	0x0099
                           00009E   262 _P0CON	=	0x009e
                           00009F   263 _P1CON	=	0x009f
                           0000A0   264 _P2	=	0x00a0
                           0000A1   265 _PWMDC0	=	0x00a1
                           0000A2   266 _PWMDC1	=	0x00a2
                           0000A3   267 _CLKCTRL	=	0x00a3
                           0000A4   268 _PWRDWN	=	0x00a4
                           0000A5   269 _WUCON	=	0x00a5
                           0000A6   270 _INTEXP	=	0x00a6
                           0000A7   271 _MEMCON	=	0x00a7
                           0000A8   272 _IEN0	=	0x00a8
                           0000A9   273 _IP0	=	0x00a9
                           0000AA   274 _S0RELL	=	0x00aa
                           0000AB   275 _RTC2CPT01	=	0x00ab
                           0000AC   276 _RTC2CPT10	=	0x00ac
                           0000AD   277 _CLKLFCTRL	=	0x00ad
                           0000AE   278 _OPMCON	=	0x00ae
                           0000AF   279 _WDSV	=	0x00af
                           0000B0   280 _P3	=	0x00b0
                           0000B1   281 _RSTREAS	=	0x00b1
                           0000B2   282 _PWMCON	=	0x00b2
                           0000B3   283 _RTC2CON	=	0x00b3
                           0000B4   284 _RTC2CMP0	=	0x00b4
                           0000B5   285 _RTC2CMP1	=	0x00b5
                           0000B6   286 _RTC2CPT00	=	0x00b6
                           0000B7   287 _SPISRDSZ	=	0x00b7
                           0000B8   288 _IEN1	=	0x00b8
                           0000B9   289 _IP1	=	0x00b9
                           0000BA   290 _S0RELH	=	0x00ba
                           0000BC   291 _SPISCON0	=	0x00bc
                           0000BD   292 _SPISCON1	=	0x00bd
                           0000BE   293 _SPISSTAT	=	0x00be
                           0000BF   294 _SPISDAT	=	0x00bf
                           0000C0   295 _IRCON	=	0x00c0
                           0000C1   296 _CCEN	=	0x00c1
                           0000C2   297 _CCL1	=	0x00c2
                           0000C3   298 _CCH1	=	0x00c3
                           0000C4   299 _CCL2	=	0x00c4
                           0000C5   300 _CCH2	=	0x00c5
                           0000C6   301 _CCL3	=	0x00c6
                           0000C7   302 _CCH3	=	0x00c7
                           0000C8   303 _T2CON	=	0x00c8
                           0000C9   304 _MPAGE	=	0x00c9
                           0000C9   305 __XPAGE	=	0x00c9
                           0000CA   306 _CRCL	=	0x00ca
                           0000CB   307 _CRCH	=	0x00cb
                           0000CC   308 _TL2	=	0x00cc
                           0000CD   309 _TH2	=	0x00cd
                           0000CE   310 _WUOPC1	=	0x00ce
                           0000CF   311 _WUOPC0	=	0x00cf
                           0000D0   312 _PSW	=	0x00d0
                           0000D1   313 _ADCCON3	=	0x00d1
                           0000D2   314 _ADCCON2	=	0x00d2
                           0000D3   315 _ADCCON1	=	0x00d3
                           0000D4   316 _ADCDATH	=	0x00d4
                           0000D5   317 _ADCDATL	=	0x00d5
                           0000D6   318 _RNGCTL	=	0x00d6
                           0000D7   319 _RNGDAT	=	0x00d7
                           0000D8   320 _ADCON	=	0x00d8
                           0000D9   321 _W2SADR	=	0x00d9
                           0000DA   322 _W2DAT	=	0x00da
                           0000DB   323 _COMPCON	=	0x00db
                           0000DC   324 _POFCON	=	0x00dc
                           0000DD   325 _CCPDATIA	=	0x00dd
                           0000DE   326 _CCPDATIB	=	0x00de
                           0000DF   327 _CCPDATO	=	0x00df
                           0000E0   328 _ACC	=	0x00e0
                           0000E1   329 _W2CON1	=	0x00e1
                           0000E2   330 _W2CON0	=	0x00e2
                           0000E4   331 _SPIRCON0	=	0x00e4
                           0000E5   332 _SPIRCON1	=	0x00e5
                           0000E6   333 _SPIRSTAT	=	0x00e6
                           0000E7   334 _SPIRDAT	=	0x00e7
                           0000E8   335 _RFCON	=	0x00e8
                           0000E9   336 _MD0	=	0x00e9
                           0000EA   337 _MD1	=	0x00ea
                           0000EB   338 _MD2	=	0x00eb
                           0000EC   339 _MD3	=	0x00ec
                           0000ED   340 _MD4	=	0x00ed
                           0000EE   341 _MD5	=	0x00ee
                           0000EF   342 _ARCON	=	0x00ef
                           0000F0   343 _B	=	0x00f0
                           0000F8   344 _FSR	=	0x00f8
                           0000F9   345 _FPCR	=	0x00f9
                           0000FA   346 _FCR	=	0x00fa
                           0000FC   347 _SPIMCON0	=	0x00fc
                           0000FD   348 _SPIMCON1	=	0x00fd
                           0000FE   349 _SPIMSTAT	=	0x00fe
                           0000FF   350 _SPIMDAT	=	0x00ff
                           00C3C2   351 _CC1	=	0xc3c2
                           00C5C4   352 _CC2	=	0xc5c4
                           00C7C6   353 _CC3	=	0xc7c6
                           00CBCA   354 _CRC	=	0xcbca
                           008C8A   355 _T0	=	0x8c8a
                           008D8B   356 _T1	=	0x8d8b
                           00CDCC   357 _T2	=	0xcdcc
                           00BAAA   358 _S0REL	=	0xbaaa
                           00D4D5   359 _ADCDAT	=	0xd4d5
                                    360 ;--------------------------------------------------------
                                    361 ; special function bits
                                    362 ;--------------------------------------------------------
                                    363 	.area RSEG    (ABS,DATA)
      000000                        364 	.org 0x0000
                           000080   365 _P0_SB_D0	=	0x0080
                           000081   366 _P0_SB_D1	=	0x0081
                           000082   367 _P0_SB_D2	=	0x0082
                           000083   368 _P0_SB_D3	=	0x0083
                           000084   369 _P0_SB_D4	=	0x0084
                           000085   370 _P0_SB_D5	=	0x0085
                           000086   371 _P0_SB_D6	=	0x0086
                           000087   372 _P0_SB_D7	=	0x0087
                           000088   373 _TCON_SB_IT0	=	0x0088
                           000089   374 _TCON_SB_IE0	=	0x0089
                           00008A   375 _TCON_SB_IT1	=	0x008a
                           00008B   376 _TCON_SB_IE1	=	0x008b
                           00008C   377 _TCON_SB_TR0	=	0x008c
                           00008D   378 _TCON_SB_TF0	=	0x008d
                           00008E   379 _TCON_SB_TR1	=	0x008e
                           00008F   380 _TCON_SB_TF1	=	0x008f
                           000090   381 _P1_SB_D0	=	0x0090
                           000091   382 _P1_SB_D1	=	0x0091
                           000092   383 _P1_SB_D2	=	0x0092
                           000093   384 _P1_SB_D3	=	0x0093
                           000094   385 _P1_SB_D4	=	0x0094
                           000095   386 _P1_SB_D5	=	0x0095
                           000096   387 _P1_SB_D6	=	0x0096
                           000097   388 _P1_SB_D7	=	0x0097
                           000098   389 _S0CON_SB_RI0	=	0x0098
                           000099   390 _S0CON_SB_TI0	=	0x0099
                           00009A   391 _S0CON_SB_RB80	=	0x009a
                           00009B   392 _S0CON_SB_TB80	=	0x009b
                           00009C   393 _S0CON_SB_REN0	=	0x009c
                           00009D   394 _S0CON_SB_SM20	=	0x009d
                           00009E   395 _S0CON_SB_SM1	=	0x009e
                           00009F   396 _S0CON_SB_SM0	=	0x009f
                           0000A0   397 _P2_SB_D0	=	0x00a0
                           0000A1   398 _P2_SB_D1	=	0x00a1
                           0000A2   399 _P2_SB_D2	=	0x00a2
                           0000A3   400 _P2_SB_D3	=	0x00a3
                           0000A4   401 _P2_SB_D4	=	0x00a4
                           0000A5   402 _P2_SB_D5	=	0x00a5
                           0000A6   403 _P2_SB_D6	=	0x00a6
                           0000A7   404 _P2_SB_D7	=	0x00a7
                           0000A8   405 _IEN0_SB_IFP	=	0x00a8
                           0000A9   406 _IEN0_SB_T0	=	0x00a9
                           0000AA   407 _IEN0_SB_POFIRQ	=	0x00aa
                           0000AB   408 _IEN0_SB_T1	=	0x00ab
                           0000AC   409 _IEN0_SB_UART	=	0x00ac
                           0000AD   410 _IEN0_SB_T2	=	0x00ad
                           0000AF   411 _IEN0_SB_GLOBAL	=	0x00af
                           0000B0   412 _P3_SB_D0	=	0x00b0
                           0000B1   413 _P3_SB_D1	=	0x00b1
                           0000B2   414 _P3_SB_D2	=	0x00b2
                           0000B3   415 _P3_SB_D3	=	0x00b3
                           0000B4   416 _P3_SB_D4	=	0x00b4
                           0000B5   417 _P3_SB_D5	=	0x00b5
                           0000B6   418 _P3_SB_D6	=	0x00b6
                           0000B7   419 _P3_SB_D7	=	0x00b7
                           0000B8   420 _IEN1_SB_RFRDY	=	0x00b8
                           0000B9   421 _IEN1_SB_RFIRQ	=	0x00b9
                           0000BA   422 _IEN1_SB_SPI_2WIRE	=	0x00ba
                           0000BB   423 _IEN1_SB_WUOPIRQ	=	0x00bb
                           0000BC   424 _IEN1_SB_MISCIRQ	=	0x00bc
                           0000BD   425 _IEN1_SB_TICK	=	0x00bd
                           0000BF   426 _IEN1_SB_T2EXTRLD	=	0x00bf
                           0000C0   427 _IRCON_SB_RFRDY	=	0x00c0
                           0000C1   428 _IRCON_SB_RFIRQ	=	0x00c1
                           0000C2   429 _IRCON_SB_SPI_2WIRE	=	0x00c2
                           0000C3   430 _IRCON_SB_WUOPIRQ	=	0x00c3
                           0000C4   431 _IRCON_SB_MISCIRQ	=	0x00c4
                           0000C5   432 _IRCON_SB_TICK	=	0x00c5
                           0000C6   433 _IRCON_SB_TF2	=	0x00c6
                           0000C7   434 _IRCON_SB_EXF2	=	0x00c7
                           0000C8   435 _T2CON_SB_T2I0	=	0x00c8
                           0000C9   436 _T2CON_SB_T2I1	=	0x00c9
                           0000CA   437 _T2CON_SB_T2CM	=	0x00ca
                           0000CB   438 _T2CON_SB_T2R0	=	0x00cb
                           0000CC   439 _T2CON_SB_T2R1	=	0x00cc
                           0000CD   440 _T2CON_SB_I2FR	=	0x00cd
                           0000CE   441 _T2CON_SB_I3FR	=	0x00ce
                           0000CF   442 _T2CON_SB_T2PS	=	0x00cf
                           0000D7   443 _PSW_SB_CY	=	0x00d7
                           0000D6   444 _PSW_SB_AC	=	0x00d6
                           0000D5   445 _PSW_SB_F0	=	0x00d5
                           0000D4   446 _PSW_SB_RS1	=	0x00d4
                           0000D3   447 _PSW_SB_RS0	=	0x00d3
                           0000D2   448 _PSW_SB_OV	=	0x00d2
                           0000D1   449 _PSW_SB_F1	=	0x00d1
                           0000D0   450 _PSW_SB_P	=	0x00d0
                           0000DF   451 _ADCON_SB_BD	=	0x00df
                           0000E8   452 _RFCON_SB_RFCE	=	0x00e8
                           0000E9   453 _RFCON_SB_RFCSN	=	0x00e9
                           0000EA   454 _RFCON_SB_RFCKEN	=	0x00ea
                           0000FA   455 _FSR_SB_RDISMB	=	0x00fa
                           0000FB   456 _FSR_SB_INFEN	=	0x00fb
                           0000FC   457 _FSR_SB_RDYN	=	0x00fc
                           0000FD   458 _FSR_SB_WEN	=	0x00fd
                           0000FE   459 _FSR_SB_STP	=	0x00fe
                           0000FF   460 _FSR_SB_ENDBG	=	0x00ff
                                    461 ;--------------------------------------------------------
                                    462 ; overlayable register banks
                                    463 ;--------------------------------------------------------
                                    464 	.area REG_BANK_0	(REL,OVR,DATA)
      000000                        465 	.ds 8
                                    466 ;--------------------------------------------------------
                                    467 ; internal ram data
                                    468 ;--------------------------------------------------------
                                    469 	.area DSEG    (DATA)
                                    470 ;--------------------------------------------------------
                                    471 ; overlayable items in internal ram 
                                    472 ;--------------------------------------------------------
                                    473 ;--------------------------------------------------------
                                    474 ; indirectly addressable internal ram data
                                    475 ;--------------------------------------------------------
                                    476 	.area ISEG    (DATA)
                                    477 ;--------------------------------------------------------
                                    478 ; absolute internal ram data
                                    479 ;--------------------------------------------------------
                                    480 	.area IABS    (ABS,DATA)
                                    481 	.area IABS    (ABS,DATA)
                                    482 ;--------------------------------------------------------
                                    483 ; bit data
                                    484 ;--------------------------------------------------------
                                    485 	.area BSEG    (BIT)
                                    486 ;--------------------------------------------------------
                                    487 ; paged external ram data
                                    488 ;--------------------------------------------------------
                                    489 	.area PSEG    (PAG,XDATA)
                                    490 ;--------------------------------------------------------
                                    491 ; external ram data
                                    492 ;--------------------------------------------------------
                                    493 	.area XSEG    (XDATA)
      000000                        494 _memory_flash_copy_page_to_ram_PARM_2:
      000000                        495 	.ds 3
      000003                        496 _memory_flash_copy_page_to_ram_page_num_1_14:
      000003                        497 	.ds 1
      000004                        498 _memory_flash_copy_page_to_ram_page_start_address_1_15:
      000004                        499 	.ds 2
      000006                        500 _memory_flash_copy_page_to_ram_page_size_1_15:
      000006                        501 	.ds 2
                                    502 ;--------------------------------------------------------
                                    503 ; absolute external ram data
                                    504 ;--------------------------------------------------------
                                    505 	.area XABS    (ABS,XDATA)
                                    506 ;--------------------------------------------------------
                                    507 ; external initialized ram data
                                    508 ;--------------------------------------------------------
                                    509 	.area XISEG   (XDATA)
                                    510 	.area HOME    (CODE)
                                    511 	.area GSINIT0 (CODE)
                                    512 	.area GSINIT1 (CODE)
                                    513 	.area GSINIT2 (CODE)
                                    514 	.area GSINIT3 (CODE)
                                    515 	.area GSINIT4 (CODE)
                                    516 	.area GSINIT5 (CODE)
                                    517 	.area GSINIT  (CODE)
                                    518 	.area GSFINAL (CODE)
                                    519 	.area CSEG    (CODE)
                                    520 ;--------------------------------------------------------
                                    521 ; global & static initialisations
                                    522 ;--------------------------------------------------------
                                    523 	.area HOME    (CODE)
                                    524 	.area GSINIT  (CODE)
                                    525 	.area GSFINAL (CODE)
                                    526 	.area GSINIT  (CODE)
                                    527 ;--------------------------------------------------------
                                    528 ; Home
                                    529 ;--------------------------------------------------------
                                    530 	.area HOME    (CODE)
                                    531 	.area HOME    (CODE)
                                    532 ;--------------------------------------------------------
                                    533 ; code
                                    534 ;--------------------------------------------------------
                                    535 	.area CSEG    (CODE)
                                    536 ;------------------------------------------------------------
                                    537 ;Allocation info for local variables in function 'memory_flash_copy_page_to_ram'
                                    538 ;------------------------------------------------------------
                                    539 ;page_buffer               Allocated with name '_memory_flash_copy_page_to_ram_PARM_2'
                                    540 ;page_num                  Allocated with name '_memory_flash_copy_page_to_ram_page_num_1_14'
                                    541 ;page_start_address        Allocated with name '_memory_flash_copy_page_to_ram_page_start_address_1_15'
                                    542 ;page_size                 Allocated with name '_memory_flash_copy_page_to_ram_page_size_1_15'
                                    543 ;------------------------------------------------------------
                                    544 ;	src/memory_flash_copy_page_to_ram.c:47: memory_flash_return_t memory_flash_copy_page_to_ram(uint8_t page_num, uint8_t * page_buffer)
                                    545 ;	-----------------------------------------
                                    546 ;	 function memory_flash_copy_page_to_ram
                                    547 ;	-----------------------------------------
      000000                        548 _memory_flash_copy_page_to_ram:
                           000007   549 	ar7 = 0x07
                           000006   550 	ar6 = 0x06
                           000005   551 	ar5 = 0x05
                           000004   552 	ar4 = 0x04
                           000003   553 	ar3 = 0x03
                           000002   554 	ar2 = 0x02
                           000001   555 	ar1 = 0x01
                           000000   556 	ar0 = 0x00
      000000 E5 82            [12]  557 	mov	a,dpl
      000002 90r00r03         [24]  558 	mov	dptr,#_memory_flash_copy_page_to_ram_page_num_1_14
      000005 F0               [24]  559 	movx	@dptr,a
                                    560 ;	src/memory_flash_copy_page_to_ram.c:53: if(page_num >= MEMORY_FLASH_NUM_PAGES)
      000006 E0               [24]  561 	movx	a,@dptr
      000007 FF               [12]  562 	mov	r7,a
      000008 BF 24 00         [24]  563 	cjne	r7,#0x24,00123$
      00000B                        564 00123$:
      00000B 40 04            [24]  565 	jc	00102$
                                    566 ;	src/memory_flash_copy_page_to_ram.c:55: return MEMORY_FLASH_BAD_PARAMS;
      00000D 75 82 01         [24]  567 	mov	dpl,#0x01
      000010 22               [24]  568 	ret
      000011                        569 00102$:
                                    570 ;	src/memory_flash_copy_page_to_ram.c:58: if(memory_flash_get_page_start_address(page_num, &page_start_address) != MEMORY_FLASH_OK)
      000011 90r00r00         [24]  571 	mov	dptr,#_memory_flash_get_page_start_address_PARM_2
      000014 74r04            [12]  572 	mov	a,#_memory_flash_copy_page_to_ram_page_start_address_1_15
      000016 F0               [24]  573 	movx	@dptr,a
      000017 74s00            [12]  574 	mov	a,#(_memory_flash_copy_page_to_ram_page_start_address_1_15 >> 8)
      000019 A3               [24]  575 	inc	dptr
      00001A F0               [24]  576 	movx	@dptr,a
      00001B E4               [12]  577 	clr	a
      00001C A3               [24]  578 	inc	dptr
      00001D F0               [24]  579 	movx	@dptr,a
      00001E 8F 82            [24]  580 	mov	dpl,r7
      000020 C0 07            [24]  581 	push	ar7
      000022 12r00r00         [24]  582 	lcall	_memory_flash_get_page_start_address
      000025 E5 82            [12]  583 	mov	a,dpl
      000027 D0 07            [24]  584 	pop	ar7
      000029 60 04            [24]  585 	jz	00104$
                                    586 ;	src/memory_flash_copy_page_to_ram.c:60: return MEMORY_FLASH_BAD_PARAMS;
      00002B 75 82 01         [24]  587 	mov	dpl,#0x01
      00002E 22               [24]  588 	ret
      00002F                        589 00104$:
                                    590 ;	src/memory_flash_copy_page_to_ram.c:63: if(memory_flash_get_page_size(page_num, &page_size) != MEMORY_FLASH_OK)
      00002F 90r00r00         [24]  591 	mov	dptr,#_memory_flash_get_page_size_PARM_2
      000032 74r06            [12]  592 	mov	a,#_memory_flash_copy_page_to_ram_page_size_1_15
      000034 F0               [24]  593 	movx	@dptr,a
      000035 74s00            [12]  594 	mov	a,#(_memory_flash_copy_page_to_ram_page_size_1_15 >> 8)
      000037 A3               [24]  595 	inc	dptr
      000038 F0               [24]  596 	movx	@dptr,a
      000039 E4               [12]  597 	clr	a
      00003A A3               [24]  598 	inc	dptr
      00003B F0               [24]  599 	movx	@dptr,a
      00003C 8F 82            [24]  600 	mov	dpl,r7
      00003E 12r00r00         [24]  601 	lcall	_memory_flash_get_page_size
      000041 E5 82            [12]  602 	mov	a,dpl
      000043 60 04            [24]  603 	jz	00106$
                                    604 ;	src/memory_flash_copy_page_to_ram.c:65: return MEMORY_FLASH_BAD_PARAMS;
      000045 75 82 01         [24]  605 	mov	dpl,#0x01
      000048 22               [24]  606 	ret
      000049                        607 00106$:
                                    608 ;	src/memory_flash_copy_page_to_ram.c:69: if(memory_flash_read_bytes(page_start_address, page_size, page_buffer) != MEMORY_FLASH_OK)
      000049 90r00r04         [24]  609 	mov	dptr,#_memory_flash_copy_page_to_ram_page_start_address_1_15
      00004C E0               [24]  610 	movx	a,@dptr
      00004D FE               [12]  611 	mov	r6,a
      00004E A3               [24]  612 	inc	dptr
      00004F E0               [24]  613 	movx	a,@dptr
      000050 FF               [12]  614 	mov	r7,a
      000051 90r00r06         [24]  615 	mov	dptr,#_memory_flash_copy_page_to_ram_page_size_1_15
      000054 E0               [24]  616 	movx	a,@dptr
      000055 FC               [12]  617 	mov	r4,a
      000056 A3               [24]  618 	inc	dptr
      000057 E0               [24]  619 	movx	a,@dptr
      000058 FD               [12]  620 	mov	r5,a
      000059 90r00r00         [24]  621 	mov	dptr,#_memory_flash_copy_page_to_ram_PARM_2
      00005C E0               [24]  622 	movx	a,@dptr
      00005D F9               [12]  623 	mov	r1,a
      00005E A3               [24]  624 	inc	dptr
      00005F E0               [24]  625 	movx	a,@dptr
      000060 FA               [12]  626 	mov	r2,a
      000061 A3               [24]  627 	inc	dptr
      000062 E0               [24]  628 	movx	a,@dptr
      000063 FB               [12]  629 	mov	r3,a
      000064 90r00r00         [24]  630 	mov	dptr,#_memory_flash_read_bytes_PARM_2
      000067 EC               [12]  631 	mov	a,r4
      000068 F0               [24]  632 	movx	@dptr,a
      000069 ED               [12]  633 	mov	a,r5
      00006A A3               [24]  634 	inc	dptr
      00006B F0               [24]  635 	movx	@dptr,a
      00006C 90r00r00         [24]  636 	mov	dptr,#_memory_flash_read_bytes_PARM_3
      00006F E9               [12]  637 	mov	a,r1
      000070 F0               [24]  638 	movx	@dptr,a
      000071 EA               [12]  639 	mov	a,r2
      000072 A3               [24]  640 	inc	dptr
      000073 F0               [24]  641 	movx	@dptr,a
      000074 EB               [12]  642 	mov	a,r3
      000075 A3               [24]  643 	inc	dptr
      000076 F0               [24]  644 	movx	@dptr,a
      000077 8E 82            [24]  645 	mov	dpl,r6
      000079 8F 83            [24]  646 	mov	dph,r7
      00007B 12r00r00         [24]  647 	lcall	_memory_flash_read_bytes
      00007E E5 82            [12]  648 	mov	a,dpl
      000080 60 04            [24]  649 	jz	00108$
                                    650 ;	src/memory_flash_copy_page_to_ram.c:71: return MEMORY_FLASH_BAD_PARAMS;
      000082 75 82 01         [24]  651 	mov	dpl,#0x01
      000085 22               [24]  652 	ret
      000086                        653 00108$:
                                    654 ;	src/memory_flash_copy_page_to_ram.c:74: return MEMORY_FLASH_OK;
      000086 75 82 00         [24]  655 	mov	dpl,#0x00
      000089 22               [24]  656 	ret
                                    657 	.area CSEG    (CODE)
                                    658 	.area CONST   (CODE)
                                    659 	.area XINIT   (CODE)
                                    660 	.area CABS    (ABS,CODE)
