                                      1 ;--------------------------------------------------------
                                      2 ; File Created by SDCC : free open source ANSI-C Compiler
                                      3 ; Version 3.4.0 #8981 (Apr  5 2014) (MINGW32)
                                      4 ; This file was generated Fri Jun 13 08:32:41 2014
                                      5 ;--------------------------------------------------------
                                      6 	.module timer2_configure_auto_reload_calc
                                      7 	.optsdcc -mmcs51 --model-large
                                      8 	
                                      9 ;--------------------------------------------------------
                                     10 ; Public variables in this module
                                     11 ;--------------------------------------------------------
                                     12 	.globl _timer2_calc_actual_period
                                     13 	.globl _timer2_calc_crc_val
                                     14 	.globl _timer2_configure_manual_reload_calc
                                     15 	.globl _FSR_SB_ENDBG
                                     16 	.globl _FSR_SB_STP
                                     17 	.globl _FSR_SB_WEN
                                     18 	.globl _FSR_SB_RDYN
                                     19 	.globl _FSR_SB_INFEN
                                     20 	.globl _FSR_SB_RDISMB
                                     21 	.globl _RFCON_SB_RFCKEN
                                     22 	.globl _RFCON_SB_RFCSN
                                     23 	.globl _RFCON_SB_RFCE
                                     24 	.globl _ADCON_SB_BD
                                     25 	.globl _PSW_SB_P
                                     26 	.globl _PSW_SB_F1
                                     27 	.globl _PSW_SB_OV
                                     28 	.globl _PSW_SB_RS0
                                     29 	.globl _PSW_SB_RS1
                                     30 	.globl _PSW_SB_F0
                                     31 	.globl _PSW_SB_AC
                                     32 	.globl _PSW_SB_CY
                                     33 	.globl _T2CON_SB_T2PS
                                     34 	.globl _T2CON_SB_I3FR
                                     35 	.globl _T2CON_SB_I2FR
                                     36 	.globl _T2CON_SB_T2R1
                                     37 	.globl _T2CON_SB_T2R0
                                     38 	.globl _T2CON_SB_T2CM
                                     39 	.globl _T2CON_SB_T2I1
                                     40 	.globl _T2CON_SB_T2I0
                                     41 	.globl _IRCON_SB_EXF2
                                     42 	.globl _IRCON_SB_TF2
                                     43 	.globl _IRCON_SB_TICK
                                     44 	.globl _IRCON_SB_MISCIRQ
                                     45 	.globl _IRCON_SB_WUOPIRQ
                                     46 	.globl _IRCON_SB_SPI_2WIRE
                                     47 	.globl _IRCON_SB_RFIRQ
                                     48 	.globl _IRCON_SB_RFRDY
                                     49 	.globl _IEN1_SB_T2EXTRLD
                                     50 	.globl _IEN1_SB_TICK
                                     51 	.globl _IEN1_SB_MISCIRQ
                                     52 	.globl _IEN1_SB_WUOPIRQ
                                     53 	.globl _IEN1_SB_SPI_2WIRE
                                     54 	.globl _IEN1_SB_RFIRQ
                                     55 	.globl _IEN1_SB_RFRDY
                                     56 	.globl _P3_SB_D7
                                     57 	.globl _P3_SB_D6
                                     58 	.globl _P3_SB_D5
                                     59 	.globl _P3_SB_D4
                                     60 	.globl _P3_SB_D3
                                     61 	.globl _P3_SB_D2
                                     62 	.globl _P3_SB_D1
                                     63 	.globl _P3_SB_D0
                                     64 	.globl _IEN0_SB_GLOBAL
                                     65 	.globl _IEN0_SB_T2
                                     66 	.globl _IEN0_SB_UART
                                     67 	.globl _IEN0_SB_T1
                                     68 	.globl _IEN0_SB_POFIRQ
                                     69 	.globl _IEN0_SB_T0
                                     70 	.globl _IEN0_SB_IFP
                                     71 	.globl _P2_SB_D7
                                     72 	.globl _P2_SB_D6
                                     73 	.globl _P2_SB_D5
                                     74 	.globl _P2_SB_D4
                                     75 	.globl _P2_SB_D3
                                     76 	.globl _P2_SB_D2
                                     77 	.globl _P2_SB_D1
                                     78 	.globl _P2_SB_D0
                                     79 	.globl _S0CON_SB_SM0
                                     80 	.globl _S0CON_SB_SM1
                                     81 	.globl _S0CON_SB_SM20
                                     82 	.globl _S0CON_SB_REN0
                                     83 	.globl _S0CON_SB_TB80
                                     84 	.globl _S0CON_SB_RB80
                                     85 	.globl _S0CON_SB_TI0
                                     86 	.globl _S0CON_SB_RI0
                                     87 	.globl _P1_SB_D7
                                     88 	.globl _P1_SB_D6
                                     89 	.globl _P1_SB_D5
                                     90 	.globl _P1_SB_D4
                                     91 	.globl _P1_SB_D3
                                     92 	.globl _P1_SB_D2
                                     93 	.globl _P1_SB_D1
                                     94 	.globl _P1_SB_D0
                                     95 	.globl _TCON_SB_TF1
                                     96 	.globl _TCON_SB_TR1
                                     97 	.globl _TCON_SB_TF0
                                     98 	.globl _TCON_SB_TR0
                                     99 	.globl _TCON_SB_IE1
                                    100 	.globl _TCON_SB_IT1
                                    101 	.globl _TCON_SB_IE0
                                    102 	.globl _TCON_SB_IT0
                                    103 	.globl _P0_SB_D7
                                    104 	.globl _P0_SB_D6
                                    105 	.globl _P0_SB_D5
                                    106 	.globl _P0_SB_D4
                                    107 	.globl _P0_SB_D3
                                    108 	.globl _P0_SB_D2
                                    109 	.globl _P0_SB_D1
                                    110 	.globl _P0_SB_D0
                                    111 	.globl _ADCDAT
                                    112 	.globl _S0REL
                                    113 	.globl _T2
                                    114 	.globl _T1
                                    115 	.globl _T0
                                    116 	.globl _CRC
                                    117 	.globl _CC3
                                    118 	.globl _CC2
                                    119 	.globl _CC1
                                    120 	.globl _SPIMDAT
                                    121 	.globl _SPIMSTAT
                                    122 	.globl _SPIMCON1
                                    123 	.globl _SPIMCON0
                                    124 	.globl _FCR
                                    125 	.globl _FPCR
                                    126 	.globl _FSR
                                    127 	.globl _B
                                    128 	.globl _ARCON
                                    129 	.globl _MD5
                                    130 	.globl _MD4
                                    131 	.globl _MD3
                                    132 	.globl _MD2
                                    133 	.globl _MD1
                                    134 	.globl _MD0
                                    135 	.globl _RFCON
                                    136 	.globl _SPIRDAT
                                    137 	.globl _SPIRSTAT
                                    138 	.globl _SPIRCON1
                                    139 	.globl _SPIRCON0
                                    140 	.globl _W2CON0
                                    141 	.globl _W2CON1
                                    142 	.globl _ACC
                                    143 	.globl _CCPDATO
                                    144 	.globl _CCPDATIB
                                    145 	.globl _CCPDATIA
                                    146 	.globl _POFCON
                                    147 	.globl _COMPCON
                                    148 	.globl _W2DAT
                                    149 	.globl _W2SADR
                                    150 	.globl _ADCON
                                    151 	.globl _RNGDAT
                                    152 	.globl _RNGCTL
                                    153 	.globl _ADCDATL
                                    154 	.globl _ADCDATH
                                    155 	.globl _ADCCON1
                                    156 	.globl _ADCCON2
                                    157 	.globl _ADCCON3
                                    158 	.globl _PSW
                                    159 	.globl _WUOPC0
                                    160 	.globl _WUOPC1
                                    161 	.globl _TH2
                                    162 	.globl _TL2
                                    163 	.globl _CRCH
                                    164 	.globl _CRCL
                                    165 	.globl __XPAGE
                                    166 	.globl _MPAGE
                                    167 	.globl _T2CON
                                    168 	.globl _CCH3
                                    169 	.globl _CCL3
                                    170 	.globl _CCH2
                                    171 	.globl _CCL2
                                    172 	.globl _CCH1
                                    173 	.globl _CCL1
                                    174 	.globl _CCEN
                                    175 	.globl _IRCON
                                    176 	.globl _SPISDAT
                                    177 	.globl _SPISSTAT
                                    178 	.globl _SPISCON1
                                    179 	.globl _SPISCON0
                                    180 	.globl _S0RELH
                                    181 	.globl _IP1
                                    182 	.globl _IEN1
                                    183 	.globl _SPISRDSZ
                                    184 	.globl _RTC2CPT00
                                    185 	.globl _RTC2CMP1
                                    186 	.globl _RTC2CMP0
                                    187 	.globl _RTC2CON
                                    188 	.globl _PWMCON
                                    189 	.globl _RSTREAS
                                    190 	.globl _P3
                                    191 	.globl _WDSV
                                    192 	.globl _OPMCON
                                    193 	.globl _CLKLFCTRL
                                    194 	.globl _RTC2CPT10
                                    195 	.globl _RTC2CPT01
                                    196 	.globl _S0RELL
                                    197 	.globl _IP0
                                    198 	.globl _IEN0
                                    199 	.globl _MEMCON
                                    200 	.globl _INTEXP
                                    201 	.globl _WUCON
                                    202 	.globl _PWRDWN
                                    203 	.globl _CLKCTRL
                                    204 	.globl _PWMDC1
                                    205 	.globl _PWMDC0
                                    206 	.globl _P2
                                    207 	.globl _P1CON
                                    208 	.globl _P0CON
                                    209 	.globl _S0BUF
                                    210 	.globl _S0CON
                                    211 	.globl _P2CON
                                    212 	.globl _P3DIR
                                    213 	.globl _P2DIR
                                    214 	.globl _P1DIR
                                    215 	.globl _P0DIR
                                    216 	.globl _DPS
                                    217 	.globl _P1
                                    218 	.globl _P3CON
                                    219 	.globl _TH1
                                    220 	.globl _TH0
                                    221 	.globl _TL1
                                    222 	.globl _TL0
                                    223 	.globl _TMOD
                                    224 	.globl _TCON
                                    225 	.globl _PCON
                                    226 	.globl _DPH1
                                    227 	.globl _DPL1
                                    228 	.globl _DPH
                                    229 	.globl _DPL
                                    230 	.globl _SP
                                    231 	.globl _P0
                                    232 	.globl _timer2_configure_auto_reload_calc_PARM_2
                                    233 	.globl _timer2_configure_auto_reload_calc
                                    234 ;--------------------------------------------------------
                                    235 ; special function registers
                                    236 ;--------------------------------------------------------
                                    237 	.area RSEG    (ABS,DATA)
      000000                        238 	.org 0x0000
                           000080   239 _P0	=	0x0080
                           000081   240 _SP	=	0x0081
                           000082   241 _DPL	=	0x0082
                           000083   242 _DPH	=	0x0083
                           000084   243 _DPL1	=	0x0084
                           000085   244 _DPH1	=	0x0085
                           000087   245 _PCON	=	0x0087
                           000088   246 _TCON	=	0x0088
                           000089   247 _TMOD	=	0x0089
                           00008A   248 _TL0	=	0x008a
                           00008B   249 _TL1	=	0x008b
                           00008C   250 _TH0	=	0x008c
                           00008D   251 _TH1	=	0x008d
                           00008F   252 _P3CON	=	0x008f
                           000090   253 _P1	=	0x0090
                           000092   254 _DPS	=	0x0092
                           000093   255 _P0DIR	=	0x0093
                           000094   256 _P1DIR	=	0x0094
                           000095   257 _P2DIR	=	0x0095
                           000096   258 _P3DIR	=	0x0096
                           000097   259 _P2CON	=	0x0097
                           000098   260 _S0CON	=	0x0098
                           000099   261 _S0BUF	=	0x0099
                           00009E   262 _P0CON	=	0x009e
                           00009F   263 _P1CON	=	0x009f
                           0000A0   264 _P2	=	0x00a0
                           0000A1   265 _PWMDC0	=	0x00a1
                           0000A2   266 _PWMDC1	=	0x00a2
                           0000A3   267 _CLKCTRL	=	0x00a3
                           0000A4   268 _PWRDWN	=	0x00a4
                           0000A5   269 _WUCON	=	0x00a5
                           0000A6   270 _INTEXP	=	0x00a6
                           0000A7   271 _MEMCON	=	0x00a7
                           0000A8   272 _IEN0	=	0x00a8
                           0000A9   273 _IP0	=	0x00a9
                           0000AA   274 _S0RELL	=	0x00aa
                           0000AB   275 _RTC2CPT01	=	0x00ab
                           0000AC   276 _RTC2CPT10	=	0x00ac
                           0000AD   277 _CLKLFCTRL	=	0x00ad
                           0000AE   278 _OPMCON	=	0x00ae
                           0000AF   279 _WDSV	=	0x00af
                           0000B0   280 _P3	=	0x00b0
                           0000B1   281 _RSTREAS	=	0x00b1
                           0000B2   282 _PWMCON	=	0x00b2
                           0000B3   283 _RTC2CON	=	0x00b3
                           0000B4   284 _RTC2CMP0	=	0x00b4
                           0000B5   285 _RTC2CMP1	=	0x00b5
                           0000B6   286 _RTC2CPT00	=	0x00b6
                           0000B7   287 _SPISRDSZ	=	0x00b7
                           0000B8   288 _IEN1	=	0x00b8
                           0000B9   289 _IP1	=	0x00b9
                           0000BA   290 _S0RELH	=	0x00ba
                           0000BC   291 _SPISCON0	=	0x00bc
                           0000BD   292 _SPISCON1	=	0x00bd
                           0000BE   293 _SPISSTAT	=	0x00be
                           0000BF   294 _SPISDAT	=	0x00bf
                           0000C0   295 _IRCON	=	0x00c0
                           0000C1   296 _CCEN	=	0x00c1
                           0000C2   297 _CCL1	=	0x00c2
                           0000C3   298 _CCH1	=	0x00c3
                           0000C4   299 _CCL2	=	0x00c4
                           0000C5   300 _CCH2	=	0x00c5
                           0000C6   301 _CCL3	=	0x00c6
                           0000C7   302 _CCH3	=	0x00c7
                           0000C8   303 _T2CON	=	0x00c8
                           0000C9   304 _MPAGE	=	0x00c9
                           0000C9   305 __XPAGE	=	0x00c9
                           0000CA   306 _CRCL	=	0x00ca
                           0000CB   307 _CRCH	=	0x00cb
                           0000CC   308 _TL2	=	0x00cc
                           0000CD   309 _TH2	=	0x00cd
                           0000CE   310 _WUOPC1	=	0x00ce
                           0000CF   311 _WUOPC0	=	0x00cf
                           0000D0   312 _PSW	=	0x00d0
                           0000D1   313 _ADCCON3	=	0x00d1
                           0000D2   314 _ADCCON2	=	0x00d2
                           0000D3   315 _ADCCON1	=	0x00d3
                           0000D4   316 _ADCDATH	=	0x00d4
                           0000D5   317 _ADCDATL	=	0x00d5
                           0000D6   318 _RNGCTL	=	0x00d6
                           0000D7   319 _RNGDAT	=	0x00d7
                           0000D8   320 _ADCON	=	0x00d8
                           0000D9   321 _W2SADR	=	0x00d9
                           0000DA   322 _W2DAT	=	0x00da
                           0000DB   323 _COMPCON	=	0x00db
                           0000DC   324 _POFCON	=	0x00dc
                           0000DD   325 _CCPDATIA	=	0x00dd
                           0000DE   326 _CCPDATIB	=	0x00de
                           0000DF   327 _CCPDATO	=	0x00df
                           0000E0   328 _ACC	=	0x00e0
                           0000E1   329 _W2CON1	=	0x00e1
                           0000E2   330 _W2CON0	=	0x00e2
                           0000E4   331 _SPIRCON0	=	0x00e4
                           0000E5   332 _SPIRCON1	=	0x00e5
                           0000E6   333 _SPIRSTAT	=	0x00e6
                           0000E7   334 _SPIRDAT	=	0x00e7
                           0000E8   335 _RFCON	=	0x00e8
                           0000E9   336 _MD0	=	0x00e9
                           0000EA   337 _MD1	=	0x00ea
                           0000EB   338 _MD2	=	0x00eb
                           0000EC   339 _MD3	=	0x00ec
                           0000ED   340 _MD4	=	0x00ed
                           0000EE   341 _MD5	=	0x00ee
                           0000EF   342 _ARCON	=	0x00ef
                           0000F0   343 _B	=	0x00f0
                           0000F8   344 _FSR	=	0x00f8
                           0000F9   345 _FPCR	=	0x00f9
                           0000FA   346 _FCR	=	0x00fa
                           0000FC   347 _SPIMCON0	=	0x00fc
                           0000FD   348 _SPIMCON1	=	0x00fd
                           0000FE   349 _SPIMSTAT	=	0x00fe
                           0000FF   350 _SPIMDAT	=	0x00ff
                           00C3C2   351 _CC1	=	0xc3c2
                           00C5C4   352 _CC2	=	0xc5c4
                           00C7C6   353 _CC3	=	0xc7c6
                           00CBCA   354 _CRC	=	0xcbca
                           008C8A   355 _T0	=	0x8c8a
                           008D8B   356 _T1	=	0x8d8b
                           00CDCC   357 _T2	=	0xcdcc
                           00BAAA   358 _S0REL	=	0xbaaa
                           00D4D5   359 _ADCDAT	=	0xd4d5
                                    360 ;--------------------------------------------------------
                                    361 ; special function bits
                                    362 ;--------------------------------------------------------
                                    363 	.area RSEG    (ABS,DATA)
      000000                        364 	.org 0x0000
                           000080   365 _P0_SB_D0	=	0x0080
                           000081   366 _P0_SB_D1	=	0x0081
                           000082   367 _P0_SB_D2	=	0x0082
                           000083   368 _P0_SB_D3	=	0x0083
                           000084   369 _P0_SB_D4	=	0x0084
                           000085   370 _P0_SB_D5	=	0x0085
                           000086   371 _P0_SB_D6	=	0x0086
                           000087   372 _P0_SB_D7	=	0x0087
                           000088   373 _TCON_SB_IT0	=	0x0088
                           000089   374 _TCON_SB_IE0	=	0x0089
                           00008A   375 _TCON_SB_IT1	=	0x008a
                           00008B   376 _TCON_SB_IE1	=	0x008b
                           00008C   377 _TCON_SB_TR0	=	0x008c
                           00008D   378 _TCON_SB_TF0	=	0x008d
                           00008E   379 _TCON_SB_TR1	=	0x008e
                           00008F   380 _TCON_SB_TF1	=	0x008f
                           000090   381 _P1_SB_D0	=	0x0090
                           000091   382 _P1_SB_D1	=	0x0091
                           000092   383 _P1_SB_D2	=	0x0092
                           000093   384 _P1_SB_D3	=	0x0093
                           000094   385 _P1_SB_D4	=	0x0094
                           000095   386 _P1_SB_D5	=	0x0095
                           000096   387 _P1_SB_D6	=	0x0096
                           000097   388 _P1_SB_D7	=	0x0097
                           000098   389 _S0CON_SB_RI0	=	0x0098
                           000099   390 _S0CON_SB_TI0	=	0x0099
                           00009A   391 _S0CON_SB_RB80	=	0x009a
                           00009B   392 _S0CON_SB_TB80	=	0x009b
                           00009C   393 _S0CON_SB_REN0	=	0x009c
                           00009D   394 _S0CON_SB_SM20	=	0x009d
                           00009E   395 _S0CON_SB_SM1	=	0x009e
                           00009F   396 _S0CON_SB_SM0	=	0x009f
                           0000A0   397 _P2_SB_D0	=	0x00a0
                           0000A1   398 _P2_SB_D1	=	0x00a1
                           0000A2   399 _P2_SB_D2	=	0x00a2
                           0000A3   400 _P2_SB_D3	=	0x00a3
                           0000A4   401 _P2_SB_D4	=	0x00a4
                           0000A5   402 _P2_SB_D5	=	0x00a5
                           0000A6   403 _P2_SB_D6	=	0x00a6
                           0000A7   404 _P2_SB_D7	=	0x00a7
                           0000A8   405 _IEN0_SB_IFP	=	0x00a8
                           0000A9   406 _IEN0_SB_T0	=	0x00a9
                           0000AA   407 _IEN0_SB_POFIRQ	=	0x00aa
                           0000AB   408 _IEN0_SB_T1	=	0x00ab
                           0000AC   409 _IEN0_SB_UART	=	0x00ac
                           0000AD   410 _IEN0_SB_T2	=	0x00ad
                           0000AF   411 _IEN0_SB_GLOBAL	=	0x00af
                           0000B0   412 _P3_SB_D0	=	0x00b0
                           0000B1   413 _P3_SB_D1	=	0x00b1
                           0000B2   414 _P3_SB_D2	=	0x00b2
                           0000B3   415 _P3_SB_D3	=	0x00b3
                           0000B4   416 _P3_SB_D4	=	0x00b4
                           0000B5   417 _P3_SB_D5	=	0x00b5
                           0000B6   418 _P3_SB_D6	=	0x00b6
                           0000B7   419 _P3_SB_D7	=	0x00b7
                           0000B8   420 _IEN1_SB_RFRDY	=	0x00b8
                           0000B9   421 _IEN1_SB_RFIRQ	=	0x00b9
                           0000BA   422 _IEN1_SB_SPI_2WIRE	=	0x00ba
                           0000BB   423 _IEN1_SB_WUOPIRQ	=	0x00bb
                           0000BC   424 _IEN1_SB_MISCIRQ	=	0x00bc
                           0000BD   425 _IEN1_SB_TICK	=	0x00bd
                           0000BF   426 _IEN1_SB_T2EXTRLD	=	0x00bf
                           0000C0   427 _IRCON_SB_RFRDY	=	0x00c0
                           0000C1   428 _IRCON_SB_RFIRQ	=	0x00c1
                           0000C2   429 _IRCON_SB_SPI_2WIRE	=	0x00c2
                           0000C3   430 _IRCON_SB_WUOPIRQ	=	0x00c3
                           0000C4   431 _IRCON_SB_MISCIRQ	=	0x00c4
                           0000C5   432 _IRCON_SB_TICK	=	0x00c5
                           0000C6   433 _IRCON_SB_TF2	=	0x00c6
                           0000C7   434 _IRCON_SB_EXF2	=	0x00c7
                           0000C8   435 _T2CON_SB_T2I0	=	0x00c8
                           0000C9   436 _T2CON_SB_T2I1	=	0x00c9
                           0000CA   437 _T2CON_SB_T2CM	=	0x00ca
                           0000CB   438 _T2CON_SB_T2R0	=	0x00cb
                           0000CC   439 _T2CON_SB_T2R1	=	0x00cc
                           0000CD   440 _T2CON_SB_I2FR	=	0x00cd
                           0000CE   441 _T2CON_SB_I3FR	=	0x00ce
                           0000CF   442 _T2CON_SB_T2PS	=	0x00cf
                           0000D7   443 _PSW_SB_CY	=	0x00d7
                           0000D6   444 _PSW_SB_AC	=	0x00d6
                           0000D5   445 _PSW_SB_F0	=	0x00d5
                           0000D4   446 _PSW_SB_RS1	=	0x00d4
                           0000D3   447 _PSW_SB_RS0	=	0x00d3
                           0000D2   448 _PSW_SB_OV	=	0x00d2
                           0000D1   449 _PSW_SB_F1	=	0x00d1
                           0000D0   450 _PSW_SB_P	=	0x00d0
                           0000DF   451 _ADCON_SB_BD	=	0x00df
                           0000E8   452 _RFCON_SB_RFCE	=	0x00e8
                           0000E9   453 _RFCON_SB_RFCSN	=	0x00e9
                           0000EA   454 _RFCON_SB_RFCKEN	=	0x00ea
                           0000FA   455 _FSR_SB_RDISMB	=	0x00fa
                           0000FB   456 _FSR_SB_INFEN	=	0x00fb
                           0000FC   457 _FSR_SB_RDYN	=	0x00fc
                           0000FD   458 _FSR_SB_WEN	=	0x00fd
                           0000FE   459 _FSR_SB_STP	=	0x00fe
                           0000FF   460 _FSR_SB_ENDBG	=	0x00ff
                                    461 ;--------------------------------------------------------
                                    462 ; overlayable register banks
                                    463 ;--------------------------------------------------------
                                    464 	.area REG_BANK_0	(REL,OVR,DATA)
      000000                        465 	.ds 8
                                    466 ;--------------------------------------------------------
                                    467 ; internal ram data
                                    468 ;--------------------------------------------------------
                                    469 	.area DSEG    (DATA)
      000000                        470 _timer2_configure_auto_reload_calc_sloc0_1_0:
      000000                        471 	.ds 4
      000004                        472 _timer2_configure_auto_reload_calc_sloc1_1_0:
      000004                        473 	.ds 4
      000008                        474 _timer2_configure_auto_reload_calc_sloc2_1_0:
      000008                        475 	.ds 2
      00000A                        476 _timer2_configure_auto_reload_calc_sloc3_1_0:
      00000A                        477 	.ds 4
                                    478 ;--------------------------------------------------------
                                    479 ; overlayable items in internal ram 
                                    480 ;--------------------------------------------------------
                                    481 ;--------------------------------------------------------
                                    482 ; indirectly addressable internal ram data
                                    483 ;--------------------------------------------------------
                                    484 	.area ISEG    (DATA)
                                    485 ;--------------------------------------------------------
                                    486 ; absolute internal ram data
                                    487 ;--------------------------------------------------------
                                    488 	.area IABS    (ABS,DATA)
                                    489 	.area IABS    (ABS,DATA)
                                    490 ;--------------------------------------------------------
                                    491 ; bit data
                                    492 ;--------------------------------------------------------
                                    493 	.area BSEG    (BIT)
                                    494 ;--------------------------------------------------------
                                    495 ; paged external ram data
                                    496 ;--------------------------------------------------------
                                    497 	.area PSEG    (PAG,XDATA)
                                    498 ;--------------------------------------------------------
                                    499 ; external ram data
                                    500 ;--------------------------------------------------------
                                    501 	.area XSEG    (XDATA)
      000000                        502 _timer2_configure_auto_reload_calc_PARM_2:
      000000                        503 	.ds 4
      000004                        504 _timer2_configure_auto_reload_calc_timer2_config_options_1_5:
      000004                        505 	.ds 2
                                    506 ;--------------------------------------------------------
                                    507 ; absolute external ram data
                                    508 ;--------------------------------------------------------
                                    509 	.area XABS    (ABS,XDATA)
                                    510 ;--------------------------------------------------------
                                    511 ; external initialized ram data
                                    512 ;--------------------------------------------------------
                                    513 	.area XISEG   (XDATA)
                                    514 	.area HOME    (CODE)
                                    515 	.area GSINIT0 (CODE)
                                    516 	.area GSINIT1 (CODE)
                                    517 	.area GSINIT2 (CODE)
                                    518 	.area GSINIT3 (CODE)
                                    519 	.area GSINIT4 (CODE)
                                    520 	.area GSINIT5 (CODE)
                                    521 	.area GSINIT  (CODE)
                                    522 	.area GSFINAL (CODE)
                                    523 	.area CSEG    (CODE)
                                    524 ;--------------------------------------------------------
                                    525 ; global & static initialisations
                                    526 ;--------------------------------------------------------
                                    527 	.area HOME    (CODE)
                                    528 	.area GSINIT  (CODE)
                                    529 	.area GSFINAL (CODE)
                                    530 	.area GSINIT  (CODE)
                                    531 ;--------------------------------------------------------
                                    532 ; Home
                                    533 ;--------------------------------------------------------
                                    534 	.area HOME    (CODE)
                                    535 	.area HOME    (CODE)
                                    536 ;--------------------------------------------------------
                                    537 ; code
                                    538 ;--------------------------------------------------------
                                    539 	.area CSEG    (CODE)
                                    540 ;------------------------------------------------------------
                                    541 ;Allocation info for local variables in function 'timer2_configure_auto_reload_calc'
                                    542 ;------------------------------------------------------------
                                    543 ;sloc0                     Allocated with name '_timer2_configure_auto_reload_calc_sloc0_1_0'
                                    544 ;sloc1                     Allocated with name '_timer2_configure_auto_reload_calc_sloc1_1_0'
                                    545 ;sloc2                     Allocated with name '_timer2_configure_auto_reload_calc_sloc2_1_0'
                                    546 ;sloc3                     Allocated with name '_timer2_configure_auto_reload_calc_sloc3_1_0'
                                    547 ;auto_reload_or_compare_period_in_seconds Allocated with name '_timer2_configure_auto_reload_calc_PARM_2'
                                    548 ;timer2_config_options     Allocated with name '_timer2_configure_auto_reload_calc_timer2_config_options_1_5'
                                    549 ;calc_crc_with_ps_12       Allocated with name '_timer2_configure_auto_reload_calc_calc_crc_with_ps_12_1_6'
                                    550 ;calc_crc_with_ps_24       Allocated with name '_timer2_configure_auto_reload_calc_calc_crc_with_ps_24_1_6'
                                    551 ;calc_overflow_period_with_ps_12 Allocated with name '_timer2_configure_auto_reload_calc_calc_overflow_period_with_ps_12_1_6'
                                    552 ;calc_overflow_period_with_ps_24 Allocated with name '_timer2_configure_auto_reload_calc_calc_overflow_period_with_ps_24_1_6'
                                    553 ;error_calc_overflow_period_with_ps_12 Allocated with name '_timer2_configure_auto_reload_calc_error_calc_overflow_period_with_ps_12_1_6'
                                    554 ;error_calc_overflow_period_with_ps_24 Allocated with name '_timer2_configure_auto_reload_calc_error_calc_overflow_period_with_ps_24_1_6'
                                    555 ;------------------------------------------------------------
                                    556 ;	src/timer2_configure_auto_reload_calc.c:48: void timer2_configure_auto_reload_calc(uint16_t timer2_config_options, float auto_reload_or_compare_period_in_seconds)
                                    557 ;	-----------------------------------------
                                    558 ;	 function timer2_configure_auto_reload_calc
                                    559 ;	-----------------------------------------
      000000                        560 _timer2_configure_auto_reload_calc:
                           000007   561 	ar7 = 0x07
                           000006   562 	ar6 = 0x06
                           000005   563 	ar5 = 0x05
                           000004   564 	ar4 = 0x04
                           000003   565 	ar3 = 0x03
                           000002   566 	ar2 = 0x02
                           000001   567 	ar1 = 0x01
                           000000   568 	ar0 = 0x00
      000000 AF 83            [24]  569 	mov	r7,dph
      000002 E5 82            [12]  570 	mov	a,dpl
      000004 90r00r04         [24]  571 	mov	dptr,#_timer2_configure_auto_reload_calc_timer2_config_options_1_5
      000007 F0               [24]  572 	movx	@dptr,a
      000008 EF               [12]  573 	mov	a,r7
      000009 A3               [24]  574 	inc	dptr
      00000A F0               [24]  575 	movx	@dptr,a
                                    576 ;	src/timer2_configure_auto_reload_calc.c:54: calc_crc_with_ps_12 = timer2_calc_crc_val(auto_reload_or_compare_period_in_seconds, 0);
      00000B 90r00r00         [24]  577 	mov	dptr,#_timer2_configure_auto_reload_calc_PARM_2
      00000E E0               [24]  578 	movx	a,@dptr
      00000F FC               [12]  579 	mov	r4,a
      000010 A3               [24]  580 	inc	dptr
      000011 E0               [24]  581 	movx	a,@dptr
      000012 FD               [12]  582 	mov	r5,a
      000013 A3               [24]  583 	inc	dptr
      000014 E0               [24]  584 	movx	a,@dptr
      000015 FE               [12]  585 	mov	r6,a
      000016 A3               [24]  586 	inc	dptr
      000017 E0               [24]  587 	movx	a,@dptr
      000018 FF               [12]  588 	mov	r7,a
      000019 90r00r00         [24]  589 	mov	dptr,#_timer2_calc_crc_val_PARM_2
      00001C E4               [12]  590 	clr	a
      00001D F0               [24]  591 	movx	@dptr,a
      00001E 8C 82            [24]  592 	mov	dpl,r4
      000020 8D 83            [24]  593 	mov	dph,r5
      000022 8E F0            [24]  594 	mov	b,r6
      000024 EF               [12]  595 	mov	a,r7
      000025 C0 07            [24]  596 	push	ar7
      000027 C0 06            [24]  597 	push	ar6
      000029 C0 05            [24]  598 	push	ar5
      00002B C0 04            [24]  599 	push	ar4
      00002D 12r00r00         [24]  600 	lcall	_timer2_calc_crc_val
      000030 AA 82            [24]  601 	mov	r2,dpl
      000032 AB 83            [24]  602 	mov	r3,dph
      000034 D0 04            [24]  603 	pop	ar4
      000036 D0 05            [24]  604 	pop	ar5
      000038 D0 06            [24]  605 	pop	ar6
      00003A D0 07            [24]  606 	pop	ar7
                                    607 ;	src/timer2_configure_auto_reload_calc.c:55: calc_crc_with_ps_24 = timer2_calc_crc_val(auto_reload_or_compare_period_in_seconds, 1);
      00003C 90r00r00         [24]  608 	mov	dptr,#_timer2_calc_crc_val_PARM_2
      00003F 74 01            [12]  609 	mov	a,#0x01
      000041 F0               [24]  610 	movx	@dptr,a
      000042 8C 82            [24]  611 	mov	dpl,r4
      000044 8D 83            [24]  612 	mov	dph,r5
      000046 8E F0            [24]  613 	mov	b,r6
      000048 EF               [12]  614 	mov	a,r7
      000049 C0 07            [24]  615 	push	ar7
      00004B C0 06            [24]  616 	push	ar6
      00004D C0 05            [24]  617 	push	ar5
      00004F C0 04            [24]  618 	push	ar4
      000051 C0 03            [24]  619 	push	ar3
      000053 C0 02            [24]  620 	push	ar2
      000055 12r00r00         [24]  621 	lcall	_timer2_calc_crc_val
      000058 85 82*08         [24]  622 	mov	_timer2_configure_auto_reload_calc_sloc2_1_0,dpl
      00005B 85 83*09         [24]  623 	mov	(_timer2_configure_auto_reload_calc_sloc2_1_0 + 1),dph
      00005E D0 02            [24]  624 	pop	ar2
      000060 D0 03            [24]  625 	pop	ar3
                                    626 ;	src/timer2_configure_auto_reload_calc.c:57: calc_overflow_period_with_ps_12 = timer2_calc_actual_period(calc_crc_with_ps_12, 0);
      000062 90r00r00         [24]  627 	mov	dptr,#_timer2_calc_actual_period_PARM_2
      000065 E4               [12]  628 	clr	a
      000066 F0               [24]  629 	movx	@dptr,a
      000067 8A 82            [24]  630 	mov	dpl,r2
      000069 8B 83            [24]  631 	mov	dph,r3
      00006B C0 03            [24]  632 	push	ar3
      00006D C0 02            [24]  633 	push	ar2
      00006F 12r00r00         [24]  634 	lcall	_timer2_calc_actual_period
      000072 85 82*00         [24]  635 	mov	_timer2_configure_auto_reload_calc_sloc0_1_0,dpl
      000075 85 83*01         [24]  636 	mov	(_timer2_configure_auto_reload_calc_sloc0_1_0 + 1),dph
      000078 85 F0*02         [24]  637 	mov	(_timer2_configure_auto_reload_calc_sloc0_1_0 + 2),b
      00007B F5*03            [12]  638 	mov	(_timer2_configure_auto_reload_calc_sloc0_1_0 + 3),a
      00007D D0 02            [24]  639 	pop	ar2
      00007F D0 03            [24]  640 	pop	ar3
                                    641 ;	src/timer2_configure_auto_reload_calc.c:58: calc_overflow_period_with_ps_24 = timer2_calc_actual_period(calc_crc_with_ps_12, 1);
      000081 90r00r00         [24]  642 	mov	dptr,#_timer2_calc_actual_period_PARM_2
      000084 74 01            [12]  643 	mov	a,#0x01
      000086 F0               [24]  644 	movx	@dptr,a
      000087 8A 82            [24]  645 	mov	dpl,r2
      000089 8B 83            [24]  646 	mov	dph,r3
      00008B C0 03            [24]  647 	push	ar3
      00008D C0 02            [24]  648 	push	ar2
      00008F 12r00r00         [24]  649 	lcall	_timer2_calc_actual_period
      000092 85 82*04         [24]  650 	mov	_timer2_configure_auto_reload_calc_sloc1_1_0,dpl
      000095 85 83*05         [24]  651 	mov	(_timer2_configure_auto_reload_calc_sloc1_1_0 + 1),dph
      000098 85 F0*06         [24]  652 	mov	(_timer2_configure_auto_reload_calc_sloc1_1_0 + 2),b
      00009B F5*07            [12]  653 	mov	(_timer2_configure_auto_reload_calc_sloc1_1_0 + 3),a
      00009D D0 02            [24]  654 	pop	ar2
      00009F D0 03            [24]  655 	pop	ar3
      0000A1 D0 04            [24]  656 	pop	ar4
      0000A3 D0 05            [24]  657 	pop	ar5
      0000A5 D0 06            [24]  658 	pop	ar6
      0000A7 D0 07            [24]  659 	pop	ar7
                                    660 ;	src/timer2_configure_auto_reload_calc.c:61: error_calc_overflow_period_with_ps_12 = (calc_overflow_period_with_ps_12 > auto_reload_or_compare_period_in_seconds) ? (calc_overflow_period_with_ps_12 - auto_reload_or_compare_period_in_seconds) : (auto_reload_or_compare_period_in_seconds - calc_overflow_period_with_ps_12);
      0000A9 C0 07            [24]  661 	push	ar7
      0000AB C0 06            [24]  662 	push	ar6
      0000AD C0 05            [24]  663 	push	ar5
      0000AF C0 04            [24]  664 	push	ar4
      0000B1 C0 03            [24]  665 	push	ar3
      0000B3 C0 02            [24]  666 	push	ar2
      0000B5 C0 04            [24]  667 	push	ar4
      0000B7 C0 05            [24]  668 	push	ar5
      0000B9 C0 06            [24]  669 	push	ar6
      0000BB C0 07            [24]  670 	push	ar7
      0000BD 85*00 82         [24]  671 	mov	dpl,_timer2_configure_auto_reload_calc_sloc0_1_0
      0000C0 85*01 83         [24]  672 	mov	dph,(_timer2_configure_auto_reload_calc_sloc0_1_0 + 1)
      0000C3 85*02 F0         [24]  673 	mov	b,(_timer2_configure_auto_reload_calc_sloc0_1_0 + 2)
      0000C6 E5*03            [12]  674 	mov	a,(_timer2_configure_auto_reload_calc_sloc0_1_0 + 3)
      0000C8 12r00r00         [24]  675 	lcall	___fsgt
      0000CB A9 82            [24]  676 	mov	r1,dpl
      0000CD E5 81            [12]  677 	mov	a,sp
      0000CF 24 FC            [12]  678 	add	a,#0xfc
      0000D1 F5 81            [12]  679 	mov	sp,a
      0000D3 D0 02            [24]  680 	pop	ar2
      0000D5 D0 03            [24]  681 	pop	ar3
      0000D7 D0 04            [24]  682 	pop	ar4
      0000D9 D0 05            [24]  683 	pop	ar5
      0000DB D0 06            [24]  684 	pop	ar6
      0000DD D0 07            [24]  685 	pop	ar7
      0000DF E9               [12]  686 	mov	a,r1
      0000E0 60 41            [24]  687 	jz	00106$
      0000E2 C0 07            [24]  688 	push	ar7
      0000E4 C0 06            [24]  689 	push	ar6
      0000E6 C0 05            [24]  690 	push	ar5
      0000E8 C0 04            [24]  691 	push	ar4
      0000EA C0 03            [24]  692 	push	ar3
      0000EC C0 02            [24]  693 	push	ar2
      0000EE C0 04            [24]  694 	push	ar4
      0000F0 C0 05            [24]  695 	push	ar5
      0000F2 C0 06            [24]  696 	push	ar6
      0000F4 C0 07            [24]  697 	push	ar7
      0000F6 85*00 82         [24]  698 	mov	dpl,_timer2_configure_auto_reload_calc_sloc0_1_0
      0000F9 85*01 83         [24]  699 	mov	dph,(_timer2_configure_auto_reload_calc_sloc0_1_0 + 1)
      0000FC 85*02 F0         [24]  700 	mov	b,(_timer2_configure_auto_reload_calc_sloc0_1_0 + 2)
      0000FF E5*03            [12]  701 	mov	a,(_timer2_configure_auto_reload_calc_sloc0_1_0 + 3)
      000101 12r00r00         [24]  702 	lcall	___fssub
      000104 85 82*0A         [24]  703 	mov	_timer2_configure_auto_reload_calc_sloc3_1_0,dpl
      000107 85 83*0B         [24]  704 	mov	(_timer2_configure_auto_reload_calc_sloc3_1_0 + 1),dph
      00010A 85 F0*0C         [24]  705 	mov	(_timer2_configure_auto_reload_calc_sloc3_1_0 + 2),b
      00010D F5*0D            [12]  706 	mov	(_timer2_configure_auto_reload_calc_sloc3_1_0 + 3),a
      00010F E5 81            [12]  707 	mov	a,sp
      000111 24 FC            [12]  708 	add	a,#0xfc
      000113 F5 81            [12]  709 	mov	sp,a
      000115 D0 02            [24]  710 	pop	ar2
      000117 D0 03            [24]  711 	pop	ar3
      000119 D0 04            [24]  712 	pop	ar4
      00011B D0 05            [24]  713 	pop	ar5
      00011D D0 06            [24]  714 	pop	ar6
      00011F D0 07            [24]  715 	pop	ar7
      000121 80 3B            [24]  716 	sjmp	00107$
      000123                        717 00106$:
      000123 C0 07            [24]  718 	push	ar7
      000125 C0 06            [24]  719 	push	ar6
      000127 C0 05            [24]  720 	push	ar5
      000129 C0 04            [24]  721 	push	ar4
      00012B C0 03            [24]  722 	push	ar3
      00012D C0 02            [24]  723 	push	ar2
      00012F C0*00            [24]  724 	push	_timer2_configure_auto_reload_calc_sloc0_1_0
      000131 C0*01            [24]  725 	push	(_timer2_configure_auto_reload_calc_sloc0_1_0 + 1)
      000133 C0*02            [24]  726 	push	(_timer2_configure_auto_reload_calc_sloc0_1_0 + 2)
      000135 C0*03            [24]  727 	push	(_timer2_configure_auto_reload_calc_sloc0_1_0 + 3)
      000137 8C 82            [24]  728 	mov	dpl,r4
      000139 8D 83            [24]  729 	mov	dph,r5
      00013B 8E F0            [24]  730 	mov	b,r6
      00013D EF               [12]  731 	mov	a,r7
      00013E 12r00r00         [24]  732 	lcall	___fssub
      000141 85 82*0A         [24]  733 	mov	_timer2_configure_auto_reload_calc_sloc3_1_0,dpl
      000144 85 83*0B         [24]  734 	mov	(_timer2_configure_auto_reload_calc_sloc3_1_0 + 1),dph
      000147 85 F0*0C         [24]  735 	mov	(_timer2_configure_auto_reload_calc_sloc3_1_0 + 2),b
      00014A F5*0D            [12]  736 	mov	(_timer2_configure_auto_reload_calc_sloc3_1_0 + 3),a
      00014C E5 81            [12]  737 	mov	a,sp
      00014E 24 FC            [12]  738 	add	a,#0xfc
      000150 F5 81            [12]  739 	mov	sp,a
      000152 D0 02            [24]  740 	pop	ar2
      000154 D0 03            [24]  741 	pop	ar3
      000156 D0 04            [24]  742 	pop	ar4
      000158 D0 05            [24]  743 	pop	ar5
      00015A D0 06            [24]  744 	pop	ar6
      00015C D0 07            [24]  745 	pop	ar7
      00015E                        746 00107$:
                                    747 ;	src/timer2_configure_auto_reload_calc.c:62: error_calc_overflow_period_with_ps_24 = (calc_overflow_period_with_ps_24 > auto_reload_or_compare_period_in_seconds) ? (calc_overflow_period_with_ps_24 - auto_reload_or_compare_period_in_seconds) : (auto_reload_or_compare_period_in_seconds - calc_overflow_period_with_ps_24);
      00015E C0 07            [24]  748 	push	ar7
      000160 C0 06            [24]  749 	push	ar6
      000162 C0 05            [24]  750 	push	ar5
      000164 C0 04            [24]  751 	push	ar4
      000166 C0 03            [24]  752 	push	ar3
      000168 C0 02            [24]  753 	push	ar2
      00016A C0 04            [24]  754 	push	ar4
      00016C C0 05            [24]  755 	push	ar5
      00016E C0 06            [24]  756 	push	ar6
      000170 C0 07            [24]  757 	push	ar7
      000172 85*04 82         [24]  758 	mov	dpl,_timer2_configure_auto_reload_calc_sloc1_1_0
      000175 85*05 83         [24]  759 	mov	dph,(_timer2_configure_auto_reload_calc_sloc1_1_0 + 1)
      000178 85*06 F0         [24]  760 	mov	b,(_timer2_configure_auto_reload_calc_sloc1_1_0 + 2)
      00017B E5*07            [12]  761 	mov	a,(_timer2_configure_auto_reload_calc_sloc1_1_0 + 3)
      00017D 12r00r00         [24]  762 	lcall	___fsgt
      000180 A9 82            [24]  763 	mov	r1,dpl
      000182 E5 81            [12]  764 	mov	a,sp
      000184 24 FC            [12]  765 	add	a,#0xfc
      000186 F5 81            [12]  766 	mov	sp,a
      000188 D0 02            [24]  767 	pop	ar2
      00018A D0 03            [24]  768 	pop	ar3
      00018C D0 04            [24]  769 	pop	ar4
      00018E D0 05            [24]  770 	pop	ar5
      000190 D0 06            [24]  771 	pop	ar6
      000192 D0 07            [24]  772 	pop	ar7
      000194 E9               [12]  773 	mov	a,r1
      000195 60 31            [24]  774 	jz	00108$
      000197 C0 03            [24]  775 	push	ar3
      000199 C0 02            [24]  776 	push	ar2
      00019B C0 04            [24]  777 	push	ar4
      00019D C0 05            [24]  778 	push	ar5
      00019F C0 06            [24]  779 	push	ar6
      0001A1 C0 07            [24]  780 	push	ar7
      0001A3 85*04 82         [24]  781 	mov	dpl,_timer2_configure_auto_reload_calc_sloc1_1_0
      0001A6 85*05 83         [24]  782 	mov	dph,(_timer2_configure_auto_reload_calc_sloc1_1_0 + 1)
      0001A9 85*06 F0         [24]  783 	mov	b,(_timer2_configure_auto_reload_calc_sloc1_1_0 + 2)
      0001AC E5*07            [12]  784 	mov	a,(_timer2_configure_auto_reload_calc_sloc1_1_0 + 3)
      0001AE 12r00r00         [24]  785 	lcall	___fssub
      0001B1 85 82*00         [24]  786 	mov	_timer2_configure_auto_reload_calc_sloc0_1_0,dpl
      0001B4 85 83*01         [24]  787 	mov	(_timer2_configure_auto_reload_calc_sloc0_1_0 + 1),dph
      0001B7 85 F0*02         [24]  788 	mov	(_timer2_configure_auto_reload_calc_sloc0_1_0 + 2),b
      0001BA F5*03            [12]  789 	mov	(_timer2_configure_auto_reload_calc_sloc0_1_0 + 3),a
      0001BC E5 81            [12]  790 	mov	a,sp
      0001BE 24 FC            [12]  791 	add	a,#0xfc
      0001C0 F5 81            [12]  792 	mov	sp,a
      0001C2 D0 02            [24]  793 	pop	ar2
      0001C4 D0 03            [24]  794 	pop	ar3
      0001C6 80 2B            [24]  795 	sjmp	00109$
      0001C8                        796 00108$:
      0001C8 C0 03            [24]  797 	push	ar3
      0001CA C0 02            [24]  798 	push	ar2
      0001CC C0*04            [24]  799 	push	_timer2_configure_auto_reload_calc_sloc1_1_0
      0001CE C0*05            [24]  800 	push	(_timer2_configure_auto_reload_calc_sloc1_1_0 + 1)
      0001D0 C0*06            [24]  801 	push	(_timer2_configure_auto_reload_calc_sloc1_1_0 + 2)
      0001D2 C0*07            [24]  802 	push	(_timer2_configure_auto_reload_calc_sloc1_1_0 + 3)
      0001D4 8C 82            [24]  803 	mov	dpl,r4
      0001D6 8D 83            [24]  804 	mov	dph,r5
      0001D8 8E F0            [24]  805 	mov	b,r6
      0001DA EF               [12]  806 	mov	a,r7
      0001DB 12r00r00         [24]  807 	lcall	___fssub
      0001DE 85 82*00         [24]  808 	mov	_timer2_configure_auto_reload_calc_sloc0_1_0,dpl
      0001E1 85 83*01         [24]  809 	mov	(_timer2_configure_auto_reload_calc_sloc0_1_0 + 1),dph
      0001E4 85 F0*02         [24]  810 	mov	(_timer2_configure_auto_reload_calc_sloc0_1_0 + 2),b
      0001E7 F5*03            [12]  811 	mov	(_timer2_configure_auto_reload_calc_sloc0_1_0 + 3),a
      0001E9 E5 81            [12]  812 	mov	a,sp
      0001EB 24 FC            [12]  813 	add	a,#0xfc
      0001ED F5 81            [12]  814 	mov	sp,a
      0001EF D0 02            [24]  815 	pop	ar2
      0001F1 D0 03            [24]  816 	pop	ar3
      0001F3                        817 00109$:
                                    818 ;	src/timer2_configure_auto_reload_calc.c:65: if(error_calc_overflow_period_with_ps_12 < error_calc_overflow_period_with_ps_24)
      0001F3 C0 03            [24]  819 	push	ar3
      0001F5 C0 02            [24]  820 	push	ar2
      0001F7 C0*00            [24]  821 	push	_timer2_configure_auto_reload_calc_sloc0_1_0
      0001F9 C0*01            [24]  822 	push	(_timer2_configure_auto_reload_calc_sloc0_1_0 + 1)
      0001FB C0*02            [24]  823 	push	(_timer2_configure_auto_reload_calc_sloc0_1_0 + 2)
      0001FD C0*03            [24]  824 	push	(_timer2_configure_auto_reload_calc_sloc0_1_0 + 3)
      0001FF 85*0A 82         [24]  825 	mov	dpl,_timer2_configure_auto_reload_calc_sloc3_1_0
      000202 85*0B 83         [24]  826 	mov	dph,(_timer2_configure_auto_reload_calc_sloc3_1_0 + 1)
      000205 85*0C F0         [24]  827 	mov	b,(_timer2_configure_auto_reload_calc_sloc3_1_0 + 2)
      000208 E5*0D            [12]  828 	mov	a,(_timer2_configure_auto_reload_calc_sloc3_1_0 + 3)
      00020A 12r00r00         [24]  829 	lcall	___fslt
      00020D AF 82            [24]  830 	mov	r7,dpl
      00020F E5 81            [12]  831 	mov	a,sp
      000211 24 FC            [12]  832 	add	a,#0xfc
      000213 F5 81            [12]  833 	mov	sp,a
      000215 D0 02            [24]  834 	pop	ar2
      000217 D0 03            [24]  835 	pop	ar3
      000219 EF               [12]  836 	mov	a,r7
      00021A 60 1A            [24]  837 	jz	00102$
                                    838 ;	src/timer2_configure_auto_reload_calc.c:67: timer2_configure_manual_reload_calc(((timer2_config_options & ~TIMER2_CONFIG_OPTION_PRESCALER_DIV_MASK) | TIMER2_CONFIG_OPTION_PRESCALER_DIV_12),
      00021C 90r00r04         [24]  839 	mov	dptr,#_timer2_configure_auto_reload_calc_timer2_config_options_1_5
      00021F E0               [24]  840 	movx	a,@dptr
      000220 FE               [12]  841 	mov	r6,a
      000221 A3               [24]  842 	inc	dptr
      000222 E0               [24]  843 	movx	a,@dptr
      000223 FF               [12]  844 	mov	r7,a
      000224 53 06 7F         [24]  845 	anl	ar6,#0x7F
                                    846 ;	src/timer2_configure_auto_reload_calc.c:68: calc_crc_with_ps_12);
      000227 90r00r00         [24]  847 	mov	dptr,#_timer2_configure_manual_reload_calc_PARM_2
      00022A EA               [12]  848 	mov	a,r2
      00022B F0               [24]  849 	movx	@dptr,a
      00022C EB               [12]  850 	mov	a,r3
      00022D A3               [24]  851 	inc	dptr
      00022E F0               [24]  852 	movx	@dptr,a
      00022F 8E 82            [24]  853 	mov	dpl,r6
      000231 8F 83            [24]  854 	mov	dph,r7
      000233 02r00r00         [24]  855 	ljmp	_timer2_configure_manual_reload_calc
      000236                        856 00102$:
                                    857 ;	src/timer2_configure_auto_reload_calc.c:72: timer2_configure_manual_reload_calc(((timer2_config_options & ~TIMER2_CONFIG_OPTION_PRESCALER_DIV_MASK) | TIMER2_CONFIG_OPTION_PRESCALER_DIV_24),
      000236 90r00r04         [24]  858 	mov	dptr,#_timer2_configure_auto_reload_calc_timer2_config_options_1_5
      000239 E0               [24]  859 	movx	a,@dptr
      00023A FE               [12]  860 	mov	r6,a
      00023B A3               [24]  861 	inc	dptr
      00023C E0               [24]  862 	movx	a,@dptr
      00023D FF               [12]  863 	mov	r7,a
      00023E 53 06 7F         [24]  864 	anl	ar6,#0x7F
      000241 43 06 80         [24]  865 	orl	ar6,#0x80
                                    866 ;	src/timer2_configure_auto_reload_calc.c:73: calc_crc_with_ps_24);
      000244 90r00r00         [24]  867 	mov	dptr,#_timer2_configure_manual_reload_calc_PARM_2
      000247 E5*08            [12]  868 	mov	a,_timer2_configure_auto_reload_calc_sloc2_1_0
      000249 F0               [24]  869 	movx	@dptr,a
      00024A E5*09            [12]  870 	mov	a,(_timer2_configure_auto_reload_calc_sloc2_1_0 + 1)
      00024C A3               [24]  871 	inc	dptr
      00024D F0               [24]  872 	movx	@dptr,a
      00024E 8E 82            [24]  873 	mov	dpl,r6
      000250 8F 83            [24]  874 	mov	dph,r7
      000252 02r00r00         [24]  875 	ljmp	_timer2_configure_manual_reload_calc
                                    876 	.area CSEG    (CODE)
                                    877 	.area CONST   (CODE)
                                    878 	.area XINIT   (CODE)
                                    879 	.area CABS    (ABS,CODE)
