                                      1 ;--------------------------------------------------------
                                      2 ; File Created by SDCC : free open source ANSI-C Compiler
                                      3 ; Version 3.4.0 #8981 (Apr  5 2014) (MINGW32)
                                      4 ; This file was generated Sun Jul 20 08:44:40 2014
                                      5 ;--------------------------------------------------------
                                      6 	.module timer2_configure_manual_reload_calc
                                      7 	.optsdcc -mmcs51 --model-large
                                      8 	
                                      9 ;--------------------------------------------------------
                                     10 ; Public variables in this module
                                     11 ;--------------------------------------------------------
                                     12 	.globl _FSR_SB_ENDBG
                                     13 	.globl _FSR_SB_STP
                                     14 	.globl _FSR_SB_WEN
                                     15 	.globl _FSR_SB_RDYN
                                     16 	.globl _FSR_SB_INFEN
                                     17 	.globl _FSR_SB_RDISMB
                                     18 	.globl _RFCON_SB_RFCKEN
                                     19 	.globl _RFCON_SB_RFCSN
                                     20 	.globl _RFCON_SB_RFCE
                                     21 	.globl _ADCON_SB_BD
                                     22 	.globl _PSW_SB_P
                                     23 	.globl _PSW_SB_F1
                                     24 	.globl _PSW_SB_OV
                                     25 	.globl _PSW_SB_RS0
                                     26 	.globl _PSW_SB_RS1
                                     27 	.globl _PSW_SB_F0
                                     28 	.globl _PSW_SB_AC
                                     29 	.globl _PSW_SB_CY
                                     30 	.globl _T2CON_SB_T2PS
                                     31 	.globl _T2CON_SB_I3FR
                                     32 	.globl _T2CON_SB_I2FR
                                     33 	.globl _T2CON_SB_T2R1
                                     34 	.globl _T2CON_SB_T2R0
                                     35 	.globl _T2CON_SB_T2CM
                                     36 	.globl _T2CON_SB_T2I1
                                     37 	.globl _T2CON_SB_T2I0
                                     38 	.globl _IRCON_SB_EXF2
                                     39 	.globl _IRCON_SB_TF2
                                     40 	.globl _IRCON_SB_TICK
                                     41 	.globl _IRCON_SB_MISCIRQ
                                     42 	.globl _IRCON_SB_WUOPIRQ
                                     43 	.globl _IRCON_SB_SPI_2WIRE
                                     44 	.globl _IRCON_SB_RFIRQ
                                     45 	.globl _IRCON_SB_RFRDY
                                     46 	.globl _IEN1_SB_T2EXTRLD
                                     47 	.globl _IEN1_SB_TICK
                                     48 	.globl _IEN1_SB_MISCIRQ
                                     49 	.globl _IEN1_SB_WUOPIRQ
                                     50 	.globl _IEN1_SB_SPI_2WIRE
                                     51 	.globl _IEN1_SB_RFIRQ
                                     52 	.globl _IEN1_SB_RFRDY
                                     53 	.globl _P3_SB_D7
                                     54 	.globl _P3_SB_D6
                                     55 	.globl _P3_SB_D5
                                     56 	.globl _P3_SB_D4
                                     57 	.globl _P3_SB_D3
                                     58 	.globl _P3_SB_D2
                                     59 	.globl _P3_SB_D1
                                     60 	.globl _P3_SB_D0
                                     61 	.globl _IEN0_SB_GLOBAL
                                     62 	.globl _IEN0_SB_T2
                                     63 	.globl _IEN0_SB_UART
                                     64 	.globl _IEN0_SB_T1
                                     65 	.globl _IEN0_SB_POFIRQ
                                     66 	.globl _IEN0_SB_T0
                                     67 	.globl _IEN0_SB_IFP
                                     68 	.globl _P2_SB_D7
                                     69 	.globl _P2_SB_D6
                                     70 	.globl _P2_SB_D5
                                     71 	.globl _P2_SB_D4
                                     72 	.globl _P2_SB_D3
                                     73 	.globl _P2_SB_D2
                                     74 	.globl _P2_SB_D1
                                     75 	.globl _P2_SB_D0
                                     76 	.globl _S0CON_SB_SM0
                                     77 	.globl _S0CON_SB_SM1
                                     78 	.globl _S0CON_SB_SM20
                                     79 	.globl _S0CON_SB_REN0
                                     80 	.globl _S0CON_SB_TB80
                                     81 	.globl _S0CON_SB_RB80
                                     82 	.globl _S0CON_SB_TI0
                                     83 	.globl _S0CON_SB_RI0
                                     84 	.globl _P1_SB_D7
                                     85 	.globl _P1_SB_D6
                                     86 	.globl _P1_SB_D5
                                     87 	.globl _P1_SB_D4
                                     88 	.globl _P1_SB_D3
                                     89 	.globl _P1_SB_D2
                                     90 	.globl _P1_SB_D1
                                     91 	.globl _P1_SB_D0
                                     92 	.globl _TCON_SB_TF1
                                     93 	.globl _TCON_SB_TR1
                                     94 	.globl _TCON_SB_TF0
                                     95 	.globl _TCON_SB_TR0
                                     96 	.globl _TCON_SB_IE1
                                     97 	.globl _TCON_SB_IT1
                                     98 	.globl _TCON_SB_IE0
                                     99 	.globl _TCON_SB_IT0
                                    100 	.globl _P0_SB_D7
                                    101 	.globl _P0_SB_D6
                                    102 	.globl _P0_SB_D5
                                    103 	.globl _P0_SB_D4
                                    104 	.globl _P0_SB_D3
                                    105 	.globl _P0_SB_D2
                                    106 	.globl _P0_SB_D1
                                    107 	.globl _P0_SB_D0
                                    108 	.globl _ADCDAT
                                    109 	.globl _S0REL
                                    110 	.globl _T2
                                    111 	.globl _T1
                                    112 	.globl _T0
                                    113 	.globl _CRC
                                    114 	.globl _CC3
                                    115 	.globl _CC2
                                    116 	.globl _CC1
                                    117 	.globl _SPIMDAT
                                    118 	.globl _SPIMSTAT
                                    119 	.globl _SPIMCON1
                                    120 	.globl _SPIMCON0
                                    121 	.globl _FCR
                                    122 	.globl _FPCR
                                    123 	.globl _FSR
                                    124 	.globl _B
                                    125 	.globl _ARCON
                                    126 	.globl _MD5
                                    127 	.globl _MD4
                                    128 	.globl _MD3
                                    129 	.globl _MD2
                                    130 	.globl _MD1
                                    131 	.globl _MD0
                                    132 	.globl _RFCON
                                    133 	.globl _SPIRDAT
                                    134 	.globl _SPIRSTAT
                                    135 	.globl _SPIRCON1
                                    136 	.globl _SPIRCON0
                                    137 	.globl _W2CON0
                                    138 	.globl _W2CON1
                                    139 	.globl _ACC
                                    140 	.globl _CCPDATO
                                    141 	.globl _CCPDATIB
                                    142 	.globl _CCPDATIA
                                    143 	.globl _POFCON
                                    144 	.globl _COMPCON
                                    145 	.globl _W2DAT
                                    146 	.globl _W2SADR
                                    147 	.globl _ADCON
                                    148 	.globl _RNGDAT
                                    149 	.globl _RNGCTL
                                    150 	.globl _ADCDATL
                                    151 	.globl _ADCDATH
                                    152 	.globl _ADCCON1
                                    153 	.globl _ADCCON2
                                    154 	.globl _ADCCON3
                                    155 	.globl _PSW
                                    156 	.globl _WUOPC0
                                    157 	.globl _WUOPC1
                                    158 	.globl _TH2
                                    159 	.globl _TL2
                                    160 	.globl _CRCH
                                    161 	.globl _CRCL
                                    162 	.globl __XPAGE
                                    163 	.globl _MPAGE
                                    164 	.globl _T2CON
                                    165 	.globl _CCH3
                                    166 	.globl _CCL3
                                    167 	.globl _CCH2
                                    168 	.globl _CCL2
                                    169 	.globl _CCH1
                                    170 	.globl _CCL1
                                    171 	.globl _CCEN
                                    172 	.globl _IRCON
                                    173 	.globl _SPISDAT
                                    174 	.globl _SPISSTAT
                                    175 	.globl _SPISCON1
                                    176 	.globl _SPISCON0
                                    177 	.globl _S0RELH
                                    178 	.globl _IP1
                                    179 	.globl _IEN1
                                    180 	.globl _SPISRDSZ
                                    181 	.globl _RTC2CPT00
                                    182 	.globl _RTC2CMP1
                                    183 	.globl _RTC2CMP0
                                    184 	.globl _RTC2CON
                                    185 	.globl _PWMCON
                                    186 	.globl _RSTREAS
                                    187 	.globl _P3
                                    188 	.globl _WDSV
                                    189 	.globl _OPMCON
                                    190 	.globl _CLKLFCTRL
                                    191 	.globl _RTC2CPT10
                                    192 	.globl _RTC2CPT01
                                    193 	.globl _S0RELL
                                    194 	.globl _IP0
                                    195 	.globl _IEN0
                                    196 	.globl _MEMCON
                                    197 	.globl _INTEXP
                                    198 	.globl _WUCON
                                    199 	.globl _PWRDWN
                                    200 	.globl _CLKCTRL
                                    201 	.globl _PWMDC1
                                    202 	.globl _PWMDC0
                                    203 	.globl _P2
                                    204 	.globl _P1CON
                                    205 	.globl _P0CON
                                    206 	.globl _S0BUF
                                    207 	.globl _S0CON
                                    208 	.globl _P2CON
                                    209 	.globl _P3DIR
                                    210 	.globl _P2DIR
                                    211 	.globl _P1DIR
                                    212 	.globl _P0DIR
                                    213 	.globl _DPS
                                    214 	.globl _P1
                                    215 	.globl _P3CON
                                    216 	.globl _TH1
                                    217 	.globl _TH0
                                    218 	.globl _TL1
                                    219 	.globl _TL0
                                    220 	.globl _TMOD
                                    221 	.globl _TCON
                                    222 	.globl _PCON
                                    223 	.globl _DPH1
                                    224 	.globl _DPL1
                                    225 	.globl _DPH
                                    226 	.globl _DPL
                                    227 	.globl _SP
                                    228 	.globl _P0
                                    229 	.globl _timer2_configure_manual_reload_calc_PARM_2
                                    230 	.globl _timer2_configure_manual_reload_calc
                                    231 ;--------------------------------------------------------
                                    232 ; special function registers
                                    233 ;--------------------------------------------------------
                                    234 	.area RSEG    (ABS,DATA)
      000000                        235 	.org 0x0000
                           000080   236 _P0	=	0x0080
                           000081   237 _SP	=	0x0081
                           000082   238 _DPL	=	0x0082
                           000083   239 _DPH	=	0x0083
                           000084   240 _DPL1	=	0x0084
                           000085   241 _DPH1	=	0x0085
                           000087   242 _PCON	=	0x0087
                           000088   243 _TCON	=	0x0088
                           000089   244 _TMOD	=	0x0089
                           00008A   245 _TL0	=	0x008a
                           00008B   246 _TL1	=	0x008b
                           00008C   247 _TH0	=	0x008c
                           00008D   248 _TH1	=	0x008d
                           00008F   249 _P3CON	=	0x008f
                           000090   250 _P1	=	0x0090
                           000092   251 _DPS	=	0x0092
                           000093   252 _P0DIR	=	0x0093
                           000094   253 _P1DIR	=	0x0094
                           000095   254 _P2DIR	=	0x0095
                           000096   255 _P3DIR	=	0x0096
                           000097   256 _P2CON	=	0x0097
                           000098   257 _S0CON	=	0x0098
                           000099   258 _S0BUF	=	0x0099
                           00009E   259 _P0CON	=	0x009e
                           00009F   260 _P1CON	=	0x009f
                           0000A0   261 _P2	=	0x00a0
                           0000A1   262 _PWMDC0	=	0x00a1
                           0000A2   263 _PWMDC1	=	0x00a2
                           0000A3   264 _CLKCTRL	=	0x00a3
                           0000A4   265 _PWRDWN	=	0x00a4
                           0000A5   266 _WUCON	=	0x00a5
                           0000A6   267 _INTEXP	=	0x00a6
                           0000A7   268 _MEMCON	=	0x00a7
                           0000A8   269 _IEN0	=	0x00a8
                           0000A9   270 _IP0	=	0x00a9
                           0000AA   271 _S0RELL	=	0x00aa
                           0000AB   272 _RTC2CPT01	=	0x00ab
                           0000AC   273 _RTC2CPT10	=	0x00ac
                           0000AD   274 _CLKLFCTRL	=	0x00ad
                           0000AE   275 _OPMCON	=	0x00ae
                           0000AF   276 _WDSV	=	0x00af
                           0000B0   277 _P3	=	0x00b0
                           0000B1   278 _RSTREAS	=	0x00b1
                           0000B2   279 _PWMCON	=	0x00b2
                           0000B3   280 _RTC2CON	=	0x00b3
                           0000B4   281 _RTC2CMP0	=	0x00b4
                           0000B5   282 _RTC2CMP1	=	0x00b5
                           0000B6   283 _RTC2CPT00	=	0x00b6
                           0000B7   284 _SPISRDSZ	=	0x00b7
                           0000B8   285 _IEN1	=	0x00b8
                           0000B9   286 _IP1	=	0x00b9
                           0000BA   287 _S0RELH	=	0x00ba
                           0000BC   288 _SPISCON0	=	0x00bc
                           0000BD   289 _SPISCON1	=	0x00bd
                           0000BE   290 _SPISSTAT	=	0x00be
                           0000BF   291 _SPISDAT	=	0x00bf
                           0000C0   292 _IRCON	=	0x00c0
                           0000C1   293 _CCEN	=	0x00c1
                           0000C2   294 _CCL1	=	0x00c2
                           0000C3   295 _CCH1	=	0x00c3
                           0000C4   296 _CCL2	=	0x00c4
                           0000C5   297 _CCH2	=	0x00c5
                           0000C6   298 _CCL3	=	0x00c6
                           0000C7   299 _CCH3	=	0x00c7
                           0000C8   300 _T2CON	=	0x00c8
                           0000C9   301 _MPAGE	=	0x00c9
                           0000C9   302 __XPAGE	=	0x00c9
                           0000CA   303 _CRCL	=	0x00ca
                           0000CB   304 _CRCH	=	0x00cb
                           0000CC   305 _TL2	=	0x00cc
                           0000CD   306 _TH2	=	0x00cd
                           0000CE   307 _WUOPC1	=	0x00ce
                           0000CF   308 _WUOPC0	=	0x00cf
                           0000D0   309 _PSW	=	0x00d0
                           0000D1   310 _ADCCON3	=	0x00d1
                           0000D2   311 _ADCCON2	=	0x00d2
                           0000D3   312 _ADCCON1	=	0x00d3
                           0000D4   313 _ADCDATH	=	0x00d4
                           0000D5   314 _ADCDATL	=	0x00d5
                           0000D6   315 _RNGCTL	=	0x00d6
                           0000D7   316 _RNGDAT	=	0x00d7
                           0000D8   317 _ADCON	=	0x00d8
                           0000D9   318 _W2SADR	=	0x00d9
                           0000DA   319 _W2DAT	=	0x00da
                           0000DB   320 _COMPCON	=	0x00db
                           0000DC   321 _POFCON	=	0x00dc
                           0000DD   322 _CCPDATIA	=	0x00dd
                           0000DE   323 _CCPDATIB	=	0x00de
                           0000DF   324 _CCPDATO	=	0x00df
                           0000E0   325 _ACC	=	0x00e0
                           0000E1   326 _W2CON1	=	0x00e1
                           0000E2   327 _W2CON0	=	0x00e2
                           0000E4   328 _SPIRCON0	=	0x00e4
                           0000E5   329 _SPIRCON1	=	0x00e5
                           0000E6   330 _SPIRSTAT	=	0x00e6
                           0000E7   331 _SPIRDAT	=	0x00e7
                           0000E8   332 _RFCON	=	0x00e8
                           0000E9   333 _MD0	=	0x00e9
                           0000EA   334 _MD1	=	0x00ea
                           0000EB   335 _MD2	=	0x00eb
                           0000EC   336 _MD3	=	0x00ec
                           0000ED   337 _MD4	=	0x00ed
                           0000EE   338 _MD5	=	0x00ee
                           0000EF   339 _ARCON	=	0x00ef
                           0000F0   340 _B	=	0x00f0
                           0000F8   341 _FSR	=	0x00f8
                           0000F9   342 _FPCR	=	0x00f9
                           0000FA   343 _FCR	=	0x00fa
                           0000FC   344 _SPIMCON0	=	0x00fc
                           0000FD   345 _SPIMCON1	=	0x00fd
                           0000FE   346 _SPIMSTAT	=	0x00fe
                           0000FF   347 _SPIMDAT	=	0x00ff
                           00C3C2   348 _CC1	=	0xc3c2
                           00C5C4   349 _CC2	=	0xc5c4
                           00C7C6   350 _CC3	=	0xc7c6
                           00CBCA   351 _CRC	=	0xcbca
                           008C8A   352 _T0	=	0x8c8a
                           008D8B   353 _T1	=	0x8d8b
                           00CDCC   354 _T2	=	0xcdcc
                           00BAAA   355 _S0REL	=	0xbaaa
                           00D4D5   356 _ADCDAT	=	0xd4d5
                                    357 ;--------------------------------------------------------
                                    358 ; special function bits
                                    359 ;--------------------------------------------------------
                                    360 	.area RSEG    (ABS,DATA)
      000000                        361 	.org 0x0000
                           000080   362 _P0_SB_D0	=	0x0080
                           000081   363 _P0_SB_D1	=	0x0081
                           000082   364 _P0_SB_D2	=	0x0082
                           000083   365 _P0_SB_D3	=	0x0083
                           000084   366 _P0_SB_D4	=	0x0084
                           000085   367 _P0_SB_D5	=	0x0085
                           000086   368 _P0_SB_D6	=	0x0086
                           000087   369 _P0_SB_D7	=	0x0087
                           000088   370 _TCON_SB_IT0	=	0x0088
                           000089   371 _TCON_SB_IE0	=	0x0089
                           00008A   372 _TCON_SB_IT1	=	0x008a
                           00008B   373 _TCON_SB_IE1	=	0x008b
                           00008C   374 _TCON_SB_TR0	=	0x008c
                           00008D   375 _TCON_SB_TF0	=	0x008d
                           00008E   376 _TCON_SB_TR1	=	0x008e
                           00008F   377 _TCON_SB_TF1	=	0x008f
                           000090   378 _P1_SB_D0	=	0x0090
                           000091   379 _P1_SB_D1	=	0x0091
                           000092   380 _P1_SB_D2	=	0x0092
                           000093   381 _P1_SB_D3	=	0x0093
                           000094   382 _P1_SB_D4	=	0x0094
                           000095   383 _P1_SB_D5	=	0x0095
                           000096   384 _P1_SB_D6	=	0x0096
                           000097   385 _P1_SB_D7	=	0x0097
                           000098   386 _S0CON_SB_RI0	=	0x0098
                           000099   387 _S0CON_SB_TI0	=	0x0099
                           00009A   388 _S0CON_SB_RB80	=	0x009a
                           00009B   389 _S0CON_SB_TB80	=	0x009b
                           00009C   390 _S0CON_SB_REN0	=	0x009c
                           00009D   391 _S0CON_SB_SM20	=	0x009d
                           00009E   392 _S0CON_SB_SM1	=	0x009e
                           00009F   393 _S0CON_SB_SM0	=	0x009f
                           0000A0   394 _P2_SB_D0	=	0x00a0
                           0000A1   395 _P2_SB_D1	=	0x00a1
                           0000A2   396 _P2_SB_D2	=	0x00a2
                           0000A3   397 _P2_SB_D3	=	0x00a3
                           0000A4   398 _P2_SB_D4	=	0x00a4
                           0000A5   399 _P2_SB_D5	=	0x00a5
                           0000A6   400 _P2_SB_D6	=	0x00a6
                           0000A7   401 _P2_SB_D7	=	0x00a7
                           0000A8   402 _IEN0_SB_IFP	=	0x00a8
                           0000A9   403 _IEN0_SB_T0	=	0x00a9
                           0000AA   404 _IEN0_SB_POFIRQ	=	0x00aa
                           0000AB   405 _IEN0_SB_T1	=	0x00ab
                           0000AC   406 _IEN0_SB_UART	=	0x00ac
                           0000AD   407 _IEN0_SB_T2	=	0x00ad
                           0000AF   408 _IEN0_SB_GLOBAL	=	0x00af
                           0000B0   409 _P3_SB_D0	=	0x00b0
                           0000B1   410 _P3_SB_D1	=	0x00b1
                           0000B2   411 _P3_SB_D2	=	0x00b2
                           0000B3   412 _P3_SB_D3	=	0x00b3
                           0000B4   413 _P3_SB_D4	=	0x00b4
                           0000B5   414 _P3_SB_D5	=	0x00b5
                           0000B6   415 _P3_SB_D6	=	0x00b6
                           0000B7   416 _P3_SB_D7	=	0x00b7
                           0000B8   417 _IEN1_SB_RFRDY	=	0x00b8
                           0000B9   418 _IEN1_SB_RFIRQ	=	0x00b9
                           0000BA   419 _IEN1_SB_SPI_2WIRE	=	0x00ba
                           0000BB   420 _IEN1_SB_WUOPIRQ	=	0x00bb
                           0000BC   421 _IEN1_SB_MISCIRQ	=	0x00bc
                           0000BD   422 _IEN1_SB_TICK	=	0x00bd
                           0000BF   423 _IEN1_SB_T2EXTRLD	=	0x00bf
                           0000C0   424 _IRCON_SB_RFRDY	=	0x00c0
                           0000C1   425 _IRCON_SB_RFIRQ	=	0x00c1
                           0000C2   426 _IRCON_SB_SPI_2WIRE	=	0x00c2
                           0000C3   427 _IRCON_SB_WUOPIRQ	=	0x00c3
                           0000C4   428 _IRCON_SB_MISCIRQ	=	0x00c4
                           0000C5   429 _IRCON_SB_TICK	=	0x00c5
                           0000C6   430 _IRCON_SB_TF2	=	0x00c6
                           0000C7   431 _IRCON_SB_EXF2	=	0x00c7
                           0000C8   432 _T2CON_SB_T2I0	=	0x00c8
                           0000C9   433 _T2CON_SB_T2I1	=	0x00c9
                           0000CA   434 _T2CON_SB_T2CM	=	0x00ca
                           0000CB   435 _T2CON_SB_T2R0	=	0x00cb
                           0000CC   436 _T2CON_SB_T2R1	=	0x00cc
                           0000CD   437 _T2CON_SB_I2FR	=	0x00cd
                           0000CE   438 _T2CON_SB_I3FR	=	0x00ce
                           0000CF   439 _T2CON_SB_T2PS	=	0x00cf
                           0000D7   440 _PSW_SB_CY	=	0x00d7
                           0000D6   441 _PSW_SB_AC	=	0x00d6
                           0000D5   442 _PSW_SB_F0	=	0x00d5
                           0000D4   443 _PSW_SB_RS1	=	0x00d4
                           0000D3   444 _PSW_SB_RS0	=	0x00d3
                           0000D2   445 _PSW_SB_OV	=	0x00d2
                           0000D1   446 _PSW_SB_F1	=	0x00d1
                           0000D0   447 _PSW_SB_P	=	0x00d0
                           0000DF   448 _ADCON_SB_BD	=	0x00df
                           0000E8   449 _RFCON_SB_RFCE	=	0x00e8
                           0000E9   450 _RFCON_SB_RFCSN	=	0x00e9
                           0000EA   451 _RFCON_SB_RFCKEN	=	0x00ea
                           0000FA   452 _FSR_SB_RDISMB	=	0x00fa
                           0000FB   453 _FSR_SB_INFEN	=	0x00fb
                           0000FC   454 _FSR_SB_RDYN	=	0x00fc
                           0000FD   455 _FSR_SB_WEN	=	0x00fd
                           0000FE   456 _FSR_SB_STP	=	0x00fe
                           0000FF   457 _FSR_SB_ENDBG	=	0x00ff
                                    458 ;--------------------------------------------------------
                                    459 ; overlayable register banks
                                    460 ;--------------------------------------------------------
                                    461 	.area REG_BANK_0	(REL,OVR,DATA)
      000000                        462 	.ds 8
                                    463 ;--------------------------------------------------------
                                    464 ; internal ram data
                                    465 ;--------------------------------------------------------
                                    466 	.area DSEG    (DATA)
                                    467 ;--------------------------------------------------------
                                    468 ; overlayable items in internal ram 
                                    469 ;--------------------------------------------------------
                                    470 ;--------------------------------------------------------
                                    471 ; indirectly addressable internal ram data
                                    472 ;--------------------------------------------------------
                                    473 	.area ISEG    (DATA)
                                    474 ;--------------------------------------------------------
                                    475 ; absolute internal ram data
                                    476 ;--------------------------------------------------------
                                    477 	.area IABS    (ABS,DATA)
                                    478 	.area IABS    (ABS,DATA)
                                    479 ;--------------------------------------------------------
                                    480 ; bit data
                                    481 ;--------------------------------------------------------
                                    482 	.area BSEG    (BIT)
                                    483 ;--------------------------------------------------------
                                    484 ; paged external ram data
                                    485 ;--------------------------------------------------------
                                    486 	.area PSEG    (PAG,XDATA)
                                    487 ;--------------------------------------------------------
                                    488 ; external ram data
                                    489 ;--------------------------------------------------------
                                    490 	.area XSEG    (XDATA)
      000000                        491 _timer2_configure_manual_reload_calc_PARM_2:
      000000                        492 	.ds 2
      000002                        493 _timer2_configure_manual_reload_calc_timer2_config_options_1_5:
      000002                        494 	.ds 2
                                    495 ;--------------------------------------------------------
                                    496 ; absolute external ram data
                                    497 ;--------------------------------------------------------
                                    498 	.area XABS    (ABS,XDATA)
                                    499 ;--------------------------------------------------------
                                    500 ; external initialized ram data
                                    501 ;--------------------------------------------------------
                                    502 	.area XISEG   (XDATA)
                                    503 	.area HOME    (CODE)
                                    504 	.area GSINIT0 (CODE)
                                    505 	.area GSINIT1 (CODE)
                                    506 	.area GSINIT2 (CODE)
                                    507 	.area GSINIT3 (CODE)
                                    508 	.area GSINIT4 (CODE)
                                    509 	.area GSINIT5 (CODE)
                                    510 	.area GSINIT  (CODE)
                                    511 	.area GSFINAL (CODE)
                                    512 	.area CSEG    (CODE)
                                    513 ;--------------------------------------------------------
                                    514 ; global & static initialisations
                                    515 ;--------------------------------------------------------
                                    516 	.area HOME    (CODE)
                                    517 	.area GSINIT  (CODE)
                                    518 	.area GSFINAL (CODE)
                                    519 	.area GSINIT  (CODE)
                                    520 ;--------------------------------------------------------
                                    521 ; Home
                                    522 ;--------------------------------------------------------
                                    523 	.area HOME    (CODE)
                                    524 	.area HOME    (CODE)
                                    525 ;--------------------------------------------------------
                                    526 ; code
                                    527 ;--------------------------------------------------------
                                    528 	.area CSEG    (CODE)
                                    529 ;------------------------------------------------------------
                                    530 ;Allocation info for local variables in function 'timer2_configure_manual_reload_calc'
                                    531 ;------------------------------------------------------------
                                    532 ;auto_reload_or_compare_value Allocated with name '_timer2_configure_manual_reload_calc_PARM_2'
                                    533 ;timer2_config_options     Allocated with name '_timer2_configure_manual_reload_calc_timer2_config_options_1_5'
                                    534 ;------------------------------------------------------------
                                    535 ;	src/timer2_configure_manual_reload_calc.c:55: void timer2_configure_manual_reload_calc(uint16_t timer2_config_options, uint16_t auto_reload_or_compare_value)
                                    536 ;	-----------------------------------------
                                    537 ;	 function timer2_configure_manual_reload_calc
                                    538 ;	-----------------------------------------
      000000                        539 _timer2_configure_manual_reload_calc:
                           000007   540 	ar7 = 0x07
                           000006   541 	ar6 = 0x06
                           000005   542 	ar5 = 0x05
                           000004   543 	ar4 = 0x04
                           000003   544 	ar3 = 0x03
                           000002   545 	ar2 = 0x02
                           000001   546 	ar1 = 0x01
                           000000   547 	ar0 = 0x00
      000000 AF 83            [24]  548 	mov	r7,dph
      000002 E5 82            [12]  549 	mov	a,dpl
      000004 90r00r02         [24]  550 	mov	dptr,#_timer2_configure_manual_reload_calc_timer2_config_options_1_5
      000007 F0               [24]  551 	movx	@dptr,a
      000008 EF               [12]  552 	mov	a,r7
      000009 A3               [24]  553 	inc	dptr
      00000A F0               [24]  554 	movx	@dptr,a
                                    555 ;	src/timer2_configure_manual_reload_calc.c:58: if(((timer2_config_options & (T2CON_RELOAD_MODE_MASK << TIMER2_CONFIG_OPTION_TCON2_OFFSET_SHIFT)) == TIMER2_CONFIG_OPTION_RELOAD_ON_OVERFLOW) ||
      00000B 90r00r02         [24]  556 	mov	dptr,#_timer2_configure_manual_reload_calc_timer2_config_options_1_5
      00000E E0               [24]  557 	movx	a,@dptr
      00000F FE               [12]  558 	mov	r6,a
      000010 A3               [24]  559 	inc	dptr
      000011 E0               [24]  560 	movx	a,@dptr
      000012 FF               [12]  561 	mov	r7,a
      000013 74 18            [12]  562 	mov	a,#0x18
      000015 5E               [12]  563 	anl	a,r6
      000016 FC               [12]  564 	mov	r4,a
      000017 7D 00            [12]  565 	mov	r5,#0x00
      000019 BC 10 05         [24]  566 	cjne	r4,#0x10,00109$
      00001C BD 00 02         [24]  567 	cjne	r5,#0x00,00109$
      00001F 80 0C            [24]  568 	sjmp	00101$
      000021                        569 00109$:
                                    570 ;	src/timer2_configure_manual_reload_calc.c:59: ((timer2_config_options & (T2CON_RELOAD_MODE_MASK << TIMER2_CONFIG_OPTION_TCON2_OFFSET_SHIFT)) == TIMER2_CONFIG_OPTION_RELOAD_ON_T2EX_FALL))
      000021 74 18            [12]  571 	mov	a,#0x18
      000023 5E               [12]  572 	anl	a,r6
      000024 FC               [12]  573 	mov	r4,a
      000025 7D 00            [12]  574 	mov	r5,#0x00
      000027 BC 18 13         [24]  575 	cjne	r4,#0x18,00102$
      00002A BD 00 10         [24]  576 	cjne	r5,#0x00,00102$
      00002D                        577 00101$:
                                    578 ;	src/timer2_configure_manual_reload_calc.c:61: timer2_set_crc_and_t2_vals(auto_reload_or_compare_value);
      00002D 90r00r00         [24]  579 	mov	dptr,#_timer2_configure_manual_reload_calc_PARM_2
      000030 E0               [24]  580 	movx	a,@dptr
      000031 FC               [12]  581 	mov	r4,a
      000032 A3               [24]  582 	inc	dptr
      000033 E0               [24]  583 	movx	a,@dptr
      000034 FD               [12]  584 	mov	r5,a
      000035 8C CA            [24]  585 	mov	((_CRC >> 0) & 0xFF),r4
      000037 8D CB            [24]  586 	mov	((_CRC >> 8) & 0xFF),r5
      000039 8C CC            [24]  587 	mov	((_T2 >> 0) & 0xFF),r4
      00003B 8D CD            [24]  588 	mov	((_T2 >> 8) & 0xFF),r5
      00003D                        589 00102$:
                                    590 ;	src/timer2_configure_manual_reload_calc.c:65: CCEN = ((uint8_t)(timer2_config_options >> TIMER2_CONFIG_OPTION_CCEN_OFFSET_SHIFT)) & TIMER2_CONFIG_OPTION_CCEN_WRITE_MASK;
      00003D 8F C1            [24]  591 	mov	_CCEN,r7
                                    592 ;	src/timer2_configure_manual_reload_calc.c:66: T2CON = (T2CON & ~TIMER2_CONFIG_OPTION_T2CON_WRITE_MASK) | (((uint8_t)(timer2_config_options >> TIMER2_CONFIG_OPTION_TCON2_OFFSET_SHIFT)) & TIMER2_CONFIG_OPTION_T2CON_WRITE_MASK);
      00003F AD C8            [24]  593 	mov	r5,_T2CON
      000041 53 05 64         [24]  594 	anl	ar5,#0x64
      000044 53 06 9B         [24]  595 	anl	ar6,#0x9B
      000047 EE               [12]  596 	mov	a,r6
      000048 4D               [12]  597 	orl	a,r5
      000049 F5 C8            [12]  598 	mov	_T2CON,a
      00004B 22               [24]  599 	ret
                                    600 	.area CSEG    (CODE)
                                    601 	.area CONST   (CODE)
                                    602 	.area XINIT   (CODE)
                                    603 	.area CABS    (ABS,CODE)
