                                      1 ;--------------------------------------------------------
                                      2 ; File Created by SDCC : free open source ANSI-C Compiler
                                      3 ; Version 3.4.0 #8981 (Apr  5 2014) (MINGW32)
                                      4 ; This file was generated Sun Jul 20 08:46:35 2014
                                      5 ;--------------------------------------------------------
                                      6 	.module w2_master_cur_address_read
                                      7 	.optsdcc -mmcs51 --model-large
                                      8 	
                                      9 ;--------------------------------------------------------
                                     10 ; Public variables in this module
                                     11 ;--------------------------------------------------------
                                     12 	.globl _w2_master_software_reset
                                     13 	.globl _w2_master_rx_byte
                                     14 	.globl _w2_master_tx_byte
                                     15 	.globl _FSR_SB_ENDBG
                                     16 	.globl _FSR_SB_STP
                                     17 	.globl _FSR_SB_WEN
                                     18 	.globl _FSR_SB_RDYN
                                     19 	.globl _FSR_SB_INFEN
                                     20 	.globl _FSR_SB_RDISMB
                                     21 	.globl _RFCON_SB_RFCKEN
                                     22 	.globl _RFCON_SB_RFCSN
                                     23 	.globl _RFCON_SB_RFCE
                                     24 	.globl _ADCON_SB_BD
                                     25 	.globl _PSW_SB_P
                                     26 	.globl _PSW_SB_F1
                                     27 	.globl _PSW_SB_OV
                                     28 	.globl _PSW_SB_RS0
                                     29 	.globl _PSW_SB_RS1
                                     30 	.globl _PSW_SB_F0
                                     31 	.globl _PSW_SB_AC
                                     32 	.globl _PSW_SB_CY
                                     33 	.globl _T2CON_SB_T2PS
                                     34 	.globl _T2CON_SB_I3FR
                                     35 	.globl _T2CON_SB_I2FR
                                     36 	.globl _T2CON_SB_T2R1
                                     37 	.globl _T2CON_SB_T2R0
                                     38 	.globl _T2CON_SB_T2CM
                                     39 	.globl _T2CON_SB_T2I1
                                     40 	.globl _T2CON_SB_T2I0
                                     41 	.globl _IRCON_SB_EXF2
                                     42 	.globl _IRCON_SB_TF2
                                     43 	.globl _IRCON_SB_TICK
                                     44 	.globl _IRCON_SB_MISCIRQ
                                     45 	.globl _IRCON_SB_WUOPIRQ
                                     46 	.globl _IRCON_SB_SPI_2WIRE
                                     47 	.globl _IRCON_SB_RFIRQ
                                     48 	.globl _IRCON_SB_RFRDY
                                     49 	.globl _IEN1_SB_T2EXTRLD
                                     50 	.globl _IEN1_SB_TICK
                                     51 	.globl _IEN1_SB_MISCIRQ
                                     52 	.globl _IEN1_SB_WUOPIRQ
                                     53 	.globl _IEN1_SB_SPI_2WIRE
                                     54 	.globl _IEN1_SB_RFIRQ
                                     55 	.globl _IEN1_SB_RFRDY
                                     56 	.globl _P3_SB_D7
                                     57 	.globl _P3_SB_D6
                                     58 	.globl _P3_SB_D5
                                     59 	.globl _P3_SB_D4
                                     60 	.globl _P3_SB_D3
                                     61 	.globl _P3_SB_D2
                                     62 	.globl _P3_SB_D1
                                     63 	.globl _P3_SB_D0
                                     64 	.globl _IEN0_SB_GLOBAL
                                     65 	.globl _IEN0_SB_T2
                                     66 	.globl _IEN0_SB_UART
                                     67 	.globl _IEN0_SB_T1
                                     68 	.globl _IEN0_SB_POFIRQ
                                     69 	.globl _IEN0_SB_T0
                                     70 	.globl _IEN0_SB_IFP
                                     71 	.globl _P2_SB_D7
                                     72 	.globl _P2_SB_D6
                                     73 	.globl _P2_SB_D5
                                     74 	.globl _P2_SB_D4
                                     75 	.globl _P2_SB_D3
                                     76 	.globl _P2_SB_D2
                                     77 	.globl _P2_SB_D1
                                     78 	.globl _P2_SB_D0
                                     79 	.globl _S0CON_SB_SM0
                                     80 	.globl _S0CON_SB_SM1
                                     81 	.globl _S0CON_SB_SM20
                                     82 	.globl _S0CON_SB_REN0
                                     83 	.globl _S0CON_SB_TB80
                                     84 	.globl _S0CON_SB_RB80
                                     85 	.globl _S0CON_SB_TI0
                                     86 	.globl _S0CON_SB_RI0
                                     87 	.globl _P1_SB_D7
                                     88 	.globl _P1_SB_D6
                                     89 	.globl _P1_SB_D5
                                     90 	.globl _P1_SB_D4
                                     91 	.globl _P1_SB_D3
                                     92 	.globl _P1_SB_D2
                                     93 	.globl _P1_SB_D1
                                     94 	.globl _P1_SB_D0
                                     95 	.globl _TCON_SB_TF1
                                     96 	.globl _TCON_SB_TR1
                                     97 	.globl _TCON_SB_TF0
                                     98 	.globl _TCON_SB_TR0
                                     99 	.globl _TCON_SB_IE1
                                    100 	.globl _TCON_SB_IT1
                                    101 	.globl _TCON_SB_IE0
                                    102 	.globl _TCON_SB_IT0
                                    103 	.globl _P0_SB_D7
                                    104 	.globl _P0_SB_D6
                                    105 	.globl _P0_SB_D5
                                    106 	.globl _P0_SB_D4
                                    107 	.globl _P0_SB_D3
                                    108 	.globl _P0_SB_D2
                                    109 	.globl _P0_SB_D1
                                    110 	.globl _P0_SB_D0
                                    111 	.globl _ADCDAT
                                    112 	.globl _S0REL
                                    113 	.globl _T2
                                    114 	.globl _T1
                                    115 	.globl _T0
                                    116 	.globl _CRC
                                    117 	.globl _CC3
                                    118 	.globl _CC2
                                    119 	.globl _CC1
                                    120 	.globl _SPIMDAT
                                    121 	.globl _SPIMSTAT
                                    122 	.globl _SPIMCON1
                                    123 	.globl _SPIMCON0
                                    124 	.globl _FCR
                                    125 	.globl _FPCR
                                    126 	.globl _FSR
                                    127 	.globl _B
                                    128 	.globl _ARCON
                                    129 	.globl _MD5
                                    130 	.globl _MD4
                                    131 	.globl _MD3
                                    132 	.globl _MD2
                                    133 	.globl _MD1
                                    134 	.globl _MD0
                                    135 	.globl _RFCON
                                    136 	.globl _SPIRDAT
                                    137 	.globl _SPIRSTAT
                                    138 	.globl _SPIRCON1
                                    139 	.globl _SPIRCON0
                                    140 	.globl _W2CON0
                                    141 	.globl _W2CON1
                                    142 	.globl _ACC
                                    143 	.globl _CCPDATO
                                    144 	.globl _CCPDATIB
                                    145 	.globl _CCPDATIA
                                    146 	.globl _POFCON
                                    147 	.globl _COMPCON
                                    148 	.globl _W2DAT
                                    149 	.globl _W2SADR
                                    150 	.globl _ADCON
                                    151 	.globl _RNGDAT
                                    152 	.globl _RNGCTL
                                    153 	.globl _ADCDATL
                                    154 	.globl _ADCDATH
                                    155 	.globl _ADCCON1
                                    156 	.globl _ADCCON2
                                    157 	.globl _ADCCON3
                                    158 	.globl _PSW
                                    159 	.globl _WUOPC0
                                    160 	.globl _WUOPC1
                                    161 	.globl _TH2
                                    162 	.globl _TL2
                                    163 	.globl _CRCH
                                    164 	.globl _CRCL
                                    165 	.globl __XPAGE
                                    166 	.globl _MPAGE
                                    167 	.globl _T2CON
                                    168 	.globl _CCH3
                                    169 	.globl _CCL3
                                    170 	.globl _CCH2
                                    171 	.globl _CCL2
                                    172 	.globl _CCH1
                                    173 	.globl _CCL1
                                    174 	.globl _CCEN
                                    175 	.globl _IRCON
                                    176 	.globl _SPISDAT
                                    177 	.globl _SPISSTAT
                                    178 	.globl _SPISCON1
                                    179 	.globl _SPISCON0
                                    180 	.globl _S0RELH
                                    181 	.globl _IP1
                                    182 	.globl _IEN1
                                    183 	.globl _SPISRDSZ
                                    184 	.globl _RTC2CPT00
                                    185 	.globl _RTC2CMP1
                                    186 	.globl _RTC2CMP0
                                    187 	.globl _RTC2CON
                                    188 	.globl _PWMCON
                                    189 	.globl _RSTREAS
                                    190 	.globl _P3
                                    191 	.globl _WDSV
                                    192 	.globl _OPMCON
                                    193 	.globl _CLKLFCTRL
                                    194 	.globl _RTC2CPT10
                                    195 	.globl _RTC2CPT01
                                    196 	.globl _S0RELL
                                    197 	.globl _IP0
                                    198 	.globl _IEN0
                                    199 	.globl _MEMCON
                                    200 	.globl _INTEXP
                                    201 	.globl _WUCON
                                    202 	.globl _PWRDWN
                                    203 	.globl _CLKCTRL
                                    204 	.globl _PWMDC1
                                    205 	.globl _PWMDC0
                                    206 	.globl _P2
                                    207 	.globl _P1CON
                                    208 	.globl _P0CON
                                    209 	.globl _S0BUF
                                    210 	.globl _S0CON
                                    211 	.globl _P2CON
                                    212 	.globl _P3DIR
                                    213 	.globl _P2DIR
                                    214 	.globl _P1DIR
                                    215 	.globl _P0DIR
                                    216 	.globl _DPS
                                    217 	.globl _P1
                                    218 	.globl _P3CON
                                    219 	.globl _TH1
                                    220 	.globl _TH0
                                    221 	.globl _TL1
                                    222 	.globl _TL0
                                    223 	.globl _TMOD
                                    224 	.globl _TCON
                                    225 	.globl _PCON
                                    226 	.globl _DPH1
                                    227 	.globl _DPL1
                                    228 	.globl _DPH
                                    229 	.globl _DPL
                                    230 	.globl _SP
                                    231 	.globl _P0
                                    232 	.globl _w2_master_cur_address_read_PARM_3
                                    233 	.globl _w2_master_cur_address_read_PARM_2
                                    234 	.globl _w2_master_cur_address_read
                                    235 ;--------------------------------------------------------
                                    236 ; special function registers
                                    237 ;--------------------------------------------------------
                                    238 	.area RSEG    (ABS,DATA)
      000000                        239 	.org 0x0000
                           000080   240 _P0	=	0x0080
                           000081   241 _SP	=	0x0081
                           000082   242 _DPL	=	0x0082
                           000083   243 _DPH	=	0x0083
                           000084   244 _DPL1	=	0x0084
                           000085   245 _DPH1	=	0x0085
                           000087   246 _PCON	=	0x0087
                           000088   247 _TCON	=	0x0088
                           000089   248 _TMOD	=	0x0089
                           00008A   249 _TL0	=	0x008a
                           00008B   250 _TL1	=	0x008b
                           00008C   251 _TH0	=	0x008c
                           00008D   252 _TH1	=	0x008d
                           00008F   253 _P3CON	=	0x008f
                           000090   254 _P1	=	0x0090
                           000092   255 _DPS	=	0x0092
                           000093   256 _P0DIR	=	0x0093
                           000094   257 _P1DIR	=	0x0094
                           000095   258 _P2DIR	=	0x0095
                           000096   259 _P3DIR	=	0x0096
                           000097   260 _P2CON	=	0x0097
                           000098   261 _S0CON	=	0x0098
                           000099   262 _S0BUF	=	0x0099
                           00009E   263 _P0CON	=	0x009e
                           00009F   264 _P1CON	=	0x009f
                           0000A0   265 _P2	=	0x00a0
                           0000A1   266 _PWMDC0	=	0x00a1
                           0000A2   267 _PWMDC1	=	0x00a2
                           0000A3   268 _CLKCTRL	=	0x00a3
                           0000A4   269 _PWRDWN	=	0x00a4
                           0000A5   270 _WUCON	=	0x00a5
                           0000A6   271 _INTEXP	=	0x00a6
                           0000A7   272 _MEMCON	=	0x00a7
                           0000A8   273 _IEN0	=	0x00a8
                           0000A9   274 _IP0	=	0x00a9
                           0000AA   275 _S0RELL	=	0x00aa
                           0000AB   276 _RTC2CPT01	=	0x00ab
                           0000AC   277 _RTC2CPT10	=	0x00ac
                           0000AD   278 _CLKLFCTRL	=	0x00ad
                           0000AE   279 _OPMCON	=	0x00ae
                           0000AF   280 _WDSV	=	0x00af
                           0000B0   281 _P3	=	0x00b0
                           0000B1   282 _RSTREAS	=	0x00b1
                           0000B2   283 _PWMCON	=	0x00b2
                           0000B3   284 _RTC2CON	=	0x00b3
                           0000B4   285 _RTC2CMP0	=	0x00b4
                           0000B5   286 _RTC2CMP1	=	0x00b5
                           0000B6   287 _RTC2CPT00	=	0x00b6
                           0000B7   288 _SPISRDSZ	=	0x00b7
                           0000B8   289 _IEN1	=	0x00b8
                           0000B9   290 _IP1	=	0x00b9
                           0000BA   291 _S0RELH	=	0x00ba
                           0000BC   292 _SPISCON0	=	0x00bc
                           0000BD   293 _SPISCON1	=	0x00bd
                           0000BE   294 _SPISSTAT	=	0x00be
                           0000BF   295 _SPISDAT	=	0x00bf
                           0000C0   296 _IRCON	=	0x00c0
                           0000C1   297 _CCEN	=	0x00c1
                           0000C2   298 _CCL1	=	0x00c2
                           0000C3   299 _CCH1	=	0x00c3
                           0000C4   300 _CCL2	=	0x00c4
                           0000C5   301 _CCH2	=	0x00c5
                           0000C6   302 _CCL3	=	0x00c6
                           0000C7   303 _CCH3	=	0x00c7
                           0000C8   304 _T2CON	=	0x00c8
                           0000C9   305 _MPAGE	=	0x00c9
                           0000C9   306 __XPAGE	=	0x00c9
                           0000CA   307 _CRCL	=	0x00ca
                           0000CB   308 _CRCH	=	0x00cb
                           0000CC   309 _TL2	=	0x00cc
                           0000CD   310 _TH2	=	0x00cd
                           0000CE   311 _WUOPC1	=	0x00ce
                           0000CF   312 _WUOPC0	=	0x00cf
                           0000D0   313 _PSW	=	0x00d0
                           0000D1   314 _ADCCON3	=	0x00d1
                           0000D2   315 _ADCCON2	=	0x00d2
                           0000D3   316 _ADCCON1	=	0x00d3
                           0000D4   317 _ADCDATH	=	0x00d4
                           0000D5   318 _ADCDATL	=	0x00d5
                           0000D6   319 _RNGCTL	=	0x00d6
                           0000D7   320 _RNGDAT	=	0x00d7
                           0000D8   321 _ADCON	=	0x00d8
                           0000D9   322 _W2SADR	=	0x00d9
                           0000DA   323 _W2DAT	=	0x00da
                           0000DB   324 _COMPCON	=	0x00db
                           0000DC   325 _POFCON	=	0x00dc
                           0000DD   326 _CCPDATIA	=	0x00dd
                           0000DE   327 _CCPDATIB	=	0x00de
                           0000DF   328 _CCPDATO	=	0x00df
                           0000E0   329 _ACC	=	0x00e0
                           0000E1   330 _W2CON1	=	0x00e1
                           0000E2   331 _W2CON0	=	0x00e2
                           0000E4   332 _SPIRCON0	=	0x00e4
                           0000E5   333 _SPIRCON1	=	0x00e5
                           0000E6   334 _SPIRSTAT	=	0x00e6
                           0000E7   335 _SPIRDAT	=	0x00e7
                           0000E8   336 _RFCON	=	0x00e8
                           0000E9   337 _MD0	=	0x00e9
                           0000EA   338 _MD1	=	0x00ea
                           0000EB   339 _MD2	=	0x00eb
                           0000EC   340 _MD3	=	0x00ec
                           0000ED   341 _MD4	=	0x00ed
                           0000EE   342 _MD5	=	0x00ee
                           0000EF   343 _ARCON	=	0x00ef
                           0000F0   344 _B	=	0x00f0
                           0000F8   345 _FSR	=	0x00f8
                           0000F9   346 _FPCR	=	0x00f9
                           0000FA   347 _FCR	=	0x00fa
                           0000FC   348 _SPIMCON0	=	0x00fc
                           0000FD   349 _SPIMCON1	=	0x00fd
                           0000FE   350 _SPIMSTAT	=	0x00fe
                           0000FF   351 _SPIMDAT	=	0x00ff
                           00C3C2   352 _CC1	=	0xc3c2
                           00C5C4   353 _CC2	=	0xc5c4
                           00C7C6   354 _CC3	=	0xc7c6
                           00CBCA   355 _CRC	=	0xcbca
                           008C8A   356 _T0	=	0x8c8a
                           008D8B   357 _T1	=	0x8d8b
                           00CDCC   358 _T2	=	0xcdcc
                           00BAAA   359 _S0REL	=	0xbaaa
                           00D4D5   360 _ADCDAT	=	0xd4d5
                                    361 ;--------------------------------------------------------
                                    362 ; special function bits
                                    363 ;--------------------------------------------------------
                                    364 	.area RSEG    (ABS,DATA)
      000000                        365 	.org 0x0000
                           000080   366 _P0_SB_D0	=	0x0080
                           000081   367 _P0_SB_D1	=	0x0081
                           000082   368 _P0_SB_D2	=	0x0082
                           000083   369 _P0_SB_D3	=	0x0083
                           000084   370 _P0_SB_D4	=	0x0084
                           000085   371 _P0_SB_D5	=	0x0085
                           000086   372 _P0_SB_D6	=	0x0086
                           000087   373 _P0_SB_D7	=	0x0087
                           000088   374 _TCON_SB_IT0	=	0x0088
                           000089   375 _TCON_SB_IE0	=	0x0089
                           00008A   376 _TCON_SB_IT1	=	0x008a
                           00008B   377 _TCON_SB_IE1	=	0x008b
                           00008C   378 _TCON_SB_TR0	=	0x008c
                           00008D   379 _TCON_SB_TF0	=	0x008d
                           00008E   380 _TCON_SB_TR1	=	0x008e
                           00008F   381 _TCON_SB_TF1	=	0x008f
                           000090   382 _P1_SB_D0	=	0x0090
                           000091   383 _P1_SB_D1	=	0x0091
                           000092   384 _P1_SB_D2	=	0x0092
                           000093   385 _P1_SB_D3	=	0x0093
                           000094   386 _P1_SB_D4	=	0x0094
                           000095   387 _P1_SB_D5	=	0x0095
                           000096   388 _P1_SB_D6	=	0x0096
                           000097   389 _P1_SB_D7	=	0x0097
                           000098   390 _S0CON_SB_RI0	=	0x0098
                           000099   391 _S0CON_SB_TI0	=	0x0099
                           00009A   392 _S0CON_SB_RB80	=	0x009a
                           00009B   393 _S0CON_SB_TB80	=	0x009b
                           00009C   394 _S0CON_SB_REN0	=	0x009c
                           00009D   395 _S0CON_SB_SM20	=	0x009d
                           00009E   396 _S0CON_SB_SM1	=	0x009e
                           00009F   397 _S0CON_SB_SM0	=	0x009f
                           0000A0   398 _P2_SB_D0	=	0x00a0
                           0000A1   399 _P2_SB_D1	=	0x00a1
                           0000A2   400 _P2_SB_D2	=	0x00a2
                           0000A3   401 _P2_SB_D3	=	0x00a3
                           0000A4   402 _P2_SB_D4	=	0x00a4
                           0000A5   403 _P2_SB_D5	=	0x00a5
                           0000A6   404 _P2_SB_D6	=	0x00a6
                           0000A7   405 _P2_SB_D7	=	0x00a7
                           0000A8   406 _IEN0_SB_IFP	=	0x00a8
                           0000A9   407 _IEN0_SB_T0	=	0x00a9
                           0000AA   408 _IEN0_SB_POFIRQ	=	0x00aa
                           0000AB   409 _IEN0_SB_T1	=	0x00ab
                           0000AC   410 _IEN0_SB_UART	=	0x00ac
                           0000AD   411 _IEN0_SB_T2	=	0x00ad
                           0000AF   412 _IEN0_SB_GLOBAL	=	0x00af
                           0000B0   413 _P3_SB_D0	=	0x00b0
                           0000B1   414 _P3_SB_D1	=	0x00b1
                           0000B2   415 _P3_SB_D2	=	0x00b2
                           0000B3   416 _P3_SB_D3	=	0x00b3
                           0000B4   417 _P3_SB_D4	=	0x00b4
                           0000B5   418 _P3_SB_D5	=	0x00b5
                           0000B6   419 _P3_SB_D6	=	0x00b6
                           0000B7   420 _P3_SB_D7	=	0x00b7
                           0000B8   421 _IEN1_SB_RFRDY	=	0x00b8
                           0000B9   422 _IEN1_SB_RFIRQ	=	0x00b9
                           0000BA   423 _IEN1_SB_SPI_2WIRE	=	0x00ba
                           0000BB   424 _IEN1_SB_WUOPIRQ	=	0x00bb
                           0000BC   425 _IEN1_SB_MISCIRQ	=	0x00bc
                           0000BD   426 _IEN1_SB_TICK	=	0x00bd
                           0000BF   427 _IEN1_SB_T2EXTRLD	=	0x00bf
                           0000C0   428 _IRCON_SB_RFRDY	=	0x00c0
                           0000C1   429 _IRCON_SB_RFIRQ	=	0x00c1
                           0000C2   430 _IRCON_SB_SPI_2WIRE	=	0x00c2
                           0000C3   431 _IRCON_SB_WUOPIRQ	=	0x00c3
                           0000C4   432 _IRCON_SB_MISCIRQ	=	0x00c4
                           0000C5   433 _IRCON_SB_TICK	=	0x00c5
                           0000C6   434 _IRCON_SB_TF2	=	0x00c6
                           0000C7   435 _IRCON_SB_EXF2	=	0x00c7
                           0000C8   436 _T2CON_SB_T2I0	=	0x00c8
                           0000C9   437 _T2CON_SB_T2I1	=	0x00c9
                           0000CA   438 _T2CON_SB_T2CM	=	0x00ca
                           0000CB   439 _T2CON_SB_T2R0	=	0x00cb
                           0000CC   440 _T2CON_SB_T2R1	=	0x00cc
                           0000CD   441 _T2CON_SB_I2FR	=	0x00cd
                           0000CE   442 _T2CON_SB_I3FR	=	0x00ce
                           0000CF   443 _T2CON_SB_T2PS	=	0x00cf
                           0000D7   444 _PSW_SB_CY	=	0x00d7
                           0000D6   445 _PSW_SB_AC	=	0x00d6
                           0000D5   446 _PSW_SB_F0	=	0x00d5
                           0000D4   447 _PSW_SB_RS1	=	0x00d4
                           0000D3   448 _PSW_SB_RS0	=	0x00d3
                           0000D2   449 _PSW_SB_OV	=	0x00d2
                           0000D1   450 _PSW_SB_F1	=	0x00d1
                           0000D0   451 _PSW_SB_P	=	0x00d0
                           0000DF   452 _ADCON_SB_BD	=	0x00df
                           0000E8   453 _RFCON_SB_RFCE	=	0x00e8
                           0000E9   454 _RFCON_SB_RFCSN	=	0x00e9
                           0000EA   455 _RFCON_SB_RFCKEN	=	0x00ea
                           0000FA   456 _FSR_SB_RDISMB	=	0x00fa
                           0000FB   457 _FSR_SB_INFEN	=	0x00fb
                           0000FC   458 _FSR_SB_RDYN	=	0x00fc
                           0000FD   459 _FSR_SB_WEN	=	0x00fd
                           0000FE   460 _FSR_SB_STP	=	0x00fe
                           0000FF   461 _FSR_SB_ENDBG	=	0x00ff
                                    462 ;--------------------------------------------------------
                                    463 ; overlayable register banks
                                    464 ;--------------------------------------------------------
                                    465 	.area REG_BANK_0	(REL,OVR,DATA)
      000000                        466 	.ds 8
                                    467 ;--------------------------------------------------------
                                    468 ; internal ram data
                                    469 ;--------------------------------------------------------
                                    470 	.area DSEG    (DATA)
      000000                        471 _w2_master_cur_address_read_sloc0_1_0:
      000000                        472 	.ds 4
                                    473 ;--------------------------------------------------------
                                    474 ; overlayable items in internal ram 
                                    475 ;--------------------------------------------------------
                                    476 ;--------------------------------------------------------
                                    477 ; indirectly addressable internal ram data
                                    478 ;--------------------------------------------------------
                                    479 	.area ISEG    (DATA)
                                    480 ;--------------------------------------------------------
                                    481 ; absolute internal ram data
                                    482 ;--------------------------------------------------------
                                    483 	.area IABS    (ABS,DATA)
                                    484 	.area IABS    (ABS,DATA)
                                    485 ;--------------------------------------------------------
                                    486 ; bit data
                                    487 ;--------------------------------------------------------
                                    488 	.area BSEG    (BIT)
                                    489 ;--------------------------------------------------------
                                    490 ; paged external ram data
                                    491 ;--------------------------------------------------------
                                    492 	.area PSEG    (PAG,XDATA)
                                    493 ;--------------------------------------------------------
                                    494 ; external ram data
                                    495 ;--------------------------------------------------------
                                    496 	.area XSEG    (XDATA)
      000000                        497 _w2_master_cur_address_read_PARM_2:
      000000                        498 	.ds 3
      000003                        499 _w2_master_cur_address_read_PARM_3:
      000003                        500 	.ds 4
      000007                        501 _w2_master_cur_address_read_slave_address_1_20:
      000007                        502 	.ds 1
      000008                        503 _w2_master_cur_address_read_send_start_stop_conditions_1_21:
      000008                        504 	.ds 1
                                    505 ;--------------------------------------------------------
                                    506 ; absolute external ram data
                                    507 ;--------------------------------------------------------
                                    508 	.area XABS    (ABS,XDATA)
                                    509 ;--------------------------------------------------------
                                    510 ; external initialized ram data
                                    511 ;--------------------------------------------------------
                                    512 	.area XISEG   (XDATA)
                                    513 	.area HOME    (CODE)
                                    514 	.area GSINIT0 (CODE)
                                    515 	.area GSINIT1 (CODE)
                                    516 	.area GSINIT2 (CODE)
                                    517 	.area GSINIT3 (CODE)
                                    518 	.area GSINIT4 (CODE)
                                    519 	.area GSINIT5 (CODE)
                                    520 	.area GSINIT  (CODE)
                                    521 	.area GSFINAL (CODE)
                                    522 	.area CSEG    (CODE)
                                    523 ;--------------------------------------------------------
                                    524 ; global & static initialisations
                                    525 ;--------------------------------------------------------
                                    526 	.area HOME    (CODE)
                                    527 	.area GSINIT  (CODE)
                                    528 	.area GSFINAL (CODE)
                                    529 	.area GSINIT  (CODE)
                                    530 ;--------------------------------------------------------
                                    531 ; Home
                                    532 ;--------------------------------------------------------
                                    533 	.area HOME    (CODE)
                                    534 	.area HOME    (CODE)
                                    535 ;--------------------------------------------------------
                                    536 ; code
                                    537 ;--------------------------------------------------------
                                    538 	.area CSEG    (CODE)
                                    539 ;------------------------------------------------------------
                                    540 ;Allocation info for local variables in function 'w2_master_cur_address_read'
                                    541 ;------------------------------------------------------------
                                    542 ;sloc0                     Allocated with name '_w2_master_cur_address_read_sloc0_1_0'
                                    543 ;data_buf                  Allocated with name '_w2_master_cur_address_read_PARM_2'
                                    544 ;data_len                  Allocated with name '_w2_master_cur_address_read_PARM_3'
                                    545 ;slave_address             Allocated with name '_w2_master_cur_address_read_slave_address_1_20'
                                    546 ;x                         Allocated with name '_w2_master_cur_address_read_x_1_21'
                                    547 ;send_start_stop_conditions Allocated with name '_w2_master_cur_address_read_send_start_stop_conditions_1_21'
                                    548 ;ack_nack_val              Allocated with name '_w2_master_cur_address_read_ack_nack_val_1_21'
                                    549 ;------------------------------------------------------------
                                    550 ;	src/w2_master_cur_address_read.c:48: w2_ack_nack_val_t w2_master_cur_address_read(uint8_t slave_address, uint8_t * data_buf, uint32_t data_len)
                                    551 ;	-----------------------------------------
                                    552 ;	 function w2_master_cur_address_read
                                    553 ;	-----------------------------------------
      000000                        554 _w2_master_cur_address_read:
                           000007   555 	ar7 = 0x07
                           000006   556 	ar6 = 0x06
                           000005   557 	ar5 = 0x05
                           000004   558 	ar4 = 0x04
                           000003   559 	ar3 = 0x03
                           000002   560 	ar2 = 0x02
                           000001   561 	ar1 = 0x01
                           000000   562 	ar0 = 0x00
      000000 E5 82            [12]  563 	mov	a,dpl
      000002 90r00r07         [24]  564 	mov	dptr,#_w2_master_cur_address_read_slave_address_1_20
      000005 F0               [24]  565 	movx	@dptr,a
                                    566 ;	src/w2_master_cur_address_read.c:55: ack_nack_val = w2_master_tx_byte((((uint8_t)(slave_address << W2DAT_ADDRESS_SHIFT)) & W2DAT_ADDRESS_MASK) | W2_MASTER_READ, W2_SEND_ONLY_START_CONDITION);
      000006 E0               [24]  567 	movx	a,@dptr
      000007 25 E0            [12]  568 	add	a,acc
      000009 FF               [12]  569 	mov	r7,a
      00000A 74 FE            [12]  570 	mov	a,#0xFE
      00000C 5F               [12]  571 	anl	a,r7
      00000D 44 01            [12]  572 	orl	a,#0x01
      00000F FF               [12]  573 	mov	r7,a
      000010 90r00r00         [24]  574 	mov	dptr,#_w2_master_tx_byte_PARM_2
      000013 E4               [12]  575 	clr	a
      000014 F0               [24]  576 	movx	@dptr,a
      000015 8F 82            [24]  577 	mov	dpl,r7
      000017 12r00r00         [24]  578 	lcall	_w2_master_tx_byte
      00001A AF 82            [24]  579 	mov	r7,dpl
                                    580 ;	src/w2_master_cur_address_read.c:57: if(ack_nack_val == W2_NACK_VAL)
      00001C BF 01 07         [24]  581 	cjne	r7,#0x01,00118$
                                    582 ;	src/w2_master_cur_address_read.c:59: w2_master_software_reset();
      00001F 12r00r00         [24]  583 	lcall	_w2_master_software_reset
                                    584 ;	src/w2_master_cur_address_read.c:60: return W2_NACK_VAL;
      000022 75 82 01         [24]  585 	mov	dpl,#0x01
      000025 22               [24]  586 	ret
                                    587 ;	src/w2_master_cur_address_read.c:64: for(x = 0; x < data_len; x++)
      000026                        588 00118$:
      000026 90r00r00         [24]  589 	mov	dptr,#_w2_master_cur_address_read_PARM_2
      000029 E0               [24]  590 	movx	a,@dptr
      00002A FD               [12]  591 	mov	r5,a
      00002B A3               [24]  592 	inc	dptr
      00002C E0               [24]  593 	movx	a,@dptr
      00002D FE               [12]  594 	mov	r6,a
      00002E A3               [24]  595 	inc	dptr
      00002F E0               [24]  596 	movx	a,@dptr
      000030 FF               [12]  597 	mov	r7,a
      000031 90r00r03         [24]  598 	mov	dptr,#_w2_master_cur_address_read_PARM_3
      000034 E0               [24]  599 	movx	a,@dptr
      000035 F9               [12]  600 	mov	r1,a
      000036 A3               [24]  601 	inc	dptr
      000037 E0               [24]  602 	movx	a,@dptr
      000038 FA               [12]  603 	mov	r2,a
      000039 A3               [24]  604 	inc	dptr
      00003A E0               [24]  605 	movx	a,@dptr
      00003B FB               [12]  606 	mov	r3,a
      00003C A3               [24]  607 	inc	dptr
      00003D E0               [24]  608 	movx	a,@dptr
      00003E FC               [12]  609 	mov	r4,a
      00003F E4               [12]  610 	clr	a
      000040 F5*00            [12]  611 	mov	_w2_master_cur_address_read_sloc0_1_0,a
      000042 F5*01            [12]  612 	mov	(_w2_master_cur_address_read_sloc0_1_0 + 1),a
      000044 F5*02            [12]  613 	mov	(_w2_master_cur_address_read_sloc0_1_0 + 2),a
      000046 F5*03            [12]  614 	mov	(_w2_master_cur_address_read_sloc0_1_0 + 3),a
      000048                        615 00110$:
      000048 C3               [12]  616 	clr	c
      000049 E5*00            [12]  617 	mov	a,_w2_master_cur_address_read_sloc0_1_0
      00004B 99               [12]  618 	subb	a,r1
      00004C E5*01            [12]  619 	mov	a,(_w2_master_cur_address_read_sloc0_1_0 + 1)
      00004E 9A               [12]  620 	subb	a,r2
      00004F E5*02            [12]  621 	mov	a,(_w2_master_cur_address_read_sloc0_1_0 + 2)
      000051 9B               [12]  622 	subb	a,r3
      000052 E5*03            [12]  623 	mov	a,(_w2_master_cur_address_read_sloc0_1_0 + 3)
      000054 9C               [12]  624 	subb	a,r4
      000055 40 03            [24]  625 	jc	00131$
      000057 02r01r0F         [24]  626 	ljmp	00108$
      00005A                        627 00131$:
                                    628 ;	src/w2_master_cur_address_read.c:67: if(x == (data_len - 1))
      00005A C0 05            [24]  629 	push	ar5
      00005C C0 06            [24]  630 	push	ar6
      00005E C0 07            [24]  631 	push	ar7
      000060 E9               [12]  632 	mov	a,r1
      000061 24 FF            [12]  633 	add	a,#0xFF
      000063 F8               [12]  634 	mov	r0,a
      000064 EA               [12]  635 	mov	a,r2
      000065 34 FF            [12]  636 	addc	a,#0xFF
      000067 FD               [12]  637 	mov	r5,a
      000068 EB               [12]  638 	mov	a,r3
      000069 34 FF            [12]  639 	addc	a,#0xFF
      00006B FE               [12]  640 	mov	r6,a
      00006C EC               [12]  641 	mov	a,r4
      00006D 34 FF            [12]  642 	addc	a,#0xFF
      00006F FF               [12]  643 	mov	r7,a
      000070 E8               [12]  644 	mov	a,r0
      000071 B5*00 0E         [24]  645 	cjne	a,_w2_master_cur_address_read_sloc0_1_0,00132$
      000074 ED               [12]  646 	mov	a,r5
      000075 B5*01 0A         [24]  647 	cjne	a,(_w2_master_cur_address_read_sloc0_1_0 + 1),00132$
      000078 EE               [12]  648 	mov	a,r6
      000079 B5*02 06         [24]  649 	cjne	a,(_w2_master_cur_address_read_sloc0_1_0 + 2),00132$
      00007C EF               [12]  650 	mov	a,r7
      00007D B5*03 02         [24]  651 	cjne	a,(_w2_master_cur_address_read_sloc0_1_0 + 3),00132$
      000080 80 08            [24]  652 	sjmp	00133$
      000082                        653 00132$:
      000082 D0 07            [24]  654 	pop	ar7
      000084 D0 06            [24]  655 	pop	ar6
      000086 D0 05            [24]  656 	pop	ar5
      000088 80 0E            [24]  657 	sjmp	00104$
      00008A                        658 00133$:
      00008A D0 07            [24]  659 	pop	ar7
      00008C D0 06            [24]  660 	pop	ar6
      00008E D0 05            [24]  661 	pop	ar5
                                    662 ;	src/w2_master_cur_address_read.c:69: send_start_stop_conditions = W2_SEND_ONLY_STOP_CONDITION;
      000090 90r00r08         [24]  663 	mov	dptr,#_w2_master_cur_address_read_send_start_stop_conditions_1_21
      000093 74 01            [12]  664 	mov	a,#0x01
      000095 F0               [24]  665 	movx	@dptr,a
      000096 80 06            [24]  666 	sjmp	00105$
      000098                        667 00104$:
                                    668 ;	src/w2_master_cur_address_read.c:73: send_start_stop_conditions = W2_DONT_SEND_START_OR_STOP_CONDITIONS;
      000098 90r00r08         [24]  669 	mov	dptr,#_w2_master_cur_address_read_send_start_stop_conditions_1_21
      00009B 74 03            [12]  670 	mov	a,#0x03
      00009D F0               [24]  671 	movx	@dptr,a
      00009E                        672 00105$:
                                    673 ;	src/w2_master_cur_address_read.c:77: ack_nack_val = w2_master_rx_byte(&data_buf[x], send_start_stop_conditions);
      00009E C0 01            [24]  674 	push	ar1
      0000A0 C0 02            [24]  675 	push	ar2
      0000A2 C0 03            [24]  676 	push	ar3
      0000A4 C0 04            [24]  677 	push	ar4
      0000A6 E5*00            [12]  678 	mov	a,_w2_master_cur_address_read_sloc0_1_0
      0000A8 2D               [12]  679 	add	a,r5
      0000A9 F8               [12]  680 	mov	r0,a
      0000AA E5*01            [12]  681 	mov	a,(_w2_master_cur_address_read_sloc0_1_0 + 1)
      0000AC 3E               [12]  682 	addc	a,r6
      0000AD FB               [12]  683 	mov	r3,a
      0000AE 8F 04            [24]  684 	mov	ar4,r7
      0000B0 90r00r08         [24]  685 	mov	dptr,#_w2_master_cur_address_read_send_start_stop_conditions_1_21
      0000B3 E0               [24]  686 	movx	a,@dptr
      0000B4 FA               [12]  687 	mov	r2,a
      0000B5 90r00r00         [24]  688 	mov	dptr,#_w2_master_rx_byte_PARM_2
      0000B8 F0               [24]  689 	movx	@dptr,a
      0000B9 88 82            [24]  690 	mov	dpl,r0
      0000BB 8B 83            [24]  691 	mov	dph,r3
      0000BD 8C F0            [24]  692 	mov	b,r4
      0000BF C0 07            [24]  693 	push	ar7
      0000C1 C0 06            [24]  694 	push	ar6
      0000C3 C0 05            [24]  695 	push	ar5
      0000C5 C0 03            [24]  696 	push	ar3
      0000C7 C0 02            [24]  697 	push	ar2
      0000C9 C0 01            [24]  698 	push	ar1
      0000CB 12r00r00         [24]  699 	lcall	_w2_master_rx_byte
      0000CE AC 82            [24]  700 	mov	r4,dpl
      0000D0 D0 01            [24]  701 	pop	ar1
      0000D2 D0 02            [24]  702 	pop	ar2
      0000D4 D0 03            [24]  703 	pop	ar3
      0000D6 D0 05            [24]  704 	pop	ar5
      0000D8 D0 06            [24]  705 	pop	ar6
      0000DA D0 07            [24]  706 	pop	ar7
                                    707 ;	src/w2_master_cur_address_read.c:79: if(ack_nack_val == W2_NACK_VAL)
      0000DC BC 01 02         [24]  708 	cjne	r4,#0x01,00134$
      0000DF 80 0A            [24]  709 	sjmp	00135$
      0000E1                        710 00134$:
      0000E1 D0 04            [24]  711 	pop	ar4
      0000E3 D0 03            [24]  712 	pop	ar3
      0000E5 D0 02            [24]  713 	pop	ar2
      0000E7 D0 01            [24]  714 	pop	ar1
      0000E9 80 0F            [24]  715 	sjmp	00111$
      0000EB                        716 00135$:
      0000EB D0 04            [24]  717 	pop	ar4
      0000ED D0 03            [24]  718 	pop	ar3
      0000EF D0 02            [24]  719 	pop	ar2
      0000F1 D0 01            [24]  720 	pop	ar1
                                    721 ;	src/w2_master_cur_address_read.c:81: w2_master_software_reset();
      0000F3 12r00r00         [24]  722 	lcall	_w2_master_software_reset
                                    723 ;	src/w2_master_cur_address_read.c:82: return W2_NACK_VAL;
      0000F6 75 82 01         [24]  724 	mov	dpl,#0x01
      0000F9 22               [24]  725 	ret
      0000FA                        726 00111$:
                                    727 ;	src/w2_master_cur_address_read.c:64: for(x = 0; x < data_len; x++)
      0000FA 05*00            [12]  728 	inc	_w2_master_cur_address_read_sloc0_1_0
      0000FC E4               [12]  729 	clr	a
      0000FD B5*00 0C         [24]  730 	cjne	a,_w2_master_cur_address_read_sloc0_1_0,00136$
      000100 05*01            [12]  731 	inc	(_w2_master_cur_address_read_sloc0_1_0 + 1)
      000102 B5*01 07         [24]  732 	cjne	a,(_w2_master_cur_address_read_sloc0_1_0 + 1),00136$
      000105 05*02            [12]  733 	inc	(_w2_master_cur_address_read_sloc0_1_0 + 2)
      000107 B5*02 02         [24]  734 	cjne	a,(_w2_master_cur_address_read_sloc0_1_0 + 2),00136$
      00010A 05*03            [12]  735 	inc	(_w2_master_cur_address_read_sloc0_1_0 + 3)
      00010C                        736 00136$:
      00010C 02r00r48         [24]  737 	ljmp	00110$
      00010F                        738 00108$:
                                    739 ;	src/w2_master_cur_address_read.c:86: return W2_ACK_VAL;
      00010F 75 82 00         [24]  740 	mov	dpl,#0x00
      000112 22               [24]  741 	ret
                                    742 	.area CSEG    (CODE)
                                    743 	.area CONST   (CODE)
                                    744 	.area XINIT   (CODE)
                                    745 	.area CABS    (ABS,CODE)
