                                      1 ;--------------------------------------------------------
                                      2 ; File Created by SDCC : free open source ANSI-C Compiler
                                      3 ; Version 3.4.0 #8981 (Apr  5 2014) (MINGW32)
                                      4 ; This file was generated Sun Jul 20 08:46:36 2014
                                      5 ;--------------------------------------------------------
                                      6 	.module w2_master_random_address_read
                                      7 	.optsdcc -mmcs51 --model-large
                                      8 	
                                      9 ;--------------------------------------------------------
                                     10 ; Public variables in this module
                                     11 ;--------------------------------------------------------
                                     12 	.globl _w2_master_write_control_bytes
                                     13 	.globl _w2_master_cur_address_read
                                     14 	.globl _FSR_SB_ENDBG
                                     15 	.globl _FSR_SB_STP
                                     16 	.globl _FSR_SB_WEN
                                     17 	.globl _FSR_SB_RDYN
                                     18 	.globl _FSR_SB_INFEN
                                     19 	.globl _FSR_SB_RDISMB
                                     20 	.globl _RFCON_SB_RFCKEN
                                     21 	.globl _RFCON_SB_RFCSN
                                     22 	.globl _RFCON_SB_RFCE
                                     23 	.globl _ADCON_SB_BD
                                     24 	.globl _PSW_SB_P
                                     25 	.globl _PSW_SB_F1
                                     26 	.globl _PSW_SB_OV
                                     27 	.globl _PSW_SB_RS0
                                     28 	.globl _PSW_SB_RS1
                                     29 	.globl _PSW_SB_F0
                                     30 	.globl _PSW_SB_AC
                                     31 	.globl _PSW_SB_CY
                                     32 	.globl _T2CON_SB_T2PS
                                     33 	.globl _T2CON_SB_I3FR
                                     34 	.globl _T2CON_SB_I2FR
                                     35 	.globl _T2CON_SB_T2R1
                                     36 	.globl _T2CON_SB_T2R0
                                     37 	.globl _T2CON_SB_T2CM
                                     38 	.globl _T2CON_SB_T2I1
                                     39 	.globl _T2CON_SB_T2I0
                                     40 	.globl _IRCON_SB_EXF2
                                     41 	.globl _IRCON_SB_TF2
                                     42 	.globl _IRCON_SB_TICK
                                     43 	.globl _IRCON_SB_MISCIRQ
                                     44 	.globl _IRCON_SB_WUOPIRQ
                                     45 	.globl _IRCON_SB_SPI_2WIRE
                                     46 	.globl _IRCON_SB_RFIRQ
                                     47 	.globl _IRCON_SB_RFRDY
                                     48 	.globl _IEN1_SB_T2EXTRLD
                                     49 	.globl _IEN1_SB_TICK
                                     50 	.globl _IEN1_SB_MISCIRQ
                                     51 	.globl _IEN1_SB_WUOPIRQ
                                     52 	.globl _IEN1_SB_SPI_2WIRE
                                     53 	.globl _IEN1_SB_RFIRQ
                                     54 	.globl _IEN1_SB_RFRDY
                                     55 	.globl _P3_SB_D7
                                     56 	.globl _P3_SB_D6
                                     57 	.globl _P3_SB_D5
                                     58 	.globl _P3_SB_D4
                                     59 	.globl _P3_SB_D3
                                     60 	.globl _P3_SB_D2
                                     61 	.globl _P3_SB_D1
                                     62 	.globl _P3_SB_D0
                                     63 	.globl _IEN0_SB_GLOBAL
                                     64 	.globl _IEN0_SB_T2
                                     65 	.globl _IEN0_SB_UART
                                     66 	.globl _IEN0_SB_T1
                                     67 	.globl _IEN0_SB_POFIRQ
                                     68 	.globl _IEN0_SB_T0
                                     69 	.globl _IEN0_SB_IFP
                                     70 	.globl _P2_SB_D7
                                     71 	.globl _P2_SB_D6
                                     72 	.globl _P2_SB_D5
                                     73 	.globl _P2_SB_D4
                                     74 	.globl _P2_SB_D3
                                     75 	.globl _P2_SB_D2
                                     76 	.globl _P2_SB_D1
                                     77 	.globl _P2_SB_D0
                                     78 	.globl _S0CON_SB_SM0
                                     79 	.globl _S0CON_SB_SM1
                                     80 	.globl _S0CON_SB_SM20
                                     81 	.globl _S0CON_SB_REN0
                                     82 	.globl _S0CON_SB_TB80
                                     83 	.globl _S0CON_SB_RB80
                                     84 	.globl _S0CON_SB_TI0
                                     85 	.globl _S0CON_SB_RI0
                                     86 	.globl _P1_SB_D7
                                     87 	.globl _P1_SB_D6
                                     88 	.globl _P1_SB_D5
                                     89 	.globl _P1_SB_D4
                                     90 	.globl _P1_SB_D3
                                     91 	.globl _P1_SB_D2
                                     92 	.globl _P1_SB_D1
                                     93 	.globl _P1_SB_D0
                                     94 	.globl _TCON_SB_TF1
                                     95 	.globl _TCON_SB_TR1
                                     96 	.globl _TCON_SB_TF0
                                     97 	.globl _TCON_SB_TR0
                                     98 	.globl _TCON_SB_IE1
                                     99 	.globl _TCON_SB_IT1
                                    100 	.globl _TCON_SB_IE0
                                    101 	.globl _TCON_SB_IT0
                                    102 	.globl _P0_SB_D7
                                    103 	.globl _P0_SB_D6
                                    104 	.globl _P0_SB_D5
                                    105 	.globl _P0_SB_D4
                                    106 	.globl _P0_SB_D3
                                    107 	.globl _P0_SB_D2
                                    108 	.globl _P0_SB_D1
                                    109 	.globl _P0_SB_D0
                                    110 	.globl _ADCDAT
                                    111 	.globl _S0REL
                                    112 	.globl _T2
                                    113 	.globl _T1
                                    114 	.globl _T0
                                    115 	.globl _CRC
                                    116 	.globl _CC3
                                    117 	.globl _CC2
                                    118 	.globl _CC1
                                    119 	.globl _SPIMDAT
                                    120 	.globl _SPIMSTAT
                                    121 	.globl _SPIMCON1
                                    122 	.globl _SPIMCON0
                                    123 	.globl _FCR
                                    124 	.globl _FPCR
                                    125 	.globl _FSR
                                    126 	.globl _B
                                    127 	.globl _ARCON
                                    128 	.globl _MD5
                                    129 	.globl _MD4
                                    130 	.globl _MD3
                                    131 	.globl _MD2
                                    132 	.globl _MD1
                                    133 	.globl _MD0
                                    134 	.globl _RFCON
                                    135 	.globl _SPIRDAT
                                    136 	.globl _SPIRSTAT
                                    137 	.globl _SPIRCON1
                                    138 	.globl _SPIRCON0
                                    139 	.globl _W2CON0
                                    140 	.globl _W2CON1
                                    141 	.globl _ACC
                                    142 	.globl _CCPDATO
                                    143 	.globl _CCPDATIB
                                    144 	.globl _CCPDATIA
                                    145 	.globl _POFCON
                                    146 	.globl _COMPCON
                                    147 	.globl _W2DAT
                                    148 	.globl _W2SADR
                                    149 	.globl _ADCON
                                    150 	.globl _RNGDAT
                                    151 	.globl _RNGCTL
                                    152 	.globl _ADCDATL
                                    153 	.globl _ADCDATH
                                    154 	.globl _ADCCON1
                                    155 	.globl _ADCCON2
                                    156 	.globl _ADCCON3
                                    157 	.globl _PSW
                                    158 	.globl _WUOPC0
                                    159 	.globl _WUOPC1
                                    160 	.globl _TH2
                                    161 	.globl _TL2
                                    162 	.globl _CRCH
                                    163 	.globl _CRCL
                                    164 	.globl __XPAGE
                                    165 	.globl _MPAGE
                                    166 	.globl _T2CON
                                    167 	.globl _CCH3
                                    168 	.globl _CCL3
                                    169 	.globl _CCH2
                                    170 	.globl _CCL2
                                    171 	.globl _CCH1
                                    172 	.globl _CCL1
                                    173 	.globl _CCEN
                                    174 	.globl _IRCON
                                    175 	.globl _SPISDAT
                                    176 	.globl _SPISSTAT
                                    177 	.globl _SPISCON1
                                    178 	.globl _SPISCON0
                                    179 	.globl _S0RELH
                                    180 	.globl _IP1
                                    181 	.globl _IEN1
                                    182 	.globl _SPISRDSZ
                                    183 	.globl _RTC2CPT00
                                    184 	.globl _RTC2CMP1
                                    185 	.globl _RTC2CMP0
                                    186 	.globl _RTC2CON
                                    187 	.globl _PWMCON
                                    188 	.globl _RSTREAS
                                    189 	.globl _P3
                                    190 	.globl _WDSV
                                    191 	.globl _OPMCON
                                    192 	.globl _CLKLFCTRL
                                    193 	.globl _RTC2CPT10
                                    194 	.globl _RTC2CPT01
                                    195 	.globl _S0RELL
                                    196 	.globl _IP0
                                    197 	.globl _IEN0
                                    198 	.globl _MEMCON
                                    199 	.globl _INTEXP
                                    200 	.globl _WUCON
                                    201 	.globl _PWRDWN
                                    202 	.globl _CLKCTRL
                                    203 	.globl _PWMDC1
                                    204 	.globl _PWMDC0
                                    205 	.globl _P2
                                    206 	.globl _P1CON
                                    207 	.globl _P0CON
                                    208 	.globl _S0BUF
                                    209 	.globl _S0CON
                                    210 	.globl _P2CON
                                    211 	.globl _P3DIR
                                    212 	.globl _P2DIR
                                    213 	.globl _P1DIR
                                    214 	.globl _P0DIR
                                    215 	.globl _DPS
                                    216 	.globl _P1
                                    217 	.globl _P3CON
                                    218 	.globl _TH1
                                    219 	.globl _TH0
                                    220 	.globl _TL1
                                    221 	.globl _TL0
                                    222 	.globl _TMOD
                                    223 	.globl _TCON
                                    224 	.globl _PCON
                                    225 	.globl _DPH1
                                    226 	.globl _DPL1
                                    227 	.globl _DPH
                                    228 	.globl _DPL
                                    229 	.globl _SP
                                    230 	.globl _P0
                                    231 	.globl _w2_master_random_address_read_PARM_5
                                    232 	.globl _w2_master_random_address_read_PARM_4
                                    233 	.globl _w2_master_random_address_read_PARM_3
                                    234 	.globl _w2_master_random_address_read_PARM_2
                                    235 	.globl _w2_master_random_address_read
                                    236 ;--------------------------------------------------------
                                    237 ; special function registers
                                    238 ;--------------------------------------------------------
                                    239 	.area RSEG    (ABS,DATA)
      000000                        240 	.org 0x0000
                           000080   241 _P0	=	0x0080
                           000081   242 _SP	=	0x0081
                           000082   243 _DPL	=	0x0082
                           000083   244 _DPH	=	0x0083
                           000084   245 _DPL1	=	0x0084
                           000085   246 _DPH1	=	0x0085
                           000087   247 _PCON	=	0x0087
                           000088   248 _TCON	=	0x0088
                           000089   249 _TMOD	=	0x0089
                           00008A   250 _TL0	=	0x008a
                           00008B   251 _TL1	=	0x008b
                           00008C   252 _TH0	=	0x008c
                           00008D   253 _TH1	=	0x008d
                           00008F   254 _P3CON	=	0x008f
                           000090   255 _P1	=	0x0090
                           000092   256 _DPS	=	0x0092
                           000093   257 _P0DIR	=	0x0093
                           000094   258 _P1DIR	=	0x0094
                           000095   259 _P2DIR	=	0x0095
                           000096   260 _P3DIR	=	0x0096
                           000097   261 _P2CON	=	0x0097
                           000098   262 _S0CON	=	0x0098
                           000099   263 _S0BUF	=	0x0099
                           00009E   264 _P0CON	=	0x009e
                           00009F   265 _P1CON	=	0x009f
                           0000A0   266 _P2	=	0x00a0
                           0000A1   267 _PWMDC0	=	0x00a1
                           0000A2   268 _PWMDC1	=	0x00a2
                           0000A3   269 _CLKCTRL	=	0x00a3
                           0000A4   270 _PWRDWN	=	0x00a4
                           0000A5   271 _WUCON	=	0x00a5
                           0000A6   272 _INTEXP	=	0x00a6
                           0000A7   273 _MEMCON	=	0x00a7
                           0000A8   274 _IEN0	=	0x00a8
                           0000A9   275 _IP0	=	0x00a9
                           0000AA   276 _S0RELL	=	0x00aa
                           0000AB   277 _RTC2CPT01	=	0x00ab
                           0000AC   278 _RTC2CPT10	=	0x00ac
                           0000AD   279 _CLKLFCTRL	=	0x00ad
                           0000AE   280 _OPMCON	=	0x00ae
                           0000AF   281 _WDSV	=	0x00af
                           0000B0   282 _P3	=	0x00b0
                           0000B1   283 _RSTREAS	=	0x00b1
                           0000B2   284 _PWMCON	=	0x00b2
                           0000B3   285 _RTC2CON	=	0x00b3
                           0000B4   286 _RTC2CMP0	=	0x00b4
                           0000B5   287 _RTC2CMP1	=	0x00b5
                           0000B6   288 _RTC2CPT00	=	0x00b6
                           0000B7   289 _SPISRDSZ	=	0x00b7
                           0000B8   290 _IEN1	=	0x00b8
                           0000B9   291 _IP1	=	0x00b9
                           0000BA   292 _S0RELH	=	0x00ba
                           0000BC   293 _SPISCON0	=	0x00bc
                           0000BD   294 _SPISCON1	=	0x00bd
                           0000BE   295 _SPISSTAT	=	0x00be
                           0000BF   296 _SPISDAT	=	0x00bf
                           0000C0   297 _IRCON	=	0x00c0
                           0000C1   298 _CCEN	=	0x00c1
                           0000C2   299 _CCL1	=	0x00c2
                           0000C3   300 _CCH1	=	0x00c3
                           0000C4   301 _CCL2	=	0x00c4
                           0000C5   302 _CCH2	=	0x00c5
                           0000C6   303 _CCL3	=	0x00c6
                           0000C7   304 _CCH3	=	0x00c7
                           0000C8   305 _T2CON	=	0x00c8
                           0000C9   306 _MPAGE	=	0x00c9
                           0000C9   307 __XPAGE	=	0x00c9
                           0000CA   308 _CRCL	=	0x00ca
                           0000CB   309 _CRCH	=	0x00cb
                           0000CC   310 _TL2	=	0x00cc
                           0000CD   311 _TH2	=	0x00cd
                           0000CE   312 _WUOPC1	=	0x00ce
                           0000CF   313 _WUOPC0	=	0x00cf
                           0000D0   314 _PSW	=	0x00d0
                           0000D1   315 _ADCCON3	=	0x00d1
                           0000D2   316 _ADCCON2	=	0x00d2
                           0000D3   317 _ADCCON1	=	0x00d3
                           0000D4   318 _ADCDATH	=	0x00d4
                           0000D5   319 _ADCDATL	=	0x00d5
                           0000D6   320 _RNGCTL	=	0x00d6
                           0000D7   321 _RNGDAT	=	0x00d7
                           0000D8   322 _ADCON	=	0x00d8
                           0000D9   323 _W2SADR	=	0x00d9
                           0000DA   324 _W2DAT	=	0x00da
                           0000DB   325 _COMPCON	=	0x00db
                           0000DC   326 _POFCON	=	0x00dc
                           0000DD   327 _CCPDATIA	=	0x00dd
                           0000DE   328 _CCPDATIB	=	0x00de
                           0000DF   329 _CCPDATO	=	0x00df
                           0000E0   330 _ACC	=	0x00e0
                           0000E1   331 _W2CON1	=	0x00e1
                           0000E2   332 _W2CON0	=	0x00e2
                           0000E4   333 _SPIRCON0	=	0x00e4
                           0000E5   334 _SPIRCON1	=	0x00e5
                           0000E6   335 _SPIRSTAT	=	0x00e6
                           0000E7   336 _SPIRDAT	=	0x00e7
                           0000E8   337 _RFCON	=	0x00e8
                           0000E9   338 _MD0	=	0x00e9
                           0000EA   339 _MD1	=	0x00ea
                           0000EB   340 _MD2	=	0x00eb
                           0000EC   341 _MD3	=	0x00ec
                           0000ED   342 _MD4	=	0x00ed
                           0000EE   343 _MD5	=	0x00ee
                           0000EF   344 _ARCON	=	0x00ef
                           0000F0   345 _B	=	0x00f0
                           0000F8   346 _FSR	=	0x00f8
                           0000F9   347 _FPCR	=	0x00f9
                           0000FA   348 _FCR	=	0x00fa
                           0000FC   349 _SPIMCON0	=	0x00fc
                           0000FD   350 _SPIMCON1	=	0x00fd
                           0000FE   351 _SPIMSTAT	=	0x00fe
                           0000FF   352 _SPIMDAT	=	0x00ff
                           00C3C2   353 _CC1	=	0xc3c2
                           00C5C4   354 _CC2	=	0xc5c4
                           00C7C6   355 _CC3	=	0xc7c6
                           00CBCA   356 _CRC	=	0xcbca
                           008C8A   357 _T0	=	0x8c8a
                           008D8B   358 _T1	=	0x8d8b
                           00CDCC   359 _T2	=	0xcdcc
                           00BAAA   360 _S0REL	=	0xbaaa
                           00D4D5   361 _ADCDAT	=	0xd4d5
                                    362 ;--------------------------------------------------------
                                    363 ; special function bits
                                    364 ;--------------------------------------------------------
                                    365 	.area RSEG    (ABS,DATA)
      000000                        366 	.org 0x0000
                           000080   367 _P0_SB_D0	=	0x0080
                           000081   368 _P0_SB_D1	=	0x0081
                           000082   369 _P0_SB_D2	=	0x0082
                           000083   370 _P0_SB_D3	=	0x0083
                           000084   371 _P0_SB_D4	=	0x0084
                           000085   372 _P0_SB_D5	=	0x0085
                           000086   373 _P0_SB_D6	=	0x0086
                           000087   374 _P0_SB_D7	=	0x0087
                           000088   375 _TCON_SB_IT0	=	0x0088
                           000089   376 _TCON_SB_IE0	=	0x0089
                           00008A   377 _TCON_SB_IT1	=	0x008a
                           00008B   378 _TCON_SB_IE1	=	0x008b
                           00008C   379 _TCON_SB_TR0	=	0x008c
                           00008D   380 _TCON_SB_TF0	=	0x008d
                           00008E   381 _TCON_SB_TR1	=	0x008e
                           00008F   382 _TCON_SB_TF1	=	0x008f
                           000090   383 _P1_SB_D0	=	0x0090
                           000091   384 _P1_SB_D1	=	0x0091
                           000092   385 _P1_SB_D2	=	0x0092
                           000093   386 _P1_SB_D3	=	0x0093
                           000094   387 _P1_SB_D4	=	0x0094
                           000095   388 _P1_SB_D5	=	0x0095
                           000096   389 _P1_SB_D6	=	0x0096
                           000097   390 _P1_SB_D7	=	0x0097
                           000098   391 _S0CON_SB_RI0	=	0x0098
                           000099   392 _S0CON_SB_TI0	=	0x0099
                           00009A   393 _S0CON_SB_RB80	=	0x009a
                           00009B   394 _S0CON_SB_TB80	=	0x009b
                           00009C   395 _S0CON_SB_REN0	=	0x009c
                           00009D   396 _S0CON_SB_SM20	=	0x009d
                           00009E   397 _S0CON_SB_SM1	=	0x009e
                           00009F   398 _S0CON_SB_SM0	=	0x009f
                           0000A0   399 _P2_SB_D0	=	0x00a0
                           0000A1   400 _P2_SB_D1	=	0x00a1
                           0000A2   401 _P2_SB_D2	=	0x00a2
                           0000A3   402 _P2_SB_D3	=	0x00a3
                           0000A4   403 _P2_SB_D4	=	0x00a4
                           0000A5   404 _P2_SB_D5	=	0x00a5
                           0000A6   405 _P2_SB_D6	=	0x00a6
                           0000A7   406 _P2_SB_D7	=	0x00a7
                           0000A8   407 _IEN0_SB_IFP	=	0x00a8
                           0000A9   408 _IEN0_SB_T0	=	0x00a9
                           0000AA   409 _IEN0_SB_POFIRQ	=	0x00aa
                           0000AB   410 _IEN0_SB_T1	=	0x00ab
                           0000AC   411 _IEN0_SB_UART	=	0x00ac
                           0000AD   412 _IEN0_SB_T2	=	0x00ad
                           0000AF   413 _IEN0_SB_GLOBAL	=	0x00af
                           0000B0   414 _P3_SB_D0	=	0x00b0
                           0000B1   415 _P3_SB_D1	=	0x00b1
                           0000B2   416 _P3_SB_D2	=	0x00b2
                           0000B3   417 _P3_SB_D3	=	0x00b3
                           0000B4   418 _P3_SB_D4	=	0x00b4
                           0000B5   419 _P3_SB_D5	=	0x00b5
                           0000B6   420 _P3_SB_D6	=	0x00b6
                           0000B7   421 _P3_SB_D7	=	0x00b7
                           0000B8   422 _IEN1_SB_RFRDY	=	0x00b8
                           0000B9   423 _IEN1_SB_RFIRQ	=	0x00b9
                           0000BA   424 _IEN1_SB_SPI_2WIRE	=	0x00ba
                           0000BB   425 _IEN1_SB_WUOPIRQ	=	0x00bb
                           0000BC   426 _IEN1_SB_MISCIRQ	=	0x00bc
                           0000BD   427 _IEN1_SB_TICK	=	0x00bd
                           0000BF   428 _IEN1_SB_T2EXTRLD	=	0x00bf
                           0000C0   429 _IRCON_SB_RFRDY	=	0x00c0
                           0000C1   430 _IRCON_SB_RFIRQ	=	0x00c1
                           0000C2   431 _IRCON_SB_SPI_2WIRE	=	0x00c2
                           0000C3   432 _IRCON_SB_WUOPIRQ	=	0x00c3
                           0000C4   433 _IRCON_SB_MISCIRQ	=	0x00c4
                           0000C5   434 _IRCON_SB_TICK	=	0x00c5
                           0000C6   435 _IRCON_SB_TF2	=	0x00c6
                           0000C7   436 _IRCON_SB_EXF2	=	0x00c7
                           0000C8   437 _T2CON_SB_T2I0	=	0x00c8
                           0000C9   438 _T2CON_SB_T2I1	=	0x00c9
                           0000CA   439 _T2CON_SB_T2CM	=	0x00ca
                           0000CB   440 _T2CON_SB_T2R0	=	0x00cb
                           0000CC   441 _T2CON_SB_T2R1	=	0x00cc
                           0000CD   442 _T2CON_SB_I2FR	=	0x00cd
                           0000CE   443 _T2CON_SB_I3FR	=	0x00ce
                           0000CF   444 _T2CON_SB_T2PS	=	0x00cf
                           0000D7   445 _PSW_SB_CY	=	0x00d7
                           0000D6   446 _PSW_SB_AC	=	0x00d6
                           0000D5   447 _PSW_SB_F0	=	0x00d5
                           0000D4   448 _PSW_SB_RS1	=	0x00d4
                           0000D3   449 _PSW_SB_RS0	=	0x00d3
                           0000D2   450 _PSW_SB_OV	=	0x00d2
                           0000D1   451 _PSW_SB_F1	=	0x00d1
                           0000D0   452 _PSW_SB_P	=	0x00d0
                           0000DF   453 _ADCON_SB_BD	=	0x00df
                           0000E8   454 _RFCON_SB_RFCE	=	0x00e8
                           0000E9   455 _RFCON_SB_RFCSN	=	0x00e9
                           0000EA   456 _RFCON_SB_RFCKEN	=	0x00ea
                           0000FA   457 _FSR_SB_RDISMB	=	0x00fa
                           0000FB   458 _FSR_SB_INFEN	=	0x00fb
                           0000FC   459 _FSR_SB_RDYN	=	0x00fc
                           0000FD   460 _FSR_SB_WEN	=	0x00fd
                           0000FE   461 _FSR_SB_STP	=	0x00fe
                           0000FF   462 _FSR_SB_ENDBG	=	0x00ff
                                    463 ;--------------------------------------------------------
                                    464 ; overlayable register banks
                                    465 ;--------------------------------------------------------
                                    466 	.area REG_BANK_0	(REL,OVR,DATA)
      000000                        467 	.ds 8
                                    468 ;--------------------------------------------------------
                                    469 ; internal ram data
                                    470 ;--------------------------------------------------------
                                    471 	.area DSEG    (DATA)
                                    472 ;--------------------------------------------------------
                                    473 ; overlayable items in internal ram 
                                    474 ;--------------------------------------------------------
                                    475 ;--------------------------------------------------------
                                    476 ; indirectly addressable internal ram data
                                    477 ;--------------------------------------------------------
                                    478 	.area ISEG    (DATA)
                                    479 ;--------------------------------------------------------
                                    480 ; absolute internal ram data
                                    481 ;--------------------------------------------------------
                                    482 	.area IABS    (ABS,DATA)
                                    483 	.area IABS    (ABS,DATA)
                                    484 ;--------------------------------------------------------
                                    485 ; bit data
                                    486 ;--------------------------------------------------------
                                    487 	.area BSEG    (BIT)
                                    488 ;--------------------------------------------------------
                                    489 ; paged external ram data
                                    490 ;--------------------------------------------------------
                                    491 	.area PSEG    (PAG,XDATA)
                                    492 ;--------------------------------------------------------
                                    493 ; external ram data
                                    494 ;--------------------------------------------------------
                                    495 	.area XSEG    (XDATA)
      000000                        496 _w2_master_random_address_read_PARM_2:
      000000                        497 	.ds 3
      000003                        498 _w2_master_random_address_read_PARM_3:
      000003                        499 	.ds 1
      000004                        500 _w2_master_random_address_read_PARM_4:
      000004                        501 	.ds 3
      000007                        502 _w2_master_random_address_read_PARM_5:
      000007                        503 	.ds 4
      00000B                        504 _w2_master_random_address_read_slave_address_1_20:
      00000B                        505 	.ds 1
                                    506 ;--------------------------------------------------------
                                    507 ; absolute external ram data
                                    508 ;--------------------------------------------------------
                                    509 	.area XABS    (ABS,XDATA)
                                    510 ;--------------------------------------------------------
                                    511 ; external initialized ram data
                                    512 ;--------------------------------------------------------
                                    513 	.area XISEG   (XDATA)
                                    514 	.area HOME    (CODE)
                                    515 	.area GSINIT0 (CODE)
                                    516 	.area GSINIT1 (CODE)
                                    517 	.area GSINIT2 (CODE)
                                    518 	.area GSINIT3 (CODE)
                                    519 	.area GSINIT4 (CODE)
                                    520 	.area GSINIT5 (CODE)
                                    521 	.area GSINIT  (CODE)
                                    522 	.area GSFINAL (CODE)
                                    523 	.area CSEG    (CODE)
                                    524 ;--------------------------------------------------------
                                    525 ; global & static initialisations
                                    526 ;--------------------------------------------------------
                                    527 	.area HOME    (CODE)
                                    528 	.area GSINIT  (CODE)
                                    529 	.area GSFINAL (CODE)
                                    530 	.area GSINIT  (CODE)
                                    531 ;--------------------------------------------------------
                                    532 ; Home
                                    533 ;--------------------------------------------------------
                                    534 	.area HOME    (CODE)
                                    535 	.area HOME    (CODE)
                                    536 ;--------------------------------------------------------
                                    537 ; code
                                    538 ;--------------------------------------------------------
                                    539 	.area CSEG    (CODE)
                                    540 ;------------------------------------------------------------
                                    541 ;Allocation info for local variables in function 'w2_master_random_address_read'
                                    542 ;------------------------------------------------------------
                                    543 ;data_address              Allocated with name '_w2_master_random_address_read_PARM_2'
                                    544 ;data_address_len          Allocated with name '_w2_master_random_address_read_PARM_3'
                                    545 ;data_buf                  Allocated with name '_w2_master_random_address_read_PARM_4'
                                    546 ;data_len                  Allocated with name '_w2_master_random_address_read_PARM_5'
                                    547 ;slave_address             Allocated with name '_w2_master_random_address_read_slave_address_1_20'
                                    548 ;ack_nack_val              Allocated with name '_w2_master_random_address_read_ack_nack_val_1_21'
                                    549 ;------------------------------------------------------------
                                    550 ;	src/w2_master_random_address_read.c:50: w2_ack_nack_val_t w2_master_random_address_read(uint8_t slave_address, uint8_t * data_address, uint8_t data_address_len, uint8_t * data_buf, uint32_t data_len)
                                    551 ;	-----------------------------------------
                                    552 ;	 function w2_master_random_address_read
                                    553 ;	-----------------------------------------
      000000                        554 _w2_master_random_address_read:
                           000007   555 	ar7 = 0x07
                           000006   556 	ar6 = 0x06
                           000005   557 	ar5 = 0x05
                           000004   558 	ar4 = 0x04
                           000003   559 	ar3 = 0x03
                           000002   560 	ar2 = 0x02
                           000001   561 	ar1 = 0x01
                           000000   562 	ar0 = 0x00
      000000 E5 82            [12]  563 	mov	a,dpl
      000002 90r00r0B         [24]  564 	mov	dptr,#_w2_master_random_address_read_slave_address_1_20
      000005 F0               [24]  565 	movx	@dptr,a
                                    566 ;	src/w2_master_random_address_read.c:55: ack_nack_val = w2_master_write_control_bytes(slave_address, data_address, data_address_len);
      000006 E0               [24]  567 	movx	a,@dptr
      000007 FF               [12]  568 	mov	r7,a
      000008 90r00r00         [24]  569 	mov	dptr,#_w2_master_random_address_read_PARM_2
      00000B E0               [24]  570 	movx	a,@dptr
      00000C FC               [12]  571 	mov	r4,a
      00000D A3               [24]  572 	inc	dptr
      00000E E0               [24]  573 	movx	a,@dptr
      00000F FD               [12]  574 	mov	r5,a
      000010 A3               [24]  575 	inc	dptr
      000011 E0               [24]  576 	movx	a,@dptr
      000012 FE               [12]  577 	mov	r6,a
      000013 90r00r03         [24]  578 	mov	dptr,#_w2_master_random_address_read_PARM_3
      000016 E0               [24]  579 	movx	a,@dptr
      000017 FB               [12]  580 	mov	r3,a
      000018 90r00r00         [24]  581 	mov	dptr,#_w2_master_write_control_bytes_PARM_2
      00001B EC               [12]  582 	mov	a,r4
      00001C F0               [24]  583 	movx	@dptr,a
      00001D ED               [12]  584 	mov	a,r5
      00001E A3               [24]  585 	inc	dptr
      00001F F0               [24]  586 	movx	@dptr,a
      000020 EE               [12]  587 	mov	a,r6
      000021 A3               [24]  588 	inc	dptr
      000022 F0               [24]  589 	movx	@dptr,a
      000023 90r00r00         [24]  590 	mov	dptr,#_w2_master_write_control_bytes_PARM_3
      000026 EB               [12]  591 	mov	a,r3
      000027 F0               [24]  592 	movx	@dptr,a
      000028 8F 82            [24]  593 	mov	dpl,r7
      00002A C0 07            [24]  594 	push	ar7
      00002C 12r00r00         [24]  595 	lcall	_w2_master_write_control_bytes
      00002F AE 82            [24]  596 	mov	r6,dpl
      000031 D0 07            [24]  597 	pop	ar7
                                    598 ;	src/w2_master_random_address_read.c:57: if(ack_nack_val == W2_NACK_VAL)
      000033 BE 01 04         [24]  599 	cjne	r6,#0x01,00102$
                                    600 ;	src/w2_master_random_address_read.c:59: return W2_NACK_VAL;
      000036 75 82 01         [24]  601 	mov	dpl,#0x01
      000039 22               [24]  602 	ret
      00003A                        603 00102$:
                                    604 ;	src/w2_master_random_address_read.c:63: ack_nack_val = w2_master_cur_address_read(slave_address, data_buf, data_len);
      00003A 90r00r04         [24]  605 	mov	dptr,#_w2_master_random_address_read_PARM_4
      00003D E0               [24]  606 	movx	a,@dptr
      00003E FC               [12]  607 	mov	r4,a
      00003F A3               [24]  608 	inc	dptr
      000040 E0               [24]  609 	movx	a,@dptr
      000041 FD               [12]  610 	mov	r5,a
      000042 A3               [24]  611 	inc	dptr
      000043 E0               [24]  612 	movx	a,@dptr
      000044 FE               [12]  613 	mov	r6,a
      000045 90r00r07         [24]  614 	mov	dptr,#_w2_master_random_address_read_PARM_5
      000048 E0               [24]  615 	movx	a,@dptr
      000049 F8               [12]  616 	mov	r0,a
      00004A A3               [24]  617 	inc	dptr
      00004B E0               [24]  618 	movx	a,@dptr
      00004C F9               [12]  619 	mov	r1,a
      00004D A3               [24]  620 	inc	dptr
      00004E E0               [24]  621 	movx	a,@dptr
      00004F FA               [12]  622 	mov	r2,a
      000050 A3               [24]  623 	inc	dptr
      000051 E0               [24]  624 	movx	a,@dptr
      000052 FB               [12]  625 	mov	r3,a
      000053 90r00r00         [24]  626 	mov	dptr,#_w2_master_cur_address_read_PARM_2
      000056 EC               [12]  627 	mov	a,r4
      000057 F0               [24]  628 	movx	@dptr,a
      000058 ED               [12]  629 	mov	a,r5
      000059 A3               [24]  630 	inc	dptr
      00005A F0               [24]  631 	movx	@dptr,a
      00005B EE               [12]  632 	mov	a,r6
      00005C A3               [24]  633 	inc	dptr
      00005D F0               [24]  634 	movx	@dptr,a
      00005E 90r00r00         [24]  635 	mov	dptr,#_w2_master_cur_address_read_PARM_3
      000061 E8               [12]  636 	mov	a,r0
      000062 F0               [24]  637 	movx	@dptr,a
      000063 E9               [12]  638 	mov	a,r1
      000064 A3               [24]  639 	inc	dptr
      000065 F0               [24]  640 	movx	@dptr,a
      000066 EA               [12]  641 	mov	a,r2
      000067 A3               [24]  642 	inc	dptr
      000068 F0               [24]  643 	movx	@dptr,a
      000069 EB               [12]  644 	mov	a,r3
      00006A A3               [24]  645 	inc	dptr
      00006B F0               [24]  646 	movx	@dptr,a
      00006C 8F 82            [24]  647 	mov	dpl,r7
                                    648 ;	src/w2_master_random_address_read.c:65: return ack_nack_val;
      00006E 02r00r00         [24]  649 	ljmp	_w2_master_cur_address_read
                                    650 	.area CSEG    (CODE)
                                    651 	.area CONST   (CODE)
                                    652 	.area XINIT   (CODE)
                                    653 	.area CABS    (ABS,CODE)
